INFO:root:run_bayesianopt ran with args: (), and kwargs: {'dataset_name': 'cifar10', 'model_name': 'basiccnn', 'num_classes': 10, 'train_set_size': 2000, 'opt_iterations': 10000, 'opt_samples': 3, 'opt_initial_points': 20, 'child_epochs': 50, 'child_first_train_epochs': 0, 'child_batch_size': 64, 'opt_last_n_epochs': 5}
INFO:root:1, 0.45555555523766406, ['dropout', 0.8442657485810175, 'invert', 0.8472517387841256, 'dropout', 0.38438170729269994, 0.29753460654447234]
INFO:root:2, 0.46355555558204653, ['crop', 0.27265629458011326, 'emboss', 0.8121687287754934, 'emboss', 0.39278479610082984, 0.8360787635373778]
INFO:root:3, 0.448888888531261, ['translate-y', 0.6481718720511973, 'translate-y', 0.9571551589530466, 'rotate', 0.8700872583584366, 0.4736080452737106]
INFO:root:4, 0.44166666626930234, ['brighten', 0.5204774795512049, 'coarse-dropout', 0.7206326547259169, 'dropout', 0.5373732294490108, 0.7586156243223574]
INFO:root:5, 0.44588888880941596, ['gaussian-blur', 0.47360041934665753, 'rotate', 0.7369181771289582, 'shear', 0.13521817340545209, 0.32414100779321414]
INFO:root:6, 0.44699999989403616, ['rotate', 0.2223213882515877, 'sharpen', 0.9025984755294049, 'emboss', 0.6130634578841325, 0.9023485831739845]
INFO:root:7, 0.4886666669050852, ['gaussian-blur', 0.969809067746749, 'coarse-dropout', 0.17090958513604518, 'translate-y', 0.7506861412184564, 0.6078306687154679]
INFO:root:8, 0.3864444442590078, ['translate-y', 0.03842542647273473, 'coarse-dropout', 0.9589492686245206, 'coarse-dropout', 0.635058873603564, 0.9952995676778879]
INFO:root:9, 0.4165555553966098, ['dropout', 0.4143685882263689, 'emboss', 0.6235101011318683, 'translate-y', 0.6747523222590208, 0.31720174206929613]
INFO:root:10, 0.4332222221692403, ['brighten', 0.9495710534507423, 'coarse-dropout', 0.013571635612109837, 'dropout', 0.6736596308357895, 0.971945002499666]
INFO:root:11, 0.5208888888888888, ['fog', 0.5096243767199002, 'crop', 0.4511592145209282, 'crop', 0.4417109212488455, 0.9795867288127287]
INFO:root:12, 0.5284444444974263, ['translate-y', 0.48089353083616293, 'gamma-contrast', 0.8804758892525957, 'fog', 0.21682213762754293, 0.5651888666048754]
INFO:root:13, 0.40799999978807233, ['invert', 0.5089689606670146, 'fog', 0.9211576102372, 'gaussian-blur', 0.2777185612810325, 0.009356704856532618]
INFO:root:14, 0.4193333333333334, ['invert', 0.6471741401875556, 'invert', 0.2647301642834497, 'sharpen', 0.5528214798875716, 0.16494046024188416]
INFO:root:15, 0.46877777796321435, ['translate-y', 0.14644176272911227, 'dropout', 0.7037372792899164, 'translate-x', 0.43328806198204417, 0.7561066938650411]
INFO:root:16, 0.46022222211625835, ['sharpen', 0.8960383875090773, 'coarse-dropout', 0.8915544372256773, 'coarse-dropout', 0.44919773821837217, 0.9785709284207172]
INFO:root:17, 0.4913333334657881, ['gaussian-blur', 0.767023703558727, 'sharpen', 0.6754390812002361, 'shear', 0.313218331945951, 0.9654162205199273]
INFO:root:18, 0.3491111109919018, ['dropout', 0.659668412069413, 'additive-gaussian-noise', 0.23053302350632993, 'sharpen', 0.6188085645913572, 0.4748675154089421]
INFO:root:19, 0.4415555552111732, ['emboss', 0.7160745312286433, 'translate-x', 0.383462225034948, 'gamma-contrast', 0.8784521902760423, 0.10286335869343824]
INFO:root:20, 0.4264444442325168, ['gaussian-blur', 0.35404666208381025, 'additive-gaussian-noise', 0.03362509349883203, 'clouds', 0.32099724137349755, 0.22126268518378284]
INFO:root:21, 0.5088888887564341, ['gamma-contrast', 0.7969288856559971, 'dropout', 0.23575321893415374, 'translate-x', 0.6330338295393335, 0.5096036992838873]
INFO:root:22, 0.4797777778307597, ['dropout', 0.27126614249079967, 'clouds', 0.12809481349325416, 'fog', 0.6304358490370426, 0.4281002654794511]
INFO:root:23, 0.47322222216924037, ['dropout', 0.7247766500962484, 'rotate', 0.005140677781104276, 'crop', 0.5922430160066745, 0.48964499700540176]
INFO:root:24, 0.3633333335982429, ['dropout', 0.990739459503353, 'gaussian-blur', 0.3055467214431153, 'dropout', 0.2723033511822461, 0.4769502214092288]
INFO:root:25, 0.49066666658719377, ['dropout', 0.9980202061268714, 'clouds', 0.21538741197122885, 'invert', 0.1893213480068791, 0.4684498951427596]
INFO:root:26, 0.44977777783075973, ['brighten', 0.8806447064899726, 'shear', 0.30169043823154856, 'rotate', 0.5508455339809943, 0.48012806543959985]
INFO:root:27, 0.39355555526415503, ['additive-gaussian-noise', 0.9402928840147141, 'additive-gaussian-noise', 0.30928300762610933, 'gaussian-blur', 0.3403929869014654, 0.47853416726993503]
INFO:root:28, 0.5213333333333333, ['invert', 0.3983972101263372, 'additive-gaussian-noise', 0.03219829865742208, 'gamma-contrast', 0.018955666090269666, 0.4754554664204331]
INFO:root:29, 0.4517777775393592, ['translate-x', 0.7915978757235312, 'shear', 0.8680825030066696, 'rotate', 0.263084403277516, 0.47736227477029813]
INFO:root:30, 0.4343333330949147, ['sharpen', 0.9459169788844742, 'clouds', 0.283602371300635, 'additive-gaussian-noise', 0.31353869774856197, 0.4748221055891495]
INFO:root:31, 0.45011111084620153, ['dropout', 0.9730787393758978, 'additive-gaussian-noise', 0.3727088626510357, 'translate-y', 0.6337336066057535, 0.4787205338868269]
INFO:root:32, 0.4713333332538605, ['clouds', 0.21153308030668033, 'additive-gaussian-noise', 0.3205743275037822, 'clouds', 0.477435651500852, 0.47586532480502497]
INFO:root:33, 0.385555555290646, ['coarse-dropout', 0.929668506617131, 'additive-gaussian-noise', 0.23756049366944848, 'translate-x', 0.5434545377102564, 0.47564381819412493]
INFO:root:34, 0.31322222231494057, ['dropout', 0.970799495340995, 'additive-gaussian-noise', 0.22077636141920237, 'sharpen', 0.2712642231142158, 0.18512648283376634]
INFO:root:35, 0.42477777780426873, ['dropout', 0.9518867883101985, 'additive-gaussian-noise', 0.797631890719099, 'sharpen', 0.10682957864477041, 0.5155504394281487]
INFO:root:36, 0.42177777775128683, ['translate-y', 0.9887344860555914, 'shear', 0.694050116586621, 'sharpen', 0.14458461672904546, 0.24966024119258884]
INFO:root:37, 0.44611111097865636, ['brighten', 0.971493217159851, 'gaussian-blur', 0.2186548182586559, 'sharpen', 0.1174107006500559, 0.04750672027875681]
INFO:root:38, 0.33055555544959175, ['emboss', 0.5122827764813976, 'additive-gaussian-noise', 0.14148042445036083, 'sharpen', 0.4767430519917397, 0.4725124292505053]
INFO:root:39, 0.34111111111111114, ['sharpen', 0.9147770573075282, 'additive-gaussian-noise', 0.15897063124534164, 'sharpen', 0.48177148499532185, 0.5061705724020762]
INFO:root:40, 0.4297777774598863, ['dropout', 0.600645765211789, 'additive-gaussian-noise', 0.15140069486878263, 'sharpen', 0.4965875896757792, 0.7904742940003531]
INFO:root:41, 0.4188888888888889, ['crop', 0.35711706413247696, 'additive-gaussian-noise', 0.1561613618761323, 'sharpen', 0.2217833725815102, 0.5706378507836768]
INFO:root:42, 0.4882222219043308, ['fog', 0.2727927270800589, 'additive-gaussian-noise', 0.20694425478149975, 'sharpen', 0.7763194730431769, 0.3916215334582893]
INFO:root:43, 0.4234444441795349, ['clouds', 0.8049330032486884, 'additive-gaussian-noise', 0.1961399428414639, 'sharpen', 0.4547659172988848, 0.7413590225695228]
INFO:root:44, 0.42833333328035145, ['brighten', 0.8470257177284432, 'additive-gaussian-noise', 0.05776688582002844, 'sharpen', 0.42437311955721047, 0.2580403738431179]
INFO:root:45, 0.40488888875643414, ['dropout', 0.987991378153052, 'emboss', 0.6235722072680999, 'sharpen', 0.47722034358860266, 0.5090743474676915]
INFO:root:46, 0.4403333332803514, ['shear', 0.990487785368901, 'additive-gaussian-noise', 0.3815686818903802, 'sharpen', 0.8544048120949257, 0.4449429092094149]
INFO:root:47, 0.410555555873447, ['emboss', 0.10338510345960697, 'additive-gaussian-noise', 0.11952972611359927, 'sharpen', 0.3785561621123532, 0.4779571892083576]
INFO:root:48, 0.4240000000794728, ['dropout', 0.07301802997434904, 'translate-y', 0.06516490247810193, 'sharpen', 0.45806716459598096, 0.053939317213121965]
INFO:root:49, 0.49966666634877527, ['dropout', 0.1981325748659884, 'invert', 0.2403558726307678, 'sharpen', 0.4089896507538523, 0.46527794834586167]
INFO:root:50, 0.433555555317137, ['translate-x', 0.9330847810743392, 'additive-gaussian-noise', 0.23196815225405504, 'fog', 0.2218065764311697, 0.00834449760587508]
INFO:root:51, 0.4034444443384806, ['additive-gaussian-noise', 0.9885451094222326, 'additive-gaussian-noise', 0.23028650416963264, 'sharpen', 0.42859918655601614, 0.409610217677702]
INFO:root:52, 0.4313333331478966, ['additive-gaussian-noise', 0.7611067751775231, 'additive-gaussian-noise', 0.22421486907553384, 'sharpen', 0.9058489987875032, 0.2535571105549332]
INFO:root:53, 0.45066666656070287, ['fog', 0.9099114176209845, 'additive-gaussian-noise', 0.2194090852733222, 'sharpen', 0.043268915764765, 0.20878012778690963]
INFO:root:54, 0.45388888875643413, ['additive-gaussian-noise', 0.9683343710479536, 'translate-x', 0.16040274197140506, 'sharpen', 0.4669475693863854, 0.48446914598122215]
INFO:root:55, 0.40711111068725586, ['dropout', 0.9722591198045868, 'additive-gaussian-noise', 0.15679742653526232, 'invert', 0.3699253078276739, 0.4482105152107807]
INFO:root:56, 0.3729999997615814, ['dropout', 0.5747243249906027, 'additive-gaussian-noise', 0.21622715129210762, 'sharpen', 0.5686462215701246, 0.6325289111846917]
INFO:root:57, 0.4306666666666667, ['clouds', 0.6275943500235522, 'additive-gaussian-noise', 0.1656934174356102, 'coarse-dropout', 0.47012831579238223, 0.5204999420881388]
INFO:root:58, 0.41600000007947285, ['dropout', 0.86606522527079, 'additive-gaussian-noise', 0.09251985115593743, 'sharpen', 0.04519085101893484, 0.46012377815867944]
INFO:root:59, 0.46955555555555556, ['rotate', 0.9390423551864282, 'additive-gaussian-noise', 0.0006697710983853967, 'gaussian-blur', 0.5611781457058626, 0.4918836888087995]
INFO:root:60, 0.5035555553436278, ['invert', 0.39584832318117247, 'additive-gaussian-noise', 0.6053406082090748, 'sharpen', 0.47590653833254315, 0.7823450414423252]
INFO:root:61, 0.4396666666931576, ['clouds', 0.47922132380006766, 'additive-gaussian-noise', 0.06058615764409671, 'sharpen', 0.7802172933279515, 0.5038706456826114]
INFO:root:62, 0.46033333320087855, ['dropout', 0.7687389021664015, 'brighten', 0.3200392531918637, 'sharpen', 0.8223892591741351, 0.7569341825986374]
INFO:root:63, 0.4322222222752041, ['translate-x', 0.6278585728891424, 'additive-gaussian-noise', 0.8743686045805799, 'sharpen', 0.4806100294599268, 0.615454885048962]
INFO:root:64, 0.4303333332803514, ['rotate', 0.13490544466247203, 'additive-gaussian-noise', 0.19951446750939833, 'sharpen', 0.512688702494712, 0.2557855171736871]
INFO:root:65, 0.4525555556880103, ['additive-gaussian-noise', 0.9641709651127132, 'additive-gaussian-noise', 0.08181499227320178, 'sharpen', 0.6265276725125704, 0.422558767015187]
INFO:root:66, 0.4810000003443824, ['rotate', 0.9893386559983681, 'additive-gaussian-noise', 0.22469927404830364, 'crop', 0.48676788684771144, 0.7995587284323534]
INFO:root:67, 0.44099999973509046, ['invert', 0.9566480646386567, 'additive-gaussian-noise', 0.18071572962064011, 'sharpen', 0.43863026487080214, 0.0614647017466038]
INFO:root:68, 0.45244444420602586, ['dropout', 0.9885986561639591, 'translate-x', 0.2913638118635941, 'brighten', 0.3477948869475897, 0.5005187089246173]
INFO:root:69, 0.36966666666666664, ['emboss', 0.3019225903702519, 'additive-gaussian-noise', 0.05194451312287986, 'sharpen', 0.4591210665838795, 0.4738880277444122]
INFO:root:70, 0.4076666667991215, ['dropout', 0.9851772709008763, 'additive-gaussian-noise', 0.9994220250662303, 'gaussian-blur', 0.05215754882407665, 0.12440468313580169]
INFO:root:71, 0.4695555556880103, ['invert', 0.5424606092034954, 'additive-gaussian-noise', 0.24782468514509598, 'sharpen', 0.5031543314818436, 0.6429273814311111]
INFO:root:72, 0.4640000001059638, ['emboss', 0.9804228633500323, 'sharpen', 0.027776540016681513, 'sharpen', 0.1537232255861283, 0.4724337485371616]
INFO:root:73, 0.4546666666666667, ['emboss', 0.12422657876538026, 'additive-gaussian-noise', 0.9158201937140618, 'sharpen', 0.5505056482708219, 0.4281393916530476]
INFO:root:74, 0.3922222223016951, ['dropout', 0.8028315450357955, 'additive-gaussian-noise', 0.23328049583727645, 'sharpen', 0.36708706456583945, 0.09262647838770934]
INFO:root:75, 0.43633333330684243, ['dropout', 0.8818122202022969, 'additive-gaussian-noise', 0.41343742669389905, 'sharpen', 0.4268848272416691, 0.3911955988750072]
INFO:root:76, 0.42288888870345226, ['dropout', 0.987099758614145, 'additive-gaussian-noise', 0.09986266062434893, 'translate-x', 0.5815389345793022, 0.13230122344555242]
INFO:root:77, 0.40044444457689926, ['translate-x', 0.6805309264263247, 'additive-gaussian-noise', 0.14140274838643954, 'brighten', 0.1167361654473589, 0.4740904390570444]
INFO:root:78, 0.43433333343929714, ['additive-gaussian-noise', 0.9189917862971801, 'additive-gaussian-noise', 0.13698909720210442, 'emboss', 0.3243497366965408, 0.47527285706041833]
INFO:root:79, 0.3858888890080982, ['shear', 0.41627308072853375, 'additive-gaussian-noise', 0.0752834433042623, 'sharpen', 0.480137952868924, 0.4757307904143292]
INFO:root:80, 0.4269999999205271, ['dropout', 0.9795878660344493, 'invert', 0.2243855493711972, 'sharpen', 0.6022883034135055, 0.316624003577668]
INFO:root:81, 0.4899999997880724, ['crop', 0.4937105975801419, 'additive-gaussian-noise', 0.4256280498935662, 'fog', 0.3245699640745971, 0.47491357559444747]
INFO:root:82, 0.4475555553966098, ['emboss', 0.6607667536146872, 'brighten', 0.18630698733861675, 'sharpen', 0.6172807765905175, 0.46036158039384345]
INFO:root:83, 0.4422222221692403, ['dropout', 0.7533367950072924, 'additive-gaussian-noise', 0.1925262739574259, 'fog', 0.7226266087393589, 0.5084199859000639]
INFO:root:84, 0.46799999986754526, ['dropout', 0.5329865667802764, 'additive-gaussian-noise', 0.13935594318168046, 'invert', 0.18084200686766452, 0.14542085916239236]
INFO:root:85, 0.511555555317137, ['translate-y', 0.40891634028230583, 'gamma-contrast', 0.15420028682543477, 'sharpen', 0.2897089425196145, 0.47654413769580295]
INFO:root:86, 0.3616666666401757, ['dropout', 0.37887420691522355, 'additive-gaussian-noise', 0.03941382770004221, 'sharpen', 0.5402129893006592, 0.40964626007550653]
INFO:root:87, 0.42700000007947286, ['dropout', 0.9761270029210303, 'additive-gaussian-noise', 0.3123640928340217, 'sharpen', 0.23761626217565918, 0.7470730958342747]
INFO:root:88, 0.4442222219838037, ['rotate', 0.22953775691821426, 'additive-gaussian-noise', 0.21191645421362265, 'sharpen', 0.47810705691875044, 0.39822187358940375]
INFO:root:89, 0.40199999994701807, ['emboss', 0.7064660557878206, 'additive-gaussian-noise', 0.21642152912225415, 'emboss', 0.09155280578365589, 0.4804793964489448]
INFO:root:90, 0.41333333351876994, ['dropout', 0.4199327812315007, 'invert', 0.22205846724192396, 'sharpen', 0.20390638442797343, 0.0052476764569218135]
INFO:root:91, 0.42677777756585017, ['emboss', 0.516636000692736, 'additive-gaussian-noise', 0.04953276900170324, 'emboss', 0.5430471355360446, 0.4285722036221423]
INFO:root:92, 0.4049999998145633, ['gaussian-blur', 0.7461228796116718, 'additive-gaussian-noise', 0.08189624071198266, 'sharpen', 0.46943462723981033, 0.7621464267208771]
INFO:root:93, 0.42444444433848066, ['dropout', 0.2500456879121837, 'additive-gaussian-noise', 0.12485976701746285, 'sharpen', 0.6998057623046314, 0.5512300251837301]
INFO:root:94, 0.4265555554760827, ['dropout', 0.5792904467161175, 'additive-gaussian-noise', 0.1854922910446132, 'sharpen', 0.30436373196280203, 0.06354298427136197]
INFO:root:95, 0.3911111112170749, ['dropout', 0.09095032239569457, 'additive-gaussian-noise', 0.25854187151886016, 'sharpen', 0.48267579626475765, 0.44538387514843236]
INFO:root:96, 0.4201111111111111, ['brighten', 0.5743562931881061, 'rotate', 0.09843924427928843, 'sharpen', 0.47463190847865766, 0.49011940355531414]
INFO:root:97, 0.4145555553966098, ['emboss', 0.3800346476424501, 'additive-gaussian-noise', 0.1720012381521621, 'sharpen', 0.47545770821337585, 0.15019932306762687]
INFO:root:98, 0.415111111137602, ['emboss', 0.6786411784023756, 'additive-gaussian-noise', 0.19090301542134397, 'sharpen', 0.5810426040659906, 0.42095360298593565]
INFO:root:99, 0.4252222222752042, ['additive-gaussian-noise', 0.43906093231175447, 'additive-gaussian-noise', 0.1666196159017588, 'sharpen', 0.4627721660477718, 0.4855124497472716]
INFO:root:100, 0.4535555553171369, ['dropout', 0.09366720422127829, 'additive-gaussian-noise', 0.12600588520309744, 'sharpen', 0.8483163217469635, 0.07807128409668786]
INFO:root:101, 0.4410000002384186, ['brighten', 0.22987873129967334, 'additive-gaussian-noise', 0.02604831648036033, 'sharpen', 0.4875140560505943, 0.5477085026962075]
INFO:root:102, 0.4143333331214057, ['dropout', 0.9494041778375952, 'additive-gaussian-noise', 0.3025774936723568, 'sharpen', 0.40851217444505783, 0.09447613542885905]
INFO:root:103, 0.42799999960263574, ['dropout', 0.017713756412645502, 'shear', 0.04773118025699975, 'sharpen', 0.24167261331033368, 0.46826598566416244]
INFO:root:104, 0.34844444441795347, ['dropout', 0.5699110324620373, 'gaussian-blur', 0.23406050903475056, 'sharpen', 0.4142849303550534, 0.40911670060446603]
INFO:root:105, 0.42066666656070284, ['dropout', 0.9686974340027125, 'additive-gaussian-noise', 0.2713366239096406, 'sharpen', 0.31269871191652726, 0.6868819707021749]
INFO:root:106, 0.4736666668256124, ['translate-y', 0.4162852624236585, 'translate-x', 0.06387369510923203, 'sharpen', 0.47687568420032267, 0.4609117458033102]
INFO:root:107, 0.4058888890213437, ['dropout', 0.694912048362123, 'dropout', 0.28087005578951846, 'sharpen', 0.4476666590577957, 0.47740695251906096]
INFO:root:108, 0.4405555555555556, ['dropout', 0.8844935334076496, 'emboss', 0.23346750410977773, 'sharpen', 0.27377896424563536, 0.497412187222403]
INFO:root:109, 0.4272222219838037, ['additive-gaussian-noise', 0.9986200177595836, 'additive-gaussian-noise', 0.22426634570052467, 'coarse-dropout', 0.09692238773794762, 0.599940834660441]
INFO:root:110, 0.44966666679912143, ['dropout', 0.4709288757148391, 'translate-x', 0.23048063391715884, 'sharpen', 0.3931523659054901, 0.22901979502510955]
INFO:root:111, 0.47444444444444445, ['sharpen', 0.5051198940259811, 'gaussian-blur', 0.253126882172829, 'crop', 0.3778553781280579, 0.467643841474748]
INFO:root:112, 0.4601111108197107, ['emboss', 0.47200862282810785, 'additive-gaussian-noise', 0.07918150059866981, 'brighten', 0.4827622928830878, 0.45699461150980625]
INFO:root:113, 0.43355555544959173, ['emboss', 0.8176399059127977, 'additive-gaussian-noise', 0.020823243659777505, 'invert', 0.23303575022480744, 0.4763190849117912]
INFO:root:114, 0.42544444410006205, ['dropout', 0.44620470052872574, 'additive-gaussian-noise', 0.43238807509140953, 'sharpen', 0.5060665147975896, 0.47120071851249856]
INFO:root:115, 0.5322222220897675, ['dropout', 0.6567513413404401, 'gamma-contrast', 0.10172875711295151, 'sharpen', 0.5369685321676141, 0.4173350743746149]
INFO:root:116, 0.45799999962912663, ['dropout', 0.49778607576303435, 'clouds', 0.7675926681184391, 'sharpen', 0.3760748047579988, 0.4116726007571415]
INFO:root:117, 0.4245555556085374, ['gamma-contrast', 0.41892593110783893, 'additive-gaussian-noise', 0.0343286297810046, 'sharpen', 0.3067180238030333, 0.4539556463895562]
INFO:root:118, 0.4221111114025116, ['emboss', 0.09319421452600686, 'additive-gaussian-noise', 0.2371846698094105, 'sharpen', 0.14570402405327856, 0.09954452805134331]
INFO:root:119, 0.47277777751286826, ['translate-y', 0.9895993012947402, 'gamma-contrast', 0.65796152962735, 'dropout', 0.5119574592816171, 0.18329374579385319]
INFO:root:120, 0.4554444443649716, ['emboss', 0.5599869727608863, 'coarse-dropout', 0.04342844740979058, 'sharpen', 0.3466844105889579, 0.5132428177576781]
INFO:root:121, 0.4137777778704961, ['dropout', 0.5237664699005915, 'gamma-contrast', 0.5640390822047517, 'sharpen', 0.5614364890306701, 0.41278447612962454]
INFO:root:122, 0.43888888912730745, ['rotate', 0.7332976839377827, 'additive-gaussian-noise', 0.08924454421098817, 'sharpen', 0.48156975568064964, 0.5197726113055686]
INFO:root:123, 0.4563333334392971, ['dropout', 0.6071201380557144, 'gamma-contrast', 0.9726830601917918, 'sharpen', 0.41292465152513247, 0.38678516624371684]
INFO:root:124, 0.34633333314789666, ['crop', 0.10353664825627287, 'additive-gaussian-noise', 0.2255306503059084, 'dropout', 0.5098560783044455, 0.47425496839203707]
INFO:root:125, 0.4841111109521654, ['translate-y', 0.03203137956770242, 'gamma-contrast', 0.28628724430293945, 'dropout', 0.7386626696412741, 0.35085300608549924]
INFO:root:126, 0.41888888882266145, ['emboss', 0.061214566216932456, 'additive-gaussian-noise', 0.29704877103966093, 'gamma-contrast', 0.5356979571017535, 0.9605032462744658]
INFO:root:127, 0.40266666648122995, ['coarse-dropout', 0.39190990437490625, 'additive-gaussian-noise', 0.047365811976815345, 'additive-gaussian-noise', 0.4859962662500583, 0.47559607003538484]
INFO:root:128, 0.4863333331478967, ['clouds', 0.03438893131526544, 'additive-gaussian-noise', 0.3015427003449774, 'fog', 0.47981605875763145, 0.4728885765475461]
INFO:root:129, 0.4432222222752041, ['emboss', 0.9665936222745887, 'additive-gaussian-noise', 0.2269838521392033, 'gaussian-blur', 0.5308926918718002, 0.7174568837157974]
INFO:root:130, 0.47077777780426877, ['brighten', 0.23742771443578997, 'additive-gaussian-noise', 0.19303583420560205, 'crop', 0.5264108144380419, 0.4782721697040937]
INFO:root:131, 0.5459999998145634, ['gamma-contrast', 0.057780475778576604, 'gaussian-blur', 0.20450333357735223, 'dropout', 0.5163026960728582, 0.5271259084541611]
INFO:root:132, 0.4396666666931576, ['dropout', 0.9851895145301012, 'additive-gaussian-noise', 0.2140264480973349, 'additive-gaussian-noise', 0.307302794999566, 0.17736785307386696]
INFO:root:133, 0.41277777767181395, ['dropout', 0.5065197714782894, 'additive-gaussian-noise', 0.2775547559541997, 'dropout', 0.6463969881456154, 0.4706572836524304]
INFO:root:134, 0.4219999999470181, ['shear', 0.9383458810235126, 'additive-gaussian-noise', 0.22352516760467206, 'dropout', 0.5001283766456052, 0.3827559632935792]
INFO:root:135, 0.4138888888888889, ['gaussian-blur', 0.0993391416557459, 'additive-gaussian-noise', 0.6278816866726665, 'dropout', 0.454215237419757, 0.4746715954156193]
INFO:root:136, 0.457777777671814, ['dropout', 0.5146903863734383, 'additive-gaussian-noise', 0.23050169620586697, 'coarse-dropout', 0.6374272458708028, 0.5016074611904284]
INFO:root:137, 0.5202222222752041, ['brighten', 0.017112454222862675, 'gaussian-blur', 0.23128754846176175, 'crop', 0.9536917186832227, 0.40573757711250646]
INFO:root:138, 0.39922222208976743, ['translate-x', 0.08715641700910305, 'gaussian-blur', 0.1941094495735522, 'gamma-contrast', 0.48900694708882775, 0.4744391141427068]
INFO:root:139, 0.476555555343628, ['rotate', 0.3473154625321149, 'gaussian-blur', 0.23249146422810402, 'translate-y', 0.5781658561181904, 0.3813359663443374]
INFO:root:140, 0.4108888885180155, ['emboss', 0.09503765171835957, 'sharpen', 0.1469497372975153, 'dropout', 0.5216247959176895, 0.4770746953350389]
