INFO:root:run_bayesianopt ran with args: (), and kwargs: {'dataset_name': 'cifar10', 'model_name': 'basiccnn', 'num_classes': 10, 'train_set_size': 1000, 'opt_iterations': 500, 'opt_samples': 3, 'opt_initial_points': 30, 'child_epochs': 60, 'child_first_train_epochs': 0, 'child_batch_size': 64, 'opt_last_n_epochs': 5}
INFO:root:1, 0.5824444446298811, ['coarse-dropout', 0.8442657485810175, 'fog', 0.8472517387841256, 0.6235636967859725]
INFO:root:2, 0.6722222222884497, ['sharpen', 0.29753460654447234, 'crop', 0.27265629458011326, 0.47766511732135]
INFO:root:3, 0.5992222222222221, ['invert', 0.47997717237505744, 'sharpen', 0.8360787635373778, 0.33739616041726844]
INFO:root:4, 0.607000000026491, ['gamma-contrast', 0.368241539840548, 'add-to-hue-and-saturation', 0.14035078041264518, 0.8700872583584366]
INFO:root:5, 0.6338888887564342, ['additive-gaussian-noise', 0.8009107519796445, 'additive-gaussian-noise', 0.6788795301189604, 0.7206326547259169]
INFO:root:6, 0.7570000000397364, ['dropout', 0.5373732294490108, 'brighten', 0.10590760718779216, 0.47360041934665753]
INFO:root:7, 0.6147777776188321, ['shear', 0.7369181771289582, 'shear', 0.13521817340545209, 0.32414100779321414]
INFO:root:8, 0.6121111112435658, ['rotate', 0.2223213882515877, 'sharpen', 0.9025984755294049, 0.4499499899112277]
INFO:root:9, 0.6183333336777157, ['coarse-dropout', 0.9023485831739845, 'gaussian-blur', 0.969809067746749, 0.6531400357979378]
INFO:root:10, 0.617111111137602, ['rotate', 0.35815216696952507, 'brighten', 0.6078306687154679, 0.32504722900835253]
INFO:root:11, 0.5483333333863152, ['crop', 0.6342740579573352, 'add-to-hue-and-saturation', 0.652790317005491, 0.635058873603564]
INFO:root:12, 0.5937777779367235, ['add-to-hue-and-saturation', 0.5818503294385344, 'emboss', 0.474697502288413, 0.6235101011318683]
INFO:root:13, 0.5556666667991215, ['translate-y', 0.6747523222590208, 'translate-y', 0.7783454820259093, 0.9495710534507423]
INFO:root:14, 0.5556666665342118, ['gamma-contrast', 0.013571635612109837, 'coarse-dropout', 0.6736596308357895, 0.971945002499666]
INFO:root:15, 0.5996666665871939, ['fog', 0.5096243767199002, 'crop', 0.4511592145209282, 0.01998766540875874]
INFO:root:16, 0.6164444444179535, ['emboss', 0.9795867288127287, 'sharpen', 0.48089353083616293, 0.6886611828057705]
INFO:root:17, 0.5997777778042688, ['fog', 0.9182354663621449, 'shear', 0.5651888666048754, 0.8651025613053852]
INFO:root:18, 0.5935555556085375, ['additive-gaussian-noise', 0.916722954019461, 'clouds', 0.0831124926306024, 0.2777185612810325]
INFO:root:19, 0.5953333332008786, ['crop', 0.8423420796677312, 'gamma-contrast', 0.8413861191973546, 0.2647301642834497]
INFO:root:20, 0.6060000002119277, ['sharpen', 0.5528214798875716, 'rotate', 0.3698080927483401, 0.14644176272911227]
INFO:root:21, 0.6334444445239173, ['dropout', 0.7037372792899164, 'translate-x', 0.43328806198204417, 0.7561066938650411]
INFO:root:22, 0.6701111109786564, ['sharpen', 0.8960383875090773, 'coarse-dropout', 0.8915544372256773, 0.6800555694634124]
INFO:root:23, 0.6804444446298812, ['emboss', 0.9785709284207172, 'gaussian-blur', 0.767023703558727, 0.4118201389648448]
INFO:root:24, 0.5405555557409922, ['gamma-contrast', 0.24979627565497814, 'translate-y', 0.9654162205199273, 0.5884650850687495]
INFO:root:25, 0.6346666667196486, ['gamma-contrast', 0.5332062539166483, 'shear', 0.39486929345022925, 0.6188085645913572]
INFO:root:26, 0.6312222224871318, ['additive-gaussian-noise', 0.4701321892557653, 'brighten', 0.28799100436328057, 0.383462225034948]
INFO:root:27, 0.6382222223281859, ['brighten', 0.8784521902760423, 'gaussian-blur', 0.09237388946089821, 0.35404666208381025]
INFO:root:28, 0.6278888888623979, ['dropout', 0.03362509349883203, 'add-to-hue-and-saturation', 0.32099724137349755, 0.22126268518378284]
INFO:root:29, 0.5996666663222843, ['rotate', 0.0972599270631739, 'add-to-hue-and-saturation', 0.26034092758740474, 0.5370225213757798]
INFO:root:30, 0.6035555557145014, ['emboss', 0.09956908911081111, 'translate-y', 0.46924917399024224, 0.8411401297855997]
INFO:root:31, 0.5887777778307597, ['dropout', 0.17516792004717288, 'rotate', 0.8013526707644438, 0.9171870216504168]
INFO:root:32, 0.6835555553436279, ['dropout', 0.13682904971147805, 'sharpen', 0.7858603459147002, 0.9245332911090508]
INFO:root:33, 0.5922222223281861, ['dropout', 0.628019290730741, 'translate-y', 0.7809833619924414, 0.8873911335272112]
INFO:root:34, 0.5686666668256124, ['dropout', 0.009130658267244575, 'translate-y', 0.9953177866889826, 0.9980393036017017]
INFO:root:35, 0.5654444443914626, ['add-to-hue-and-saturation', 0.05922573419593559, 'translate-y', 0.11763180284662281, 0.9722535931342641]
INFO:root:36, 0.6287777779102326, ['crop', 0.35503345737171504, 'translate-y', 0.016497871299867576, 0.9963162136504838]
INFO:root:37, 0.5765555555025736, ['dropout', 0.17006881371238905, 'translate-y', 0.6824361495349884, 0.9400535826915971]
INFO:root:38, 0.5257777781221602, ['gamma-contrast', 0.0024468811620569357, 'brighten', 0.727324530775849, 0.9677526571973055]
INFO:root:39, 0.5872222223016952, ['sharpen', 0.017651185864278055, 'add-to-hue-and-saturation', 0.08691454525380839, 0.9651700305026721]
INFO:root:40, 0.5775555555820466, ['dropout', 0.002164306512539627, 'shear', 0.7283430056989062, 0.9668304893457494]
INFO:root:41, 0.6308888887564341, ['dropout', 0.20983707915984878, 'additive-gaussian-noise', 0.7821980759452222, 0.9821126123670343]
INFO:root:42, 0.6343333333863153, ['invert', 0.011621127110346243, 'brighten', 0.005282569043131403, 0.964836768070899]
INFO:root:43, 0.5946666668256124, ['gamma-contrast', 0.2102329444120266, 'brighten', 0.8115941728020953, 0.9482592367251446]
INFO:root:44, 0.5699999998940362, ['crop', 0.011539897516999355, 'translate-y', 0.7648683631518481, 0.4952165403429233]
INFO:root:45, 0.573222222354677, ['brighten', 0.0028893670577808677, 'brighten', 0.9520444319057562, 0.984396383534179]
INFO:root:46, 0.5711111112965479, ['clouds', 0.00812794871496625, 'coarse-dropout', 0.009448617196363142, 0.9677252532609784]
INFO:root:47, 0.5766666667196485, ['fog', 0.0033963941253154504, 'translate-x', 0.7869150006725825, 0.482757532188298]
INFO:root:48, 0.5597777779632145, ['invert', 0.00946126149104798, 'translate-y', 0.6610056732548479, 0.4465021972871762]
INFO:root:49, 0.6104444443914625, ['coarse-dropout', 0.0049671479816151285, 'brighten', 0.09023515686399954, 0.4515287650718146]
INFO:root:50, 0.6669999999205272, ['translate-y', 0.003567241531030719, 'brighten', 0.18752337712686978, 0.9881922024020775]
INFO:root:51, 0.6615555555290646, ['emboss', 0.006733542453473353, 'brighten', 0.6989474947873223, 0.7505327474347749]
INFO:root:52, 0.6180000000264909, ['dropout', 0.30172129850451096, 'translate-y', 0.7032825894451108, 0.5197672682619989]
INFO:root:53, 0.6363333333598242, ['dropout', 0.0032588981712229357, 'dropout', 0.08494985055654493, 0.9598096129838848]
INFO:root:54, 0.6558888888226615, ['dropout', 0.024788701945039134, 'clouds', 0.7332791901400241, 0.9863870356715178]
INFO:root:55, 0.6684444444444444, ['brighten', 0.0005003319947751718, 'additive-gaussian-noise', 0.7060774277703598, 0.9964798857301177]
INFO:root:56, 0.5390000002119277, ['gamma-contrast', 0.08370983330860472, 'translate-y', 0.9460312110194812, 0.48013206264269237]
INFO:root:57, 0.5371111113760207, ['gamma-contrast', 0.0134146804857499, 'rotate', 0.7436618944990183, 0.43046512773981094]
INFO:root:58, 0.5804444447888268, ['gamma-contrast', 0.043453177164989205, 'invert', 0.6909095908790482, 0.7166709695066297]
INFO:root:59, 0.5251111108726925, ['gamma-contrast', 0.05657012472524005, 'brighten', 0.8605743539168875, 0.5345623042779953]
INFO:root:60, 0.5352222222222223, ['gamma-contrast', 0.026499482530730208, 'additive-gaussian-noise', 0.7091458163458326, 0.4984802055040999]
INFO:root:61, 0.6101111113760207, ['gamma-contrast', 0.026563352716643458, 'brighten', 0.04790893862069813, 0.05192076668844693]
INFO:root:62, 0.5881111111773385, ['gamma-contrast', 0.95906707137827, 'gaussian-blur', 0.7692141359882342, 0.4722803059765621]
INFO:root:63, 0.5202222223811679, ['gamma-contrast', 0.06509592674788801, 'crop', 0.8630205406048138, 0.9177724552125904]
INFO:root:64, 0.5772222222487131, ['gamma-contrast', 0.10017713995539704, 'sharpen', 0.8983085117586874, 0.7363692340267838]
INFO:root:65, 0.5914444444974263, ['gamma-contrast', 0.03631897795138506, 'emboss', 0.8242792628745074, 0.9215191136698276]
INFO:root:66, 0.5407777781751422, ['gamma-contrast', 0.04439424176367358, 'brighten', 0.9106083036864212, 0.5727692811999381]
INFO:root:67, 0.6083333332803513, ['gamma-contrast', 0.005299616517829509, 'add-to-hue-and-saturation', 0.7238590870459207, 0.2831389720630369]
INFO:root:68, 0.5403333335452609, ['gamma-contrast', 0.004123922247672108, 'emboss', 0.764003898420002, 0.5908614077876394]
INFO:root:69, 0.563111111217075, ['gamma-contrast', 0.0715215758671225, 'brighten', 0.8248009534591045, 0.3311397561692729]
INFO:root:70, 0.6026666666931577, ['gamma-contrast', 0.9482259245888747, 'shear', 0.8698029916290777, 0.5900683321149929]
INFO:root:71, 0.5298888891537985, ['gamma-contrast', 0.01901535759099993, 'translate-x', 0.864199519039643, 0.9910614877143094]
INFO:root:72, 0.5444444442325169, ['gamma-contrast', 0.005952338574683027, 'shear', 0.9309756954265722, 0.17970821446243293]
INFO:root:73, 0.536333333571752, ['gamma-contrast', 0.01437769424035851, 'shear', 0.093698752980529, 0.5958168386172153]
INFO:root:74, 0.5166666667196487, ['gamma-contrast', 0.008373667910109963, 'fog', 0.24990847029327873, 0.5280836485915994]
INFO:root:75, 0.5441111109786563, ['gamma-contrast', 0.024273578283222304, 'add-to-hue-and-saturation', 0.4028475400002749, 0.4643537637371461]
INFO:root:76, 0.5263333335717519, ['gamma-contrast', 0.004895627056393016, 'sharpen', 0.1245156707894243, 0.541549601325655]
INFO:root:77, 0.5596666666931576, ['gamma-contrast', 0.00799896516208465, 'add-to-hue-and-saturation', 0.2950296959510759, 0.839452580446691]
INFO:root:78, 0.6041111111376021, ['gamma-contrast', 0.28803576214717247, 'brighten', 0.9734219015279517, 0.5542630143773203]
INFO:root:79, 0.5695555556615193, ['gamma-contrast', 0.02731984461197657, 'shear', 0.1938911638893031, 0.4747822839730155]
INFO:root:80, 0.5804444444974264, ['gamma-contrast', 0.24206719419268402, 'emboss', 0.07491485228579244, 0.5300136930371614]
INFO:root:81, 0.5952222221957313, ['gamma-contrast', 0.019463341459099785, 'coarse-dropout', 0.12311624473826069, 0.19106425642007102]
INFO:root:82, 0.531000000026491, ['gamma-contrast', 0.009480094585616274, 'sharpen', 0.26704670620294163, 0.33391518526439296]
INFO:root:83, 0.5492222224341499, ['gamma-contrast', 0.011029753319434123, 'emboss', 0.17498957738225376, 0.3513566615317835]
INFO:root:84, 0.5676666667726304, ['gamma-contrast', 0.0024464920268645334, 'emboss', 0.8530581715105877, 0.22984508934998177]
INFO:root:85, 0.5275555555290645, ['gamma-contrast', 0.008067635311562628, 'crop', 0.21543924755919203, 0.3299078750814805]
INFO:root:86, 0.565333333545261, ['gamma-contrast', 0.06043238376571837, 'brighten', 0.9823378326285815, 0.7977721425334826]
INFO:root:87, 0.5310000002384185, ['gamma-contrast', 0.008297499779266639, 'emboss', 0.06899022082823993, 0.7802772302840657]
INFO:root:88, 0.5657777779632145, ['gamma-contrast', 0.004502841859437058, 'fog', 0.04240069464536523, 0.07132241339870372]
INFO:root:89, 0.5356666666401757, ['gamma-contrast', 0.023381731575498613, 'brighten', 0.022362990641806472, 0.7440034787722968]
INFO:root:90, 0.6239999998410544, ['gamma-contrast', 0.2013304132272397, 'gamma-contrast', 0.8574633803111525, 0.5473375658471857]
INFO:root:91, 0.5286666666136848, ['gamma-contrast', 0.062409519758837365, 'additive-gaussian-noise', 0.8771764466609983, 0.8982759883559787]
INFO:root:92, 0.5656666666136847, ['gamma-contrast', 0.03854784300693093, 'emboss', 0.8473035835309743, 0.9442358319240783]
INFO:root:93, 0.5325555555025736, ['gamma-contrast', 0.13273914259361333, 'fog', 0.8651001259920327, 0.4355521571569856]
INFO:root:94, 0.6499999999205273, ['gamma-contrast', 0.1616143678619051, 'invert', 0.8649338181075668, 0.9807941173679033]
INFO:root:95, 0.6002222220367854, ['gamma-contrast', 0.1448298494417676, 'add-to-hue-and-saturation', 0.2144837065061685, 0.5744388048336474]
INFO:root:96, 0.6003333332803513, ['gamma-contrast', 0.11023777829990614, 'gamma-contrast', 0.8607737691040931, 0.9066805112928852]
INFO:root:97, 0.5788888887829251, ['gamma-contrast', 0.12092956881451869, 'brighten', 0.9125274885773572, 0.5513057894757509]
INFO:root:98, 0.5286666667461395, ['gamma-contrast', 0.0055480894187209815, 'brighten', 0.18147614224833922, 0.6717290477380056]
INFO:root:99, 0.5402222223281861, ['gamma-contrast', 0.0010587398139715323, 'fog', 0.07563115982625924, 0.3184899136479477]
INFO:root:100, 0.5442222223546769, ['gamma-contrast', 0.08372613808910657, 'clouds', 0.8613521382633341, 0.5219480263696539]
INFO:root:101, 0.5265555556880104, ['gamma-contrast', 0.008716603219932064, 'additive-gaussian-noise', 0.8723022375271596, 0.991565007086401]
INFO:root:102, 0.561999999973509, ['gamma-contrast', 0.08703840549009258, 'gaussian-blur', 0.8721539313223226, 0.7534979811624505]
INFO:root:103, 0.544444444735845, ['gamma-contrast', 0.1378991551360497, 'clouds', 0.8805865536265753, 0.6398048219800041]
INFO:root:104, 0.5434444443119897, ['gamma-contrast', 0.13752797892695148, 'shear', 0.895337339893439, 0.6003549494721202]
INFO:root:105, 0.5848888889153798, ['gamma-contrast', 0.14600041903356667, 'additive-gaussian-noise', 0.8730145797993701, 0.6233895810871968]
INFO:root:106, 0.5278888890478346, ['gamma-contrast', 0.14126461777806323, 'crop', 0.8786082603155613, 0.9036010461786586]
INFO:root:107, 0.5591111113760205, ['gamma-contrast', 0.1400208008713302, 'sharpen', 0.8700257868637923, 0.9685138257366471]
INFO:root:108, 0.5934444444179534, ['gamma-contrast', 0.13228460285169755, 'dropout', 0.6681303598341783, 0.31821876120562237]
INFO:root:109, 0.5302222221427493, ['gamma-contrast', 0.0018921283399060411, 'brighten', 0.6120856482511264, 0.9383789133896283]
INFO:root:110, 0.6618888890345891, ['additive-gaussian-noise', 0.5679498403889538, 'translate-y', 0.02453961096887481, 0.948712153859571]
INFO:root:111, 0.5577777778042687, ['gamma-contrast', 0.13826981178042044, 'translate-x', 0.8675585356789262, 0.8910858578552088]
INFO:root:112, 0.5908888890743256, ['clouds', 0.0036980220453926025, 'brighten', 0.8168267324375698, 0.9150279400206415]
INFO:root:113, 0.5398888891537985, ['gamma-contrast', 0.08775367021507675, 'translate-x', 0.8645915859963003, 0.9694767146575546]
INFO:root:114, 0.5392222226195864, ['gamma-contrast', 0.026889136797544462, 'clouds', 0.9074663173809373, 0.32259457288917176]
INFO:root:115, 0.5491111109786564, ['gamma-contrast', 0.025920449940340047, 'gaussian-blur', 0.8608035308576969, 0.31940360104360593]
INFO:root:116, 0.5604444444709353, ['gamma-contrast', 0.008457592731729748, 'translate-y', 0.4657479305681699, 0.3027339039945421]
INFO:root:117, 0.5224444446298813, ['crop', 0.6629916506941959, 'add-to-hue-and-saturation', 0.05384615039682285, 0.5174505411870393]
INFO:root:118, 0.567333333492279, ['crop', 0.36451797567180927, 'add-to-hue-and-saturation', 0.004493654010575333, 0.4339060054349697]
INFO:root:119, 0.5584444440205891, ['crop', 0.4646250435115742, 'add-to-hue-and-saturation', 0.24188921701039184, 0.4496034645114083]
INFO:root:120, 0.5855555552774006, ['crop', 0.330199405499839, 'brighten', 0.06647908961126171, 0.588292994929747]
INFO:root:121, 0.5672222226195864, ['crop', 0.6228778791857078, 'add-to-hue-and-saturation', 0.07553017695737009, 0.44274367407391324]
INFO:root:122, 0.5808888887829251, ['crop', 0.3641552920448485, 'brighten', 0.09610299091325561, 0.49413170752460167]
INFO:root:123, 0.5567777776718139, ['crop', 0.6338617265013671, 'brighten', 0.12412274875341647, 0.720803753744847]
INFO:root:124, 0.5417777775393593, ['crop', 0.6458754015220287, 'add-to-hue-and-saturation', 0.7165497549072368, 0.9998890501789706]
INFO:root:125, 0.5448888891537984, ['crop', 0.8701042097747377, 'brighten', 0.14998312993291388, 0.8776524267993361]
INFO:root:126, 0.535888888862398, ['crop', 0.9272146048265771, 'brighten', 0.7274731729933863, 0.8987583417676311]
INFO:root:127, 0.5435555557939742, ['crop', 0.7738292725921492, 'fog', 0.05997835925251706, 0.985495844156264]
INFO:root:128, 0.5698888891008165, ['crop', 0.6348703938848489, 'crop', 0.08543577366919354, 0.9878867853112013]
INFO:root:129, 0.5515555557674832, ['crop', 0.8439255187146821, 'additive-gaussian-noise', 0.043949470508767526, 0.6429341496795244]
INFO:root:130, 0.6323333334128063, ['dropout', 0.00017033995063364674, 'translate-y', 0.6732802423958775, 0.60330862644009]
INFO:root:131, 0.5438888889153799, ['gamma-contrast', 0.03489593048691953, 'translate-y', 0.874148204474931, 0.9962390655562421]
INFO:root:132, 0.6414444443649716, ['dropout', 0.033391565799163254, 'translate-y', 0.00765480642985872, 0.8228987894606352]
INFO:root:133, 0.5563333335452609, ['gamma-contrast', 0.0400246284490875, 'gamma-contrast', 0.8566638778930519, 0.530015733292042]
INFO:root:134, 0.5563333335452609, ['add-to-hue-and-saturation', 0.04665081374267078, 'translate-y', 0.7472929110772744, 0.9823126857500977]
INFO:root:135, 0.605000000026491, ['sharpen', 0.1447029243124757, 'translate-y', 0.13041511475581805, 0.9747100695236406]
INFO:root:136, 0.6752222221162585, ['invert', 0.06327820412858089, 'brighten', 0.860980706324872, 0.989064913693501]
INFO:root:137, 0.5721111111640931, ['crop', 0.7296628355123124, 'invert', 0.9841604138654704, 0.988719632765963]
INFO:root:138, 0.5408888890213437, ['gamma-contrast', 0.001223272448151458, 'rotate', 0.10248098119272334, 0.3076851559162917]
INFO:root:139, 0.6347777778042687, ['dropout', 0.7865946401340164, 'translate-y', 0.009137731817052798, 0.9713789547595195]
INFO:root:140, 0.5834444444179536, ['translate-y', 0.03533800613744043, 'translate-y', 0.6965235445004201, 0.9951020650273024]
INFO:root:141, 0.5309999998410542, ['gamma-contrast', 0.11494036711932334, 'rotate', 0.8620506878831411, 0.4502092979882575]
INFO:root:142, 0.6234444443384806, ['brighten', 0.044428611831681016, 'brighten', 0.944843199884121, 0.6134575214352733]
INFO:root:143, 0.5825555557145012, ['coarse-dropout', 0.062281218158633314, 'translate-y', 0.7685075402823911, 0.9976251202739627]
INFO:root:144, 0.542999999920527, ['gamma-contrast', 0.023543927609783417, 'brighten', 0.017490592979125145, 0.8918088935164459]
INFO:root:145, 0.554333333571752, ['add-to-hue-and-saturation', 0.010296895644343664, 'crop', 0.7253171825816596, 0.9858099398897494]
INFO:root:146, 0.5574444443649715, ['add-to-hue-and-saturation', 0.39290521619024255, 'brighten', 0.2623461865923801, 0.9689753878146559]
INFO:root:147, 0.5791111112435658, ['add-to-hue-and-saturation', 0.834279203389734, 'brighten', 0.1347821012169305, 0.9952801849699273]
INFO:root:148, 0.6195555555025736, ['add-to-hue-and-saturation', 0.6797078732360398, 'brighten', 0.09844808481020742, 0.4763174414442899]
INFO:root:149, 0.5997777778572506, ['add-to-hue-and-saturation', 0.5424195465761891, 'brighten', 0.2248231189702899, 0.987765251654452]
INFO:root:150, 0.5611111110846201, ['add-to-hue-and-saturation', 0.030475571347151183, 'rotate', 0.09581972876454661, 0.7253988634683436]
INFO:root:151, 0.5787777778572507, ['add-to-hue-and-saturation', 0.3515915344274548, 'sharpen', 0.1061321829531914, 0.7528567547607415]
INFO:root:152, 0.5895555556880103, ['add-to-hue-and-saturation', 0.271771662175676, 'rotate', 0.032273382001097535, 0.4215285378419581]
INFO:root:153, 0.6786666667991215, ['dropout', 0.00923222004848956, 'coarse-dropout', 0.09105587449609344, 0.48756916295311936]
INFO:root:154, 0.5643333333333334, ['gamma-contrast', 0.017551111153596425, 'dropout', 0.8796954526058373, 0.3080224674877147]
INFO:root:155, 0.5514444443914626, ['gamma-contrast', 0.07080811588827897, 'coarse-dropout', 0.8601040864311272, 0.5882137704174631]
INFO:root:156, 0.549777777698305, ['add-to-hue-and-saturation', 0.1430727791143345, 'clouds', 0.09145123085361152, 0.9422182610281236]
INFO:root:157, 0.5308888887034522, ['crop', 0.8403629410779934, 'add-to-hue-and-saturation', 0.03590511458938218, 0.9155371340583541]
INFO:root:158, 0.5696666668256123, ['crop', 0.8161601918303272, 'add-to-hue-and-saturation', 0.3650854408602064, 0.36252344773413053]
INFO:root:159, 0.5669999999735091, ['add-to-hue-and-saturation', 0.12572937187343272, 'brighten', 0.83757929309953, 0.471418593101555]
INFO:root:160, 0.590888889140553, ['dropout', 0.6742760479602278, 'translate-y', 0.907937271498755, 0.2358105607762599]
INFO:root:161, 0.5252222225666046, ['crop', 0.969943314845112, 'add-to-hue-and-saturation', 0.9035717627599101, 0.6390651254153775]
INFO:root:162, 0.5905555556615194, ['crop', 0.9684514082170949, 'coarse-dropout', 0.7581691677982251, 0.544063211347661]
INFO:root:163, 0.5338888892332714, ['crop', 0.8496582861602823, 'add-to-hue-and-saturation', 0.9965524505007365, 0.8256860977992552]
INFO:root:164, 0.5741111110316381, ['crop', 0.8693903160831892, 'add-to-hue-and-saturation', 0.5183438331153765, 0.5070611807014997]
INFO:root:165, 0.582000000079473, ['crop', 0.0016224949674665816, 'add-to-hue-and-saturation', 0.28072530438722526, 0.6170437157178578]
INFO:root:166, 0.524777777724796, ['gamma-contrast', 0.004117280850702843, 'clouds', 0.8081602321676519, 0.987071593583444]
INFO:root:167, 0.5575555557409921, ['gamma-contrast', 0.023535681391246184, 'translate-y', 0.5639650507639369, 0.9987582872676671]
INFO:root:168, 0.5427777779102325, ['crop', 0.9808184720788328, 'add-to-hue-and-saturation', 0.893018127590065, 0.6032398121192738]
INFO:root:169, 0.5393333334392971, ['gamma-contrast', 0.09892574705969862, 'additive-gaussian-noise', 0.8644217680530095, 0.594780175965554]
INFO:root:170, 0.544111111111111, ['crop', 0.9411752455492046, 'add-to-hue-and-saturation', 0.17342178241172815, 0.5640484607282557]
INFO:root:171, 0.5135555556880103, ['crop', 0.9039836273174146, 'clouds', 0.9059083240437091, 0.7809186006944823]
INFO:root:172, 0.5285555557145012, ['crop', 0.9975911478761823, 'clouds', 0.8847699656089953, 0.6161727549776774]
INFO:root:173, 0.5548888886239793, ['crop', 0.9585091079683767, 'gaussian-blur', 0.7000529949827148, 0.582443223640192]
INFO:root:174, 0.5612222221427494, ['crop', 0.9413854072365416, 'brighten', 0.9327334408606969, 0.5627881003354969]
INFO:root:175, 0.5383333330949147, ['crop', 0.9359478078556447, 'translate-x', 0.9511520268247813, 0.6637184376278065]
INFO:root:176, 0.5545555557145012, ['crop', 0.9354828206196467, 'sharpen', 0.8901213873689032, 0.9984524163830104]
INFO:root:177, 0.577333333492279, ['crop', 0.5337191597208845, 'additive-gaussian-noise', 0.9071486271502218, 0.7632600419423352]
INFO:root:178, 0.5151111113495297, ['crop', 0.8152962662576441, 'crop', 0.9608468882130122, 0.7638416169070752]
INFO:root:179, 0.5288888890213437, ['crop', 0.6709045390350517, 'clouds', 0.9049007673794779, 0.8010468367336284]
INFO:root:180, 0.5576666664282481, ['crop', 0.7127787849345311, 'sharpen', 0.9203657005189587, 0.7745977059179101]
INFO:root:181, 0.5496666667991215, ['crop', 0.7983795494656629, 'brighten', 0.9694467656636113, 0.7364196641748042]
INFO:root:182, 0.5265555554231007, ['crop', 0.9098081835491968, 'gaussian-blur', 0.9631881369495285, 0.9031046594012364]
INFO:root:183, 0.5878888888623979, ['shear', 0.96622163024935, 'rotate', 0.9627700367356089, 0.9991154660415194]
INFO:root:184, 0.547666666507721, ['crop', 0.8743146309688786, 'rotate', 0.8791320085295552, 0.9966211530766262]
INFO:root:185, 0.54566666648123, ['crop', 0.9979116192485099, 'sharpen', 0.892688435285501, 0.844641529452104]
INFO:root:186, 0.5260000001324547, ['crop', 0.8334034699206652, 'shear', 0.9901300788857025, 0.9760102903097054]
INFO:root:187, 0.5700000001589458, ['crop', 0.4025891650419612, 'coarse-dropout', 0.9642844325448818, 0.8288244556975667]
INFO:root:188, 0.6301111108726924, ['rotate', 0.08382034166711518, 'emboss', 0.8731380779538249, 0.9956956239625037]
INFO:root:189, 0.5476666667461394, ['crop', 0.8505849465741843, 'clouds', 0.9571016547779599, 0.557339801623264]
INFO:root:190, 0.5538888891802893, ['crop', 0.8929700159513959, 'brighten', 0.9802756820040687, 0.6250578507691485]
INFO:root:191, 0.5467777778572507, ['crop', 0.7108572123621631, 'shear', 0.9791416093701425, 0.9106078402230323]
INFO:root:192, 0.5488888890213437, ['emboss', 0.12155682846827279, 'translate-y', 0.8628933986124283, 0.9616295999307969]
INFO:root:193, 0.5208888889948526, ['gamma-contrast', 0.0019560425758134996, 'fog', 0.24113798050155327, 0.9953617102478924]
INFO:root:194, 0.527777777645323, ['gamma-contrast', 0.005721591110368852, 'additive-gaussian-noise', 0.3518337095005895, 0.9978315467248983]
INFO:root:195, 0.6705555555423102, ['translate-x', 0.05467686318369837, 'invert', 0.9568479016953509, 0.9359668868026758]
INFO:root:196, 0.5548888889418708, ['crop', 0.8069371879871613, 'invert', 0.9619458498995639, 0.6334968724006911]
INFO:root:197, 0.5515555555555556, ['crop', 0.6744934536465972, 'invert', 0.9680104335577743, 0.8631778152169395]
INFO:root:198, 0.509222222381168, ['crop', 0.9562483406136089, 'gaussian-blur', 0.9642363565672978, 0.9011556011082835]
INFO:root:199, 0.5400000001324547, ['crop', 0.9629271186187969, 'invert', 0.7962839888247443, 0.8646890950434611]
INFO:root:200, 0.5604444444444445, ['crop', 0.8954889826811553, 'emboss', 0.9662667543481793, 0.97555105345395]
INFO:root:201, 0.5379999999470182, ['gamma-contrast', 0.0011199012880834804, 'invert', 0.9801301499605355, 0.7566164940848217]
INFO:root:202, 0.537555555820465, ['add-to-hue-and-saturation', 0.04956605445544117, 'rotate', 0.9912745287347868, 0.958422433658676]
INFO:root:203, 0.5736666665342118, ['translate-x', 0.835259302094185, 'translate-y', 0.9118115274790789, 0.9230448223743255]
INFO:root:204, 0.5647777778042686, ['crop', 0.9645382267919947, 'invert', 0.9604261303863747, 0.6673009980138319]
INFO:root:205, 0.6052222221957313, ['shear', 0.07446194009237629, 'gaussian-blur', 0.8957279586412114, 0.9678043672485035]
INFO:root:206, 0.5921111111905839, ['gamma-contrast', 0.051778201786312664, 'invert', 0.8617380417759817, 0.9946660907026417]
INFO:root:207, 0.5755555556615193, ['crop', 0.8295250941863395, 'sharpen', 0.906353074795421, 0.7945504697353375]
INFO:root:208, 0.5378888889683617, ['crop', 0.967873726075743, 'add-to-hue-and-saturation', 0.962370202760612, 0.7593793877850765]
INFO:root:209, 0.5172222224606409, ['crop', 0.9670190419828966, 'invert', 0.8878606843081038, 0.98380350703235]
INFO:root:210, 0.5435555557145013, ['gamma-contrast', 0.008619567268215002, 'invert', 0.022292404840072447, 0.9972445497610508]
INFO:root:211, 0.5798888886504703, ['add-to-hue-and-saturation', 0.11202031969177376, 'invert', 0.9982101994111808, 0.060762875327303414]
INFO:root:212, 0.5261111112700567, ['crop', 0.9391557864925522, 'rotate', 0.9379626089502126, 0.9316067302136195]
INFO:root:213, 0.5527777777777778, ['crop', 0.9782476058550625, 'dropout', 0.9233975798908548, 0.9546700607875769]
INFO:root:214, 0.5295555556350284, ['crop', 0.9501735731531279, 'invert', 0.9631673740584167, 0.798513894012642]
INFO:root:215, 0.5233333333068424, ['crop', 0.9436218817986323, 'gaussian-blur', 0.9183096491307904, 0.8499937102640125]
INFO:root:216, 0.5170000002914004, ['crop', 0.9086804404784785, 'invert', 0.9001962766484801, 0.9656286988108648]
INFO:root:217, 0.5588888889683619, ['crop', 0.9284193227072834, 'gaussian-blur', 0.9075721324789052, 0.8029200860129307]
INFO:root:218, 0.5834444444974263, ['gamma-contrast', 0.03068882108796068, 'invert', 0.8819624406287556, 0.9285000705973007]
INFO:root:219, 0.5672222222487131, ['invert', 0.004621312125385192, 'clouds', 0.8651576969082261, 0.91108429602904]
INFO:root:220, 0.5794444447623359, ['gamma-contrast', 0.06885973726674145, 'invert', 0.9958554145201921, 0.4173488447355418]
INFO:root:221, 0.5594444447358449, ['gamma-contrast', 0.004548304898249978, 'invert', 0.3572732925663605, 0.9924903800559427]
INFO:root:222, 0.5651111112435658, ['add-to-hue-and-saturation', 0.06821539709972359, 'invert', 0.9513651663623264, 0.9428094995221625]
INFO:root:223, 0.5293333333598242, ['crop', 0.953679114347126, 'shear', 0.9212804931134311, 0.9504549798806542]
INFO:root:224, 0.5345555555290646, ['crop', 0.9513476156203086, 'gaussian-blur', 0.008649363936464429, 0.9736711963996205]
INFO:root:225, 0.5454444444444444, ['gamma-contrast', 0.03784933102772215, 'brighten', 0.8622794687402966, 0.7576455421523309]
INFO:root:226, 0.5838888888623979, ['fog', 0.02773209197208349, 'emboss', 0.8641946144166865, 0.9568696599046516]
INFO:root:227, 0.6273333332273694, ['dropout', 0.007825828583143292, 'invert', 0.9754573431533, 0.4166215598899222]
INFO:root:228, 0.5359999998675453, ['crop', 0.9906064206498838, 'brighten', 0.9592022551291116, 0.9677397024427814]
INFO:root:229, 0.5757777780161963, ['coarse-dropout', 0.06584036423090346, 'translate-y', 0.9574774733159609, 0.8992380020512206]
INFO:root:230, 0.5602222222222222, ['add-to-hue-and-saturation', 0.013045260847455501, 'dropout', 0.304130789063695, 0.9903075670009528]
INFO:root:231, 0.557777777671814, ['add-to-hue-and-saturation', 0.003208815589456849, 'brighten', 0.5507396485369833, 0.9977984200628592]
INFO:root:232, 0.5392222220897676, ['crop', 0.9131844522509389, 'translate-y', 0.869734295194265, 0.7764552356588094]
INFO:root:233, 0.5369999998145634, ['gamma-contrast', 0.14304063944272652, 'translate-x', 0.947592553631951, 0.9206607544887518]
INFO:root:234, 0.5584444443914625, ['crop', 0.8861733373766764, 'sharpen', 0.9112616133101878, 0.9235016922598545]
INFO:root:235, 0.5534444444974265, ['gamma-contrast', 0.009117876533801696, 'brighten', 0.8829997471064419, 0.49527139754124483]
INFO:root:236, 0.5794444444179534, ['translate-y', 0.06419640095436642, 'clouds', 0.8666423473168877, 0.8971135855062535]
INFO:root:237, 0.6253333334392972, ['emboss', 0.01527752345295275, 'additive-gaussian-noise', 0.8895352968012311, 0.9860681750747967]
INFO:root:238, 0.5362222222222222, ['crop', 0.8243652117763106, 'fog', 0.9836970615812154, 0.8000218089045738]
INFO:root:239, 0.5505555556880104, ['crop', 0.7914204910318299, 'additive-gaussian-noise', 0.928237178111187, 0.8217907114293995]
INFO:root:240, 0.5466666667726305, ['gamma-contrast', 0.14744515339343736, 'shear', 0.89488828890608, 0.9113097795304415]
INFO:root:241, 0.550111111111111, ['gamma-contrast', 0.03519807339975246, 'clouds', 0.862968950874218, 0.27490452989382536]
INFO:root:242, 0.5622222222487132, ['gamma-contrast', 0.17048789924969313, 'fog', 0.9739137951354554, 0.9655389860451917]
INFO:root:243, 0.5245555556880104, ['gamma-contrast', 0.14420125536934028, 'rotate', 0.8612774813493994, 0.7130471890933204]
INFO:root:244, 0.6093333333598243, ['gamma-contrast', 0.15774191991978662, 'coarse-dropout', 0.9151984138872482, 0.8627169123489637]
INFO:root:245, 0.5671111110051472, ['gamma-contrast', 0.14923536044306887, 'dropout', 0.8971153263446116, 0.6236261389811626]
INFO:root:246, 0.5179999999205271, ['crop', 0.9418104333400954, 'fog', 0.9009051751471526, 0.8763823022597488]
INFO:root:247, 0.5395555555820466, ['crop', 0.9351056133141725, 'translate-x', 0.9029780254791071, 0.9097883278895578]
INFO:root:248, 0.5244444445239174, ['gamma-contrast', 0.023109379037340453, 'clouds', 0.18675667634838447, 0.30747856029566284]
INFO:root:249, 0.597111111190584, ['crop', 0.8990983084508753, 'coarse-dropout', 0.9669538933437861, 0.7949367214901564]
INFO:root:250, 0.5496666666401757, ['crop', 0.9504845411175047, 'fog', 0.9070776009516335, 0.8753031698242412]
INFO:root:251, 0.5202222220632766, ['crop', 0.9046620711847515, 'add-to-hue-and-saturation', 0.8648203610026457, 0.7928997053739388]
INFO:root:252, 0.5252222221957312, ['crop', 0.9028672583054569, 'invert', 0.04659164775593328, 0.6361736285183045]
INFO:root:253, 0.5272222221957312, ['crop', 0.8485920590567622, 'invert', 0.05112875462638568, 0.7650463676835009]
INFO:root:254, 0.5555555557674832, ['crop', 0.8999309285104896, 'translate-x', 0.9010076319994993, 0.6887168153834103]
INFO:root:255, 0.5603333334922791, ['gamma-contrast', 0.12659100818639094, 'crop', 0.8632268886326594, 0.9210994788053086]
INFO:root:256, 0.5344444444444445, ['crop', 0.9034776554868962, 'brighten', 0.5453208197369865, 0.5956048169324326]
INFO:root:257, 0.5663333334128062, ['crop', 0.9791623729988659, 'coarse-dropout', 0.8691429049105047, 0.8951766981638295]
INFO:root:258, 0.5422222221692403, ['crop', 0.9241644035412103, 'gaussian-blur', 0.03300530091336707, 0.8982140057761849]
INFO:root:259, 0.5431111110051472, ['crop', 0.9817896733984154, 'gamma-contrast', 0.8556060298793133, 0.9932637003608159]
INFO:root:260, 0.5793333333068424, ['crop', 0.9061832644496413, 'coarse-dropout', 0.8310204175182528, 0.6722466540128531]
INFO:root:261, 0.5318888888888889, ['crop', 0.9553882509848995, 'gamma-contrast', 0.98797269638982, 0.8761046940632214]
INFO:root:262, 0.5236666670375401, ['crop', 0.8976014332156012, 'fog', 0.7013000319806107, 0.7903625688739269]
INFO:root:263, 0.5113333334128063, ['crop', 0.9019844321531184, 'gaussian-blur', 0.8580220120728193, 0.8305596918528563]
INFO:root:264, 0.5536666667461396, ['crop', 0.9019094517287866, 'coarse-dropout', 0.04707866680612373, 0.8205206149961797]
INFO:root:265, 0.547333333545261, ['crop', 0.8994266771740759, 'gaussian-blur', 0.16554159546859173, 0.7831670363320732]
INFO:root:266, 0.5457777775658501, ['gamma-contrast', 0.00397001796191987, 'invert', 0.2348317760374496, 0.32218700235073267]
INFO:root:267, 0.5814444444179536, ['crop', 0.907053063911679, 'shear', 0.040165263766702604, 0.001958639526346229]
INFO:root:268, 0.5092222223281859, ['crop', 0.8164422202283462, 'gamma-contrast', 0.016461030432507243, 0.7809781804837724]
INFO:root:269, 0.5448888891008166, ['crop', 0.8838940396819054, 'shear', 0.8859930742631767, 0.7710918681725866]
INFO:root:270, 0.533333333492279, ['crop', 0.8138665798003547, 'clouds', 0.8209267122833924, 0.7510833214080043]
INFO:root:271, 0.5323333334128062, ['crop', 0.8182936370487466, 'translate-y', 0.9033613029790336, 0.9834205474927016]
INFO:root:272, 0.5292222223016951, ['crop', 0.8734771891412475, 'translate-x', 0.00019972907464249628, 0.7800183802061564]
INFO:root:273, 0.53933333351877, ['crop', 0.9071312944046186, 'shear', 0.9214962538844027, 0.7898116877448229]
INFO:root:274, 0.5617777775923412, ['crop', 0.822874562358594, 'coarse-dropout', 0.3368911278194551, 0.7482619680475263]
INFO:root:275, 0.5397777778042687, ['crop', 0.9071090881599652, 'gaussian-blur', 0.025125867829165045, 0.6087206063914924]
INFO:root:276, 0.5611111113760205, ['gamma-contrast', 0.11886881889021442, 'brighten', 0.8627675769164801, 0.6865421509013842]
INFO:root:277, 0.5452222223016951, ['gamma-contrast', 9.859550522295371e-05, 'fog', 0.21494365541432597, 0.29524209599608925]
INFO:root:278, 0.5566666668256124, ['emboss', 0.9594699319809443, 'translate-y', 0.9499416253920732, 0.9464470260793726]
INFO:root:279, 0.5577777780161963, ['sharpen', 0.5723518003190212, 'translate-y', 0.8967106070171025, 0.9664388888994816]
INFO:root:280, 0.5201111113230388, ['crop', 0.8129839757069817, 'clouds', 0.9862241687876934, 0.7925270893210699]
INFO:root:281, 0.5656666665607029, ['sharpen', 0.18993468156702314, 'translate-y', 0.7673609971528645, 0.9697498509515086]
INFO:root:282, 0.5716666665607029, ['sharpen', 0.6759955523684982, 'translate-y', 0.8535447931753, 0.9438905150216513]
INFO:root:283, 0.5341111111111112, ['crop', 0.8877168123287031, 'invert', 0.02170768964257153, 0.8052887305149399]
INFO:root:284, 0.5675555555820464, ['emboss', 0.7876328086508262, 'translate-y', 0.7511480507157177, 0.9503845305297537]
INFO:root:285, 0.5611111109786564, ['add-to-hue-and-saturation', 0.05317608755880755, 'additive-gaussian-noise', 0.7058672672732459, 0.9893131988659166]
INFO:root:286, 0.5352222224076588, ['crop', 0.8169808590091294, 'crop', 0.9054097526585697, 0.8471407172340335]
INFO:root:287, 0.5596666668521033, ['crop', 0.7963897519508294, 'invert', 0.02197747011385887, 0.5524653228071822]
INFO:root:288, 0.5582222221957314, ['add-to-hue-and-saturation', 0.00046748343084124244, 'gamma-contrast', 0.606517870301451, 0.7626509382950474]
INFO:root:289, 0.5508888889683619, ['gamma-contrast', 0.026825986289705235, 'shear', 0.1289302230278803, 0.3081813423332103]
INFO:root:290, 0.5632222223016952, ['shear', 0.9014093852680726, 'translate-y', 0.7472727918392019, 0.41544611816275445]
INFO:root:291, 0.5953333333333333, ['emboss', 0.613758096592924, 'translate-y', 0.7929996579221765, 0.378862983146417]
INFO:root:292, 0.5980000001589458, ['sharpen', 0.3599717118041867, 'translate-y', 0.6607522022831492, 0.48254009641425366]
INFO:root:293, 0.5726666667196485, ['rotate', 0.14632886071515108, 'brighten', 0.8486934192525954, 0.9523093255054499]
INFO:root:294, 0.5849999999470181, ['add-to-hue-and-saturation', 0.06633675719351241, 'brighten', 0.5939212663096327, 0.7494874006645567]
INFO:root:295, 0.5685555557145012, ['translate-y', 0.004280014516680587, 'crop', 0.24948685609824622, 0.9022017757235806]
INFO:root:296, 0.5624444448682997, ['crop', 0.8153472858931128, 'additive-gaussian-noise', 0.6010989038014616, 0.7509042994097825]
INFO:root:297, 0.5655555555820464, ['gamma-contrast', 0.15283472218643349, 'brighten', 0.8895512779253132, 0.7017729885866107]
INFO:root:298, 0.5366666667461395, ['crop', 0.8084504716357273, 'rotate', 0.7609606563890996, 0.7637837495578694]
INFO:root:299, 0.5447777780426872, ['gamma-contrast', 0.012241148476322187, 'rotate', 0.05369177314790875, 0.29206080428035436]
INFO:root:300, 0.5752222222752041, ['additive-gaussian-noise', 0.17285837611871305, 'translate-y', 0.7383865650572793, 0.997937844009301]
INFO:root:301, 0.5399999999205272, ['add-to-hue-and-saturation', 0.17757222529001263, 'gaussian-blur', 0.6265219406785263, 0.8747291873172606]
INFO:root:302, 0.5363333333068423, ['gamma-contrast', 0.02698865627434322, 'crop', 0.18684204868241663, 0.6718431552397834]
INFO:root:303, 0.5284444443384806, ['gamma-contrast', 0.03581543780058195, 'crop', 0.10778461233819173, 0.6818768778216155]
INFO:root:304, 0.546777777592341, ['gamma-contrast', 0.04475955655209208, 'crop', 0.07686868974229512, 0.6447834482728546]
INFO:root:305, 0.5664444444709353, ['gamma-contrast', 0.1292813348078579, 'crop', 0.278202577375153, 0.5613535904007202]
INFO:root:306, 0.5602222223811679, ['gamma-contrast', 0.054178087987357806, 'brighten', 0.19771365328641183, 0.9119516899463164]
INFO:root:307, 0.5694444443914626, ['crop', 0.9593385844630471, 'additive-gaussian-noise', 0.9731044929889633, 0.8827264262679415]
INFO:root:308, 0.5569999999470181, ['gamma-contrast', 0.005238881131023333, 'invert', 0.8597805240252989, 0.7107137604331366]
INFO:root:309, 0.5335555557145013, ['add-to-hue-and-saturation', 0.1875837700760115, 'gaussian-blur', 0.7716275337504375, 0.9079891919487298]
INFO:root:310, 0.5590000003708733, ['crop', 0.8108514839118282, 'emboss', 0.9708529467941736, 0.9390866799736147]
INFO:root:311, 0.5277777777247958, ['add-to-hue-and-saturation', 0.1355595121278708, 'gaussian-blur', 0.965358661395768, 0.837638908416031]
INFO:root:312, 0.5214444446033901, ['add-to-hue-and-saturation', 0.22572106172124357, 'gaussian-blur', 0.8997282218616017, 0.9484604691159529]
INFO:root:313, 0.5318888890213436, ['add-to-hue-and-saturation', 0.8155533830406376, 'gaussian-blur', 0.9625813566264046, 0.7923253228466324]
INFO:root:314, 0.5345555556615194, ['add-to-hue-and-saturation', 0.7527241436960357, 'gaussian-blur', 0.8963129697632414, 0.8057325139583628]
INFO:root:315, 0.5425555556615194, ['add-to-hue-and-saturation', 0.146936826724569, 'gaussian-blur', 0.9810320812923484, 0.9878969844127305]
INFO:root:316, 0.5374444444709354, ['add-to-hue-and-saturation', 0.6286194941043126, 'gaussian-blur', 0.9212662475397926, 0.7035993864288018]
INFO:root:317, 0.5481111111905839, ['add-to-hue-and-saturation', 0.28164212785076065, 'gaussian-blur', 0.9730375923686801, 0.6939749991046963]
INFO:root:318, 0.5418888890213436, ['add-to-hue-and-saturation', 0.328434727714732, 'gaussian-blur', 0.8009130632849396, 0.6966068820650595]
INFO:root:319, 0.5582222222487132, ['add-to-hue-and-saturation', 0.5012082042393052, 'gaussian-blur', 0.7564232870506797, 0.2673317480666442]
INFO:root:320, 0.5605555555555555, ['add-to-hue-and-saturation', 0.7094972537071732, 'gaussian-blur', 0.9832626036125063, 0.5413839026106406]
INFO:root:321, 0.5627777779102325, ['add-to-hue-and-saturation', 0.5831553969056961, 'gaussian-blur', 0.06056703970275713, 0.7712465482210068]
INFO:root:322, 0.5502222222222222, ['add-to-hue-and-saturation', 0.8014178417762863, 'crop', 0.8684567468391683, 0.8465453124613059]
INFO:root:323, 0.596888888862398, ['emboss', 0.7990458341813694, 'translate-y', 0.8413815374311868, 0.7408084490139815]
INFO:root:324, 0.5274444443119897, ['add-to-hue-and-saturation', 0.6520514311581036, 'gaussian-blur', 0.47253657138559024, 0.9452119464154057]
INFO:root:325, 0.538111111270057, ['add-to-hue-and-saturation', 0.46501268009157004, 'gaussian-blur', 0.1329623284530266, 0.9621359686860714]
INFO:root:326, 0.5572222221957313, ['add-to-hue-and-saturation', 0.8250555016265034, 'gaussian-blur', 0.22722217598806665, 0.8315175107219291]
INFO:root:327, 0.5576666666136847, ['add-to-hue-and-saturation', 0.8735203214061381, 'gaussian-blur', 0.11287072007073698, 0.8727874372235694]
INFO:root:328, 0.5477777777512869, ['crop', 0.919869605955604, 'gaussian-blur', 0.9769084033790082, 0.9924152364230371]
INFO:root:329, 0.5385555557409922, ['add-to-hue-and-saturation', 0.9738824477149264, 'gaussian-blur', 0.6963815713253702, 0.8938763251578288]
INFO:root:330, 0.5461111114554935, ['gamma-contrast', 0.006719620979631082, 'additive-gaussian-noise', 0.0004988670578910394, 0.6726735576257513]
INFO:root:331, 0.5452222223016951, ['add-to-hue-and-saturation', 0.49839844785981013, 'gaussian-blur', 0.1418743828732625, 0.9978233473773842]
INFO:root:332, 0.5615555557939742, ['invert', 0.46395707786787843, 'gaussian-blur', 0.9503143508247496, 0.9076625770058062]
INFO:root:333, 0.5461111113495296, ['add-to-hue-and-saturation', 0.12544697722690815, 'gaussian-blur', 0.8619987516656173, 0.9878445660628087]
INFO:root:334, 0.565999999973509, ['add-to-hue-and-saturation', 0.962803666951269, 'gaussian-blur', 0.9227320939290705, 0.6591966432530446]
INFO:root:335, 0.5844444443649717, ['invert', 0.7477277040947826, 'gaussian-blur', 0.7852245231386386, 0.9778715881483578]
INFO:root:336, 0.5565555557674831, ['gamma-contrast', 0.1442077911566654, 'gaussian-blur', 0.14907848979530194, 0.9832728314695592]
INFO:root:337, 0.5506666668785942, ['invert', 0.13396815225571693, 'translate-y', 0.8754592935768444, 0.9918671380772719]
INFO:root:338, 0.5682222221162585, ['invert', 0.004981949208267778, 'add-to-hue-and-saturation', 0.8440209039574461, 0.996203547705658]
INFO:root:339, 0.5537777779102326, ['crop', 0.8971001127211511, 'add-to-hue-and-saturation', 0.8656195417317858, 0.8739314802375631]
INFO:root:340, 0.533777777671814, ['gamma-contrast', 0.06424285657036323, 'crop', 0.765592985169813, 0.6937569031973009]
INFO:root:341, 0.5244444447093539, ['gamma-contrast', 0.002387287744094136, 'shear', 0.05576638007851244, 0.2670262645113087]
INFO:root:342, 0.5403333333863152, ['crop', 0.9463174863507499, 'crop', 0.9682074182478042, 0.9257981517160445]
INFO:root:343, 0.5366666668256124, ['crop', 0.8111684924090531, 'translate-y', 0.022510698751518236, 0.8377619842205649]
INFO:root:344, 0.5376666669050854, ['crop', 0.9035990461584519, 'invert', 0.9626037724866028, 0.9689439323857659]
INFO:root:345, 0.5392222225930956, ['gamma-contrast', 0.019106162603000024, 'brighten', 0.13462969802238825, 0.9833076647408414]
INFO:root:346, 0.6017777780956692, ['gamma-contrast', 0.1480759936701758, 'crop', 0.009743212682117199, 0.6657142447070016]
INFO:root:347, 0.5523333333333333, ['gamma-contrast', 0.020982435286094673, 'coarse-dropout', 0.012713144305825933, 0.25271368149098156]
INFO:root:348, 0.5763333333068423, ['crop', 0.9030157498617921, 'dropout', 0.8509014185230641, 0.6500298673677024]
INFO:root:349, 0.5606666666401756, ['crop', 0.8140240719610438, 'gamma-contrast', 0.9507869406962255, 0.9889649906019035]
INFO:root:350, 0.5666666669050853, ['crop', 0.903624924680479, 'emboss', 0.7559670754296199, 0.7679777764884858]
INFO:root:351, 0.5827777778307597, ['emboss', 0.4598848446621896, 'translate-y', 0.9889655595179925, 0.987027844849224]
INFO:root:352, 0.5834444444444444, ['translate-x', 0.002049127814649166, 'translate-y', 0.8857522958747358, 0.9918560088057169]
INFO:root:353, 0.5363333337306977, ['gamma-contrast', 0.008396920045691038, 'coarse-dropout', 0.2685048741405212, 0.9752151230230507]
INFO:root:354, 0.5815555556615193, ['crop', 0.9096449888240612, 'dropout', 0.8223703816185565, 0.8029777763779533]
INFO:root:355, 0.5984444443914625, ['gaussian-blur', 0.27276474341421836, 'gaussian-blur', 0.9578743824654122, 0.9538079079696549]
INFO:root:356, 0.6528888889153799, ['invert', 0.008808057662887616, 'emboss', 0.8591327831490161, 0.9999110553732843]
INFO:root:357, 0.5629999998675452, ['crop', 0.9123639882799253, 'brighten', 0.3360122147346604, 0.7954827620093027]
INFO:root:358, 0.5442222224606408, ['crop', 0.9060575021417545, 'gaussian-blur', 0.8263688726057093, 0.7912023684215268]
INFO:root:359, 0.5819999999999999, ['gamma-contrast', 0.0011674279236080223, 'clouds', 0.2559811447321499, 0.08902668073662114]
INFO:root:360, 0.5597777776983048, ['add-to-hue-and-saturation', 0.6935503241336691, 'gaussian-blur', 0.11136393639151146, 0.4729900247837149]
INFO:root:361, 0.5476666669315762, ['crop', 0.8289942771158803, 'translate-y', 0.6258681227743419, 0.7813446077563602]
INFO:root:362, 0.5511111113230387, ['gamma-contrast', 0.005494277253021541, 'add-to-hue-and-saturation', 0.2168475670463274, 0.9276126957330307]
INFO:root:363, 0.5815555554495917, ['emboss', 0.002381502784655099, 'rotate', 0.3127118195715411, 0.8969483507452161]
INFO:root:364, 0.5415555556615193, ['crop', 0.8253545669483938, 'invert', 0.9043556866687448, 0.7929509716587179]
INFO:root:365, 0.5492222220897676, ['crop', 0.9568592897898549, 'add-to-hue-and-saturation', 0.8739176749779979, 0.822775247514266]
INFO:root:366, 0.546111111164093, ['crop', 0.7639493815627534, 'emboss', 0.00579681498855822, 0.7601943865047245]
INFO:root:367, 0.5242222224076589, ['crop', 0.9312361163397509, 'gaussian-blur', 0.9687036714285782, 0.8323073777493911]
INFO:root:368, 0.5205555557145012, ['gamma-contrast', 0.1441651609956173, 'crop', 0.6675714472074984, 0.7015591603908587]
INFO:root:369, 0.570444444709354, ['gamma-contrast', 0.14303850036971225, 'sharpen', 0.48906989289816716, 0.29932497989552115]
INFO:root:370, 0.5497777776983048, ['gamma-contrast', 0.058140436902374706, 'crop', 0.3228859029223404, 0.8772662657010403]
INFO:root:371, 0.5732222223016952, ['gamma-contrast', 0.14370573512528453, 'additive-gaussian-noise', 0.6203654872306438, 0.8812845391250249]
INFO:root:372, 0.5871111109521654, ['gamma-contrast', 0.1415953395184544, 'crop', 0.030895996131967925, 0.5660035692494358]
INFO:root:373, 0.5438888890743256, ['crop', 0.5975715135546912, 'gaussian-blur', 0.014530099993040672, 0.7906653405023365]
INFO:root:374, 0.5333333331478967, ['crop', 0.4901086177864835, 'shear', 0.011063584728324362, 0.821952609700476]
INFO:root:375, 0.5686666667461395, ['crop', 0.5201382029671928, 'rotate', 0.016299892594482394, 0.7648408164215031]
INFO:root:376, 0.5715555554495917, ['crop', 0.9476732429925981, 'coarse-dropout', 0.9622192674110942, 0.8282784364809666]
INFO:root:377, 0.5523333333863152, ['gamma-contrast', 0.003208308041937281, 'translate-x', 0.17653164875860441, 0.25957760311041017]
INFO:root:378, 0.54, ['crop', 0.4709430442192032, 'clouds', 0.07260561286421287, 0.9592679495694449]
INFO:root:379, 0.5498888889418707, ['gamma-contrast', 0.14409311966067986, 'add-to-hue-and-saturation', 0.8491175701641795, 0.5049660008306878]
INFO:root:380, 0.5616666666136847, ['crop', 0.2865172329350763, 'translate-y', 0.009039143884620683, 0.7893060706293651]
INFO:root:381, 0.5414444444974265, ['crop', 0.8223193371178446, 'gaussian-blur', 0.9484616283113192, 0.8343734501398884]
INFO:root:382, 0.5735555556085374, ['crop', 0.850342149992404, 'brighten', 0.001077507623618579, 0.5511890454327851]
INFO:root:383, 0.5447777779632144, ['crop', 0.39852115837466373, 'gaussian-blur', 0.014894490881876558, 0.8485368916087656]
INFO:root:384, 0.5561111109521655, ['crop', 0.31922242760587555, 'clouds', 0.8869369981120716, 0.9168444621349224]
INFO:root:385, 0.5502222223281861, ['crop', 0.3846084291001629, 'clouds', 0.559884466710667, 0.8130243933583127]
INFO:root:386, 0.5387777776718139, ['gamma-contrast', 0.07282016789972502, 'crop', 0.1282923706122098, 0.6964951633712302]
INFO:root:387, 0.5562222221162585, ['crop', 0.9073284229689368, 'dropout', 0.9163253188815266, 0.9494490831194863]
INFO:root:388, 0.553999999947018, ['gamma-contrast', 0.0712973915069899, 'crop', 0.8385703022979207, 0.7427946759930777]
INFO:root:389, 0.560666667064031, ['gamma-contrast', 0.11580670843808552, 'crop', 0.3106135996418497, 0.6947365974125549]
INFO:root:390, 0.5263333335452609, ['crop', 0.9050010727189152, 'clouds', 0.6762365153193903, 0.899687649249377]
INFO:root:391, 0.5655555556350285, ['crop', 0.3268574166523928, 'clouds', 0.7863788027559322, 0.8582321191692128]
INFO:root:392, 0.539000000052982, ['crop', 0.9202720678978689, 'gamma-contrast', 0.9007982984843119, 0.969634844523988]
INFO:root:393, 0.5208888883325788, ['gamma-contrast', 0.0004106793574667479, 'add-to-hue-and-saturation', 0.8271536767815345, 0.9019452679528089]
INFO:root:394, 0.5344444445504082, ['crop', 0.9040033486270161, 'rotate', 0.8109869176263688, 0.7728422163892521]
INFO:root:395, 0.5515555555290645, ['gamma-contrast', 0.00024664176010413824, 'add-to-hue-and-saturation', 0.5673226197048781, 0.5970744402587927]
INFO:root:396, 0.5448888886769614, ['clouds', 0.899304162810351, 'translate-x', 0.9921712297422155, 0.8262812495281452]
INFO:root:397, 0.551444444656372, ['gaussian-blur', 0.9934754512426196, 'invert', 0.9332786327237167, 0.8158397507621354]
INFO:root:398, 0.6131111109786564, ['sharpen', 0.8514856479328642, 'emboss', 0.8803962872957666, 0.7885443651878319]
INFO:root:399, 0.5487777778837415, ['emboss', 0.9148859414910658, 'fog', 0.9681573423137646, 0.8211409033001376]
INFO:root:400, 0.5754444444974263, ['sharpen', 0.852145742345805, 'add-to-hue-and-saturation', 0.9961398466972478, 0.8183700619881592]
INFO:root:401, 0.5626666664812301, ['shear', 0.9422506606326878, 'rotate', 0.9787163320718574, 0.7828534055199534]
INFO:root:402, 0.5394444445239173, ['gamma-contrast', 0.1450096939899819, 'crop', 0.5813465787335228, 0.8616229067662647]
INFO:root:403, 0.5345555554495918, ['translate-x', 0.9770695531782707, 'fog', 0.9684517727269409, 0.7543991116871066]
INFO:root:404, 0.5556666669050851, ['emboss', 0.9849867278954371, 'fog', 0.9332173497462353, 0.769171255074824]
INFO:root:405, 0.5469999999735091, ['coarse-dropout', 0.986433608541891, 'crop', 0.8677294460214491, 0.7652680739663048]
INFO:root:406, 0.6445555555555555, ['sharpen', 0.9796951542184359, 'invert', 0.8794596387663844, 0.7852345134781638]
INFO:root:407, 0.5583333333863152, ['translate-y', 0.9772867660954714, 'add-to-hue-and-saturation', 0.9771553853761965, 0.7179184384595282]
INFO:root:408, 0.5728888891273074, ['gaussian-blur', 0.9741842191785451, 'clouds', 0.8930182216694497, 0.7233444957890525]
INFO:root:409, 0.5965555555290645, ['emboss', 0.9905913397032906, 'rotate', 0.9522696566338396, 0.7337614697897946]
INFO:root:410, 0.5568888892067803, ['fog', 0.9873541175251948, 'fog', 0.7489603417300752, 0.7637011887806422]
INFO:root:411, 0.5779999998940362, ['translate-x', 0.9842136371759331, 'brighten', 0.7599505660457325, 0.7539765056738111]
INFO:root:412, 0.6066666666136848, ['emboss', 0.9822948295612822, 'coarse-dropout', 0.8558816555743479, 0.7745027512798431]
INFO:root:413, 0.6756666664812301, ['brighten', 0.9756004212516011, 'invert', 0.9849882867927889, 0.9927336597091296]
INFO:root:414, 0.5804444443914625, ['clouds', 0.950715493302387, 'invert', 0.9525187460987848, 0.8918166814901388]
INFO:root:415, 0.623333333465788, ['invert', 0.9902614976487277, 'invert', 0.9857926435876294, 0.8464017037737994]
INFO:root:416, 0.5781111111905839, ['brighten', 0.48555270680869567, 'fog', 0.9511029258575798, 0.8181565281178725]
INFO:root:417, 0.5463333334128062, ['brighten', 0.9538874607443643, 'shear', 0.9958224839924671, 0.9531652701184928]
INFO:root:418, 0.6205555553966098, ['emboss', 0.9382701158515926, 'additive-gaussian-noise', 0.9765350662290857, 0.992606318994607]
INFO:root:419, 0.5317777779897055, ['fog', 0.7315828047026788, 'invert', 0.9792283361441031, 0.8192949717226219]
INFO:root:420, 0.6094444444974263, ['gaussian-blur', 0.3573696478217652, 'invert', 0.9969758235205365, 0.804775346220404]
INFO:root:421, 0.6102222224341498, ['invert', 0.5418723167611691, 'invert', 0.9740596552950664, 0.9448003219291635]
INFO:root:422, 0.6313333332273694, ['brighten', 0.7265345166232999, 'gamma-contrast', 0.9849250683593281, 0.8647976118358144]
INFO:root:423, 0.6130000000529818, ['additive-gaussian-noise', 0.9058174993377405, 'additive-gaussian-noise', 0.9984555284987875, 0.780936483797589]
INFO:root:424, 0.5596666669050852, ['sharpen', 0.9887860088841082, 'clouds', 0.9408115203628624, 0.7703509980023275]
INFO:root:425, 0.6074444445504084, ['brighten', 0.9618529353712674, 'dropout', 0.9815116092694608, 0.831894047777802]
INFO:root:426, 0.5985555553966098, ['additive-gaussian-noise', 0.9886873646417135, 'gaussian-blur', 0.9837615123282804, 0.8171410705971872]
INFO:root:427, 0.5647777780426873, ['sharpen', 0.9989152842802126, 'fog', 0.8959008190391143, 0.6877366130890977]
INFO:root:428, 0.5826666667196485, ['coarse-dropout', 0.5684957168587719, 'fog', 0.8585933215926262, 0.9911734897766614]
INFO:root:429, 0.5453333333333334, ['invert', 0.7423098731325032, 'crop', 0.9708628617591583, 0.8221312785618535]
INFO:root:430, 0.5361111112700567, ['translate-y', 0.9556908152473559, 'fog', 0.9701876777133487, 0.5335303140915071]
INFO:root:431, 0.5494444441530439, ['shear', 0.9918346601116278, 'fog', 0.9602987277288527, 0.4050230835934342]
INFO:root:432, 0.5503333330419329, ['brighten', 0.6049526638691063, 'fog', 0.9796737838507594, 0.5839566573511384]
INFO:root:433, 0.5826666667726306, ['brighten', 0.9045565611161348, 'fog', 0.9665641717578582, 0.3487988553377955]
INFO:root:434, 0.5840000001324548, ['additive-gaussian-noise', 0.9899075509012227, 'fog', 0.9804978702385982, 0.9940778191455797]
INFO:root:435, 0.5816666665871939, ['sharpen', 0.9526132866103245, 'fog', 0.7728979707154566, 0.6694325684950383]
INFO:root:436, 0.5867777779897054, ['rotate', 0.728301123164814, 'invert', 0.9733512319267954, 0.8225241804132458]
INFO:root:437, 0.5767777780161965, ['clouds', 0.9885742320247644, 'coarse-dropout', 0.9749130761665619, 0.6637280969894754]
INFO:root:438, 0.5512222224341499, ['brighten', 0.8935628638181188, 'fog', 0.9980415253277836, 0.6741859597907711]
INFO:root:439, 0.5588888889418708, ['additive-gaussian-noise', 0.7051506366857707, 'fog', 0.9727361716048135, 0.42366633436142764]
INFO:root:440, 0.5458888887034523, ['fog', 0.05602037083282764, 'fog', 0.9981522623330665, 0.7519692657804881]
INFO:root:441, 0.5540000000662273, ['clouds', 0.02849098698730524, 'fog', 0.9920155142934434, 0.7413683713168813]
INFO:root:442, 0.5817777778572506, ['dropout', 0.1288879946413727, 'fog', 0.9754534763618232, 0.07681655596261673]
INFO:root:443, 0.6067777778042687, ['clouds', 0.8517711669380316, 'invert', 0.9809414831530647, 0.8180476599375663]
INFO:root:444, 0.552000000105964, ['emboss', 0.5581596448794266, 'fog', 0.9698635793359717, 0.9944976739059365]
INFO:root:445, 0.5638888888623979, ['translate-y', 0.7184709328398152, 'crop', 0.931533537652859, 0.9936111933313047]
INFO:root:446, 0.6668888886504702, ['brighten', 0.891078033084663, 'invert', 0.9415379737959096, 0.939493129236037]
INFO:root:447, 0.5478888889683617, ['brighten', 0.881653158844726, 'crop', 0.9910867104890012, 0.8517308887510612]
INFO:root:448, 0.5786666666401756, ['rotate', 0.47583428764449875, 'crop', 0.8428660684585154, 0.9882038552200698]
INFO:root:449, 0.5523333336247338, ['brighten', 0.7481927544215488, 'crop', 0.8996750495702059, 0.8625665614778792]
INFO:root:450, 0.5450000001854367, ['gaussian-blur', 0.05235946424580963, 'crop', 0.988919490543945, 0.9781505317205829]
INFO:root:451, 0.541666667117013, ['add-to-hue-and-saturation', 0.1884810618041825, 'invert', 0.9839531446372698, 0.9597611790539127]
INFO:root:452, 0.5526666667726305, ['brighten', 0.7738349270953777, 'crop', 0.8714431837942573, 0.7835195395942702]
INFO:root:453, 0.5497777780161963, ['brighten', 0.09907368492915161, 'rotate', 0.991833257357363, 0.8555976699577131]
INFO:root:454, 0.5628888887829251, ['translate-y', 0.7561757656311752, 'crop', 0.9647767186138251, 0.6506207893009879]
INFO:root:455, 0.5764444445239172, ['emboss', 0.8664009965385758, 'crop', 0.7484365167894942, 0.5546925939597785]
INFO:root:456, 0.5587777778572507, ['add-to-hue-and-saturation', 0.9854316878857682, 'invert', 0.9786512628608491, 0.8758803002913887]
INFO:root:457, 0.597444444656372, ['sharpen', 0.05756739554183134, 'dropout', 0.9984841025617115, 0.6909683894052483]
INFO:root:458, 0.5471111113230387, ['brighten', 0.8917095665905678, 'crop', 0.9674631000484842, 0.37011361281674576]
INFO:root:459, 0.595222222328186, ['brighten', 0.8837751295983743, 'dropout', 0.9975685117787738, 0.5936733684180306]
INFO:root:460, 0.5585555554495918, ['brighten', 0.9097252652676657, 'fog', 0.97813712073857, 0.980132823082192]
INFO:root:461, 0.5693333333863153, ['emboss', 0.4771320085015446, 'crop', 0.9697397417653527, 0.414870449261184]
INFO:root:462, 0.6055555556085375, ['brighten', 0.9530550062219989, 'brighten', 0.9456353441612482, 0.9282536777779866]
INFO:root:463, 0.576555555846956, ['sharpen', 0.8205014307460335, 'crop', 0.8782374344646622, 0.7496671791929488]
INFO:root:464, 0.5753333335717519, ['gaussian-blur', 0.8872239752377235, 'invert', 0.9884641984698106, 0.9531643454750784]
INFO:root:465, 0.5895555558469561, ['sharpen', 0.12460729749799063, 'invert', 0.9195867774095218, 0.8204195094618983]
INFO:root:466, 0.6613333333068423, ['emboss', 0.7542300457904059, 'invert', 0.8980183331833971, 0.9403515703167428]
INFO:root:467, 0.5622222220897675, ['emboss', 0.9808468793018854, 'crop', 0.888670980737817, 0.8184014280601649]
INFO:root:468, 0.6535555556880104, ['emboss', 0.8068002590274439, 'gamma-contrast', 0.9804299721198285, 0.9259985485428778]
INFO:root:469, 0.5764444447888268, ['sharpen', 0.7527768894397534, 'rotate', 0.9708255946560103, 0.9407130148342855]
INFO:root:470, 0.549888888809416, ['fog', 0.9759699143924004, 'crop', 0.980332058551495, 0.9902079510246077]
INFO:root:471, 0.5695555554231009, ['emboss', 0.6714874498265436, 'fog', 0.9844347535452234, 0.6785693309259577]
INFO:root:472, 0.5979999998145633, ['dropout', 0.9208892249287621, 'crop', 0.9698221673386146, 0.7114752116800201]
INFO:root:473, 0.5485555556350286, ['gamma-contrast', 0.144498304998564, 'crop', 0.6527254501039944, 0.8188319654292112]
INFO:root:474, 0.6026666666401757, ['emboss', 0.7125091339810165, 'clouds', 0.9961599950571615, 0.9036834172811387]
INFO:root:475, 0.5625555557145012, ['emboss', 0.7835084769723609, 'crop', 0.992381557168246, 0.9524120432041816]
INFO:root:476, 0.5652222220367855, ['dropout', 0.053586345827978846, 'crop', 0.9809637871062442, 0.8874800499989857]
INFO:root:477, 0.5567777776188321, ['clouds', 0.9707854429975864, 'crop', 0.7401744968691438, 0.3909772166061982]
INFO:root:478, 0.5508888892597623, ['rotate', 0.546813427285455, 'clouds', 0.992458964595757, 0.9917864004543179]
INFO:root:479, 0.5640000000000001, ['clouds', 0.013591451031748972, 'gaussian-blur', 0.9933034003112665, 0.9382851728943625]
INFO:root:480, 0.5815555556482739, ['rotate', 0.6975410291056111, 'invert', 0.9783989948678457, 0.9155655264496659]
INFO:root:481, 0.5842222222487132, ['dropout', 0.27644074157018544, 'crop', 0.7428162682513274, 0.39941691437754034]
INFO:root:482, 0.569777777645323, ['brighten', 0.08686338706560205, 'rotate', 0.9923894605703484, 0.995344234543325]
INFO:root:483, 0.6565555554495917, ['coarse-dropout', 0.6950321822269862, 'coarse-dropout', 0.99461239478492, 0.9979602247885141]
INFO:root:484, 0.5921111112700568, ['brighten', 0.47157727872911814, 'clouds', 0.9754346433287711, 0.9890447383604472]
INFO:root:485, 0.6425555554760827, ['translate-y', 0.022708605325557633, 'dropout', 0.9911138782640514, 0.9943555046999915]
INFO:root:486, 0.5968888888094159, ['emboss', 0.651589193022273, 'sharpen', 0.9937429844213762, 0.9616796649612915]
INFO:root:487, 0.5990000001324547, ['shear', 0.8939721234920757, 'sharpen', 0.9970195164271567, 0.9893479256025662]
INFO:root:488, 0.580333333439297, ['fog', 0.9065993178051335, 'brighten', 0.9932804264353922, 0.9929237808196316]
INFO:root:489, 0.6229999999470182, ['rotate', 0.2629161202331823, 'gamma-contrast', 0.9913209412961274, 0.9932456138681209]
INFO:root:490, 0.5618888891008165, ['rotate', 0.9917673558156226, 'crop', 0.6987842466996009, 0.9907769851058629]
INFO:root:491, 0.5386666665077209, ['gamma-contrast', 0.14518302677362951, 'clouds', 0.7746419610984859, 0.7536370511072461]
INFO:root:492, 0.5706666666136848, ['dropout', 0.9837065625638147, 'fog', 0.1626312236761798, 0.136999911093471]
INFO:root:493, 0.572111111137602, ['fog', 0.7695864630093726, 'invert', 0.9925507143530359, 0.9901644549323648]
INFO:root:494, 0.5404444443914624, ['dropout', 0.06099018546077374, 'fog', 0.1309065643793084, 0.2870616106024854]
INFO:root:495, 0.5677777778572506, ['dropout', 0.04487427614848772, 'fog', 0.1068112035263398, 0.8781088688174252]
INFO:root:496, 0.5827777777777778, ['dropout', 0.8142244243357081, 'fog', 0.01214873097171965, 0.03225253098285475]
INFO:root:497, 0.5873333331743877, ['dropout', 0.5622716942970066, 'fog', 0.049193982319950105, 0.11528938031912164]
INFO:root:498, 0.5815555556615193, ['dropout', 0.2758577132484111, 'fog', 0.06978698987792288, 0.08967112255752809]
INFO:root:499, 0.5551111114025116, ['dropout', 0.48055880711442234, 'fog', 0.08438242315435952, 0.38157132722025144]
INFO:root:500, 0.5698888889153799, ['fog', 0.029157598795896418, 'fog', 0.1007285521049415, 0.4518771044335014]
