INFO:root:run_bayesianopt ran with args: (), and kwargs: {'dataset_name': 'cifar10', 'model_name': 'basiccnn', 'num_classes': 10, 'train_set_size': 4000, 'opt_iterations': 2000, 'opt_samples': 3, 'opt_initial_points': 20, 'child_epochs': 2, 'child_first_train_epochs': 0, 'child_batch_size': 64, 'opt_last_n_epochs': 5}
INFO:root:1, 0.6924999999801318, ['gamma-contrast', 0.8442657485810175, 'perspective-transform', 0.8472517387841256, 0.6235636967859725]
INFO:root:2, 0.7519999999801318, ['emboss', 0.29753460654447234, 'gaussian-blur', 0.27265629458011326, 0.47766511732135]
INFO:root:3, 0.7021666665871937, ['super-pixels', 0.47997717237505744, 'emboss', 0.8360787635373778, 0.33739616041726844]
INFO:root:4, 0.7761666666269302, ['brighten', 0.368241539840548, 'add-to-hue-and-saturation', 0.14035078041264518, 0.8700872583584366]
INFO:root:5, 0.7528333333333334, ['dropout', 0.8009107519796445, 'coarse-dropout', 0.6788795301189604, 0.7206326547259169]
INFO:root:6, 0.7711666667213043, ['gamma-contrast', 0.5373732294490108, 'clouds', 0.10590760718779216, 0.47360041934665753]
INFO:root:7, 0.7144999998807906, ['shear', 0.7369181771289582, 'translate-x', 0.13521817340545209, 0.32414100779321414]
INFO:root:8, 0.7399999999403954, ['rotate', 0.2223213882515877, 'emboss', 0.9025984755294049, 0.4499499899112277]
INFO:root:9, 0.7064999999403954, ['brighten', 0.9023485831739845, 'gaussian-blur', 0.969809067746749, 0.6531400357979378]
INFO:root:10, 0.7454999999602636, ['shear', 0.35815216696952507, 'clouds', 0.6078306687154679, 0.32504722900835253]
INFO:root:11, 0.8028333333631357, ['crop', 0.6342740579573352, 'add-to-hue-and-saturation', 0.652790317005491, 0.635058873603564]
INFO:root:12, 0.7389999998807908, ['add-to-hue-and-saturation', 0.5818503294385344, 'additive-gaussian-noise', 0.474697502288413, 0.6235101011318683]
INFO:root:13, 0.6779999999801318, ['sharpen', 0.6747523222590208, 'sharpen', 0.7783454820259093, 0.9495710534507423]
INFO:root:14, 0.763833333114783, ['invert', 0.013571635612109837, 'brighten', 0.6736596308357895, 0.971945002499666]
INFO:root:15, 0.8159999999801318, ['perspective-transform', 0.5096243767199002, 'gaussian-blur', 0.4511592145209282, 0.01998766540875874]
INFO:root:16, 0.7646666666070621, ['additive-gaussian-noise', 0.9795867288127287, 'emboss', 0.48089353083616293, 0.6886611828057705]
INFO:root:17, 0.7005000001390775, ['perspective-transform', 0.9182354663621449, 'translate-x', 0.5651888666048754, 0.8651025613053852]
INFO:root:18, 0.7886666667858759, ['coarse-dropout', 0.916722954019461, 'elastic-transform', 0.0831124926306024, 0.2777185612810325]
INFO:root:19, 0.7904999999304613, ['crop', 0.8423420796677312, 'brighten', 0.8413861191973546, 0.2647301642834497]
INFO:root:20, 0.7471666666020949, ['emboss', 0.5528214798875716, 'shear', 0.3698080927483401, 0.14644176272911227]
INFO:root:21, 0.7519999999006589, ['additive-gaussian-noise', 0.6838570439213013, 'additive-gaussian-noise', 0.8009889841570182, 0.6380602082072567]
INFO:root:22, 0.7291666667064032, ['additive-gaussian-noise', 0.9339765802427722, 'dropout', 0.7338692935086367, 0.8381317244070776]
INFO:root:23, 0.7431666666666668, ['gaussian-blur', 0.83150785122818, 'invert', 0.9977691145755879, 0.8832388023417458]
INFO:root:24, 0.7363333332935968, ['fog', 0.6587765660264208, 'super-pixels', 0.8180638008108251, 0.9724134474027731]
INFO:root:25, 0.6851666665673256, ['coarse-dropout', 0.6300388945774654, 'shear', 0.8356559306271545, 0.9348880363148303]
INFO:root:26, 0.7211666667064032, ['translate-x', 0.03498156949802834, 'additive-gaussian-noise', 0.8335921403311329, 0.997460819860922]
INFO:root:27, 0.7341666665275892, ['crop', 0.5565998178532737, 'emboss', 0.8395991418971505, 0.9240391083797946]
INFO:root:28, 0.7398333332339923, ['dropout', 0.702476662998468, 'crop', 0.7698330604113035, 0.9486378994785932]
INFO:root:29, 0.7384999999900659, ['invert', 0.616966204382428, 'fog', 0.8108659367992516, 0.9819870632345146]
INFO:root:30, 0.7493333331942558, ['add-to-hue-and-saturation', 0.9715128276100181, 'gaussian-blur', 0.8359921445121047, 0.3079266024542489]
INFO:root:31, 0.7836666665077209, ['perspective-transform', 0.8156967191964353, 'emboss', 0.7783884135174667, 0.9365567330288649]
INFO:root:32, 0.6748333332538605, ['gaussian-blur', 0.6770268695797647, 'gamma-contrast', 0.7860226703512138, 0.9367506603410288]
INFO:root:33, 0.8093333333134651, ['additive-gaussian-noise', 0.7264737202966547, 'add-to-hue-and-saturation', 0.8271574633353648, 0.9384397532720964]
