INFO:root:run_bayesianopt ran with args: (), and kwargs: {'dataset_name': 'cifar10', 'model_name': 'basiccnn', 'num_classes': 10, 'val_set_size': 1000, 'train_set_size': 2000, 'opt_iterations': 10000, 'opt_samples': 3, 'opt_initial_points': 10, 'child_epochs': 50, 'child_first_train_epochs': 0, 'child_batch_size': 64, 'opt_last_n_epochs': 5}
INFO:root:1, 0.4977777781221602, ['dropout', 0.8442657485810175, 'invert', 0.8472517387841256, 'dropout', 0.38438170729269994, 0.29753460654447234]
INFO:root:2, 0.5121111109786562, ['crop', 0.27265629458011326, 'emboss', 0.8121687287754934, 'emboss', 0.39278479610082984, 0.8360787635373778]
INFO:root:3, 0.5037777779367234, ['translate-y', 0.6481718720511973, 'translate-y', 0.9571551589530466, 'rotate', 0.8700872583584366, 0.4736080452737106]
INFO:root:4, 0.514999999920527, ['brighten', 0.5204774795512049, 'coarse-dropout', 0.7206326547259169, 'dropout', 0.5373732294490108, 0.7586156243223574]
INFO:root:5, 0.4974444443914625, ['gaussian-blur', 0.47360041934665753, 'rotate', 0.7369181771289582, 'shear', 0.13521817340545209, 0.32414100779321414]
INFO:root:6, 0.5115555560059017, ['rotate', 0.2223213882515877, 'sharpen', 0.9025984755294049, 'emboss', 0.6130634578841325, 0.9023485831739845]
INFO:root:7, 0.4902222224076589, ['gaussian-blur', 0.969809067746749, 'coarse-dropout', 0.17090958513604518, 'translate-y', 0.7506861412184564, 0.6078306687154679]
INFO:root:8, 0.5431111111376021, ['translate-y', 0.03842542647273473, 'coarse-dropout', 0.9589492686245206, 'coarse-dropout', 0.635058873603564, 0.9952995676778879]
INFO:root:9, 0.5158888889948527, ['dropout', 0.4143685882263689, 'emboss', 0.6235101011318683, 'translate-y', 0.6747523222590208, 0.31720174206929613]
INFO:root:10, 0.5145555555820465, ['brighten', 0.9495710534507423, 'coarse-dropout', 0.013571635612109837, 'dropout', 0.6736596308357895, 0.971945002499666]
INFO:root:11, 0.47788888925976225, ['clouds', 0.9776738004448945, 'coarse-dropout', 0.9073158975081922, 'rotate', 0.9604004789595418, 0.6456251004236954]
INFO:root:12, 0.5029999999735091, ['emboss', 0.8418599786463493, 'coarse-dropout', 0.9850063732868652, 'brighten', 0.9930755730474891, 0.9032544341996483]
INFO:root:13, 0.491, ['emboss', 0.3313155042856482, 'coarse-dropout', 0.9156945664233191, 'rotate', 0.8813791403012546, 0.695310019225801]
INFO:root:14, 0.48988888880941606, ['shear', 0.16250874242227334, 'coarse-dropout', 0.7394282838067773, 'rotate', 0.974083898473273, 0.48373489704327965]
INFO:root:15, 0.48611111132303886, ['translate-y', 0.17139685662017715, 'coarse-dropout', 0.6671228525894546, 'rotate', 0.8797805510564113, 0.8832418563773831]
INFO:root:16, 0.5078888889948527, ['dropout', 0.05224875921083018, 'rotate', 0.879550677903247, 'rotate', 0.94095810869678, 0.9328630841019881]
INFO:root:17, 0.4960000002384186, ['additive-gaussian-noise', 0.9970035529518654, 'coarse-dropout', 0.9036913710868897, 'rotate', 0.7110045353001835, 0.27592193052630093]
INFO:root:18, 0.4588888885709974, ['gamma-contrast', 0.9272888484202358, 'coarse-dropout', 0.5536195676798296, 'translate-x', 0.9777733668783014, 0.9709394679524208]
INFO:root:19, 0.49944444444444436, ['coarse-dropout', 0.9187812914600599, 'clouds', 0.5705829532703972, 'invert', 0.9848242032591877, 0.9459573906383569]
INFO:root:20, 0.4872222222222222, ['rotate', 0.9618610658086082, 'clouds', 0.10409626534705954, 'rotate', 0.9951584994447749, 0.9607894598610306]
INFO:root:21, 0.4911111113760206, ['sharpen', 0.9718831650754147, 'coarse-dropout', 0.19652394912898735, 'clouds', 0.7595441098380746, 0.8646910616167225]
INFO:root:22, 0.4824444445768993, ['crop', 0.9896986204723425, 'coarse-dropout', 0.24818721712087838, 'clouds', 0.7081731768699319, 0.6333414735141735]
INFO:root:23, 0.5292222222752041, ['gamma-contrast', 0.9324873654150578, 'gaussian-blur', 0.556869368372915, 'translate-y', 0.8760422526071924, 0.9663914727923396]
INFO:root:24, 0.4891111108462016, ['sharpen', 0.9508355294013188, 'emboss', 0.5594998051848811, 'rotate', 0.9682151327083166, 0.9970549286599388]
INFO:root:25, 0.45855555574099227, ['crop', 0.9993056900773079, 'translate-y', 0.06839841248181512, 'sharpen', 0.9460841422780553, 0.9963326386893078]
INFO:root:26, 0.4605555557409923, ['translate-y', 0.9416902278582868, 'rotate', 0.08893256624170444, 'translate-y', 0.9704782232876464, 0.9794714196357898]
INFO:root:27, 0.49966666693157613, ['dropout', 0.3905215184197537, 'shear', 0.449203277784162, 'brighten', 0.9556522301336189, 0.9785682723479904]
INFO:root:28, 0.4553333334657882, ['gaussian-blur', 0.9799513588900924, 'crop', 0.3787248089518416, 'brighten', 0.9160907254372803, 0.9798576880805231]
INFO:root:29, 0.4615555561118656, ['invert', 0.9842935384071438, 'translate-y', 0.37439828242871115, 'shear', 0.7934428566825805, 0.9804389524829358]
INFO:root:30, 0.49055555558204655, ['invert', 0.9758411416925538, 'dropout', 0.3019095527213958, 'sharpen', 0.8168053796505498, 0.984423277141396]
INFO:root:31, 0.4694444448153178, ['coarse-dropout', 0.989726511056462, 'fog', 0.9636234069762023, 'brighten', 0.7237075058858633, 0.9996732286372944]
INFO:root:32, 0.49222222235467694, ['clouds', 0.9308300453978035, 'sharpen', 0.33818356643186737, 'emboss', 0.878410129579904, 0.9819018435686516]
INFO:root:33, 0.4530000007417466, ['crop', 0.9780323511895523, 'fog', 0.6029360817444375, 'sharpen', 0.9016307698000442, 0.9818311036199581]
INFO:root:34, 0.4707777780691783, ['emboss', 0.9860906686009828, 'clouds', 0.5825900435776472, 'sharpen', 0.5132936120731657, 0.9806669138181168]
INFO:root:35, 0.523888888862398, ['additive-gaussian-noise', 0.991310728278022, 'coarse-dropout', 0.5968172131288572, 'sharpen', 0.6334497314910474, 0.9981378989164794]
INFO:root:36, 0.4628888891802895, ['shear', 0.9836387583957373, 'gamma-contrast', 0.6819042324494108, 'brighten', 0.852264003839939, 0.9695191238512398]
INFO:root:37, 0.4891111115084755, ['gamma-contrast', 0.9968626146781635, 'sharpen', 0.5512767521764158, 'rotate', 0.05344596700079453, 0.9716851279130666]
INFO:root:38, 0.473444444709354, ['translate-x', 0.9978001618646503, 'coarse-dropout', 0.9763582365270211, 'crop', 0.9980561967512818, 0.9878145779234551]
INFO:root:39, 0.4673333335982428, ['translate-y', 0.9854827309840979, 'translate-x', 0.7418690250957399, 'shear', 0.9270040732480352, 0.9663233647094107]
INFO:root:40, 0.4617777776718138, ['crop', 0.9811703845427193, 'clouds', 0.7922354754740165, 'shear', 0.5741647160458435, 0.9732280266877664]
INFO:root:41, 0.48333333330684247, ['translate-x', 0.9589704017058203, 'shear', 0.6569350405815664, 'invert', 0.9507261944395008, 0.977937228574995]
INFO:root:42, 0.48644444510671825, ['dropout', 0.9830746772656724, 'gamma-contrast', 0.6368416186377982, 'brighten', 0.3987515368121769, 0.9842328887066079]
INFO:root:43, 0.5165555558204651, ['coarse-dropout', 0.9803681967384738, 'additive-gaussian-noise', 0.4273974133761088, 'crop', 0.6375408676754166, 0.9884131987144714]
INFO:root:44, 0.5423333334128062, ['dropout', 0.9796549328324524, 'dropout', 0.7778712023800053, 'additive-gaussian-noise', 0.919121096880363, 0.991734367933028]
INFO:root:45, 0.4431111109786562, ['fog', 0.9775754343772878, 'translate-x', 0.5442138067682869, 'crop', 0.7522401232622785, 0.9749243457267045]
INFO:root:46, 0.49522222224871315, ['coarse-dropout', 0.9868776660934525, 'invert', 0.2766944799234898, 'emboss', 0.9478056841754365, 0.990815291205383]
INFO:root:47, 0.47611111132303874, ['coarse-dropout', 0.9844875568971947, 'translate-y', 0.09816598105218935, 'translate-x', 0.9227101899826514, 0.9970093196711858]
INFO:root:48, 0.5087777779367235, ['sharpen', 0.9817710744016415, 'dropout', 0.4533085346351112, 'coarse-dropout', 0.8317980806849081, 0.9946416350828706]
INFO:root:49, 0.44477777783075967, ['crop', 0.9748290587037517, 'translate-y', 0.8178041656888646, 'gaussian-blur', 0.9242225077789992, 0.9687754095174356]
INFO:root:50, 0.5370000002914004, ['gamma-contrast', 0.9683223324434472, 'crop', 0.6065965359195905, 'translate-y', 0.8450825893744978, 0.9712571978473417]
INFO:root:51, 0.4996666668785942, ['dropout', 0.9787199055228241, 'brighten', 0.6882629638660188, 'invert', 0.7533318375476622, 0.3199744834261013]
INFO:root:52, 0.44466666701104895, ['coarse-dropout', 0.9734305879752483, 'fog', 0.18569162939789988, 'gamma-contrast', 0.16312684044382467, 0.975767335061492]
INFO:root:53, 0.4964444444709354, ['rotate', 0.9714837357338666, 'brighten', 0.15201547045878175, 'additive-gaussian-noise', 0.6070713453137093, 0.9748437658442654]
INFO:root:54, 0.5498888888623978, ['gamma-contrast', 0.973693262315906, 'rotate', 0.7603515971473382, 'crop', 0.1258779780659193, 0.9522348647189086]
INFO:root:55, 0.48344444455040836, ['coarse-dropout', 0.9768464221429687, 'fog', 0.5819737512207983, 'sharpen', 0.02806703913025977, 0.9627047163834676]
INFO:root:56, 0.47144444457689927, ['translate-x', 0.9803438913449316, 'clouds', 0.4430147050784512, 'coarse-dropout', 0.41410293739882986, 0.9768650864044417]
INFO:root:57, 0.4982222224341498, ['rotate', 0.976887319985071, 'additive-gaussian-noise', 0.9300669897060294, 'sharpen', 0.9422819574958132, 0.9618656130505391]
INFO:root:58, 0.4855555560853747, ['coarse-dropout', 0.9738346244627116, 'clouds', 0.14955768714823695, 'gaussian-blur', 0.483993155262765, 0.9723400643057221]
INFO:root:59, 0.453555555873447, ['gamma-contrast', 0.9784440558539949, 'gaussian-blur', 0.6300081470554493, 'gamma-contrast', 0.7812401026318647, 0.9719075676097316]
INFO:root:60, 0.4677777777512868, ['gaussian-blur', 0.9738682175924465, 'emboss', 0.6772677697594476, 'clouds', 0.4243687036109909, 0.9768667664846563]
INFO:root:61, 0.45844444455040834, ['translate-y', 0.9960228646294911, 'gamma-contrast', 0.7813463484655758, 'dropout', 0.8331837529095162, 0.9739878417047722]
INFO:root:62, 0.4525555559264288, ['gamma-contrast', 0.9786675469748752, 'crop', 0.555395341925914, 'clouds', 0.7207146680531115, 0.9780907614230392]
INFO:root:63, 0.4937777780426873, ['clouds', 0.9794048360968689, 'invert', 0.09729358373909028, 'gamma-contrast', 0.6386318759636652, 0.9783781388324265]
INFO:root:64, 0.4745555557409923, ['clouds', 0.979221093756398, 'rotate', 0.4576282230018849, 'dropout', 0.815980636107506, 0.9688775629997618]
INFO:root:65, 0.49544444441795354, ['coarse-dropout', 0.972663861372904, 'clouds', 0.8263283450357081, 'additive-gaussian-noise', 0.027202096437163432, 0.9689136483290944]
INFO:root:66, 0.45499999997350893, ['brighten', 0.9773583916994134, 'fog', 0.7084428517596036, 'translate-y', 0.839215828017831, 0.9841514715605725]
INFO:root:67, 0.48344444478882675, ['sharpen', 0.9787367987551541, 'gamma-contrast', 0.8368292059391315, 'clouds', 0.7600487574391012, 0.9646530251849534]
INFO:root:68, 0.4802222226725684, ['gamma-contrast', 0.9731593389713988, 'additive-gaussian-noise', 0.5023129967112686, 'sharpen', 0.9679719502811668, 0.9764665760965024]
INFO:root:69, 0.4918888893127442, ['clouds', 0.9784098567239716, 'dropout', 0.499465798303809, 'additive-gaussian-noise', 0.8563071293388265, 0.21351568761051481]
INFO:root:70, 0.4547777781751421, ['translate-y', 0.9734961491802662, 'dropout', 0.07477715256727958, 'translate-y', 0.4701954084103396, 0.9746932984763186]
INFO:root:71, 0.46355555550257366, ['fog', 0.9810653857638154, 'rotate', 0.6067230507370744, 'clouds', 0.6740172701850516, 0.987459739680064]
INFO:root:72, 0.5012222224871317, ['brighten', 0.975234079026706, 'gamma-contrast', 0.5251490956281682, 'emboss', 0.6024597874291389, 0.9769984236914652]
INFO:root:73, 0.4531111110846201, ['gamma-contrast', 0.9781793095062087, 'clouds', 0.6191000341306055, 'emboss', 0.2572574851095973, 0.9814496317246881]
INFO:root:74, 0.4752222225401136, ['translate-y', 0.9907888355642215, 'rotate', 0.7155220225384257, 'translate-x', 0.9138330565496562, 0.98820265324792]
INFO:root:75, 0.4994444443649716, ['sharpen', 0.9784733497032232, 'invert', 0.9878401722565169, 'gamma-contrast', 0.6205084015258842, 0.974196046778792]
INFO:root:76, 0.45977777788374163, ['crop', 0.9732879513590122, 'gaussian-blur', 0.6165480414292364, 'gaussian-blur', 0.8389672945080874, 0.9726831676309883]
INFO:root:77, 0.4614444448682997, ['rotate', 0.9468217306744121, 'crop', 0.6990992341225638, 'fog', 0.7567378363515552, 0.9757180733249079]
INFO:root:78, 0.4762222225136227, ['fog', 0.9783937784366805, 'additive-gaussian-noise', 0.6654026901487723, 'gaussian-blur', 0.9071458391880522, 0.999695285937263]
INFO:root:79, 0.4767777777247959, ['clouds', 0.9765712044127989, 'emboss', 0.7192816411068275, 'clouds', 0.7221889809044908, 0.9658660096304287]
INFO:root:80, 0.4538888890213436, ['gamma-contrast', 0.949757561972155, 'clouds', 0.5634907518741329, 'crop', 0.7834654719717098, 0.9870476533003916]
INFO:root:81, 0.47933333396911626, ['crop', 0.9766773871303387, 'additive-gaussian-noise', 0.970752464274143, 'crop', 0.2985456565524804, 0.9764195909966886]
INFO:root:82, 0.4890000002119277, ['shear', 0.9486459106188221, 'coarse-dropout', 0.594416265914989, 'rotate', 0.7871640441012898, 0.9705815154622491]
INFO:root:83, 0.5147777775128684, ['dropout', 0.9458491598563796, 'gamma-contrast', 0.6258100234831387, 'additive-gaussian-noise', 0.24881476720803825, 0.981745200641151]
INFO:root:84, 0.46866666650772093, ['additive-gaussian-noise', 0.9600614738169432, 'fog', 0.6796349520591805, 'translate-x', 0.7248029593918216, 0.9821541365107719]
INFO:root:85, 0.46811111121707494, ['invert', 0.9685019056687995, 'rotate', 0.11119215320000433, 'translate-y', 0.7144017149562563, 0.9797139365579114]
INFO:root:86, 0.4863333334657881, ['additive-gaussian-noise', 0.9770710308291185, 'translate-y', 0.7742678278206986, 'coarse-dropout', 0.9763396219397134, 0.9725393415422473]
INFO:root:87, 0.4676666667196486, ['shear', 0.9963007738048589, 'fog', 0.7583082073922817, 'translate-y', 0.1572999027579848, 0.9749387935774697]
INFO:root:88, 0.4792222225401138, ['invert', 0.9003396588682754, 'clouds', 0.05724345502611118, 'gamma-contrast', 0.7306257297932404, 0.9777280323205553]
INFO:root:89, 0.4552222223546769, ['coarse-dropout', 0.9449890778435154, 'translate-y', 0.9127187279534132, 'translate-x', 0.7511031304596582, 0.9747310942275018]
INFO:root:90, 0.48300000021192757, ['sharpen', 0.2921751619077791, 'translate-y', 0.6142101899524511, 'crop', 0.7574929939422703, 0.9783248993683219]
INFO:root:91, 0.45011111148198446, ['crop', 0.9633573245840868, 'crop', 0.47674730359097695, 'brighten', 0.12349193014755103, 0.9756510218238585]
INFO:root:92, 0.4995555555290646, ['dropout', 0.9791027375602058, 'emboss', 0.6121727262620221, 'dropout', 0.09698092071768219, 0.9816782432509794]
INFO:root:93, 0.4572222221957313, ['emboss', 0.9681259689510473, 'fog', 0.0021056019855586476, 'coarse-dropout', 0.7404092109140067, 0.9730242877837139]
INFO:root:94, 0.45844444470935397, ['gamma-contrast', 0.969399566101267, 'additive-gaussian-noise', 0.4335998434986489, 'fog', 0.162068723295575, 0.9751991730821437]
INFO:root:95, 0.5074444446298811, ['coarse-dropout', 0.9687643618426408, 'dropout', 0.0448603829211417, 'emboss', 0.11115084994490113, 0.9748161386812987]
INFO:root:96, 0.46700000042385525, ['gamma-contrast', 0.9662592072937722, 'fog', 0.20515580305865538, 'additive-gaussian-noise', 0.643429913795386, 0.9748501810941951]
INFO:root:97, 0.48488888891537985, ['shear', 0.091233119118739, 'fog', 0.13669257987703146, 'additive-gaussian-noise', 0.15169389849768036, 0.9758571194020558]
INFO:root:98, 0.4824444443649716, ['translate-x', 0.9575711626337294, 'clouds', 0.12746473310109277, 'additive-gaussian-noise', 0.13115728447297606, 0.9750453049724389]
INFO:root:99, 0.4842222220897674, ['crop', 0.9644119978550364, 'translate-y', 0.15521506828274603, 'emboss', 0.8339776613699351, 0.9906969046555247]
INFO:root:100, 0.48044444465637204, ['coarse-dropout', 0.9514345662371837, 'translate-x', 0.767359764558945, 'sharpen', 0.9086427607470757, 0.9744256493271721]
INFO:root:101, 0.46344444468286294, ['crop', 0.9573823667180807, 'rotate', 0.8407033299830882, 'rotate', 0.2970717228099327, 0.9988720363862571]
INFO:root:102, 0.45988888907432546, ['shear', 0.9740696089177799, 'translate-y', 0.9853437399867259, 'crop', 0.863716472908719, 0.9705227397977356]
INFO:root:103, 0.4734444444974263, ['crop', 0.9940757057708266, 'translate-y', 0.7497723722565667, 'dropout', 0.894158098592339, 0.9940334573092321]
INFO:root:104, 0.49822222222222223, ['translate-y', 0.768384539696388, 'shear', 0.6737442508163631, 'rotate', 0.7450601014635511, 0.9734093985650103]
INFO:root:105, 0.4956666666931576, ['invert', 0.978824683347351, 'dropout', 0.18832890092446491, 'translate-y', 0.1787724557902486, 0.9778743453528763]
INFO:root:106, 0.45355555592642893, ['crop', 0.9665477916636657, 'rotate', 0.87121056993749, 'fog', 0.11694592780487736, 0.9984878137202338]
INFO:root:107, 0.47588888872994317, ['gaussian-blur', 0.9685758053006546, 'coarse-dropout', 0.6755343604393256, 'translate-y', 0.22494825754048003, 0.9745055898455742]
INFO:root:108, 0.4747777779367235, ['rotate', 0.9658796299894736, 'fog', 0.6422237936307637, 'rotate', 0.7406128170855646, 0.9897177110597113]
INFO:root:109, 0.45122222251362276, ['clouds', 0.956326017121046, 'fog', 0.6032398121192738, 'fog', 0.2676182196784596, 0.9952712609396248]
INFO:root:110, 0.45055555571450123, ['crop', 0.9737924344424577, 'fog', 0.5268973675700543, 'fog', 0.012300924563971364, 0.967151659870728]
INFO:root:111, 0.4890000003708733, ['clouds', 0.9679096102541397, 'clouds', 0.8616193879753402, 'dropout', 0.9266175758369923, 0.9690710741572358]
INFO:root:112, 0.4660000000000001, ['crop', 0.9791394796715596, 'dropout', 0.7711044509116882, 'shear', 0.39542230073822304, 0.974467741360348]
INFO:root:113, 0.44855555539660974, ['invert', 0.9624617092856784, 'fog', 0.40203587022600396, 'brighten', 0.15895143352736144, 0.9708422281180996]
INFO:root:114, 0.4717777779632145, ['rotate', 0.8974810635553776, 'fog', 0.5908605685710469, 'gamma-contrast', 0.346267675256218, 0.9865482047489508]
INFO:root:115, 0.4616666667196485, ['crop', 0.9728517192621204, 'gaussian-blur', 0.978202430938364, 'brighten', 0.1093404664349458, 0.9912595025765686]
INFO:root:116, 0.4661111114290025, ['emboss', 0.9925137213256134, 'fog', 0.07527195949984568, 'emboss', 0.05455841495593196, 0.9987236725122813]
INFO:root:117, 0.4662222224606408, ['crop', 0.939088758656374, 'gaussian-blur', 0.7833172318584826, 'translate-y', 0.8043217688124514, 0.9698230929142835]
INFO:root:118, 0.49333333349227904, ['shear', 0.9645539111796824, 'rotate', 0.6052698658083339, 'crop', 0.4629570533601576, 0.994593241543228]
INFO:root:119, 0.46611111158794827, ['shear', 0.9710051089030135, 'fog', 0.2693161479471798, 'translate-y', 0.888577603411944, 0.9821730966127123]
INFO:root:120, 0.4535555557939741, ['crop', 0.9364007342008248, 'translate-y', 0.6030205097686662, 'invert', 0.13706391911680962, 0.9755784727508263]
INFO:root:121, 0.49011111097865634, ['crop', 0.9307669534163049, 'sharpen', 0.8842367754583423, 'shear', 0.11487013792655756, 0.9889396620456072]
INFO:root:122, 0.4796666665871938, ['crop', 0.15334895049704392, 'fog', 0.40144643417208214, 'additive-gaussian-noise', 0.22082957505483808, 0.9754641499690105]
INFO:root:123, 0.46744444468286306, ['crop', 0.9677975911177679, 'crop', 0.6263267414210195, 'gaussian-blur', 0.015072545769993732, 0.9628646014936072]
INFO:root:124, 0.47611111145549356, ['coarse-dropout', 0.949698525292395, 'translate-y', 0.38971729574141944, 'emboss', 0.29185327744007544, 0.9755583535913788]
INFO:root:125, 0.45655555560853744, ['invert', 0.9717266887624129, 'fog', 0.06222060468884151, 'additive-gaussian-noise', 0.1618922780406953, 0.9667954036332158]
INFO:root:126, 0.5731111112965477, ['gamma-contrast', 0.9871358620414471, 'crop', 0.6101771027189685, 'shear', 0.7925857426931139, 0.9974826731692414]
INFO:root:127, 0.45466666698455815, ['crop', 0.9375135212399108, 'crop', 0.9943160278627373, 'rotate', 0.06580368084822565, 0.975938048403004]
INFO:root:128, 0.47266666687859427, ['shear', 0.9440283159398646, 'clouds', 0.5896919819775626, 'fog', 0.03659731427273428, 0.9975357830199337]
INFO:root:129, 0.4653333332803514, ['clouds', 0.9899187299784151, 'crop', 0.6040717527007122, 'gaussian-blur', 0.8609931542299468, 0.9774745848073546]
INFO:root:130, 0.4691111110581292, ['invert', 0.9900011959943148, 'fog', 0.026259410809889368, 'coarse-dropout', 0.3385687403780682, 0.9981737172255482]
INFO:root:131, 0.5351111111111111, ['gamma-contrast', 0.9698179184202648, 'crop', 0.6836805898307531, 'gaussian-blur', 0.5203026414353015, 0.9964534390310454]
INFO:root:132, 0.4906666669845581, ['fog', 0.963870541855545, 'gaussian-blur', 0.6925472013359733, 'sharpen', 0.11544528927295686, 0.9958746909578693]
INFO:root:133, 0.46700000007947284, ['fog', 0.9613054049132412, 'fog', 0.16334822940978302, 'shear', 0.3792644437240409, 0.8183536983252532]
INFO:root:134, 0.47433333349227913, ['gamma-contrast', 0.9616058578230634, 'fog', 0.7384927322897412, 'sharpen', 0.2405865476567795, 0.7668389383967427]
INFO:root:135, 0.4576666670640309, ['fog', 0.9874007451875465, 'crop', 0.575567357088333, 'crop', 0.65907647623471, 0.9708154334861484]
INFO:root:136, 0.46766666648123, ['invert', 0.9497369067581118, 'fog', 0.37422823073148376, 'crop', 0.6180947315053998, 0.996727443054886]
INFO:root:137, 0.45800000018543663, ['gamma-contrast', 0.9986514174314407, 'crop', 0.014619146753926952, 'clouds', 0.3006511485487305, 0.9789597877221335]
INFO:root:138, 0.46477777798970543, ['crop', 0.938445181098525, 'clouds', 0.9093526919025428, 'dropout', 0.20662732027529768, 0.9291486977180562]
INFO:root:139, 0.4644444443914626, ['gamma-contrast', 0.9500981247543737, 'brighten', 0.7264428130275982, 'invert', 0.18192910201367787, 0.9819165247423344]
INFO:root:140, 0.4868888888623979, ['rotate', 0.9649428470503711, 'invert', 0.9071804883470895, 'coarse-dropout', 0.6966116351466514, 0.9979186583796101]
INFO:root:141, 0.4848888890743256, ['gaussian-blur', 0.9832433247441635, 'translate-x', 0.7706994345469584, 'coarse-dropout', 0.3577242997158144, 0.9970822475553237]
INFO:root:142, 0.5635555554495917, ['gamma-contrast', 0.9806151378928669, 'gaussian-blur', 0.6184474138246882, 'translate-y', 0.2531759040301849, 0.9932834601606385]
INFO:root:143, 0.44688888928625303, ['gamma-contrast', 0.9664852476126147, 'crop', 0.9902531416255635, 'fog', 0.07882195506134783, 0.9671700283445461]
INFO:root:144, 0.47400000010596377, ['gamma-contrast', 0.974194795305544, 'clouds', 0.1694999388715436, 'additive-gaussian-noise', 0.24414425362613962, 0.9902130725278022]
INFO:root:145, 0.47066666709052196, ['crop', 0.9397476864595526, 'clouds', 0.5604848259030656, 'shear', 0.16023600032119137, 0.9495513949647171]
INFO:root:146, 0.45777777788374163, ['gamma-contrast', 0.9447722403775741, 'emboss', 0.18246743143852842, 'crop', 0.9260915398625551, 0.9986272498591862]
INFO:root:147, 0.5683333334657881, ['gamma-contrast', 0.9788450313056546, 'translate-x', 0.9379454501610647, 'rotate', 0.12199272345439663, 0.9670830897201664]
INFO:root:148, 0.5703333333863152, ['gamma-contrast', 0.9860391403460453, 'gaussian-blur', 0.18231092355099202, 'translate-y', 0.9709980660343469, 0.9694537857741347]
INFO:root:149, 0.464777778175142, ['gamma-contrast', 0.9774124559778913, 'fog', 0.4153485731344726, 'shear', 0.7083062070308068, 0.3386248588095579]
INFO:root:150, 0.4595555560059018, ['gamma-contrast', 0.969944922332711, 'fog', 0.14695146580442567, 'translate-y', 0.007255965323715198, 0.6405569724913442]
INFO:root:151, 0.4677777779367235, ['crop', 0.9369950944203753, 'gaussian-blur', 0.7546482903327265, 'coarse-dropout', 0.03733577902568042, 0.7672546719724974]
INFO:root:152, 0.4643333333863152, ['gamma-contrast', 0.9980254171754459, 'fog', 0.255512488458754, 'brighten', 0.7363317935432595, 0.22605168427707983]
INFO:root:153, 0.49633333351876996, ['gamma-contrast', 0.9369534962186564, 'clouds', 0.7935823628597279, 'fog', 0.36800193450946533, 0.03421608247455344]
INFO:root:154, 0.46577777788374164, ['gamma-contrast', 0.9640341899871812, 'emboss', 0.41528140866080687, 'fog', 0.07243580566719089, 0.5296901420326785]
INFO:root:155, 0.4645555556615194, ['gamma-contrast', 0.999766069212378, 'fog', 0.8585666333022072, 'coarse-dropout', 0.745381956496465, 0.9689923186077773]
INFO:root:156, 0.4885555555290646, ['gamma-contrast', 0.9618229452880058, 'sharpen', 0.4783114535870503, 'fog', 0.03854802066396957, 0.804385147014977]
INFO:root:157, 0.47288888936572604, ['gamma-contrast', 0.9839023574278543, 'crop', 0.3011379254252881, 'dropout', 0.014421514641516534, 0.08735096182540393]
INFO:root:158, 0.462888888862398, ['gamma-contrast', 0.9932478257114064, 'fog', 0.11580343012235186, 'translate-y', 0.8473806724093773, 0.6644971836859538]
INFO:root:159, 0.5328888892862531, ['gamma-contrast', 0.9455174620901851, 'crop', 0.4715732996209667, 'gaussian-blur', 0.2730424124665774, 0.9690972027580024]
INFO:root:160, 0.47877777788374154, ['gamma-contrast', 0.9840060743909155, 'sharpen', 0.9414595939916134, 'fog', 0.89118448489565, 0.6790385672578998]
INFO:root:161, 0.4994444447093539, ['gamma-contrast', 0.9850974508529419, 'emboss', 0.08181538474363394, 'additive-gaussian-noise', 0.08769990603703416, 0.9993621158726121]
INFO:root:162, 0.46611111121707494, ['gamma-contrast', 0.9616022036926206, 'gaussian-blur', 0.9300549938949643, 'fog', 0.17928496318751433, 0.9237366016736817]
INFO:root:163, 0.47477777788374165, ['crop', 0.987269046711675, 'rotate', 0.9723797386260337, 'sharpen', 0.9884118203679114, 0.3695633526420575]
INFO:root:164, 0.5824444444709354, ['gamma-contrast', 0.9808654847823995, 'shear', 0.9341073088636956, 'shear', 0.9434161269836243, 0.9822687921669717]
INFO:root:165, 0.5615555555290646, ['gamma-contrast', 0.965439581348835, 'crop', 0.8338880458147697, 'shear', 0.9139960583268167, 0.3668165421533705]
INFO:root:166, 0.5013333335982428, ['sharpen', 0.9958951544276993, 'emboss', 0.3484359550680655, 'shear', 0.7540978605448125, 0.7967805950856757]
INFO:root:167, 0.4516666667991215, ['gamma-contrast', 0.9837410333676642, 'coarse-dropout', 0.855637167523414, 'shear', 0.6400908777399227, 0.9797384515502305]
INFO:root:168, 0.47588888894187076, ['gamma-contrast', 0.9939599756042111, 'dropout', 0.6751902861322412, 'invert', 0.11277860615116012, 0.9847620835498325]
INFO:root:169, 0.4467777780956692, ['gamma-contrast', 0.9871163418326484, 'gaussian-blur', 0.5431107779409304, 'clouds', 0.33427896849058897, 0.9722914651881913]
INFO:root:170, 0.5677777777512869, ['gamma-contrast', 0.9695140233203399, 'crop', 0.6361597621699506, 'translate-x', 0.5148764589991867, 0.9665051445780881]
INFO:root:171, 0.479111111190584, ['gamma-contrast', 0.9868856265055358, 'additive-gaussian-noise', 0.14573692734764823, 'shear', 0.8501949633835849, 0.5449049409522523]
INFO:root:172, 0.5688888891273074, ['gamma-contrast', 0.9912157851222867, 'gaussian-blur', 0.7836991593596798, 'translate-x', 0.5822133788265927, 0.9805464098272559]
INFO:root:173, 0.46500000031789135, ['gamma-contrast', 0.9904288907491561, 'fog', 0.09393357326271082, 'translate-x', 0.9333143059858261, 0.4494547573176635]
INFO:root:174, 0.48544444457689917, ['crop', 0.9387501782763034, 'shear', 0.963665162325731, 'shear', 0.10311707900907521, 0.45509813206527816]
INFO:root:175, 0.5484444445239174, ['gamma-contrast', 0.9903929893799679, 'gaussian-blur', 0.2857719941835734, 'translate-y', 0.09220360627147763, 0.7096262581842364]
INFO:root:176, 0.47222222251362267, ['gamma-contrast', 0.9368193998799779, 'emboss', 0.7291946717093623, 'coarse-dropout', 0.1112262696666422, 0.9773218464721355]
INFO:root:177, 0.5126666669845581, ['gamma-contrast', 0.9049735821258115, 'gaussian-blur', 0.8061270010518137, 'translate-y', 0.03279733997235013, 0.9874581292824977]
INFO:root:178, 0.46833333351876993, ['gamma-contrast', 0.9889905739619994, 'gaussian-blur', 0.42687078672819445, 'dropout', 0.7896167166909793, 0.8871821691207122]
INFO:root:179, 0.4765555556350284, ['gamma-contrast', 0.9703127789524674, 'gaussian-blur', 0.9849359678164218, 'emboss', 0.9260979820920536, 0.9780488234203147]
INFO:root:180, 0.45477777804268726, ['gamma-contrast', 0.9814510161876384, 'gamma-contrast', 0.8375410187273582, 'translate-x', 0.5729479678846142, 0.9834601808003085]
INFO:root:181, 0.4800000001059639, ['gamma-contrast', 0.9830257112071997, 'additive-gaussian-noise', 0.8979639514167966, 'coarse-dropout', 0.24353423376610167, 0.972363461093433]
INFO:root:182, 0.5303333335187701, ['gamma-contrast', 0.9799275594751025, 'gaussian-blur', 0.32156485553798925, 'crop', 0.8474585015315141, 0.9731081626133764]
INFO:root:183, 0.4741111113230386, ['gamma-contrast', 0.9801632874104927, 'fog', 0.25254758995435395, 'translate-y', 0.4764449140643924, 0.4771648548746038]
INFO:root:184, 0.4677777781751421, ['crop', 0.9903521852709322, 'gaussian-blur', 0.20654829571553673, 'translate-x', 0.20661895696743554, 0.9367841664051969]
INFO:root:185, 0.4823333332273695, ['gamma-contrast', 0.9802558253960688, 'crop', 0.21388422421116554, 'additive-gaussian-noise', 0.8814321604004056, 0.9848891264304518]
INFO:root:186, 0.4785555555290646, ['gamma-contrast', 0.9812645667866339, 'sharpen', 0.6191398961045592, 'clouds', 0.5979745872282071, 0.9296304773599987]
INFO:root:187, 0.48877777777777764, ['gamma-contrast', 0.9879739167054112, 'gaussian-blur', 0.6043921963092742, 'clouds', 0.8076793794674162, 0.18847603220952752]
INFO:root:188, 0.47144444444444444, ['gamma-contrast', 0.9797073833459344, 'translate-x', 0.8363822851247852, 'invert', 0.9782504703917673, 0.96905140770491]
INFO:root:189, 0.5961111111905839, ['gamma-contrast', 0.9732443943602292, 'translate-x', 0.9645263876245076, 'shear', 0.7137155970896789, 0.9655627020134238]
INFO:root:190, 0.4872222224076589, ['invert', 0.991919818470197, 'translate-x', 0.7156169471326922, 'additive-gaussian-noise', 0.7864932548761083, 0.976416651972923]
INFO:root:191, 0.4805555555555555, ['gamma-contrast', 0.9352390702033921, 'translate-x', 0.6322587505952012, 'invert', 0.11075035675343717, 0.9846168939877625]
INFO:root:192, 0.5305555555555554, ['gamma-contrast', 0.06537608168635502, 'fog', 0.9831139579167045, 'shear', 0.7996726845917113, 0.056687990802208224]
INFO:root:193, 0.4937777780691782, ['gamma-contrast', 0.7980666865940705, 'fog', 0.31432106006581767, 'shear', 0.8845687434772089, 0.12822383299795295]
INFO:root:194, 0.48222222259309555, ['gamma-contrast', 0.9767253938027156, 'clouds', 0.9765178489378368, 'shear', 0.052272647974596534, 0.9853501875822623]
INFO:root:195, 0.47400000031789136, ['crop', 0.9747858305892492, 'translate-x', 0.6166566851306284, 'invert', 0.15207140505779496, 0.8395462781197259]
INFO:root:196, 0.4922222226195866, ['crop', 0.9983762696321388, 'clouds', 0.8892400783490241, 'shear', 0.9137075681162232, 0.7715690560523845]
INFO:root:197, 0.47544444476233594, ['gamma-contrast', 0.9809299152355516, 'fog', 0.8565497409813206, 'shear', 0.1360791327157044, 0.6698843361895201]
INFO:root:198, 0.48000000029140055, ['crop', 0.9493288380736246, 'shear', 0.8539074130242925, 'dropout', 0.5813809510010297, 0.9816719166618963]
INFO:root:199, 0.5543333333598244, ['gamma-contrast', 0.9569035453785399, 'crop', 0.5433136964885671, 'rotate', 0.3138356848547143, 0.9705875530476534]
INFO:root:200, 0.6118888886239793, ['invert', 0.9846856259064357, 'gamma-contrast', 0.9363813674636108, 'shear', 0.7225704060551961, 0.9901740538036241]
INFO:root:201, 0.4878888892067802, ['fog', 0.9934319061325948, 'fog', 0.9584985619874824, 'shear', 0.9703107108465412, 0.7443032720912325]
INFO:root:202, 0.474111111243566, ['crop', 0.9599944024582154, 'dropout', 0.9325808463416342, 'crop', 0.058316355073826834, 0.8792433185273573]
INFO:root:203, 0.47311111089918356, ['shear', 0.9828587473596245, 'gamma-contrast', 0.6076258619764415, 'shear', 0.67169095056355, 0.9817687172743782]
INFO:root:204, 0.4652222225666045, ['emboss', 0.9994608519457672, 'crop', 0.9451494731255814, 'fog', 0.9758382361071044, 0.9465244912501554]
INFO:root:205, 0.4791111113760208, ['gamma-contrast', 0.9746876176571787, 'rotate', 0.9440301981906606, 'fog', 0.23810705230713652, 0.6034556333049833]
INFO:root:206, 0.45777777801619635, ['gamma-contrast', 0.9893230548662062, 'crop', 0.7683525906966935, 'clouds', 0.7174555075672255, 0.9783453470559876]
INFO:root:207, 0.4608888888888889, ['crop', 0.9873069789760904, 'gaussian-blur', 0.4035505775731574, 'fog', 0.8997090978521192, 0.9682641553023473]
INFO:root:208, 0.4705555555025738, ['gamma-contrast', 0.9466509313320642, 'invert', 0.3081937853097057, 'shear', 0.5219095121310345, 0.9834434751578012]
INFO:root:209, 0.4983333337042066, ['gamma-contrast', 0.8271900060251606, 'dropout', 0.514626505502378, 'shear', 0.9996429363155831, 0.9881434745159628]
INFO:root:210, 0.4862222226195865, ['gaussian-blur', 0.9846112348308403, 'brighten', 0.9940885458441232, 'shear', 0.6782385741946414, 0.9925191521714646]
INFO:root:211, 0.49444444465637216, ['brighten', 0.9870906661193308, 'fog', 0.8335244663141853, 'shear', 0.7368430274103566, 0.39217091491139733]
INFO:root:212, 0.5014444444444444, ['additive-gaussian-noise', 0.9755757527349065, 'crop', 0.7854152798033082, 'gaussian-blur', 0.773467924437345, 0.9705107775274076]
INFO:root:213, 0.4863333333598243, ['rotate', 0.9426321405349922, 'dropout', 0.8145488372562488, 'shear', 0.7353073507349199, 0.9995661829214955]
INFO:root:214, 0.476555555873447, ['gamma-contrast', 0.9849857320402734, 'coarse-dropout', 0.6426596898868657, 'translate-x', 0.5518088332835047, 0.9743129679407017]
INFO:root:215, 0.4918888891802894, ['fog', 0.9585644082178684, 'clouds', 0.9347475887702452, 'clouds', 0.4609765754842752, 0.9852239206871803]
INFO:root:216, 0.4701111112700568, ['fog', 0.9966041522317378, 'fog', 0.938318433969616, 'invert', 0.2515895383741474, 0.9334282059566091]
INFO:root:217, 0.48611111145549346, ['gamma-contrast', 0.987804990046077, 'brighten', 0.9624899934965377, 'shear', 0.8913669095672009, 0.9049721569706679]
INFO:root:218, 0.5014444449212816, ['clouds', 0.9949781966611916, 'clouds', 0.9178772772972958, 'shear', 0.8688453168332997, 0.9880943933347228]
INFO:root:219, 0.47733333362473385, ['brighten', 0.9946808121817621, 'sharpen', 0.9568889448318831, 'fog', 0.46335563342436814, 0.9660220598161706]
INFO:root:220, 0.5434444444709354, ['coarse-dropout', 0.9403928034274156, 'gamma-contrast', 0.8755705830753662, 'shear', 0.7957389322153587, 0.9820433125093582]
INFO:root:221, 0.48633333317438765, ['gamma-contrast', 0.9952832575320215, 'crop', 0.4843875556024865, 'invert', 0.5882491807271024, 0.4816626601898607]
INFO:root:222, 0.46466666703754, ['translate-y', 0.9886707586006338, 'crop', 0.0930824878670803, 'crop', 0.9784453216166955, 0.9808859373895995]
INFO:root:223, 0.49944444497426355, ['rotate', 0.9453021602601437, 'crop', 4.171318342627296e-06, 'shear', 0.7387413232728739, 0.9990592197178448]
INFO:root:224, 0.4694444446298811, ['gamma-contrast', 0.9520981916761654, 'invert', 0.5809391642263593, 'coarse-dropout', 0.7644300561221674, 0.9709236703722975]
INFO:root:225, 0.462444444735845, ['gamma-contrast', 0.9739866105156552, 'translate-x', 0.946335459595312, 'gamma-contrast', 0.8437068581939753, 0.6308143529024973]
INFO:root:226, 0.48566666703754, ['gamma-contrast', 0.9590874894251613, 'dropout', 0.9912146031580165, 'shear', 0.43223994784053854, 0.08462364961436554]
INFO:root:227, 0.474444444735845, ['invert', 0.8424616591631776, 'fog', 0.964762016225306, 'shear', 0.9549126296521626, 0.9946302925942616]
INFO:root:228, 0.5853333334128061, ['gamma-contrast', 0.9871615166995934, 'translate-x', 0.45102792597217745, 'shear', 0.15068237558061706, 0.8917287499286138]
INFO:root:229, 0.5880000000529819, ['gamma-contrast', 0.986532969125994, 'translate-x', 0.23813481375808915, 'crop', 0.10815805924404889, 0.7034518380980168]
INFO:root:230, 0.563, ['crop', 0.9907392047870571, 'emboss', 0.9281399493975016, 'gamma-contrast', 0.9216335512469831, 0.995279540022201]
INFO:root:231, 0.47966666682561243, ['crop', 0.9530419416805366, 'translate-x', 0.25373751158985675, 'gaussian-blur', 0.12345963777567517, 0.7029695428177147]
INFO:root:232, 0.5041111110051473, ['shear', 0.9918096043480082, 'fog', 0.9274554374581653, 'invert', 0.9545379990721461, 0.9882741673191316]
INFO:root:233, 0.4677777780691783, ['translate-x', 0.9907015681397695, 'translate-x', 0.38421614141550753, 'crop', 0.7983412973784815, 0.8716475737398341]
INFO:root:234, 0.4853333335717519, ['gamma-contrast', 0.9731709194855147, 'translate-x', 0.21594868925723237, 'dropout', 0.7874472658866476, 0.6764362329747282]
INFO:root:235, 0.47144444465637203, ['crop', 0.9376989925180231, 'translate-x', 0.767095769824717, 'crop', 0.3551739399038825, 0.9752243514697401]
INFO:root:236, 0.533555555873447, ['gamma-contrast', 0.9951208768153816, 'translate-x', 0.2785199597454994, 'crop', 0.9450595863944149, 0.106750780780867]
INFO:root:237, 0.5137777780691783, ['additive-gaussian-noise', 0.9778147354910007, 'translate-x', 0.31701932061235333, 'shear', 0.006713647966243743, 0.9652018130562099]
INFO:root:238, 0.477111111190584, ['gamma-contrast', 0.1838075467841727, 'translate-x', 0.5047060152955286, 'gaussian-blur', 0.34450594793880046, 0.9809748442997025]
INFO:root:239, 0.46400000021192767, ['gamma-contrast', 0.9763715545809137, 'fog', 0.6602075362831054, 'crop', 0.14525963639499542, 0.8702232027889257]
INFO:root:240, 0.4752222225401137, ['gamma-contrast', 0.9817442774544661, 'gamma-contrast', 0.8020313973659616, 'crop', 0.8139675983246036, 0.9754223366992233]
INFO:root:241, 0.4806666671170129, ['translate-y', 0.9713781502136641, 'coarse-dropout', 0.9910993488632687, 'shear', 0.7876788114694051, 0.979870995401572]
INFO:root:242, 0.4781111109256745, ['crop', 0.9784681205582191, 'translate-x', 0.9207428733472286, 'gaussian-blur', 0.005029004062445442, 0.9291147618160562]
INFO:root:243, 0.4797777777247959, ['gaussian-blur', 0.9909395055731861, 'gaussian-blur', 0.06078524012161636, 'translate-y', 0.6924109712603289, 0.9738165630522598]
INFO:root:244, 0.4898888890743255, ['crop', 0.9655712542384978, 'translate-x', 0.32311858102942853, 'shear', 0.13339403210160208, 0.9548740947566137]
INFO:root:245, 0.4725555557674833, ['gamma-contrast', 0.9876385870690981, 'crop', 0.8962631986553612, 'brighten', 0.49578304165039555, 0.9593465894031045]
INFO:root:246, 0.4815555556350284, ['gamma-contrast', 0.9875987833137814, 'additive-gaussian-noise', 0.6160805486309076, 'shear', 0.9811480865887411, 0.9674071710412998]
INFO:root:247, 0.49166666709052187, ['fog', 0.9906387343950448, 'translate-x', 0.49297934890029893, 'crop', 0.27998887124749866, 0.8665480830954114]
INFO:root:248, 0.462222222354677, ['gamma-contrast', 0.04378073813532735, 'translate-x', 0.5975466587406674, 'crop', 0.33967296025834354, 0.9736667445480883]
INFO:root:249, 0.4651111114819845, ['gamma-contrast', 0.9512991585401857, 'fog', 0.4826165808160744, 'crop', 0.10511176781099865, 0.9651879791938487]
INFO:root:250, 0.4889999998940362, ['coarse-dropout', 0.9855720948803496, 'gaussian-blur', 0.9392108809681476, 'fog', 0.5761120780197037, 0.97429470812384]
INFO:root:251, 0.509555555846956, ['gamma-contrast', 0.981747252194107, 'translate-x', 0.13194937993015313, 'sharpen', 0.26859971863471305, 0.18737186129748176]
INFO:root:252, 0.5734444446033902, ['gamma-contrast', 0.8965229612656355, 'translate-x', 0.6411051915114281, 'shear', 0.7925036234341117, 0.9780571229455179]
INFO:root:253, 0.5592222222752041, ['gamma-contrast', 0.9760074930458147, 'gaussian-blur', 0.24327987123888423, 'translate-x', 0.17028489789494308, 0.6762133425246646]
INFO:root:254, 0.6031111110846201, ['gamma-contrast', 0.9717639139849112, 'translate-x', 0.9071423781795943, 'translate-y', 0.3298335833495873, 0.8101002709901244]
INFO:root:255, 0.4773333333598243, ['crop', 0.9975322488724448, 'gaussian-blur', 0.10952454928897229, 'shear', 0.18192110615231552, 0.982326695076084]
INFO:root:256, 0.46555555568801044, ['gamma-contrast', 0.47555649481298956, 'translate-x', 0.6778940602070671, 'emboss', 0.13957944297062255, 0.9714263680398568]
INFO:root:257, 0.5489999998675452, ['gamma-contrast', 0.9682222650619055, 'translate-x', 0.9972132079702648, 'gamma-contrast', 0.4668896168876704, 0.9651857696902912]
INFO:root:258, 0.4907777778307596, ['gamma-contrast', 0.8678861838901305, 'translate-x', 0.5748901873425055, 'clouds', 0.26112259009293143, 0.9897182663730816]
INFO:root:259, 0.5133333336512249, ['shear', 0.967135786972228, 'translate-x', 0.9634046723087969, 'additive-gaussian-noise', 0.8077976585412854, 0.9717179457686338]
INFO:root:260, 0.4730000002119277, ['gamma-contrast', 0.9925444755354972, 'translate-x', 0.0181177919281772, 'clouds', 0.8356684070603317, 0.7784681885362347]
INFO:root:261, 0.4835555557409923, ['crop', 0.6729122925030124, 'translate-x', 0.9466842161808768, 'invert', 0.17997691443965516, 0.9711774384376811]
INFO:root:262, 0.47611111132303874, ['gamma-contrast', 0.24704355817259532, 'crop', 0.0007189350513442384, 'translate-x', 0.6076516444773834, 0.9741995095899147]
INFO:root:263, 0.4727777779632145, ['gamma-contrast', 0.9828383714678701, 'dropout', 0.408279387557963, 'translate-y', 0.20498243712080239, 0.9749622685616456]
INFO:root:264, 0.47855555595291976, ['gamma-contrast', 0.38142989227862845, 'translate-x', 0.7220405316780643, 'sharpen', 0.35037636035571856, 0.970250079686271]
INFO:root:265, 0.5756666665342118, ['gamma-contrast', 0.9493109028166307, 'translate-x', 0.8493911654308267, 'translate-x', 0.21675517423894503, 0.8558433452791119]
INFO:root:266, 0.48966666682561233, ['gamma-contrast', 0.9783958507478577, 'fog', 0.5075721205337508, 'translate-y', 0.7218142264603046, 0.7394750654786979]
INFO:root:267, 0.4803333334657881, ['gamma-contrast', 0.2845418191381292, 'translate-x', 0.5020476004524127, 'shear', 0.25589753061637005, 0.999338413795159]
INFO:root:268, 0.49511111111111117, ['gamma-contrast', 0.9826495938383575, 'emboss', 0.707792985885413, 'brighten', 0.9893935093955264, 0.9847599262586274]
INFO:root:269, 0.574111111137602, ['gamma-contrast', 0.9611282568939927, 'translate-x', 0.9356832980029569, 'translate-x', 0.1480167570664437, 0.9808973903927432]
INFO:root:270, 0.47611111166742115, ['gamma-contrast', 0.25880481425451524, 'translate-x', 0.4445362565592207, 'shear', 0.07829892510100035, 0.7894428305698775]
INFO:root:271, 0.4686666668785944, ['gamma-contrast', 0.12682889176185833, 'translate-x', 0.8502449347613338, 'shear', 0.7439803698974229, 0.9722911667449644]
INFO:root:272, 0.4753333335982428, ['brighten', 0.933894893596194, 'fog', 0.5772684402690096, 'translate-x', 0.11913870624245917, 0.8738194205804823]
INFO:root:273, 0.4708888889683617, ['gamma-contrast', 0.07392976414300158, 'translate-x', 0.34822135029688134, 'coarse-dropout', 0.011903423686240536, 0.8157598479225752]
INFO:root:274, 0.47866666687859427, ['gamma-contrast', 0.9786543100006312, 'translate-x', 0.6499654359388246, 'fog', 0.03149560317293799, 0.9355141658033531]
INFO:root:275, 0.46744444436497157, ['gamma-contrast', 0.9567600703657543, 'gaussian-blur', 0.4231439091310355, 'fog', 0.1302042790044652, 0.9069346725937414]
INFO:root:276, 0.48533333354526087, ['gamma-contrast', 0.9956785105436446, 'translate-x', 0.3508350772637187, 'fog', 0.7347841049104101, 0.9013577100666593]
INFO:root:277, 0.5828888889948527, ['gamma-contrast', 0.9900323915574019, 'translate-x', 0.9532079097465067, 'crop', 0.7845197751611104, 0.6765747619384951]
INFO:root:278, 0.4800000001589457, ['gamma-contrast', 0.980317753732306, 'fog', 0.20131882637852022, 'translate-x', 0.032284606579202076, 0.8396437122248835]
INFO:root:279, 0.491888888835907, ['shear', 0.9946478390894045, 'translate-x', 0.9134131885005635, 'coarse-dropout', 0.9854826671431106, 0.4154960976700195]
INFO:root:280, 0.49066666682561244, ['crop', 0.9724333243146865, 'translate-x', 0.9193115135907427, 'gaussian-blur', 0.3501868693170412, 0.19082455178268015]
INFO:root:281, 0.48266666695806715, ['gamma-contrast', 0.17178483242990308, 'translate-x', 0.9717519626545786, 'fog', 0.9244722557180971, 0.5797650306627634]
INFO:root:282, 0.4751111114819845, ['gamma-contrast', 0.948706376303149, 'fog', 0.8724909498531621, 'invert', 0.14280192341028244, 0.9961629584527533]
INFO:root:283, 0.4752222227520413, ['gamma-contrast', 0.26433094347938785, 'translate-x', 0.9065772000992515, 'shear', 0.21517251759186612, 0.9488172463829708]
INFO:root:284, 0.4718888891802894, ['gamma-contrast', 0.2504258555980173, 'translate-x', 0.9457698888344931, 'invert', 0.164039309173067, 0.7831984260102932]
INFO:root:285, 0.4888888890743256, ['gamma-contrast', 0.9677198568566445, 'fog', 0.38392519650487633, 'translate-x', 0.15585847801900546, 0.8542757386199596]
INFO:root:286, 0.4980000001059638, ['gamma-contrast', 0.9931781308229575, 'brighten', 0.8828948647351845, 'translate-x', 0.7862667009449766, 0.863160286665072]
INFO:root:287, 0.48555555547608265, ['gamma-contrast', 0.028497075927319655, 'translate-x', 0.9731902558016888, 'brighten', 0.2456699978240668, 0.4828432431309]
INFO:root:288, 0.5025555555820465, ['crop', 0.9841451857007893, 'crop', 0.7724228254041171, 'gamma-contrast', 0.8474608906761806, 0.9987769553072015]
INFO:root:289, 0.5981111110051474, ['gamma-contrast', 0.9854267146314507, 'translate-x', 0.6794136593163045, 'shear', 0.2858164876097709, 0.9234171523847263]
INFO:root:290, 0.4908888891802894, ['gamma-contrast', 0.39877106782860117, 'translate-x', 0.10201182729924188, 'shear', 0.1179768493440049, 0.5630545993273239]
INFO:root:291, 0.547222222407659, ['gamma-contrast', 0.8814147911324409, 'rotate', 0.6925554104658224, 'shear', 0.5280865848641898, 0.9769222107500363]
INFO:root:292, 0.49188888888888893, ['translate-y', 0.9994828310657133, 'crop', 0.6263428836030162, 'translate-x', 0.21703278328962722, 0.9238882479410918]
INFO:root:293, 0.494888888835907, ['crop', 0.9633029371276915, 'gamma-contrast', 0.775013678076455, 'translate-x', 0.04773762013594808, 0.9984630165259711]
INFO:root:294, 0.4990000001324547, ['gamma-contrast', 0.8022213597824319, 'translate-x', 0.9242462347692079, 'coarse-dropout', 0.09388495925623822, 0.8012158092874946]
INFO:root:295, 0.5837777777777777, ['gamma-contrast', 0.9668111299970958, 'translate-x', 0.5249106513740566, 'gaussian-blur', 0.35510074664608343, 0.5624464223116351]
INFO:root:296, 0.49711111111111117, ['gamma-contrast', 0.9372178929342386, 'translate-x', 0.1560479264021141, 'clouds', 0.0715796086388878, 0.9589888597299161]
INFO:root:297, 0.4738888889153797, ['invert', 0.9941838755609347, 'shear', 0.9358785794379223, 'clouds', 0.9504025074631065, 0.9813057277830411]
INFO:root:298, 0.4817777778307597, ['gamma-contrast', 0.21269221388769505, 'crop', 0.737253593612432, 'translate-y', 0.12989176578587283, 0.9763009208747337]
INFO:root:299, 0.4812222224341499, ['gamma-contrast', 0.9757521489827564, 'gaussian-blur', 0.41614006266337455, 'clouds', 0.14688872627562125, 0.6846188190944891]
INFO:root:300, 0.6424444443517261, ['gamma-contrast', 0.9832295949992192, 'translate-y', 0.6775692719493944, 'shear', 0.6898845700987232, 0.9079164862265289]
INFO:root:301, 0.4940000004768371, ['emboss', 0.9901164923740752, 'clouds', 0.5598491999602487, 'shear', 0.6713394524679245, 0.9858221848645567]
INFO:root:302, 0.5997777777777777, ['gamma-contrast', 0.9781129287556063, 'crop', 0.6983602280796997, 'shear', 0.6416935195422354, 0.6612371327900527]
INFO:root:303, 0.48733333349227903, ['gamma-contrast', 0.9837158429351666, 'invert', 0.03247047449406882, 'shear', 0.1903374763673415, 0.6793135258208264]
INFO:root:304, 0.4885555556350284, ['gamma-contrast', 0.9971599403994944, 'fog', 0.7245456585027688, 'sharpen', 0.43356048167696803, 0.7372032635170866]
INFO:root:305, 0.5136666670640311, ['gaussian-blur', 0.9915571723462369, 'emboss', 0.6148710089684652, 'shear', 0.7188087974783924, 0.9207028066974863]
INFO:root:306, 0.4971111110581292, ['coarse-dropout', 0.9552504189519591, 'fog', 0.6573316864621079, 'shear', 0.4891580467680634, 0.977852363600205]
INFO:root:307, 0.490888888835907, ['crop', 0.9413950476998206, 'brighten', 0.25450802942370127, 'shear', 0.7156876292197717, 0.9720765901232378]
INFO:root:308, 0.4865555555555555, ['gamma-contrast', 0.37828578619954045, 'emboss', 0.664894101028142, 'shear', 0.0676879539646096, 0.7348513757364861]
INFO:root:309, 0.5005555556350283, ['gamma-contrast', 0.935630424532396, 'coarse-dropout', 0.7022260507516457, 'shear', 0.6730179289871407, 0.980858429872654]
INFO:root:310, 0.5024444444709355, ['translate-y', 0.982959273839347, 'dropout', 0.26281767165157316, 'shear', 0.7173611804371928, 0.9668516321319235]
INFO:root:311, 0.4922222221957312, ['shear', 0.9557908269211769, 'gaussian-blur', 0.6535551747678102, 'shear', 0.7364092432651026, 0.9757543418259716]
INFO:root:312, 0.5070000001324548, ['rotate', 0.981410964006796, 'additive-gaussian-noise', 0.6896946062400496, 'shear', 0.7925269108306459, 0.8814962871752231]
INFO:root:313, 0.4871111112700568, ['gamma-contrast', 0.971884021017272, 'brighten', 0.3182672627803394, 'shear', 0.6446182043213962, 0.30971000351432626]
INFO:root:314, 0.6277777778572506, ['gamma-contrast', 0.9860119161066095, 'translate-x', 0.7229734761042691, 'rotate', 0.8102784794438603, 0.8311461488526866]
INFO:root:315, 0.4792222221692404, ['gamma-contrast', 0.9993852219402822, 'translate-x', 0.7699341698590062, 'fog', 0.8843999684835016, 0.9505502811563874]
INFO:root:316, 0.47122222246064094, ['gamma-contrast', 0.2987758494371106, 'translate-y', 0.7167715400655147, 'fog', 0.7639391703287912, 0.9163371109706434]
INFO:root:317, 0.49355555579397414, ['gamma-contrast', 0.9826110837537402, 'brighten', 0.9062247298776365, 'additive-gaussian-noise', 0.6937875275177272, 0.9121284661282112]
INFO:root:318, 0.49311111119058393, ['gamma-contrast', 0.990960900430218, 'translate-x', 0.13409446300792774, 'clouds', 0.8363721294437375, 0.8414359122857031]
INFO:root:319, 0.4928888891802893, ['translate-y', 0.9864044220323895, 'crop', 0.7865243830436706, 'shear', 0.7041813416567866, 0.9459081958793795]
INFO:root:320, 0.48244444441795353, ['gamma-contrast', 0.9530393217402724, 'fog', 0.33003523833400744, 'rotate', 0.55243706427852, 0.9738083151643967]
INFO:root:321, 0.6086666666666667, ['gamma-contrast', 0.9795405494956847, 'gaussian-blur', 0.5684966467684703, 'rotate', 0.6107245425230894, 0.7632084316563895]
INFO:root:322, 0.49733333362473375, ['gamma-contrast', 0.9679201857798242, 'translate-x', 0.5404484112347613, 'coarse-dropout', 0.24925510654995137, 0.9830827201332618]
INFO:root:323, 0.5064444445768992, ['gamma-contrast', 0.5766453279245646, 'fog', 0.20408881300014342, 'rotate', 0.714230919737017, 0.29095509699388306]
INFO:root:324, 0.4818888892067803, ['gamma-contrast', 0.2553035214607155, 'brighten', 0.585435749175593, 'rotate', 0.4125696292684724, 0.9865779434437594]
INFO:root:325, 0.48255555582046494, ['gamma-contrast', 0.9863015375573289, 'crop', 0.561971093435684, 'fog', 0.13291479243719487, 0.7039376305988937]
INFO:root:326, 0.4878888889683618, ['gamma-contrast', 0.9974304430699866, 'dropout', 0.160251861871377, 'rotate', 0.39835737138036464, 0.6935424954853806]
INFO:root:327, 0.6143333334657881, ['gamma-contrast', 0.9931564548961046, 'rotate', 0.5969915699153703, 'shear', 0.339630479674844, 0.7195819888898386]
INFO:root:328, 0.4697777779367236, ['gamma-contrast', 0.46395558460683195, 'translate-x', 0.5873531590314514, 'rotate', 0.12055525374772949, 0.8408650070551669]
INFO:root:329, 0.49999999970859954, ['gamma-contrast', 0.9835702070718216, 'dropout', 0.8530716520041811, 'shear', 0.300946507378333, 0.3207953000274775]
INFO:root:330, 0.6226666667991214, ['gamma-contrast', 0.9730799771192714, 'translate-y', 0.5376559773995387, 'shear', 0.5681544841907996, 0.7292431264107135]
INFO:root:331, 0.48411111142900254, ['gamma-contrast', 0.9743128217857827, 'brighten', 0.6977135653133772, 'fog', 0.386558368946874, 0.901579146999447]
INFO:root:332, 0.6128888889816073, ['gamma-contrast', 0.9912290105109163, 'translate-y', 0.1853076554339075, 'rotate', 0.5319982085716184, 0.7692780897268033]
INFO:root:333, 0.4732222226725685, ['gamma-contrast', 0.34633067467118855, 'translate-y', 0.16031213809583725, 'shear', 0.220191727222194, 0.8988853869691229]
INFO:root:334, 0.4768888890743256, ['gamma-contrast', 0.1138253350452905, 'translate-y', 0.6625935268468238, 'rotate', 0.13378726210481642, 0.9113027618840941]
INFO:root:335, 0.4816666671170129, ['gamma-contrast', 0.36674201525877065, 'translate-y', 0.28013209382621956, 'fog', 0.3497141275116992, 0.9399671374830524]
INFO:root:336, 0.5031111111111111, ['gamma-contrast', 0.9990904211582813, 'translate-y', 0.4206306728028203, 'additive-gaussian-noise', 0.9419759255967325, 0.6194421740878641]
INFO:root:337, 0.4825555554495917, ['gamma-contrast', 0.9920964406644542, 'translate-y', 0.31032076631127775, 'gamma-contrast', 0.02129589963888257, 0.4571844895698328]
INFO:root:338, 0.4964444448418087, ['crop', 0.9715447301373128, 'translate-y', 0.8073755429799309, 'shear', 0.33206062137226283, 0.9248859606432049]
INFO:root:339, 0.5098888887829252, ['gamma-contrast', 0.5710112316232184, 'translate-y', 0.6670287707275151, 'shear', 0.22108699205947951, 0.6416752886921754]
INFO:root:340, 0.5807777776453229, ['gamma-contrast', 0.9790728127946523, 'translate-y', 0.17391052532154674, 'crop', 0.13773310003875675, 0.91271228587737]
INFO:root:341, 0.5026666667461395, ['gamma-contrast', 0.7383843721068424, 'translate-y', 0.9406112753943285, 'clouds', 0.7800108813829559, 0.9739794600372438]
INFO:root:342, 0.5102222225666047, ['gamma-contrast', 0.9816657414118625, 'translate-y', 0.9459321216554621, 'emboss', 0.0806265462852185, 0.5331953607685082]
INFO:root:343, 0.4938888886504703, ['gamma-contrast', 0.1002028039452241, 'translate-y', 0.3525337516536223, 'rotate', 0.8441892015946681, 0.7675864931382782]
INFO:root:344, 0.5972222221957313, ['gamma-contrast', 0.9602038747987349, 'translate-y', 0.5726767066181205, 'shear', 0.05345064186988059, 0.9271338527928707]
INFO:root:345, 0.5774444446298812, ['gamma-contrast', 0.9517304467400942, 'rotate', 0.5481722360398511, 'rotate', 0.1807383984220763, 0.8407681637332106]
INFO:root:346, 0.5100000002649097, ['gamma-contrast', 0.9912090073109249, 'dropout', 0.6369329949764364, 'shear', 0.9236141182181908, 0.9572253817861819]
INFO:root:347, 0.5101111111111112, ['crop', 0.990890774807106, 'translate-y', 0.8128058847299061, 'brighten', 0.2456189456561017, 0.700723941088452]
INFO:root:348, 0.49022222214274935, ['crop', 0.9720694133881186, 'translate-y', 0.4128372189439241, 'crop', 0.577597620256157, 0.8300395601096395]
INFO:root:349, 0.4996666670375399, ['gamma-contrast', 0.9899717375687155, 'translate-y', 0.7393753203612697, 'dropout', 0.12018072035802366, 0.9778412099965527]
INFO:root:350, 0.48999999997350896, ['coarse-dropout', 0.09177310951104413, 'translate-y', 0.5617783848578098, 'shear', 0.2232787387315383, 0.976004269902173]
INFO:root:351, 0.481888888862398, ['gamma-contrast', 0.08527681986410497, 'translate-y', 0.4960921211846594, 'shear', 0.34652364435522537, 0.9712261147443149]
INFO:root:352, 0.48755555589993793, ['gamma-contrast', 0.2992821556331789, 'rotate', 0.4913962736644548, 'crop', 0.3316698014785218, 0.9698998646752048]
INFO:root:353, 0.4990000002119276, ['gamma-contrast', 0.9754424029246201, 'translate-y', 0.9111785749693943, 'brighten', 0.8911331152647592, 0.7858852313499255]
INFO:root:354, 0.5983333335187699, ['gamma-contrast', 0.9881207194567726, 'crop', 0.6021624864847352, 'rotate', 0.384829271177082, 0.8824946895273148]
INFO:root:355, 0.5025555557145014, ['rotate', 0.9961123266035027, 'fog', 0.32786233692777805, 'rotate', 0.6135003658476265, 0.8221418731779243]
INFO:root:356, 0.48777777769830477, ['gamma-contrast', 0.3312087216571962, 'translate-y', 0.9605006309757838, 'shear', 0.21401685080113192, 0.9180959332301525]
INFO:root:357, 0.4813333336777158, ['crop', 0.9796464911318382, 'gamma-contrast', 0.8207951428139445, 'fog', 0.1961846616946828, 0.912748568819]
INFO:root:358, 0.48866666661368463, ['gamma-contrast', 0.08769386383990198, 'shear', 0.44836879787588246, 'rotate', 0.06354653032224257, 0.7995964677009283]
INFO:root:359, 0.5456666667991215, ['gamma-contrast', 0.8828734027935373, 'translate-y', 0.2513450566693893, 'shear', 0.25357184795222826, 0.7463553967271735]
INFO:root:360, 0.49633333351876996, ['gamma-contrast', 0.9600903518139798, 'fog', 0.7601030377305339, 'rotate', 0.7466867804598939, 0.36704451367571406]
INFO:root:361, 0.49977777785725064, ['gamma-contrast', 0.6653703158830231, 'coarse-dropout', 0.6810452058874893, 'rotate', 0.13156562285250165, 0.8323845502913363]
INFO:root:362, 0.4932222224076589, ['gamma-contrast', 0.9787354001113773, 'clouds', 0.6874333274083828, 'rotate', 0.29263016572131445, 0.9757908914334233]
INFO:root:363, 0.6239999999735091, ['gamma-contrast', 0.9860099270126872, 'rotate', 0.9190797767631553, 'shear', 0.21606781465891028, 0.8111892542151169]
INFO:root:364, 0.5456666667726304, ['gamma-contrast', 0.8770859531032498, 'translate-y', 0.8294264446535837, 'crop', 0.8986837630200221, 0.9871676249340477]
INFO:root:365, 0.4974444447358449, ['gamma-contrast', 0.9874323650082674, 'brighten', 0.4238480697126117, 'shear', 0.30051343004133285, 0.4974054959889541]
INFO:root:366, 0.4995555556350283, ['gamma-contrast', 0.12290627159732362, 'rotate', 0.3813866112469455, 'coarse-dropout', 0.07623574425217496, 0.8270437673941624]
INFO:root:367, 0.4925555557674831, ['gamma-contrast', 0.9986772720481499, 'translate-y', 0.07039318135775609, 'invert', 0.6830640468425032, 0.9509262702000713]
INFO:root:368, 0.49066666682561244, ['gamma-contrast', 0.9641342177415508, 'gaussian-blur', 0.9319307097965873, 'sharpen', 0.20282569505869358, 0.8466304678554055]
INFO:root:369, 0.4920000002384186, ['gamma-contrast', 0.9782128600473796, 'fog', 0.11241203515975498, 'crop', 0.5735081427897282, 0.40728762230339566]
INFO:root:370, 0.4916666666666667, ['gamma-contrast', 0.9924774132762466, 'brighten', 0.3317391891004589, 'rotate', 0.6987088208648421, 0.649216708952898]
INFO:root:371, 0.4832222224341498, ['gamma-contrast', 0.9905541356416306, 'fog', 0.375422061234186, 'gaussian-blur', 0.47556810181678144, 0.9115931927946335]
INFO:root:372, 0.5107777781486511, ['gamma-contrast', 0.9762543497104069, 'translate-x', 0.8239734644704513, 'coarse-dropout', 0.8400326900625741, 0.8850283900713822]
INFO:root:373, 0.5028888888094161, ['gamma-contrast', 0.9763646834176665, 'fog', 0.8170054242538999, 'emboss', 0.32716859890682554, 0.7273441315398604]
INFO:root:374, 0.4851111112435659, ['crop', 0.98058540140025, 'crop', 0.992835299219872, 'rotate', 0.06968088667730789, 0.8495449576467687]
INFO:root:375, 0.5657777777777777, ['gamma-contrast', 0.9474052800757519, 'rotate', 0.44355318124424425, 'shear', 0.09780294260024727, 0.8233832081808699]
INFO:root:376, 0.5777777776983049, ['gamma-contrast', 0.892127664423638, 'translate-y', 0.4345681801284029, 'shear', 0.6805357562838402, 0.15482375563837095]
INFO:root:377, 0.5090000002914006, ['crop', 0.9321075511860071, 'rotate', 0.575096385838474, 'brighten', 0.22057616278091058, 0.9228182259747678]
INFO:root:378, 0.5022222221957313, ['rotate', 0.9844742270807386, 'translate-y', 0.205407095575261, 'shear', 0.5807382806450283, 0.017384109361553216]
INFO:root:379, 0.493222222328186, ['gamma-contrast', 0.9979883142673645, 'fog', 0.6904781070654222, 'shear', 0.5304923140195761, 0.5295508544469448]
INFO:root:380, 0.5142222225666047, ['gaussian-blur', 0.9854815491378529, 'fog', 0.22424316727890464, 'rotate', 0.13179818720118744, 0.8322177430611853]
INFO:root:381, 0.4883333336512248, ['gamma-contrast', 0.9973366907005395, 'emboss', 0.23659945567020307, 'gamma-contrast', 0.434155094636972, 0.7848461604436135]
INFO:root:382, 0.6421111111376021, ['gamma-contrast', 0.9929001891659411, 'gaussian-blur', 0.010115784918482086, 'rotate', 0.8819780570127775, 0.7895851275218766]
INFO:root:383, 0.516222222301695, ['additive-gaussian-noise', 0.9965069112314778, 'emboss', 0.011788841879069815, 'rotate', 0.9493384165189108, 0.7537892798398366]
INFO:root:384, 0.49688888891537986, ['gamma-contrast', 0.9983437318818323, 'rotate', 0.12622939669739722, 'clouds', 0.4981632036066759, 0.7909436818630082]
INFO:root:385, 0.49300000007947287, ['gamma-contrast', 0.9319737269367429, 'clouds', 0.8084340815783931, 'rotate', 0.5043223858912722, 0.9180330964853938]
INFO:root:386, 0.49822222246064074, ['gamma-contrast', 0.9850280911983744, 'clouds', 0.20485928992118302, 'rotate', 0.9271721643568981, 0.9044975036010949]
INFO:root:387, 0.4944444444974264, ['gamma-contrast', 0.990871481275692, 'fog', 0.28006133112402015, 'rotate', 0.9628571010901702, 0.9785450233741204]
INFO:root:388, 0.5852222221427494, ['gamma-contrast', 0.9605829077827357, 'shear', 0.12011653812177295, 'shear', 0.28641761933167026, 0.7660245736452835]
INFO:root:389, 0.5113333336512247, ['gamma-contrast', 0.7266835341024269, 'translate-y', 0.015324874684310767, 'shear', 0.03448170905664661, 0.8837253815362689]
INFO:root:390, 0.5843333334128062, ['gamma-contrast', 0.9780274021611365, 'rotate', 0.5636513230932834, 'gaussian-blur', 0.35259814587475585, 0.9780880466355418]
INFO:root:391, 0.4921111114025116, ['gamma-contrast', 0.9508434711578918, 'sharpen', 0.8737575799362349, 'shear', 0.1808544899755983, 0.9170385220812551]
INFO:root:392, 0.48422222235467693, ['gamma-contrast', 0.9776045117831076, 'gamma-contrast', 0.24755107981103924, 'shear', 0.556988211405844, 0.5624210595730555]
INFO:root:393, 0.48688888894187077, ['gamma-contrast', 0.1603689778240838, 'translate-y', 0.908506688633099, 'shear', 0.5477758840477417, 0.9137557405980704]
INFO:root:394, 0.5037777779367234, ['gamma-contrast', 0.9849501541017304, 'coarse-dropout', 0.23991380914454002, 'shear', 0.49614417799692767, 0.7854935972988615]
INFO:root:395, 0.5283333332538604, ['gamma-contrast', 0.9867942514359119, 'brighten', 0.5830153083082069, 'shear', 0.8003415037483169, 0.025676441137998947]
INFO:root:396, 0.5068888891537984, ['translate-x', 0.9723988820472468, 'fog', 0.20577182156205304, 'translate-y', 0.18881668096620002, 0.9666670235544471]
INFO:root:397, 0.5681111112965478, ['gamma-contrast', 0.9646264148531232, 'crop', 0.4970366441999923, 'shear', 0.29115405698071367, 0.9728370079385199]
INFO:root:398, 0.5045555557674832, ['gamma-contrast', 0.9813340939976681, 'crop', 0.5680898188365022, 'emboss', 0.6126146706272737, 0.8424524389791596]
INFO:root:399, 0.5047777777777778, ['crop', 0.9972195703183959, 'rotate', 0.9553326664196043, 'shear', 0.9669415257000314, 0.7268779012168495]
INFO:root:400, 0.5261111114025117, ['gamma-contrast', 0.9796816854447632, 'sharpen', 0.17649510404039118, 'rotate', 0.7090729712107159, 0.7108243379019074]
INFO:root:401, 0.5105555555555557, ['gamma-contrast', 0.2390643454858838, 'translate-y', 0.4632066387710533, 'shear', 0.7239999204235658, 0.9230761010484407]
INFO:root:402, 0.5021111112700567, ['gamma-contrast', 0.6172862429546359, 'rotate', 0.2914122904187681, 'clouds', 0.3307438942808129, 0.9741070359651762]
INFO:root:403, 0.47777777798970533, ['gamma-contrast', 0.9971321654021895, 'invert', 0.697345237960641, 'gamma-contrast', 0.19322765053864827, 0.8991651207962434]
INFO:root:404, 0.567111111217075, ['gamma-contrast', 0.9949334861811893, 'shear', 0.2642425371450234, 'rotate', 0.7819699235340167, 0.026163805328259578]
INFO:root:405, 0.4765555557409922, ['gamma-contrast', 0.46963430240389303, 'gamma-contrast', 0.6996449866174467, 'translate-x', 0.3717135927229757, 0.9719026261671496]
INFO:root:406, 0.507888888809416, ['gamma-contrast', 0.21795104279267957, 'rotate', 0.7678154175779079, 'shear', 0.11079483027697071, 0.7037144930816298]
INFO:root:407, 0.5044444449212815, ['gamma-contrast', 0.976665881913547, 'fog', 0.5898527783955244, 'shear', 0.8864047628999631, 0.8625761213938528]
INFO:root:408, 0.502111111164093, ['gamma-contrast', 0.9793150320834951, 'translate-x', 0.6367506503715975, 'invert', 0.3631774462256712, 0.9682018410850534]
INFO:root:409, 0.5093333334922789, ['gamma-contrast', 0.9703745984156014, 'dropout', 0.8277844382089153, 'shear', 0.21666820125891356, 0.895640198962558]
INFO:root:410, 0.5020000002384186, ['gamma-contrast', 0.9367992347168816, 'translate-y', 0.5489111192008274, 'fog', 0.5124609740463091, 0.980323327597016]
INFO:root:411, 0.5028888889948526, ['gamma-contrast', 0.9798406509981479, 'fog', 0.6819174378408414, 'shear', 0.06690808330474708, 0.8291484323487162]
INFO:root:412, 0.4916666666666667, ['crop', 0.9498320325833975, 'rotate', 0.13773325034372366, 'rotate', 0.17790160901866317, 0.7900630926910914]
INFO:root:413, 0.4874444445768993, ['gamma-contrast', 0.8510571101844502, 'emboss', 0.6057550287927452, 'translate-x', 0.2149395920196398, 0.9761580562356603]
INFO:root:414, 0.5023333335187701, ['gamma-contrast', 0.9730039392721042, 'emboss', 0.036510755301095606, 'translate-y', 0.014025936739638038, 0.26251594854066324]
INFO:root:415, 0.5744444444974264, ['gamma-contrast', 0.9726420882766229, 'crop', 0.18848718540925363, 'crop', 0.015947233247558982, 0.989186345619901]
INFO:root:416, 0.49366666661368475, ['gamma-contrast', 0.994463421150419, 'fog', 0.3806362485753294, 'crop', 0.2530485217100074, 0.9919771120753927]
INFO:root:417, 0.49211111111111105, ['gamma-contrast', 0.9370960111589121, 'fog', 0.2054073921794068, 'crop', 0.8761832202208744, 0.4927915044183343]
INFO:root:418, 0.5045555559794108, ['gamma-contrast', 0.9859031742017191, 'additive-gaussian-noise', 0.1661125315101684, 'shear', 0.8563758823950138, 0.7515975316107577]
INFO:root:419, 0.483555555873447, ['gamma-contrast', 0.9776540409668928, 'additive-gaussian-noise', 0.5356116210024318, 'clouds', 0.036834916101184285, 0.9115489318578831]
INFO:root:420, 0.4995555559794108, ['gamma-contrast', 0.9568198724210208, 'translate-x', 0.6703701271746518, 'gamma-contrast', 0.3509207416971913, 0.895842069637674]
INFO:root:421, 0.589444444629881, ['gamma-contrast', 0.9597308233872477, 'shear', 0.8565559261381896, 'crop', 0.17712507729968244, 0.9348748367722551]
INFO:root:422, 0.488111111164093, ['gamma-contrast', 0.1546186383036853, 'shear', 0.33602511373548166, 'crop', 0.9374024844805929, 0.9741585607182853]
INFO:root:423, 0.5192222223016951, ['gamma-contrast', 0.9464977285565788, 'gaussian-blur', 0.43901477474238415, 'coarse-dropout', 0.22985586157484478, 0.5423941786275962]
INFO:root:424, 0.5111111111376021, ['gamma-contrast', 0.9886634030531037, 'sharpen', 0.6803374825834175, 'crop', 0.6549270445768578, 0.8477932689439639]
INFO:root:425, 0.4958888891537985, ['gamma-contrast', 0.9985352039549539, 'rotate', 0.7197173683440764, 'brighten', 0.571091437729882, 0.9739924284423508]
INFO:root:426, 0.5113333334392971, ['gamma-contrast', 0.9981000525178596, 'additive-gaussian-noise', 0.3480587511071774, 'rotate', 0.6996574890248451, 0.9575317368881182]
INFO:root:427, 0.5920000000000001, ['crop', 0.8153930322197035, 'gamma-contrast', 0.9627568208785116, 'translate-y', 0.12149671676345788, 0.9890960614535268]
INFO:root:428, 0.49877777753935915, ['gamma-contrast', 0.9472025859867204, 'rotate', 0.9955425165817333, 'gamma-contrast', 0.14631515705583323, 0.9804577007649058]
INFO:root:429, 0.5290000001059638, ['fog', 0.6907833176165594, 'gamma-contrast', 0.9120957492399883, 'gaussian-blur', 0.8704338746701075, 0.9760011734674937]
INFO:root:430, 0.5037777778042687, ['gamma-contrast', 0.9846598727475552, 'fog', 0.019957159209097578, 'rotate', 0.2365454523150829, 0.6881786795530878]
INFO:root:431, 0.485, ['gamma-contrast', 0.9877752588075617, 'gamma-contrast', 0.9648223243544433, 'shear', 0.39778410787423724, 0.8989906164612667]
INFO:root:432, 0.48688888904783456, ['gamma-contrast', 0.25591743086577606, 'shear', 0.845950430758844, 'fog', 0.5129035891716748, 0.9705274967440259]
INFO:root:433, 0.5954444444444444, ['shear', 0.9478301319618357, 'gamma-contrast', 0.9498749361872175, 'gaussian-blur', 0.04325404073533002, 0.9764236310583404]
INFO:root:434, 0.49911111108462025, ['gamma-contrast', 0.9712808463356065, 'translate-x', 0.4618762745081687, 'fog', 0.036916117683235224, 0.6640332433581995]
INFO:root:435, 0.4994444448153178, ['gamma-contrast', 0.9874451132274991, 'invert', 0.800308267069366, 'shear', 0.06905556580287155, 0.9537600393337968]
INFO:root:436, 0.5046666667726305, ['gamma-contrast', 0.9975154496987512, 'gaussian-blur', 0.41335877722047243, 'coarse-dropout', 0.5761180869260208, 0.7916610480031491]
INFO:root:437, 0.4802222226195866, ['fog', 0.9389837035031492, 'gamma-contrast', 0.9852677399685097, 'fog', 0.6392111941816331, 0.9999397502483075]
INFO:root:438, 0.5084444444709353, ['fog', 0.9347591327318149, 'gamma-contrast', 0.9358045558455481, 'fog', 0.2732090308536606, 0.5065464145076534]
INFO:root:439, 0.5204444447623358, ['brighten', 0.7481798182221024, 'additive-gaussian-noise', 0.9944056924204884, 'fog', 0.2729142379410519, 0.9930349621519085]
INFO:root:440, 0.631111111137602, ['gamma-contrast', 0.9894494645848253, 'translate-y', 0.9183479932349448, 'gamma-contrast', 0.6283507435188428, 0.9695633174085436]
INFO:root:441, 0.5024444446828631, ['gamma-contrast', 0.9924667893332971, 'gaussian-blur', 0.11587179256923255, 'fog', 0.5550279750048204, 0.604399420711521]
INFO:root:442, 0.4914444444709355, ['gamma-contrast', 0.12797563611392995, 'translate-x', 0.9074566958076804, 'gaussian-blur', 0.48464594565542674, 0.9502310962848757]
INFO:root:443, 0.5028888889683618, ['gamma-contrast', 0.9889150893358805, 'translate-y', 0.6857235971802476, 'gamma-contrast', 0.9109754290682223, 0.44124770389718715]
INFO:root:444, 0.6435555555555554, ['translate-y', 0.9969404461811544, 'gamma-contrast', 0.9816346235917418, 'translate-y', 0.22429743922637174, 0.9773930484229041]
INFO:root:445, 0.5048888888359069, ['coarse-dropout', 0.9607168487056058, 'gamma-contrast', 0.9869444054496729, 'gamma-contrast', 0.08554444719858513, 0.5838246106588628]
INFO:root:446, 0.5052222222487133, ['clouds', 0.9580132689116674, 'gamma-contrast', 0.9724708580240701, 'sharpen', 0.7605640481077591, 0.3392310303542934]
INFO:root:447, 0.5085555553966099, ['gamma-contrast', 0.9412846762308291, 'translate-y', 0.5290270236089205, 'fog', 0.8059879793208363, 0.9570430897962691]
INFO:root:448, 0.4944444443649717, ['fog', 0.9899026660490639, 'gamma-contrast', 0.5925604889255051, 'clouds', 0.1451757394207215, 0.9224083353445056]
INFO:root:449, 0.5048888888888889, ['gamma-contrast', 0.9767636536953204, 'translate-y', 0.4997827660425689, 'invert', 0.1353199979788419, 0.9861535058858112]
INFO:root:450, 0.48788888915379847, ['rotate', 0.9856128910484374, 'gamma-contrast', 0.9505867870009511, 'gamma-contrast', 0.024555596894423888, 0.8352322933901986]
INFO:root:451, 0.5053333334922789, ['gamma-contrast', 0.98952973887923, 'translate-y', 0.043291111417777424, 'sharpen', 0.19526736027124963, 0.9088907447552365]
INFO:root:452, 0.5171111114290026, ['gamma-contrast', 0.9324931348622877, 'coarse-dropout', 0.9215414648301654, 'invert', 0.5271644991201159, 0.9872986633565166]
INFO:root:453, 0.5040000001059639, ['gamma-contrast', 0.979500715271779, 'translate-y', 0.402590994646993, 'clouds', 0.7648550861932872, 0.9794723669752659]
INFO:root:454, 0.6942222221824859, ['translate-y', 0.992782019763568, 'gamma-contrast', 0.9543882005270974, 'translate-x', 0.8361434987037635, 0.649112781694861]
INFO:root:455, 0.5077777778837416, ['gaussian-blur', 0.9916620053981222, 'gamma-contrast', 0.954701014138297, 'invert', 0.9854491327642904, 0.3005508904864839]
INFO:root:456, 0.5021111112170749, ['clouds', 0.9898137681377798, 'gamma-contrast', 0.3579076879089956, 'translate-x', 0.10147284953326555, 0.7118464395159494]
INFO:root:457, 0.5054444448418087, ['coarse-dropout', 0.9955820635346423, 'gamma-contrast', 0.9553543154264512, 'invert', 0.8073889846361646, 0.8286169735147326]
INFO:root:458, 0.4972222221692403, ['gaussian-blur', 0.9955568595070673, 'gamma-contrast', 0.0469425206012435, 'translate-x', 0.7695271617089231, 0.8946869851097965]
INFO:root:459, 0.5054444444444444, ['translate-y', 0.9821029796352638, 'rotate', 0.9878733542035587, 'translate-x', 0.5269946608172701, 0.3628069254554684]
INFO:root:460, 0.4955555557674831, ['translate-y', 0.9696596170428695, 'gamma-contrast', 0.9402023935137582, 'gamma-contrast', 0.04185676160372554, 0.769901678756861]
INFO:root:461, 0.4990000001059638, ['crop', 0.9932261565398567, 'gamma-contrast', 0.9670785790623968, 'invert', 0.5155520183612282, 0.4579656992020643]
INFO:root:462, 0.5173333334128061, ['shear', 0.9660572946174658, 'gamma-contrast', 0.9802905468636959, 'emboss', 0.746745929068978, 0.9783186891322003]
INFO:root:463, 0.5094444445239172, ['translate-y', 0.7594411132090889, 'gamma-contrast', 0.3486210915986208, 'translate-x', 0.9444724389964858, 0.17640884288977768]
INFO:root:464, 0.505444444735845, ['translate-y', 0.9826356537676583, 'rotate', 0.996378512686017, 'translate-x', 0.5208252991185129, 0.589333654188771]
INFO:root:465, 0.5076666666136846, ['coarse-dropout', 0.9628373761603469, 'gamma-contrast', 0.9534309714897826, 'coarse-dropout', 0.9380717372051834, 0.9341079622014276]
INFO:root:466, 0.5144444445504082, ['translate-y', 0.9749240569819074, 'clouds', 0.9031688236261779, 'translate-x', 0.08587778497953803, 0.6157202177588652]
INFO:root:467, 0.499333333465788, ['crop', 0.9889336170420882, 'gamma-contrast', 0.911986409164349, 'brighten', 0.2961998987814382, 0.9891676372180772]
INFO:root:468, 0.5228888893392352, ['shear', 0.9947801881439154, 'rotate', 0.9527138162993004, 'translate-x', 0.8582803885771103, 0.6586086252164326]
INFO:root:469, 0.5091111114290026, ['clouds', 0.9991562508492017, 'gamma-contrast', 0.9463459300458212, 'sharpen', 0.13139015279008828, 0.682264646647134]
INFO:root:470, 0.5053333334392971, ['translate-y', 0.9940752114856066, 'gamma-contrast', 0.4455728827307106, 'shear', 0.5958674746688447, 0.7509446572953559]
INFO:root:471, 0.5054444445504083, ['brighten', 0.9906811118296889, 'translate-x', 0.9958105418867343, 'translate-x', 0.1391501558240487, 0.38492271161589875]
INFO:root:472, 0.5095555557674831, ['translate-y', 0.9935425371340812, 'invert', 0.9793462363394834, 'translate-x', 0.12859959736527973, 0.33237930669191523]
INFO:root:473, 0.5997777777512867, ['translate-y', 0.18563596803121088, 'gamma-contrast', 0.9713256338297499, 'shear', 0.21960665417625463, 0.9241440578344349]
INFO:root:474, 0.5216666667461396, ['translate-y', 0.9808235192335046, 'gamma-contrast', 0.9530342346542308, 'coarse-dropout', 0.6440994528781138, 0.2981504140937075]
INFO:root:475, 0.6652222221692403, ['translate-y', 0.9731917400954904, 'gamma-contrast', 0.9561795948371533, 'translate-x', 0.849119102528288, 0.6477165324950179]
INFO:root:476, 0.5547777778307597, ['emboss', 0.04218872341808478, 'gamma-contrast', 0.8262618476142229, 'translate-x', 0.8754175305835707, 0.7505166137444566]
INFO:root:477, 0.5549999996821087, ['coarse-dropout', 0.9988705751716969, 'gamma-contrast', 0.7727955075726112, 'translate-x', 0.9163880706351366, 0.7177480601070169]
INFO:root:478, 0.506111111137602, ['translate-y', 0.6774560358934548, 'gamma-contrast', 0.25607927111936774, 'emboss', 0.7912242034261643, 0.6659648126161288]
INFO:root:479, 0.5127777776983049, ['translate-y', 0.9972941824463076, 'emboss', 0.8030494267308947, 'translate-y', 0.8561688787676205, 0.9260808585696512]
INFO:root:480, 0.5059999999470182, ['translate-y', 0.984774927358384, 'coarse-dropout', 0.9694969073760014, 'fog', 0.13644753953812408, 0.9502625880166281]
INFO:root:481, 0.5135555554231008, ['translate-y', 0.9809996730249769, 'gamma-contrast', 0.5751230749692636, 'fog', 0.9608783077558614, 0.9794130151519894]
INFO:root:482, 0.48277777820163303, ['clouds', 0.9855972360411182, 'gamma-contrast', 0.9377213763467727, 'clouds', 0.693185381654317, 0.9736503451501406]
INFO:root:483, 0.4944444444709354, ['crop', 0.5908330051147803, 'gamma-contrast', 0.9859847233212498, 'dropout', 0.059789923294435235, 0.938785969140283]
INFO:root:484, 0.5080000002649094, ['translate-y', 0.3752425889623846, 'gamma-contrast', 0.9987112625194112, 'additive-gaussian-noise', 0.8611478140447736, 0.8026299643848881]
INFO:root:485, 0.5070000004503461, ['translate-y', 0.95455173894786, 'gamma-contrast', 0.9551310754081257, 'fog', 0.030692757617293516, 0.406064864469171]
INFO:root:486, 0.4946666667726306, ['gamma-contrast', 0.9949680113039006, 'invert', 0.8803397047461817, 'translate-x', 0.8042266662762186, 0.978732644633396]
INFO:root:487, 0.5185555554760826, ['brighten', 0.31357333368510903, 'fog', 0.15315127154216315, 'translate-x', 0.7007130486797051, 0.6581823280186246]
INFO:root:488, 0.52333333351877, ['gaussian-blur', 0.9822611750344925, 'fog', 0.9243660310928652, 'translate-x', 0.17038860221008215, 0.9602834616722828]
INFO:root:489, 0.5174444443384807, ['crop', 0.07977306285729115, 'invert', 0.9810061052765253, 'translate-x', 0.019090491170302485, 0.6948390932279679]
INFO:root:490, 0.5028888891273076, ['crop', 0.8115096455072556, 'shear', 0.4377637998564229, 'translate-x', 0.9440410988314069, 0.9336194495239759]
INFO:root:491, 0.5127777776983049, ['invert', 0.9742963982368578, 'sharpen', 0.9619495694403071, 'translate-x', 0.9772224095951458, 0.5838719259538251]
INFO:root:492, 0.5876666669050852, ['translate-y', 0.999371094585482, 'gamma-contrast', 0.848980748342982, 'rotate', 0.9135086989081357, 0.8009118917832836]
INFO:root:493, 0.5134444446298811, ['sharpen', 0.9852724490563441, 'fog', 0.0034854377597166595, 'translate-y', 0.40733768632339007, 0.1317716636116212]
INFO:root:494, 0.5161111108726926, ['translate-y', 0.9368775432310859, 'fog', 0.003414509602574612, 'shear', 0.4225109010834448, 0.6613481091883004]
INFO:root:495, 0.5212222223281859, ['crop', 0.999829338234792, 'sharpen', 0.9912704483162563, 'rotate', 0.7644606770910007, 0.9954325147643992]
INFO:root:496, 0.5117777777247958, ['additive-gaussian-noise', 0.9614892571655868, 'fog', 0.0016477720271572687, 'invert', 0.713181592450547, 0.38965769047236465]
INFO:root:497, 0.5248888889418708, ['crop', 0.2902777511346077, 'gamma-contrast', 0.8417646427524864, 'translate-x', 0.01087636028690442, 0.6582366977837226]
INFO:root:498, 0.5105555558469561, ['gamma-contrast', 0.9771174616082732, 'emboss', 0.9633527215889224, 'dropout', 0.7973329465230604, 0.6532831520455948]
INFO:root:499, 0.520888888756434, ['translate-y', 0.9945303267236659, 'additive-gaussian-noise', 0.9637082593919857, 'gaussian-blur', 0.19399151577619783, 0.878828811101071]
INFO:root:500, 0.7038888888756434, ['translate-y', 0.9420085972319237, 'gamma-contrast', 0.9772283945976803, 'translate-x', 0.7097256629793233, 0.2520001181107154]
INFO:root:501, 0.5133333333598242, ['translate-y', 0.34774073513451337, 'gamma-contrast', 0.33851983895096455, 'translate-x', 0.6258379416394502, 0.11574269891213376]
INFO:root:502, 0.6217777779367235, ['clouds', 0.7896882176757877, 'gamma-contrast', 0.9751097916795193, 'translate-x', 0.8795931012160217, 0.887148130709912]
INFO:root:503, 0.5155555556880103, ['gamma-contrast', 0.3522148290012475, 'gamma-contrast', 0.9622277455768361, 'translate-x', 0.4821863763353832, 0.516180049521032]
INFO:root:504, 0.492888888835907, ['translate-y', 0.9892729388427521, 'gamma-contrast', 0.1258975574292557, 'translate-x', 0.3988655062599312, 0.9803864183891164]
INFO:root:505, 0.5146666665342119, ['translate-y', 0.8612277783273278, 'gaussian-blur', 0.05422311223283806, 'translate-x', 0.8871464128546971, 0.15869242567473332]
INFO:root:506, 0.5945555557145012, ['rotate', 0.8560786310335122, 'gamma-contrast', 0.9654192854464416, 'translate-x', 0.15162553226083744, 0.0801130642984267]
INFO:root:507, 0.5034444444179536, ['crop', 0.8846837782754682, 'crop', 0.9555135784116934, 'clouds', 0.056143515406144054, 0.9723365918555451]
INFO:root:508, 0.690777777618832, ['translate-y', 0.17389001646057436, 'gamma-contrast', 0.9897039271556846, 'translate-y', 0.8591437437178494, 0.44394378902213416]
INFO:root:509, 0.6136666665607029, ['translate-y', 0.9462659752135334, 'gamma-contrast', 0.9909563574070693, 'crop', 0.5813293346949652, 0.12111571746807362]
INFO:root:510, 0.6417777777777778, ['translate-y', 0.4699812542694317, 'gamma-contrast', 0.982120704500086, 'rotate', 0.34019895223079594, 0.9679073953076492]
INFO:root:511, 0.5118888890743256, ['crop', 0.22138269171990382, 'gamma-contrast', 0.9921106644787692, 'coarse-dropout', 0.947851633451903, 0.5995673596930969]
INFO:root:512, 0.5116666667196486, ['gamma-contrast', 0.08986107978098114, 'clouds', 0.992240284114581, 'translate-y', 0.938999612605646, 0.1756731864091771]
INFO:root:513, 0.5153333335717518, ['crop', 0.9523499541665148, 'fog', 0.9193905196606148, 'sharpen', 0.00030364490956402706, 0.9963749723130887]
INFO:root:514, 0.5094444442325168, ['translate-y', 0.3766201224325231, 'dropout', 0.9223729005718825, 'translate-y', 0.8600555561768425, 0.5420428439153466]
