INFO:root:run_bayesianopt ran with args: (), and kwargs: {'dataset_name': 'cifar10', 'model_name': 'basiccnn', 'num_classes': 10, 'train_set_size': 2000, 'opt_iterations': 10000, 'opt_samples': 3, 'opt_initial_points': 10, 'child_epochs': 50, 'child_first_train_epochs': 0, 'child_batch_size': 64, 'opt_last_n_epochs': 5}
INFO:root:1, 0.4822222225930956, ['dropout', 0.8442657485810175, 'invert', 0.8472517387841256, 'dropout', 0.38438170729269994, 0.29753460654447234]
INFO:root:2, 0.46677777780426877, ['crop', 0.27265629458011326, 'emboss', 0.8121687287754934, 'emboss', 0.39278479610082984, 0.8360787635373778]
INFO:root:3, 0.4774444442325168, ['translate-y', 0.6481718720511973, 'translate-y', 0.9571551589530466, 'rotate', 0.8700872583584366, 0.4736080452737106]
INFO:root:4, 0.4572222222752042, ['brighten', 0.5204774795512049, 'coarse-dropout', 0.7206326547259169, 'dropout', 0.5373732294490108, 0.7586156243223574]
INFO:root:5, 0.47466666666666674, ['gaussian-blur', 0.47360041934665753, 'rotate', 0.7369181771289582, 'shear', 0.13521817340545209, 0.32414100779321414]
INFO:root:6, 0.48711111137602064, ['rotate', 0.2223213882515877, 'sharpen', 0.9025984755294049, 'emboss', 0.6130634578841325, 0.9023485831739845]
INFO:root:7, 0.4866666665077209, ['gaussian-blur', 0.969809067746749, 'coarse-dropout', 0.17090958513604518, 'translate-y', 0.7506861412184564, 0.6078306687154679]
INFO:root:8, 0.44044444460339016, ['translate-y', 0.03842542647273473, 'coarse-dropout', 0.9589492686245206, 'coarse-dropout', 0.635058873603564, 0.9952995676778879]
INFO:root:9, 0.48644444425900774, ['dropout', 0.4143685882263689, 'emboss', 0.6235101011318683, 'translate-y', 0.6747523222590208, 0.31720174206929613]
INFO:root:10, 0.4277777779102325, ['brighten', 0.9495710534507423, 'coarse-dropout', 0.013571635612109837, 'dropout', 0.6736596308357895, 0.971945002499666]
INFO:root:11, 0.4102222223016951, ['coarse-dropout', 0.5302236912247696, 'coarse-dropout', 0.8553165164178642, 'dropout', 0.5284176048596472, 0.8994466782259227]
INFO:root:12, 0.3853333331478967, ['translate-y', 0.021477766965089854, 'coarse-dropout', 0.9949019791664596, 'dropout', 0.7502653181533687, 0.9853794709192188]
INFO:root:13, 0.48533333333333334, ['fog', 0.37891601046928525, 'coarse-dropout', 0.9533775112214365, 'dropout', 0.5923353139562374, 0.9987728959681573]
INFO:root:14, 0.3981111111508476, ['shear', 0.1036878585410698, 'coarse-dropout', 0.664326784665985, 'dropout', 0.004540623731874694, 0.9588991958195758]
INFO:root:15, 0.43411111127005686, ['rotate', 0.15188311352254172, 'coarse-dropout', 0.8878292819226435, 'gaussian-blur', 0.10741274703744366, 0.9894777030534107]
INFO:root:16, 0.43166666653421193, ['additive-gaussian-noise', 0.04801228268902037, 'coarse-dropout', 0.888911389541484, 'shear', 0.6250531629694541, 0.9564318446578748]
INFO:root:17, 0.48544444431198963, ['brighten', 0.02765230700165012, 'coarse-dropout', 0.966106184852199, 'fog', 0.6332222237448032, 0.930739892285805]
INFO:root:18, 0.4648888888623979, ['additive-gaussian-noise', 0.9465510533456228, 'coarse-dropout', 0.8977364736021074, 'dropout', 0.959446765007602, 0.9752124258941629]
INFO:root:19, 0.4115555555820465, ['clouds', 0.008322666219006571, 'invert', 0.9803350285405131, 'dropout', 0.025189135062425046, 0.9943209124886202]
INFO:root:20, 0.4483333333068424, ['dropout', 0.08493409024948097, 'emboss', 0.7736475977133304, 'dropout', 0.8772519929890081, 0.9869821874741576]
INFO:root:21, 0.492444444153044, ['translate-y', 0.1575671418257988, 'sharpen', 0.9115961450013058, 'dropout', 0.09509301848068455, 0.9744784867555126]
INFO:root:22, 0.4513333332538605, ['crop', 0.07529389531290921, 'gaussian-blur', 0.9225201201405827, 'dropout', 0.325016032730479, 0.9449645554479221]
INFO:root:23, 0.4961111110316383, ['invert', 0.032103074681330564, 'gamma-contrast', 0.8737378421157259, 'dropout', 0.15403223932595692, 0.987172863169773]
INFO:root:24, 0.42000000007947286, ['brighten', 0.0021327760046780946, 'rotate', 0.4991949869715424, 'dropout', 0.041579154629347366, 0.9898809598021467]
INFO:root:25, 0.49255555542310087, ['crop', 0.023316005375872976, 'invert', 0.6590619015455259, 'clouds', 0.3914553114722312, 0.9842681093469611]
INFO:root:26, 0.47888888875643415, ['emboss', 0.01682163123800551, 'coarse-dropout', 0.39534560158505916, 'crop', 0.005845243362775366, 0.8052676499247983]
INFO:root:27, 0.5084444442325168, ['dropout', 0.01191749881779192, 'coarse-dropout', 0.4120366528308368, 'fog', 0.7356141659940801, 0.9882702678575996]
INFO:root:28, 0.5287777779367236, ['gamma-contrast', 0.0018122528490852612, 'translate-y', 0.9641592983566589, 'dropout', 0.038386026288713244, 0.9177040235244374]
INFO:root:29, 0.451888888835907, ['emboss', 0.3910412758695172, 'coarse-dropout', 0.6933566648350752, 'dropout', 0.009471568525644682, 0.9669262086962385]
INFO:root:30, 0.43066666648123, ['dropout', 0.5994438977649188, 'coarse-dropout', 0.9945726562750765, 'dropout', 0.05383301067006398, 0.9513000906323229]
INFO:root:31, 0.44688888878292504, ['invert', 0.07762450939087774, 'coarse-dropout', 0.9864639658618959, 'dropout', 0.2667438554032551, 0.0020752744855244702]
INFO:root:32, 0.5051111114025115, ['emboss', 0.018555534341640482, 'emboss', 0.9910280405409255, 'clouds', 0.058316954668047885, 0.9437957361687673]
INFO:root:33, 0.4584444445504083, ['dropout', 0.0019829471999198716, 'shear', 0.41987194735584377, 'dropout', 0.038317886787231366, 0.9772676261321501]
INFO:root:34, 0.48600000013245476, ['gaussian-blur', 0.5527558959302934, 'additive-gaussian-noise', 0.9957758785372189, 'dropout', 0.6653782228449111, 0.991163429694341]
INFO:root:35, 0.4636666665871938, ['additive-gaussian-noise', 0.07638459337463012, 'coarse-dropout', 0.5722509514766124, 'dropout', 0.341173909070778, 0.8833835949621777]
INFO:root:36, 0.49822222206327654, ['clouds', 0.017793958780531586, 'translate-x', 0.6520514552582546, 'sharpen', 0.0008173340246825369, 0.9957410925750975]
INFO:root:37, 0.3882222222487132, ['brighten', 0.10154647004399667, 'coarse-dropout', 0.9733121212193894, 'dropout', 0.38416866941084604, 0.9208677744568888]
INFO:root:38, 0.40422222236792243, ['emboss', 0.15424075018835318, 'coarse-dropout', 0.9948416258771673, 'dropout', 0.9412408958982994, 0.4126196992552975]
INFO:root:39, 0.5077777776983049, ['translate-y', 0.13800622113385222, 'coarse-dropout', 0.9928410749467336, 'fog', 0.08904302870950044, 0.9623619777608542]
INFO:root:40, 0.44533333335982433, ['gaussian-blur', 0.10301926389706387, 'coarse-dropout', 0.9913383831963867, 'dropout', 0.7816106352760527, 0.7338653311411609]
INFO:root:41, 0.456777777645323, ['translate-x', 0.2438998119852384, 'coarse-dropout', 0.9972755563276092, 'dropout', 0.07924257541272052, 0.2111170150217126]
INFO:root:42, 0.4418888887034522, ['emboss', 0.15400726197223905, 'coarse-dropout', 0.23609561779639637, 'dropout', 0.765406749201736, 0.9906706438056415]
INFO:root:43, 0.4631111111111111, ['additive-gaussian-noise', 0.022073760658515854, 'coarse-dropout', 0.2428920093542169, 'dropout', 0.5129325173963799, 0.3424980622383193]
INFO:root:44, 0.5281111108991835, ['gamma-contrast', 0.01641665978777929, 'coarse-dropout', 0.9774522264753367, 'dropout', 0.5842784637183699, 0.27195318015122044]
INFO:root:45, 0.44955555544959175, ['additive-gaussian-noise', 0.01763864938860005, 'coarse-dropout', 0.9659659058259048, 'dropout', 0.6962469657770087, 0.45807506660469255]
INFO:root:46, 0.5136666662428114, ['fog', 0.04853043143336434, 'emboss', 0.9956894438964142, 'dropout', 0.9019078450084977, 0.8820178714753845]
INFO:root:47, 0.4580000001059638, ['gaussian-blur', 0.9894028577919897, 'coarse-dropout', 0.9989968634686359, 'dropout', 0.9860643712256751, 0.5993532287058954]
INFO:root:48, 0.45922222230169507, ['coarse-dropout', 0.035771277545713416, 'coarse-dropout', 0.7903509792010636, 'shear', 0.3020426572010097, 0.951141429826736]
INFO:root:49, 0.4309999998675453, ['emboss', 0.33342894920223637, 'coarse-dropout', 0.9975774935308408, 'dropout', 0.6195836563322402, 0.9391306807445682]
INFO:root:50, 0.5053333332008786, ['invert', 0.09071252910483509, 'coarse-dropout', 0.2849909466474649, 'dropout', 0.3408661511920981, 0.908376272929881]
INFO:root:51, 0.48711111103163823, ['invert', 0.16704931861133057, 'coarse-dropout', 0.8875351111882148, 'dropout', 0.8192080223212308, 0.897680848417129]
INFO:root:52, 0.43588888883590693, ['translate-x', 0.13707462527038874, 'coarse-dropout', 0.9673039730747255, 'dropout', 0.6447773609560983, 0.9903052585731511]
INFO:root:53, 0.46888888878292506, ['dropout', 0.14884067327122488, 'coarse-dropout', 0.9792166724249453, 'dropout', 0.8365151063663128, 0.7279485565827861]
INFO:root:54, 0.4511111108462016, ['gaussian-blur', 0.020718060057727476, 'coarse-dropout', 0.9906029983816101, 'invert', 0.25016267110744733, 0.9517750601246048]
INFO:root:55, 0.43366666650772095, ['invert', 0.1093039695797853, 'coarse-dropout', 0.9905272573232583, 'brighten', 0.7552331878498516, 0.9597949783849904]
INFO:root:56, 0.46966666642824806, ['brighten', 0.12509074612409124, 'coarse-dropout', 0.7476983240508767, 'clouds', 0.07045854818544563, 0.9441643094962997]
INFO:root:57, 0.42322222214274935, ['crop', 0.004338286980288709, 'coarse-dropout', 0.03314506059034506, 'dropout', 0.17282057463377967, 0.9827800487972043]
INFO:root:58, 0.5498888889948527, ['shear', 0.006105022541018636, 'translate-y', 0.9809422355993818, 'translate-y', 0.04828883341289837, 0.9962807018465895]
INFO:root:59, 0.47244444460339013, ['brighten', 0.003837437760666252, 'clouds', 0.5507037449209939, 'dropout', 0.8147583464958255, 0.971706732622251]
INFO:root:60, 0.45733333309491475, ['translate-y', 0.004991920483037649, 'coarse-dropout', 0.07712540512887757, 'gaussian-blur', 0.7085670099891033, 0.9602978265883635]
INFO:root:61, 0.43666666656070285, ['additive-gaussian-noise', 0.07571520331842775, 'coarse-dropout', 0.9840682729754736, 'dropout', 0.7947755728961079, 0.9630882719450427]
INFO:root:62, 0.44922222190433075, ['invert', 0.21392087029230483, 'additive-gaussian-noise', 0.9695154577738453, 'dropout', 0.04077104408653732, 0.9939064696491579]
INFO:root:63, 0.46177777804268727, ['coarse-dropout', 0.008601705839036413, 'coarse-dropout', 0.7804203548295376, 'dropout', 0.025465838997235764, 0.973049129096199]
INFO:root:64, 0.442888888835907, ['crop', 0.13135897888028106, 'coarse-dropout', 0.524082708027929, 'dropout', 0.20666686951995633, 0.9013533065342579]
INFO:root:65, 0.46122222232818605, ['additive-gaussian-noise', 0.019190511872278163, 'additive-gaussian-noise', 0.9878103268086755, 'dropout', 0.918681079856742, 0.9884669520511706]
INFO:root:66, 0.4747777778572506, ['emboss', 0.46344730242036003, 'coarse-dropout', 0.2133210627669711, 'dropout', 0.4733707105003975, 0.9240327623198059]
INFO:root:67, 0.5087777778572506, ['shear', 0.9636770912172103, 'translate-y', 0.5079981074503118, 'dropout', 0.022703180774285795, 0.9639596655178484]
INFO:root:68, 0.4876666668256124, ['crop', 0.15907381898087572, 'coarse-dropout', 0.9940410456642919, 'translate-y', 0.06245522733493837, 0.8202251523492033]
INFO:root:69, 0.4698888887299431, ['translate-x', 0.0944907613904237, 'coarse-dropout', 0.970409253844648, 'dropout', 0.03473475801939508, 0.979928411793693]
INFO:root:70, 0.4341111110051474, ['rotate', 0.027914355936243924, 'coarse-dropout', 0.9956740409127922, 'emboss', 0.08648798366220047, 0.9932378367379443]
INFO:root:71, 0.5195555557409922, ['invert', 0.004489560999744403, 'fog', 0.9955220347626494, 'translate-y', 0.567114893948366, 0.9913137814818265]
INFO:root:72, 0.4826666663752662, ['translate-y', 0.030485901552343105, 'coarse-dropout', 0.9885356318176067, 'shear', 0.5067821095309911, 0.9989187894640851]
INFO:root:73, 0.49055555582046506, ['dropout', 0.9774681199895885, 'coarse-dropout', 0.9947471920214049, 'clouds', 0.6933169985356618, 0.44937324153612257]
INFO:root:74, 0.5122222220102945, ['translate-y', 0.06917785483314377, 'gamma-contrast', 0.9779821203977729, 'dropout', 0.06274809899957436, 0.926921494795878]
INFO:root:75, 0.4736666663222843, ['rotate', 0.029214734326249554, 'coarse-dropout', 0.5534434934469931, 'dropout', 0.6552888758091011, 0.9167587268547163]
INFO:root:76, 0.48577777759234114, ['fog', 0.5536034465878182, 'coarse-dropout', 0.378469348385595, 'dropout', 0.538031053415287, 0.9578953008809113]
INFO:root:77, 0.5192222217188941, ['emboss', 0.16555037185406143, 'coarse-dropout', 0.9997443066023073, 'translate-y', 0.7413091239397595, 0.09926407004794915]
INFO:root:78, 0.4942222224341499, ['rotate', 0.9150251199981837, 'emboss', 0.9951263561730189, 'dropout', 0.05743908128057408, 0.6613759690630402]
INFO:root:79, 0.4059999996556176, ['crop', 0.035193389267252025, 'coarse-dropout', 0.996100784907612, 'sharpen', 0.7269276036996282, 0.3445168780507482]
INFO:root:80, 0.5035555555555556, ['fog', 0.9309199745289839, 'coarse-dropout', 0.9959357904754362, 'invert', 0.7703342842788933, 0.5339477679564183]
INFO:root:81, 0.4768888888888889, ['additive-gaussian-noise', 0.08921224053251488, 'coarse-dropout', 0.9927911643396377, 'dropout', 0.6083242649686404, 0.6228347782540476]
INFO:root:82, 0.4856666666136847, ['coarse-dropout', 0.01037476859777209, 'coarse-dropout', 0.9975589999621207, 'shear', 0.8398276547293182, 0.9777060853040779]
INFO:root:83, 0.5163333330684238, ['gamma-contrast', 0.12301043037228601, 'coarse-dropout', 0.9881350668487577, 'dropout', 0.7328845879853302, 0.25963659926209187]
INFO:root:84, 0.5469999998410543, ['gamma-contrast', 0.07609875736140183, 'sharpen', 0.9998429264086709, 'dropout', 0.006917866285844456, 0.9406290907392887]
INFO:root:85, 0.5434444447093539, ['gamma-contrast', 0.05427946123491191, 'coarse-dropout', 0.2293756083935215, 'sharpen', 0.9931902595551786, 0.9983866239575281]
INFO:root:86, 0.5121111108197106, ['sharpen', 0.10504912632173372, 'coarse-dropout', 0.6036213083190247, 'translate-y', 0.8356923362036621, 0.9860586460864005]
INFO:root:87, 0.4384444445768992, ['shear', 0.18672022017319148, 'coarse-dropout', 0.9996839098024412, 'gamma-contrast', 0.947572949248302, 0.9152233158333358]
INFO:root:88, 0.48044444470935393, ['translate-x', 0.036003877004285874, 'coarse-dropout', 0.9942960592127688, 'invert', 0.7548434477928957, 0.08051985117781281]
INFO:root:89, 0.46988888867696127, ['shear', 0.02343210106361338, 'coarse-dropout', 0.9963342132423255, 'rotate', 0.22543397875201515, 0.16132517229848323]
INFO:root:90, 0.5033333332273696, ['brighten', 0.09462250583728296, 'coarse-dropout', 0.9954710329571532, 'translate-x', 0.4503118951141456, 0.8783374442302767]
INFO:root:91, 0.41822222216924027, ['brighten', 0.12385351414165727, 'coarse-dropout', 0.12459381141690065, 'invert', 0.208267060310884, 0.9832590085473109]
INFO:root:92, 0.47888888849152456, ['brighten', 0.12748765646788476, 'coarse-dropout', 0.4807170102762972, 'shear', 0.3198978602705744, 0.9654163854625358]
INFO:root:93, 0.47477777759234113, ['brighten', 0.10061337198022549, 'coarse-dropout', 0.15027721167452182, 'emboss', 0.3209878980247947, 0.9877169850205353]
INFO:root:94, 0.4906666663752662, ['translate-y', 0.7708757960455054, 'coarse-dropout', 0.9943863321852977, 'dropout', 0.8665395329425488, 0.9814430146245466]
INFO:root:95, 0.4653333333333333, ['translate-x', 0.4525186300836752, 'coarse-dropout', 0.8942696275431832, 'dropout', 0.24245509386521985, 0.9428411197953575]
INFO:root:96, 0.45699999989403617, ['additive-gaussian-noise', 0.18854536372013037, 'coarse-dropout', 0.5651520942208992, 'dropout', 0.09186955494663541, 0.9831456658439349]
INFO:root:97, 0.4344444442590078, ['gaussian-blur', 0.08375314975090965, 'coarse-dropout', 0.99668933449313, 'additive-gaussian-noise', 0.8258806478262494, 0.5778494962341897]
INFO:root:98, 0.4938888885709975, ['crop', 0.07660143706066615, 'coarse-dropout', 0.9966680911078711, 'shear', 0.9164774004204985, 0.7360306537249958]
INFO:root:99, 0.42777777767181396, ['additive-gaussian-noise', 0.10420151186014573, 'invert', 0.4491395609973742, 'dropout', 0.003542820594209185, 0.9822737416363992]
INFO:root:100, 0.4998888890213437, ['shear', 0.15345259098726563, 'translate-x', 0.30274764345017685, 'dropout', 0.02422647810785051, 0.9971688724316728]
INFO:root:101, 0.4444444443384807, ['brighten', 0.1545646228097425, 'sharpen', 0.9142212313391964, 'dropout', 0.015684566441570572, 0.38127933369636846]
INFO:root:102, 0.4781111110051473, ['shear', 0.8280741539249237, 'shear', 0.13718224641216595, 'dropout', 0.009636956528373488, 0.9515424487090632]
INFO:root:103, 0.498777777645323, ['fog', 0.11253088852821816, 'coarse-dropout', 0.8942596956564174, 'crop', 0.46622254686323306, 0.9182754924972699]
INFO:root:104, 0.48255555560853747, ['clouds', 0.0015604658936025921, 'invert', 0.4560515918118194, 'dropout', 0.0018278501080611913, 0.9989438609604765]
INFO:root:105, 0.48411111095216536, ['crop', 0.08415097692382857, 'coarse-dropout', 0.9960274669482002, 'invert', 0.0651960593273896, 0.19299230906929604]
INFO:root:106, 0.43033333341280616, ['crop', 0.1371952278602603, 'coarse-dropout', 0.985899823790146, 'dropout', 0.2582773885600617, 0.9675725444549813]
INFO:root:107, 0.4570000001059638, ['brighten', 0.3330646791674529, 'coarse-dropout', 0.9964894202042314, 'dropout', 0.6556454663007514, 0.12090587212446549]
INFO:root:108, 0.49711111116409307, ['emboss', 0.26667999472172194, 'coarse-dropout', 0.9998175269331316, 'emboss', 0.7246669335481857, 0.9377931560739481]
INFO:root:109, 0.4459999996556176, ['translate-y', 0.008001244265383957, 'coarse-dropout', 0.05931306580761343, 'dropout', 0.60690211406781, 0.9672782551099041]
INFO:root:110, 0.5064444442590078, ['sharpen', 0.10128023616085693, 'clouds', 0.0348468965198161, 'coarse-dropout', 0.0026133046512590856, 0.9938160473787997]
INFO:root:111, 0.4891111113230388, ['gaussian-blur', 0.10416142440919055, 'coarse-dropout', 0.30087368870438186, 'fog', 0.006106664302933053, 0.9968775039224292]
INFO:root:112, 0.48955555531713696, ['crop', 0.11485690586685929, 'fog', 0.5208036027724675, 'dropout', 0.0018815563718352917, 0.21512038093830949]
INFO:root:113, 0.47588888870345225, ['brighten', 0.9988971364105226, 'coarse-dropout', 0.9997196986807944, 'dropout', 0.9847798623594136, 0.7799201977525755]
INFO:root:114, 0.4141111109786564, ['brighten', 0.11006488315883348, 'coarse-dropout', 0.882986986252435, 'dropout', 0.17970441359047698, 0.4730980269382904]
INFO:root:115, 0.4599999997615814, ['dropout', 0.11173129049585309, 'coarse-dropout', 0.8844702550393708, 'dropout', 0.42572015834560295, 0.9127331069625583]
INFO:root:116, 0.4595555550257366, ['shear', 0.11121423908370257, 'coarse-dropout', 0.9986995789866099, 'dropout', 0.3082878371583971, 0.34049068243366815]
INFO:root:117, 0.4678888890213437, ['brighten', 0.08635684498471409, 'coarse-dropout', 0.527366729142358, 'dropout', 0.19488124658223155, 0.5803542230906377]
INFO:root:118, 0.5329999999470181, ['invert', 0.10479897386202455, 'coarse-dropout', 0.9243672870706305, 'dropout', 0.9108732318798859, 0.4388518446819395]
INFO:root:119, 0.42344444425900774, ['rotate', 0.08668380905204444, 'coarse-dropout', 0.9758878691071363, 'dropout', 0.017775232502014963, 0.35214296765473224]
INFO:root:120, 0.470999999947018, ['clouds', 0.09760878363262196, 'coarse-dropout', 0.9074898101782335, 'dropout', 0.989131013657893, 0.9400845601096401]
INFO:root:121, 0.5256666667461395, ['translate-x', 0.01349745982300166, 'gamma-contrast', 0.956846993485293, 'dropout', 0.10461365810981962, 0.9896617951770477]
INFO:root:122, 0.4373333332538605, ['brighten', 0.7658235562685343, 'coarse-dropout', 0.8526791919097174, 'dropout', 0.47967793471428344, 0.34559270055245633]
INFO:root:123, 0.4598888887299431, ['gamma-contrast', 0.5303200700281477, 'coarse-dropout', 0.17620290377570594, 'dropout', 0.11109256999778963, 0.4218020506401552]
INFO:root:124, 0.5038888889948527, ['rotate', 0.7017527403732254, 'coarse-dropout', 0.07670014020289141, 'dropout', 0.5704245693819391, 0.36134431628862457]
INFO:root:125, 0.4938888887564341, ['rotate', 0.1469159100936233, 'coarse-dropout', 0.7401645755926909, 'dropout', 0.0029564318105916873, 0.400205525082415]
INFO:root:126, 0.4631111109256745, ['brighten', 0.021461050663698193, 'invert', 0.8822950690358047, 'dropout', 0.017747980143273615, 0.6264635703471989]
INFO:root:127, 0.48844444462988107, ['emboss', 0.07288015916001124, 'coarse-dropout', 0.9714475165271339, 'shear', 0.8707951332126165, 0.42633467906676104]
INFO:root:128, 0.48211111071374685, ['brighten', 0.6540781994265932, 'coarse-dropout', 0.9650919358252908, 'dropout', 0.00967228946701282, 0.4080874126684011]
INFO:root:129, 0.520444444179535, ['crop', 0.5040297738440266, 'coarse-dropout', 0.9974860697435146, 'clouds', 0.7748445515055052, 0.9400426005665555]
INFO:root:130, 0.5251111112435658, ['gaussian-blur', 0.10071177504712361, 'translate-x', 0.8625757321926237, 'dropout', 0.0076948412294196595, 0.9239473646580784]
INFO:root:131, 0.44788888854450654, ['crop', 0.10253734996849864, 'coarse-dropout', 0.18452970585400522, 'dropout', 0.4038455454922205, 0.8328188866136838]
INFO:root:132, 0.399666666785876, ['brighten', 0.10949891399304204, 'additive-gaussian-noise', 0.04972475747100015, 'invert', 0.9706404457628567, 0.9424457416657567]
INFO:root:133, 0.5191111110051473, ['translate-x', 0.14066703107871706, 'coarse-dropout', 0.008062478936304853, 'translate-y', 0.9703936726696746, 0.9549813858473167]
INFO:root:134, 0.4742222221162584, ['brighten', 0.10264041142654792, 'crop', 0.04869434626780701, 'gaussian-blur', 0.4577192401339699, 0.9949661980400333]
INFO:root:135, 0.49388888851801555, ['shear', 0.10522487303578357, 'fog', 0.15894942528905023, 'dropout', 0.031165302643604627, 0.9831805041518992]
INFO:root:136, 0.4899999995231628, ['brighten', 0.1038848715547396, 'dropout', 0.28653510276641475, 'translate-x', 0.9832520550561066, 0.8513028361833674]
INFO:root:137, 0.4645555555025736, ['coarse-dropout', 0.10106344355569377, 'coarse-dropout', 0.715224729728967, 'dropout', 0.20254935993691475, 0.9320337173454766]
INFO:root:138, 0.4936666666931577, ['brighten', 0.11786631022027563, 'emboss', 0.9750382331823936, 'gaussian-blur', 0.9737967137219169, 0.9223399507514222]
INFO:root:139, 0.48177777753935924, ['brighten', 0.05412396239775509, 'coarse-dropout', 0.9741411778564815, 'dropout', 0.6889577485928212, 0.20914884244637083]
INFO:root:140, 0.48733333312140575, ['brighten', 0.11157021262151859, 'fog', 0.5664006221675875, 'sharpen', 0.005107542504882768, 0.9898859607706983]
INFO:root:141, 0.4764444443649716, ['crop', 0.36764728869226654, 'coarse-dropout', 0.0720410277828022, 'dropout', 0.7369815633784454, 0.9976401825787531]
INFO:root:142, 0.473888888809416, ['coarse-dropout', 0.10794201042947318, 'sharpen', 0.05424075838364052, 'gaussian-blur', 0.8046412749949798, 0.9665003729919843]
INFO:root:143, 0.45355555550257365, ['brighten', 0.8336610235183437, 'coarse-dropout', 0.09093561137035357, 'dropout', 0.4851550744890698, 0.9248181567967404]
INFO:root:144, 0.4332222219838036, ['brighten', 0.004522330370986261, 'brighten', 0.32384734406509746, 'dropout', 0.030537595067751673, 0.21855726851247187]
INFO:root:145, 0.47922222243414986, ['sharpen', 0.10549642612232216, 'coarse-dropout', 0.9859533483510196, 'additive-gaussian-noise', 0.7209444444942511, 0.9711655115914366]
INFO:root:146, 0.49933333351876996, ['emboss', 0.00037828703631404015, 'sharpen', 0.9938794009497757, 'dropout', 0.45877584129439797, 0.07998039810361414]
INFO:root:147, 0.4936666663752662, ['brighten', 0.10701558005725934, 'translate-x', 0.024595090950204297, 'fog', 0.03533684194356446, 0.38656881815621724]
INFO:root:148, 0.49, ['invert', 0.007639080736869476, 'coarse-dropout', 0.9808418888277131, 'dropout', 0.4451631064484384, 0.4136553951886782]
INFO:root:149, 0.4663333331478967, ['brighten', 0.17954737961880965, 'invert', 0.995576287534464, 'dropout', 0.5849071229533884, 0.9571960855899412]
INFO:root:150, 0.5062222221957313, ['brighten', 0.002774850745570268, 'translate-y', 0.9764725398929225, 'dropout', 0.5477438284026003, 0.41662618125782314]
INFO:root:151, 0.4781111112170749, ['brighten', 0.769224481443407, 'coarse-dropout', 0.8368705534683362, 'invert', 0.3679472078108574, 0.919781836515201]
INFO:root:152, 0.4594444443649716, ['crop', 0.1152452233048156, 'coarse-dropout', 0.0417341551220255, 'dropout', 0.9455277868027981, 0.9942621691141031]
INFO:root:153, 0.44066666658719383, ['gaussian-blur', 0.10493720648060192, 'invert', 0.9062468672461527, 'dropout', 0.017290489769769105, 0.6977038163286328]
INFO:root:154, 0.48200000013245475, ['brighten', 0.024547128470197473, 'fog', 0.9706494201798879, 'dropout', 0.02604644209122043, 0.06264949731292259]
INFO:root:155, 0.48266666645473905, ['brighten', 0.1104377505698663, 'rotate', 0.8855300630349227, 'dropout', 0.15259902308253795, 0.5807290722866341]
INFO:root:156, 0.4411111109786563, ['crop', 0.053355461732052425, 'coarse-dropout', 0.9960624196435309, 'dropout', 0.8755877225798873, 0.7873018964619316]
INFO:root:157, 0.5351111112170749, ['fog', 0.08204058488211298, 'fog', 0.9627619449488976, 'invert', 0.016493765001579622, 0.952286011038518]
INFO:root:158, 0.5012222219838036, ['gamma-contrast', 0.8748168429479226, 'coarse-dropout', 0.4342775002193523, 'dropout', 0.2973955526895958, 0.9713199412333972]
INFO:root:159, 0.4585555553701189, ['shear', 0.10223594016595974, 'coarse-dropout', 0.6540901755103002, 'dropout', 0.9368959198231791, 0.876488401730466]
INFO:root:160, 0.48288888867696117, ['translate-y', 0.045483754209165735, 'additive-gaussian-noise', 0.013665019592907227, 'coarse-dropout', 0.1319425017641718, 0.9448575373197444]
INFO:root:161, 0.43966666666666665, ['shear', 0.025537784301729267, 'coarse-dropout', 0.7618397438242547, 'invert', 0.8308437994507801, 0.993509595952756]
INFO:root:162, 0.3931111111905839, ['additive-gaussian-noise', 0.02845979099486185, 'invert', 0.9966851997078551, 'translate-x', 0.0008877476442703538, 0.958710960306786]
INFO:root:163, 0.46688888854450655, ['coarse-dropout', 0.9028660430335489, 'invert', 0.7171286210903262, 'invert', 0.0046222693653918965, 0.9751258471343902]
INFO:root:164, 0.4926666669580671, ['emboss', 0.04629179728676592, 'invert', 0.9940296669189879, 'sharpen', 0.0070046927440693425, 0.7254427335997886]
INFO:root:165, 0.5134444443384806, ['dropout', 0.026456848505688753, 'invert', 0.9796584730985441, 'dropout', 0.5436655347209959, 0.36478725415842245]
INFO:root:166, 0.4566666664017571, ['additive-gaussian-noise', 0.0012525309582580582, 'invert', 0.48031045192341026, 'invert', 0.7157983864505147, 0.993879865444672]
INFO:root:167, 0.4211111110846201, ['shear', 0.07890760632054496, 'coarse-dropout', 0.997104801475905, 'shear', 0.16243744220755266, 0.9557548499643431]
INFO:root:168, 0.49811111113760215, ['crop', 0.406236730358414, 'coarse-dropout', 0.9972013932862673, 'emboss', 0.23979773626084072, 0.9664359230272813]
INFO:root:169, 0.48722222193082176, ['invert', 0.02861617574767273, 'coarse-dropout', 0.9953710288453022, 'shear', 0.4099295435515893, 0.3861662700056987]
INFO:root:170, 0.46466666671964857, ['shear', 0.002025723613476527, 'emboss', 0.9715491620520678, 'dropout', 0.00799950844402453, 0.9545917866034005]
INFO:root:171, 0.49066666690508526, ['fog', 0.42163971177361637, 'coarse-dropout', 0.9850848284613332, 'dropout', 0.21459324168934463, 0.5193564334195777]
INFO:root:172, 0.48011111089918357, ['additive-gaussian-noise', 0.0900529513589954, 'gamma-contrast', 0.3248468547631263, 'translate-x', 1.0785249083711259e-05, 0.9391981249427935]
INFO:root:173, 0.34988888886239794, ['additive-gaussian-noise', 0.6572695131285449, 'invert', 0.9972081285184087, 'gamma-contrast', 0.9350648759708938, 0.9478633399344352]
INFO:root:174, 0.48088888899485266, ['additive-gaussian-noise', 0.515323408569321, 'invert', 0.9653786956961184, 'brighten', 0.09535594930335692, 0.13462744290410647]
INFO:root:175, 0.49022222166591223, ['additive-gaussian-noise', 0.7558338549074504, 'invert', 0.9969387101663769, 'coarse-dropout', 0.22311904188436543, 0.7342135717664517]
INFO:root:176, 0.48800000010596384, ['additive-gaussian-noise', 0.5505702470104347, 'invert', 0.9976210845074603, 'coarse-dropout', 0.6250459574747509, 0.818384398837576]
INFO:root:177, 0.46044444439146254, ['additive-gaussian-noise', 0.7458839574732938, 'rotate', 0.9970001306702231, 'coarse-dropout', 0.08181044922071014, 0.9611024438120763]
INFO:root:178, 0.4623333331743876, ['additive-gaussian-noise', 0.03028627041960353, 'clouds', 0.025760776789475866, 'invert', 0.9708585523653689, 0.9612889867086658]
INFO:root:179, 0.4721111110051473, ['additive-gaussian-noise', 0.3464714509553632, 'sharpen', 0.9976536391373142, 'additive-gaussian-noise', 0.8537509587159181, 0.9843660802184764]
INFO:root:180, 0.4878888887564341, ['additive-gaussian-noise', 0.9687827544968135, 'invert', 0.7870570993005264, 'fog', 0.6524150056108056, 0.9549250627056539]
INFO:root:181, 0.48700000010596384, ['additive-gaussian-noise', 0.5785561283888793, 'invert', 0.9969375200179533, 'translate-x', 0.7536709945308525, 0.9500329110249396]
INFO:root:182, 0.4845555554760827, ['additive-gaussian-noise', 0.8327231679216545, 'brighten', 0.2952147574319062, 'gaussian-blur', 0.9455887344603888, 0.949922253562314]
INFO:root:183, 0.47911111097865633, ['additive-gaussian-noise', 0.5434886169339195, 'translate-y', 0.7499077854167794, 'rotate', 0.9366055465246451, 0.9611539904681713]
INFO:root:184, 0.49144444447093544, ['shear', 0.19150517091906988, 'clouds', 0.9984635136284696, 'rotate', 0.9191953068145723, 0.9587130244556293]
INFO:root:185, 0.49777777814865115, ['crop', 0.7673398060593253, 'translate-x', 0.9987251755659492, 'brighten', 0.930877617204636, 0.48205067689442527]
INFO:root:186, 0.46755555526415504, ['additive-gaussian-noise', 0.35170721911547137, 'invert', 0.8759086708419678, 'invert', 0.5421923001069451, 0.9571942772612226]
INFO:root:187, 0.478777777618832, ['shear', 0.6773714572907802, 'invert', 0.9978192878503245, 'gaussian-blur', 0.03490368534546651, 0.998726451174284]
INFO:root:188, 0.49566666656070285, ['additive-gaussian-noise', 0.14162977391150425, 'sharpen', 0.10033092918889933, 'invert', 0.9589670577311964, 0.9758176632453597]
INFO:root:189, 0.5005555554231008, ['additive-gaussian-noise', 0.24780086568090726, 'invert', 0.9225888906341178, 'brighten', 0.9462721074059557, 0.5676799490796037]
INFO:root:190, 0.4853333331478967, ['crop', 0.20760280013430327, 'additive-gaussian-noise', 0.842207269054693, 'invert', 0.9379866249763916, 0.9471058740865919]
INFO:root:191, 0.45977777772479583, ['additive-gaussian-noise', 0.5039672759194666, 'rotate', 0.9974078463755686, 'shear', 0.19877954084807697, 0.6031572780454304]
INFO:root:192, 0.5042222221692403, ['additive-gaussian-noise', 0.02823351962284871, 'invert', 0.9971462490377249, 'shear', 0.7501654324584888, 0.08334182237252298]
INFO:root:193, 0.4861111109521654, ['shear', 0.8411443476997267, 'coarse-dropout', 0.15031263097272943, 'coarse-dropout', 0.9894065042605772, 0.9512212030477942]
INFO:root:194, 0.49222222185134895, ['emboss', 0.004456808139991165, 'invert', 0.9860029897412663, 'invert', 0.613107545101919, 0.9572796996481064]
INFO:root:195, 0.475555555290646, ['additive-gaussian-noise', 0.969130599460037, 'invert', 0.9977232859588833, 'brighten', 0.262328658743669, 0.9550520613691831]
INFO:root:196, 0.4751111111111111, ['emboss', 0.2539129899068872, 'coarse-dropout', 0.9836208202228797, 'dropout', 0.8564912461349795, 0.31852218302833807]
INFO:root:197, 0.4798888887564341, ['emboss', 0.1677372789812364, 'emboss', 0.9972666610196745, 'additive-gaussian-noise', 0.9571533514859952, 0.9876798564954252]
INFO:root:198, 0.46266666648123, ['additive-gaussian-noise', 0.007053234926015508, 'dropout', 0.9982288101107865, 'additive-gaussian-noise', 0.19175733865491978, 0.6212408677203689]
INFO:root:199, 0.46177777751286825, ['brighten', 0.13105246493009073, 'coarse-dropout', 0.994889032291891, 'coarse-dropout', 0.7022100962682848, 0.9620463135839287]
INFO:root:200, 0.48688888875643416, ['rotate', 0.1836867213870337, 'gaussian-blur', 0.9970419511043908, 'coarse-dropout', 0.9333216602153965, 0.9483722688085954]
INFO:root:201, 0.49211111081971054, ['additive-gaussian-noise', 0.4870328521845352, 'invert', 0.9983826650776616, 'crop', 0.9407945266292749, 0.6334322335902556]
INFO:root:202, 0.4774444443914625, ['additive-gaussian-noise', 0.7354277496118079, 'shear', 0.9991762958666389, 'gaussian-blur', 0.7622377033537375, 0.9544627055276322]
INFO:root:203, 0.4587777778307596, ['additive-gaussian-noise', 0.1061304396758124, 'coarse-dropout', 0.8421008326425298, 'dropout', 0.9467015722952661, 0.44859165822244973]
INFO:root:204, 0.4922222221162584, ['rotate', 0.6565718713553921, 'translate-y', 0.055039859671077954, 'sharpen', 0.3041996708023172, 0.9479240472800907]
INFO:root:205, 0.516000000052982, ['shear', 0.4032180145442378, 'clouds', 0.9986966643557829, 'emboss', 0.938353159918425, 0.9473627514743348]
INFO:root:206, 0.47811111124356587, ['additive-gaussian-noise', 0.07077775659422116, 'additive-gaussian-noise', 0.9959734183506599, 'clouds', 0.12918924233995047, 0.9595928489149153]
INFO:root:207, 0.48877777796321453, ['additive-gaussian-noise', 0.17763002832585853, 'translate-x', 0.9107798784189363, 'emboss', 0.04467972287714262, 0.9478627606438916]
INFO:root:208, 0.4775555553701189, ['coarse-dropout', 0.9851618200535937, 'additive-gaussian-noise', 0.35885139097257995, 'sharpen', 0.9436406816983909, 0.9471380662110656]
INFO:root:209, 0.5036666667461395, ['brighten', 0.673465131659391, 'gamma-contrast', 0.36894827362442423, 'crop', 0.17407521657452932, 0.9482350949492171]
INFO:root:210, 0.5027777776453229, ['invert', 0.07824483975602393, 'coarse-dropout', 0.996091216757636, 'dropout', 0.8616686242441155, 0.20594450208695775]
INFO:root:211, 0.5281111110051473, ['gamma-contrast', 0.04044470215732943, 'coarse-dropout', 0.09974359949225955, 'translate-x', 0.06834356324820624, 0.9725989795473139]
INFO:root:212, 0.43600000010596385, ['shear', 0.010508677105304233, 'invert', 0.988148625306014, 'invert', 0.533360064222349, 0.987653056912163]
INFO:root:213, 0.49944444404708016, ['gaussian-blur', 0.010884129339903683, 'translate-x', 0.9569798149329578, 'invert', 0.13123496659425585, 0.9981589287239581]
INFO:root:214, 0.5062222219043307, ['shear', 0.5144703090294042, 'invert', 0.9825900770961318, 'clouds', 0.9680511535325704, 0.9487318589828717]
INFO:root:215, 0.46499999970859945, ['brighten', 0.6476256923759849, 'coarse-dropout', 0.9791228246426396, 'dropout', 0.1460604925257696, 0.882379249768439]
INFO:root:216, 0.47922222195731273, ['shear', 0.06513107420540899, 'coarse-dropout', 0.993322802397539, 'rotate', 0.29385807197977193, 0.991468436488287]
INFO:root:217, 0.35299999986754527, ['additive-gaussian-noise', 0.7920448330483569, 'invert', 0.03303272384001233, 'gamma-contrast', 0.8876641286104782, 0.943326632554485]
INFO:root:218, 0.4404444442590078, ['sharpen', 0.7263495533263139, 'clouds', 0.028155034010200926, 'gamma-contrast', 0.8722071493120377, 0.7184047058866998]
INFO:root:219, 0.5109999997615814, ['gamma-contrast', 0.0038636888472139983, 'shear', 0.2749140169978707, 'gamma-contrast', 0.984755315247882, 0.18170703538092173]
INFO:root:220, 0.4817777780426873, ['additive-gaussian-noise', 0.7959698946723351, 'crop', 0.026780003965022676, 'gamma-contrast', 0.5982733523879656, 0.39350408352468613]
INFO:root:221, 0.43500000013245477, ['shear', 0.5114985410289286, 'fog', 0.02897696639370507, 'gamma-contrast', 0.9436709392872076, 0.9049147185820727]
INFO:root:222, 0.542666666507721, ['shear', 0.7927324387862628, 'sharpen', 0.41069241789263555, 'gamma-contrast', 0.0519825874787634, 0.9293341074996541]
INFO:root:223, 0.4304444442325168, ['brighten', 0.11644761991490751, 'translate-y', 0.032952406328371715, 'gamma-contrast', 0.9319809469105339, 0.19935584818679336]
INFO:root:224, 0.3737777776983049, ['additive-gaussian-noise', 0.6024510281175718, 'translate-x', 0.5810129343326772, 'gamma-contrast', 0.9497284017133022, 0.9141814538741696]
INFO:root:225, 0.4739999997615814, ['additive-gaussian-noise', 0.7425529819141478, 'sharpen', 0.5651743410805639, 'gamma-contrast', 0.4104977237394706, 0.9937845301289672]
INFO:root:226, 0.34177777777777774, ['additive-gaussian-noise', 0.7179947575194353, 'brighten', 0.19825949639791468, 'gamma-contrast', 0.9968771997366677, 0.9100042287187626]
INFO:root:227, 0.3603333335452609, ['additive-gaussian-noise', 0.7299207922256769, 'additive-gaussian-noise', 0.3011036603249149, 'gamma-contrast', 0.9537162718132747, 0.5745075472205521]
INFO:root:228, 0.37022222230169505, ['additive-gaussian-noise', 0.04433334917865873, 'emboss', 0.9665178135901682, 'gamma-contrast', 0.9584782938590688, 0.11746678979256478]
INFO:root:229, 0.4042222222752041, ['additive-gaussian-noise', 0.6846791381009224, 'clouds', 0.34657962315443963, 'gamma-contrast', 0.9835645311520006, 0.10480673801426724]
INFO:root:230, 0.4798888889153798, ['additive-gaussian-noise', 0.20798616317085022, 'emboss', 0.17251168234525874, 'gamma-contrast', 0.8186061879237351, 0.8701709879774708]
INFO:root:231, 0.3657777778704961, ['shear', 0.90129605275812, 'translate-y', 0.70926286892868, 'gamma-contrast', 0.958903178606182, 0.18688563495127866]
INFO:root:232, 0.38877777775128686, ['additive-gaussian-noise', 0.7473684676562997, 'rotate', 0.7387198990185284, 'gamma-contrast', 0.8953479127659173, 0.3934488513093284]
INFO:root:233, 0.3751111108462016, ['gamma-contrast', 0.7424375800563413, 'coarse-dropout', 0.6332134456361845, 'gamma-contrast', 0.9879985261133164, 0.9586916163043195]
INFO:root:234, 0.4304444445239173, ['additive-gaussian-noise', 0.9945677816837144, 'invert', 0.36378460004819096, 'gamma-contrast', 0.9589524069253559, 0.794909927395586]
INFO:root:235, 0.3594444443119897, ['brighten', 0.8499709998486569, 'invert', 0.27695999197351934, 'gamma-contrast', 0.9714994238967105, 0.9401560255219985]
INFO:root:236, 0.4274444443649716, ['fog', 0.7597599378380804, 'rotate', 0.8716328213147432, 'gamma-contrast', 0.8835555718740054, 0.9252625979056168]
INFO:root:237, 0.39833333338631527, ['clouds', 0.8273383241002952, 'rotate', 0.06398761032306301, 'gamma-contrast', 0.969620668664221, 0.9871718812774495]
INFO:root:238, 0.5156666666666667, ['gamma-contrast', 0.8690040103287598, 'crop', 0.06584296158313709, 'gamma-contrast', 0.9380955916938136, 0.9244036841871414]
INFO:root:239, 0.3916666667991214, ['crop', 0.8047983544213274, 'coarse-dropout', 0.1484570610634857, 'gamma-contrast', 0.9566066400233894, 0.1618550781405728]
INFO:root:240, 0.41577777767181395, ['additive-gaussian-noise', 0.04914336718331637, 'emboss', 0.6651976290142558, 'gamma-contrast', 0.9256778658358362, 0.9582365141539854]
INFO:root:241, 0.39988888883590695, ['gamma-contrast', 0.5739099099568797, 'clouds', 0.9859076388380543, 'gamma-contrast', 0.9368473617238172, 0.9832656623923866]
INFO:root:242, 0.3782222221957312, ['gamma-contrast', 0.64320313970592, 'brighten', 0.3128959512553701, 'gamma-contrast', 0.9835984085560118, 0.8481810730181681]
INFO:root:243, 0.4153333333598243, ['coarse-dropout', 0.9869496225399313, 'translate-x', 0.36131451487932925, 'gamma-contrast', 0.9027044764925386, 0.9987802286426225]
INFO:root:244, 0.17788888884915247, ['sharpen', 0.6683385278428399, 'invert', 0.008026700980108605, 'gamma-contrast', 0.9690422119627957, 0.8803927086371257]
INFO:root:245, 0.33011111105812924, ['shear', 0.2987411976426599, 'invert', 0.04764235317907296, 'gamma-contrast', 0.9478136367487071, 0.4862432625417161]
INFO:root:246, 0.520000000052982, ['rotate', 0.5687504649844581, 'invert', 0.009781058163261804, 'gamma-contrast', 0.1018219179848007, 0.41068722443210515]
INFO:root:247, 0.19433333326710597, ['rotate', 0.8458329248827687, 'invert', 0.1421409854540943, 'gamma-contrast', 0.9673141325786818, 0.7188747970478478]
INFO:root:248, 0.363, ['gaussian-blur', 0.3884927886774808, 'invert', 0.06361555262475528, 'gamma-contrast', 0.9990176897795776, 0.7899137769067874]
INFO:root:249, 0.4223333333333333, ['invert', 0.7069761100630869, 'invert', 0.29401748648637777, 'gamma-contrast', 0.9825426323773339, 0.16806613540629137]
INFO:root:250, 0.44955555547608267, ['fog', 0.31761975400456693, 'invert', 0.03560352178361082, 'gamma-contrast', 0.8825613290221436, 0.39472675055645945]
INFO:root:251, 0.39366666674613954, ['gaussian-blur', 0.41824921024692996, 'sharpen', 0.020970890039970772, 'gamma-contrast', 0.9515222562753496, 0.3765277282665609]
INFO:root:252, 0.4273333332008786, ['additive-gaussian-noise', 0.8684153057161725, 'invert', 0.03306582337008713, 'gamma-contrast', 0.9905881032108084, 0.3163127433490856]
INFO:root:253, 0.2446666667792532, ['brighten', 0.1790578268613209, 'invert', 0.15997063301377082, 'gamma-contrast', 0.963806717954175, 0.47352081476604757]
INFO:root:254, 0.39822222216924036, ['gaussian-blur', 0.14733710749948684, 'dropout', 0.15117272034013976, 'gamma-contrast', 0.960038732365692, 0.44923933219277457]
INFO:root:255, 0.3087777776983049, ['emboss', 0.6098151052884621, 'invert', 0.5056696945473889, 'gamma-contrast', 0.9736513257107803, 0.8543859824479761]
INFO:root:256, 0.3866666665077209, ['emboss', 0.5817120682868208, 'invert', 0.8782381685226891, 'gamma-contrast', 0.9873925410092593, 0.7634499777289475]
INFO:root:257, 0.39077777768505945, ['coarse-dropout', 0.33075166586377075, 'coarse-dropout', 0.129016666667827, 'gamma-contrast', 0.9682771011358138, 0.5873702770192685]
INFO:root:258, 0.36277777772479586, ['emboss', 0.7748446011709527, 'invert', 0.019380071805876534, 'gamma-contrast', 0.8910880632471314, 0.5767778383541807]
INFO:root:259, 0.27133333339293797, ['shear', 0.1176530152393718, 'invert', 0.010025959669671127, 'gamma-contrast', 0.9369045005718117, 0.9294262000950606]
INFO:root:260, 0.35188888904783466, ['crop', 0.12359042875964923, 'invert', 0.33258197045800136, 'gamma-contrast', 0.9737123868681954, 0.716604061952511]
INFO:root:261, 0.3702222221427493, ['gaussian-blur', 0.38039766941486997, 'invert', 0.06379143294086466, 'gamma-contrast', 0.967762323803113, 0.25866295981616233]
INFO:root:262, 0.5064444443119896, ['shear', 0.6362641994219417, 'invert', 0.19033697508750141, 'gamma-contrast', 0.26169252786550673, 0.9092399731024349]
INFO:root:263, 0.3093333332008785, ['sharpen', 0.9270150283593032, 'invert', 0.7366353372833182, 'gamma-contrast', 0.9597137103010841, 0.44662093026264404]
INFO:root:264, 0.4508888886239794, ['additive-gaussian-noise', 0.3818986335054041, 'invert', 0.07965692668421111, 'gamma-contrast', 0.9616847302106597, 0.09266464623328986]
INFO:root:265, 0.32199999994701806, ['rotate', 0.21394779589932605, 'invert', 0.5325370953264906, 'gamma-contrast', 0.9390697292490254, 0.5388546917163252]
INFO:root:266, 0.42444444433848055, ['dropout', 0.9561492723075611, 'invert', 0.05453390911456181, 'gamma-contrast', 0.9815874762446963, 0.918733983416491]
INFO:root:267, 0.47033333365122476, ['brighten', 0.9644536039071314, 'shear', 0.009832738861116798, 'gamma-contrast', 0.9029800244316296, 0.909689723651681]
INFO:root:268, 0.4305555556615193, ['fog', 0.8405239344500184, 'invert', 0.4219276704442074, 'gamma-contrast', 0.9666589926248832, 0.9023504269629825]
INFO:root:269, 0.3803333333598243, ['clouds', 0.569642295885157, 'invert', 0.0881147862534203, 'gamma-contrast', 0.9695358982805975, 0.22809568288383902]
INFO:root:270, 0.5104444445504083, ['gamma-contrast', 0.923497671442401, 'translate-y', 0.005482009472129069, 'gamma-contrast', 0.9851774687909751, 0.9676051112694153]
INFO:root:271, 0.3282222221427493, ['sharpen', 0.6891664474601013, 'invert', 0.7362965502729076, 'gamma-contrast', 0.9732055399363608, 0.6967065036801995]
INFO:root:272, 0.3775555556482739, ['sharpen', 0.21958228920325645, 'invert', 0.7038705430781343, 'gamma-contrast', 0.8462545370984231, 0.5817842922918702]
INFO:root:273, 0.3191111112038294, ['additive-gaussian-noise', 0.13426780109494388, 'invert', 0.02207107384908136, 'gamma-contrast', 0.921151483393951, 0.4585587002133513]
INFO:root:274, 0.43411111108462014, ['translate-x', 0.04336749698461196, 'invert', 0.07991366445956218, 'gamma-contrast', 0.7438836732295853, 0.4348759528889615]
INFO:root:275, 0.33555555568801027, ['shear', 0.08071882485453465, 'invert', 0.05482497908357099, 'gamma-contrast', 0.9622469322009239, 0.7709835554819741]
INFO:root:276, 0.4004444445504083, ['translate-x', 0.8642541313910259, 'invert', 0.18247993919334585, 'gamma-contrast', 0.9873552239632147, 0.53791291887739]
INFO:root:277, 0.3075555554231008, ['shear', 0.17196021083982163, 'invert', 0.9861324675411816, 'gamma-contrast', 0.968224570232666, 0.6288071238070847]
INFO:root:278, 0.3735555556085374, ['emboss', 0.3027009092999527, 'invert', 0.006093717640540898, 'gamma-contrast', 0.9079765990418682, 0.08090573264683011]
INFO:root:279, 0.4181111108462016, ['invert', 0.30559714766446316, 'invert', 0.06440351381874033, 'gamma-contrast', 0.9408187714155134, 0.6862010759538488]
INFO:root:280, 0.29555555560853747, ['sharpen', 0.877299220650511, 'invert', 0.6712605106813339, 'gamma-contrast', 0.9656226845705922, 0.4026901283810117]
INFO:root:281, 0.4419999997085995, ['additive-gaussian-noise', 0.8037013545631977, 'invert', 0.0001171519395574139, 'gamma-contrast', 0.987811921751292, 0.7328077933331376]
INFO:root:282, 0.3508888887961706, ['sharpen', 0.042021693706914005, 'sharpen', 0.7238008509446346, 'gamma-contrast', 0.9678165777169186, 0.29490424327887904]
INFO:root:283, 0.36744444447093544, ['crop', 0.504336908556094, 'invert', 0.21581940227116098, 'gamma-contrast', 0.9640824242154596, 0.9021855810175217]
INFO:root:284, 0.37188888896836175, ['sharpen', 0.9005220134607039, 'crop', 0.13951534486558384, 'gamma-contrast', 0.9680882348621617, 0.21511842620731653]
INFO:root:285, 0.25088888904783463, ['additive-gaussian-noise', 0.09598993813128145, 'invert', 0.21873223362686361, 'gamma-contrast', 0.9661318058876519, 0.5468619028649496]
INFO:root:286, 0.36955555550257363, ['gaussian-blur', 0.1842570351789812, 'invert', 0.3171229472428552, 'gamma-contrast', 0.9361618569185253, 0.7455111916583138]
INFO:root:287, 0.47133333304193287, ['gamma-contrast', 0.1333038337681334, 'invert', 0.7352673976081355, 'gamma-contrast', 0.9213017355068447, 0.9645665473766418]
INFO:root:288, 0.35944444444444446, ['coarse-dropout', 0.009459912206381317, 'invert', 0.42573288879700955, 'gamma-contrast', 0.9035337662757557, 0.6727230807867127]
INFO:root:289, 0.33022222235467696, ['shear', 0.9528498126342153, 'invert', 0.11041422280183069, 'gamma-contrast', 0.9628428710441722, 0.7920064978967438]
INFO:root:290, 0.38099999989403616, ['sharpen', 0.8710143034939647, 'fog', 0.5690983582351713, 'gamma-contrast', 0.979507707915703, 0.6136177869738707]
INFO:root:291, 0.3633333330551783, ['coarse-dropout', 0.21713770361036416, 'invert', 0.7045110553252563, 'gamma-contrast', 0.9676371287493125, 0.3873710644275268]
INFO:root:292, 0.23122222232818604, ['sharpen', 0.18967823925969746, 'invert', 0.41222949508897055, 'gamma-contrast', 0.9451167715486173, 0.7469039586717594]
INFO:root:293, 0.5307777778572507, ['sharpen', 0.20067578148486048, 'invert', 0.1458940218594819, 'gamma-contrast', 0.39670416148998244, 0.715778365515537]
INFO:root:294, 0.240444444682863, ['shear', 0.15322462416880392, 'invert', 0.31870198870136274, 'gamma-contrast', 0.9680881428689205, 0.827818523210513]
INFO:root:295, 0.351000000026491, ['translate-y', 0.9786225341770298, 'invert', 0.9004271613591285, 'gamma-contrast', 0.966486015923075, 0.6025624200236104]
INFO:root:296, 0.2560000000877513, ['brighten', 0.019929083804730467, 'invert', 0.5699889160985917, 'gamma-contrast', 0.9653138125980509, 0.609783251877151]
INFO:root:297, 0.4326666666666667, ['dropout', 0.05797379243351754, 'gaussian-blur', 0.519030887649556, 'gamma-contrast', 0.9641040079708116, 0.7970580092534678]
INFO:root:298, 0.441333332988951, ['gamma-contrast', 0.13254824988813843, 'invert', 0.5810598601518652, 'gamma-contrast', 0.9364463624438742, 0.5660982776022055]
INFO:root:299, 0.310999999973509, ['emboss', 0.17747095651224623, 'invert', 0.6506887261517229, 'gamma-contrast', 0.946527050144579, 0.49926161584259066]
INFO:root:300, 0.369111111164093, ['sharpen', 0.6167022417999956, 'clouds', 0.031003587972172737, 'gamma-contrast', 0.9657161672358138, 0.8165331297881561]
INFO:root:301, 0.4145555553966098, ['gaussian-blur', 0.9517185619604265, 'invert', 0.03554208749550281, 'gamma-contrast', 0.9069478361065635, 0.7938256782678362]
INFO:root:302, 0.482888888835907, ['dropout', 0.20589621444540313, 'invert', 0.9744874561300506, 'gamma-contrast', 0.9886842632950421, 0.01671040555937398]
INFO:root:303, 0.37922222232818603, ['clouds', 0.9471614353005134, 'invert', 0.869172622592519, 'gamma-contrast', 0.972653986989286, 0.8000562084094914]
INFO:root:304, 0.41422222203678555, ['fog', 0.12277903810744098, 'invert', 0.3496543066729821, 'gamma-contrast', 0.9891704094511458, 0.8490966053027504]
INFO:root:305, 0.34511111116409304, ['crop', 0.08629077173894108, 'invert', 0.17134640264860293, 'gamma-contrast', 0.9516398211050494, 0.9105370082789778]
INFO:root:306, 0.287555555568801, ['sharpen', 0.9059446144560473, 'invert', 0.23147921449972791, 'gamma-contrast', 0.8991937175976951, 0.8132783430714078]
INFO:root:307, 0.29500000007947286, ['emboss', 0.6706665760324676, 'invert', 0.005692133636571729, 'gamma-contrast', 0.9676217314499486, 0.9435961274471613]
INFO:root:308, 0.31644444455040827, ['coarse-dropout', 0.01597104748393086, 'invert', 0.48955032469528403, 'gamma-contrast', 0.9508059847281838, 0.8906212649338252]
INFO:root:309, 0.3494444444709354, ['rotate', 0.5494375264793216, 'invert', 0.5488459220314047, 'gamma-contrast', 0.9492913382343205, 0.1572961840114321]
INFO:root:310, 0.4172222222222222, ['shear', 0.06149556113167655, 'invert', 0.03368686400203758, 'gamma-contrast', 0.9802316748943665, 0.24088676552564953]
INFO:root:311, 0.48033333346578816, ['coarse-dropout', 0.048087832025271796, 'invert', 0.18205443649961464, 'gamma-contrast', 0.9323410694623846, 0.02206416324931271]
INFO:root:312, 0.3602222223016951, ['sharpen', 0.6997828082410916, 'invert', 0.740874921152888, 'gamma-contrast', 0.8940625404966452, 0.5006615615100484]
INFO:root:313, 0.375000000026491, ['gaussian-blur', 0.5122798838274737, 'invert', 0.29678002749706195, 'gamma-contrast', 0.9660398118989924, 0.8778571587978505]
INFO:root:314, 0.3003333332008786, ['sharpen', 0.7713133013514796, 'invert', 0.37044554694233595, 'gamma-contrast', 0.9291126921163139, 0.5023323568939636]
INFO:root:315, 0.4090000001324548, ['shear', 0.01230686468347442, 'additive-gaussian-noise', 0.013764611955655374, 'gamma-contrast', 0.9718081562239603, 0.6769848970202641]
INFO:root:316, 0.39433333335982423, ['translate-y', 0.16677988853176776, 'invert', 0.2410643236360887, 'gamma-contrast', 0.8870046256999198, 0.07285454639794366]
INFO:root:317, 0.37433333333333335, ['crop', 0.5708306354028707, 'invert', 0.4131966979182815, 'gamma-contrast', 0.9693428915725568, 0.46917766270260886]
INFO:root:318, 0.4007777775923411, ['sharpen', 0.052811273467067724, 'rotate', 0.37413842258758306, 'gamma-contrast', 0.9387458216585276, 0.7746864178176216]
INFO:root:319, 0.28844444455040824, ['shear', 0.6673640097786713, 'invert', 0.18821086544563764, 'gamma-contrast', 0.9734111044621229, 0.9540427431589087]
INFO:root:320, 0.4918888884650336, ['gamma-contrast', 0.7637858547340798, 'crop', 0.009314226405044758, 'gamma-contrast', 0.9918182301709212, 0.7745596305391873]
INFO:root:321, 0.2873333334392971, ['sharpen', 0.42605605728789986, 'invert', 0.36683350459339964, 'gamma-contrast', 0.8738999939826392, 0.4681453086125211]
INFO:root:322, 0.2831111110051473, ['sharpen', 0.29058527513247984, 'invert', 0.8531131372069708, 'gamma-contrast', 0.8578886710412132, 0.9549485225063156]
INFO:root:323, 0.4101111109786563, ['fog', 0.1415080478193538, 'invert', 0.9693671274546319, 'gamma-contrast', 0.972938238498435, 0.6188085667392803]
INFO:root:324, 0.33122222224871317, ['sharpen', 0.21059599608742824, 'invert', 0.5294283749432823, 'gamma-contrast', 0.8209486787339901, 0.5756463464795837]
INFO:root:325, 0.35522222227520417, ['sharpen', 0.7367521652844615, 'invert', 0.3217558181500549, 'gamma-contrast', 0.8377668149586135, 0.21744575529208982]
INFO:root:326, 0.42333333357175196, ['shear', 0.05043991590466669, 'invert', 0.28996453095755287, 'gamma-contrast', 0.8553560595114703, 0.4814226540613017]
INFO:root:327, 0.3372222221162584, ['gamma-contrast', 0.8278341921218295, 'invert', 0.2772083841855381, 'gamma-contrast', 0.977060776608425, 0.4735394862832487]
INFO:root:328, 0.19422222211625842, ['sharpen', 0.11895483284722311, 'invert', 0.23219226485717798, 'gamma-contrast', 0.8975026771401563, 0.9341996379511516]
INFO:root:329, 0.23788888875146705, ['rotate', 0.08601676756442102, 'invert', 0.5623701278143126, 'gamma-contrast', 0.9650350639120227, 0.9421385027468357]
INFO:root:330, 0.4469999999735091, ['sharpen', 0.9712244855593051, 'invert', 0.6258888322526792, 'gamma-contrast', 0.49090971700437047, 0.8768694803929187]
INFO:root:331, 0.4212222221162584, ['rotate', 0.08847912053327424, 'invert', 0.19932697341846045, 'gamma-contrast', 0.8447174644211242, 0.7466555573850244]
INFO:root:332, 0.36066666669315756, ['sharpen', 0.41822376576180176, 'invert', 0.15088433652853608, 'gamma-contrast', 0.9959548028614928, 0.9104434523729662]
INFO:root:333, 0.3503333333465788, ['sharpen', 0.8688617168985492, 'invert', 0.4460068956843658, 'gamma-contrast', 0.7805718809383146, 0.8166987436645677]
INFO:root:334, 0.3062222223811679, ['sharpen', 0.01173661338560095, 'invert', 0.7591117029949497, 'gamma-contrast', 0.9030964981828687, 0.8345714880183912]
INFO:root:335, 0.33666666669315765, ['sharpen', 0.1675308724030711, 'invert', 0.46774837199207253, 'gamma-contrast', 0.8503771593198812, 0.9224768296366971]
INFO:root:336, 0.36533333325386047, ['rotate', 0.02193549370089665, 'invert', 0.5896823395616844, 'gamma-contrast', 0.8867970862399267, 0.7835939647797265]
INFO:root:337, 0.28033333330684235, ['brighten', 0.2651621548348357, 'invert', 0.4936437099251172, 'gamma-contrast', 0.9745231865937374, 0.42353594962271723]
INFO:root:338, 0.3987777778704961, ['brighten', 0.47201589273376376, 'invert', 0.01679932488954217, 'gamma-contrast', 0.8860975799360984, 0.9172510998927584]
INFO:root:339, 0.29483333324558203, ['brighten', 0.6454333183734304, 'invert', 0.6322003854128815, 'gamma-contrast', 0.8398943644912302, 0.9943257571473773]
INFO:root:340, 0.4390000000264909, ['sharpen', 0.738422376212938, 'invert', 0.43655243145838496, 'gamma-contrast', 0.9454679089262652, 0.09776629566244457]
INFO:root:341, 0.39488888872994315, ['sharpen', 0.7416554751857485, 'invert', 0.9255655071601571, 'gamma-contrast', 0.7654915721775875, 0.5847184670763985]
INFO:root:342, 0.23766666671964856, ['rotate', 0.7249824358764476, 'invert', 0.6207897617787824, 'gamma-contrast', 0.9579704205597946, 0.44259442684303596]
INFO:root:343, 0.2588888888027933, ['sharpen', 0.7204477718258485, 'invert', 0.4389834917712696, 'gamma-contrast', 0.9796451430535121, 0.8198147677670111]
INFO:root:344, 0.2955555555025737, ['rotate', 0.7141451341009553, 'invert', 0.4801426487252042, 'gamma-contrast', 0.957049470419965, 0.47167253335956316]
INFO:root:345, 0.3516666667196486, ['sharpen', 0.175921081508033, 'invert', 0.26998937275466267, 'gamma-contrast', 0.9636456892786965, 0.49181808924751136]
INFO:root:346, 0.3673333334392972, ['sharpen', 0.7981349711113762, 'invert', 0.5680390532211026, 'gamma-contrast', 0.9969309345354233, 0.8593070253169319]
INFO:root:347, 0.3543333333333334, ['crop', 0.04583175027268561, 'invert', 0.42578844646324654, 'gamma-contrast', 0.9733387642250653, 0.9994370900023748]
INFO:root:348, 0.41744444449742635, ['fog', 0.32398844365812457, 'invert', 0.12038432843506278, 'gamma-contrast', 0.9642771427197963, 0.6196691540037639]
INFO:root:349, 0.39699999992052715, ['sharpen', 0.9269325455817317, 'invert', 0.16330434039576616, 'gamma-contrast', 0.792499443595961, 0.4476988006958569]
INFO:root:350, 0.4370000001059638, ['clouds', 0.14694405153793502, 'invert', 0.5518036628878578, 'gamma-contrast', 0.8254844800529355, 0.40380439826639536]
INFO:root:351, 0.2127777776949936, ['shear', 0.388368919154063, 'invert', 0.19924765610924916, 'gamma-contrast', 0.931987381305185, 0.9315039202973848]
INFO:root:352, 0.15666666681733396, ['rotate', 0.4168940753142495, 'invert', 0.585690653505856, 'gamma-contrast', 0.9766123240878057, 0.8100769815167977]
INFO:root:353, 0.35355555568801034, ['translate-x', 0.38397469812791474, 'invert', 0.11966772839081521, 'gamma-contrast', 0.9191516473908968, 0.9757616279305217]
INFO:root:354, 0.3400000000529819, ['rotate', 0.590426973561345, 'clouds', 0.003833045418529913, 'gamma-contrast', 0.9994979684171938, 0.7972963720404278]
INFO:root:355, 0.41377777788374165, ['shear', 0.07865461730665525, 'invert', 0.9795846213407912, 'gamma-contrast', 0.8290310189144593, 0.9555546059089579]
INFO:root:356, 0.38188888870345217, ['rotate', 0.25874327001806346, 'clouds', 0.45451541664558237, 'gamma-contrast', 0.9813855724225291, 0.8921679660752283]
INFO:root:357, 0.32466666669315764, ['rotate', 0.21089569274139336, 'invert', 0.970893647146236, 'gamma-contrast', 0.9399997386199284, 0.43375695583625484]
INFO:root:358, 0.2819999998145633, ['rotate', 0.5628938795057984, 'invert', 0.8804148828099911, 'gamma-contrast', 0.9975350090982766, 0.6029823418044377]
INFO:root:359, 0.2026666667395168, ['additive-gaussian-noise', 0.3526280703993802, 'invert', 0.17085640203980682, 'gamma-contrast', 0.9413478486382488, 0.9863375990523332]
INFO:root:360, 0.21166666664017572, ['translate-x', 0.4693287363447408, 'invert', 0.7507186278849496, 'gamma-contrast', 0.9699890281674166, 0.8556446721757491]
INFO:root:361, 0.42244444431198963, ['translate-y', 0.3222922537701281, 'invert', 0.998435476825045, 'gamma-contrast', 0.7963242186996454, 0.9324263611061032]
INFO:root:362, 0.3696666666931576, ['brighten', 0.014186195670488292, 'invert', 0.1661485022988353, 'gamma-contrast', 0.8978342372245671, 0.5666936867077397]
INFO:root:363, 0.200999999968542, ['sharpen', 0.17505878095447194, 'invert', 0.42400594013366877, 'gamma-contrast', 0.9222699998907468, 0.3688897736017595]
INFO:root:364, 0.3953333332273696, ['brighten', 0.6642636483083632, 'invert', 0.18740476568341483, 'gamma-contrast', 0.8520700063834303, 0.5632101245905096]
INFO:root:365, 0.26066666670309174, ['gamma-contrast', 0.7153091487029107, 'invert', 0.21424512735426476, 'gamma-contrast', 0.9791777825796009, 0.7897800580731948]
INFO:root:366, 0.3369999997880724, ['sharpen', 0.2852145476980104, 'invert', 0.3904563152333633, 'gamma-contrast', 0.9367051670839086, 0.17561923314876884]
INFO:root:367, 0.17577777779102324, ['rotate', 0.09519322791858922, 'invert', 0.8806040989072511, 'gamma-contrast', 0.9823907635274653, 0.7283717894600228]
INFO:root:368, 0.2906666665342119, ['sharpen', 0.12338178415386439, 'invert', 0.9395677173111735, 'gamma-contrast', 0.8872940907462169, 0.9185408818989705]
INFO:root:369, 0.22877777789698706, ['rotate', 0.9784169422956528, 'invert', 0.9364626233745752, 'gamma-contrast', 0.9442594981277048, 0.63532834881057]
INFO:root:370, 0.24688888869682948, ['rotate', 0.7820159005174244, 'invert', 0.08541763508798096, 'gamma-contrast', 0.9481105247686374, 0.5785577716571766]
INFO:root:371, 0.40744444447093536, ['rotate', 0.3401268449881251, 'invert', 0.7814792554768432, 'gamma-contrast', 0.7314148127718227, 0.6304767579099503]
INFO:root:372, 0.24655555547608268, ['coarse-dropout', 0.13626687074373559, 'invert', 0.9188500866404564, 'gamma-contrast', 0.9725654901056587, 0.8177599703145813]
INFO:root:373, 0.3503333332803515, ['rotate', 0.7433373031464036, 'invert', 0.7350257357767694, 'gamma-contrast', 0.909931057012574, 0.675520613775341]
INFO:root:374, 0.1656666667163372, ['rotate', 0.5516141178440147, 'invert', 0.8369113721216486, 'gamma-contrast', 0.9965158303516701, 0.9799699399280062]
INFO:root:375, 0.11800000004967054, ['translate-x', 0.398880175202442, 'invert', 0.9574721314191135, 'gamma-contrast', 0.9850152472028081, 0.843188556875172]
INFO:root:376, 0.36033333343929713, ['rotate', 0.20282650966175714, 'emboss', 0.9380686573906615, 'gamma-contrast', 0.9710238794094012, 0.23452111499455114]
INFO:root:377, 0.2453333334525426, ['rotate', 0.11423011129175278, 'invert', 0.41149493325276987, 'gamma-contrast', 0.9485261638154576, 0.6534043729813461]
INFO:root:378, 0.3781111111111111, ['gaussian-blur', 0.7112147361244429, 'invert', 0.8728233091792678, 'gamma-contrast', 0.9475148179555488, 0.8805355436458515]
INFO:root:379, 0.35866666701104905, ['clouds', 0.4021409818463004, 'invert', 0.9608699562889176, 'gamma-contrast', 0.9610330637138458, 0.5032728210355294]
INFO:root:380, 0.2051111111773385, ['coarse-dropout', 0.20916194970466534, 'invert', 0.40292555625921467, 'gamma-contrast', 0.9321902492470279, 0.7888873589462833]
INFO:root:381, 0.3224444443914625, ['dropout', 0.14909695919045765, 'invert', 0.3765773992936666, 'gamma-contrast', 0.8790205086216537, 0.7993831114793825]
INFO:root:382, 0.3056666669315762, ['translate-x', 0.5819272826025136, 'invert', 0.23150640497990588, 'gamma-contrast', 0.9133928866361878, 0.9373437132850218]
INFO:root:383, 0.10244444452557298, ['rotate', 0.237101178221596, 'invert', 0.6358160752744599, 'gamma-contrast', 0.9666580759576943, 0.8323113448743236]
INFO:root:384, 0.41277777756585016, ['rotate', 0.924369452055368, 'dropout', 0.5083279726849287, 'gamma-contrast', 0.8503210883755328, 0.8755754175625851]
INFO:root:385, 0.25255555563502846, ['translate-y', 0.6692193919454569, 'invert', 0.6774728786564705, 'gamma-contrast', 0.9768928860909364, 0.8197798630355158]
INFO:root:386, 0.26655555571450124, ['dropout', 0.3401016873749734, 'invert', 0.9490548946406876, 'gamma-contrast', 0.9464409020487105, 0.7463682261484671]
INFO:root:387, 0.3868888887829251, ['gaussian-blur', 0.20484320042011422, 'invert', 0.926159305485641, 'gamma-contrast', 0.8856407885550908, 0.7670038640856532]
INFO:root:388, 0.39711111134952964, ['gamma-contrast', 0.4592408428003423, 'invert', 0.718168577188317, 'gamma-contrast', 0.9563087069398837, 0.8244681999363015]
INFO:root:389, 0.27755555563502843, ['rotate', 0.878455349942456, 'invert', 0.9742893232976859, 'gamma-contrast', 0.9662742734530518, 0.24621258147275532]
INFO:root:390, 0.2890000001854367, ['rotate', 0.7374790227524617, 'invert', 0.3307055638003456, 'gamma-contrast', 0.9140797159386456, 0.8562702556116892]
INFO:root:391, 0.2061111111972067, ['shear', 0.6962716835200613, 'invert', 0.19284852237961086, 'gamma-contrast', 0.9861561396888567, 0.863759726181296]
INFO:root:392, 0.37277777793672345, ['rotate', 0.033049579367515076, 'clouds', 0.6382469870088138, 'gamma-contrast', 0.9794776401515745, 0.9960920943235697]
INFO:root:393, 0.1458888888127274, ['brighten', 0.596704826414644, 'invert', 0.8097207269596413, 'gamma-contrast', 0.9786057614504461, 0.9606652505310359]
INFO:root:394, 0.4781111110316383, ['rotate', 0.4220990355447215, 'invert', 0.8474004116377151, 'gamma-contrast', 0.44980862367883434, 0.866027108688233]
INFO:root:395, 0.41833333322736954, ['fog', 0.04193642969864853, 'invert', 0.8144086705395204, 'gamma-contrast', 0.9462665745965161, 0.28035157194230403]
INFO:root:396, 0.2817777776850594, ['rotate', 0.7089681894166496, 'invert', 0.6570426064330466, 'gamma-contrast', 0.9244761263307409, 0.9875285728444473]
INFO:root:397, 0.479777777645323, ['gamma-contrast', 0.13566460417871498, 'invert', 0.3827387287790034, 'gamma-contrast', 0.9049551143399273, 0.8183575134266289]
INFO:root:398, 0.411555555317137, ['invert', 0.10396825758352893, 'invert', 0.11499371541581196, 'gamma-contrast', 0.93412616298943, 0.3692004247338209]
INFO:root:399, 0.2995555554495917, ['translate-y', 0.4941324040322863, 'invert', 0.7863885560106579, 'gamma-contrast', 0.9814719713411292, 0.5366539298946091]
INFO:root:400, 0.38055555560853754, ['rotate', 0.1015827139195741, 'fog', 0.7873756717350929, 'gamma-contrast', 0.9880458985809537, 0.5716531285287367]
INFO:root:401, 0.4506666668521033, ['gamma-contrast', 0.19870159185471775, 'invert', 0.4496842114178792, 'gamma-contrast', 0.9504066293157094, 0.8292858273893895]
INFO:root:402, 0.3651111112303204, ['clouds', 0.11046152209152263, 'invert', 0.8992328043221999, 'gamma-contrast', 0.9569326173832206, 0.9037481783174729]
INFO:root:403, 0.3896666665077209, ['gaussian-blur', 0.119836963960441, 'invert', 0.7005942105743838, 'gamma-contrast', 0.8982254402458903, 0.9284511741533437]
INFO:root:404, 0.4770000001059638, ['coarse-dropout', 0.4426399212709361, 'invert', 0.5342429322691071, 'gamma-contrast', 0.9310699208721049, 0.0051022994404821284]
INFO:root:405, 0.36211111127005685, ['gaussian-blur', 0.5502828064517625, 'invert', 0.526800208268348, 'gamma-contrast', 0.9672454130217265, 0.8756063781687623]
INFO:root:406, 0.37133333330684243, ['translate-x', 0.8651809083752402, 'crop', 0.6645008887134108, 'gamma-contrast', 0.9991387803616747, 0.37635247958764384]
INFO:root:407, 0.4668888891008165, ['invert', 0.23003283561782856, 'invert', 0.4209867858339138, 'gamma-contrast', 0.8624119224828593, 0.9767671647192836]
INFO:root:408, 0.42144444449742635, ['invert', 0.31932918012787764, 'invert', 0.2519317493361563, 'gamma-contrast', 0.9633936384365981, 0.9377625397556879]
INFO:root:409, 0.21111111117733847, ['emboss', 0.2633875836825513, 'invert', 0.47428663784723635, 'gamma-contrast', 0.9331832376394611, 0.36780359701391724]
INFO:root:410, 0.22866666676104067, ['sharpen', 0.012729153463197477, 'invert', 0.42449668699093523, 'gamma-contrast', 0.9421810581620391, 0.9771784705061716]
INFO:root:411, 0.3263333332008786, ['dropout', 0.4250834375668625, 'invert', 0.44116070265529306, 'gamma-contrast', 0.8928977344344787, 0.8533077384373]
INFO:root:412, 0.2976666665871938, ['shear', 0.8398578989796942, 'invert', 0.6685042921065664, 'gamma-contrast', 0.995009208616633, 0.9136923757113694]
INFO:root:413, 0.12288888896836175, ['sharpen', 0.3032856610721842, 'invert', 0.8249620471197318, 'gamma-contrast', 0.9079023009676377, 0.9784997087218014]
INFO:root:414, 0.3073333330684238, ['rotate', 0.21760402510902915, 'invert', 0.21274543991810863, 'gamma-contrast', 0.9628083279046481, 0.8518773814152146]
INFO:root:415, 0.1554444446067015, ['shear', 0.09574152824972529, 'invert', 0.4975833253720401, 'gamma-contrast', 0.9862140343692294, 0.9560056607516266]
INFO:root:416, 0.24055555567476483, ['translate-x', 0.762009705125888, 'invert', 0.245252970249552, 'gamma-contrast', 0.959358712218577, 0.5708908140681851]
INFO:root:417, 0.27777777779102325, ['coarse-dropout', 0.798891147468992, 'invert', 0.032625774449075225, 'gamma-contrast', 0.9271844202472243, 0.5579134287058916]
