INFO:root:run_bayesianopt ran with args: (), and kwargs: {'dataset_name': 'cifar10', 'num_classes': 10, 'validation_set_size': 1000, 'training_set_size': 1000, 'opt_iterations': 1000, 'opt_samples': 1, 'opt_initial_points': 10, 'child_epochs': 2, 'child_first_train_epochs': 100, 'child_batch_size': 128, 'opt_last_n_epochs': 5}
INFO:root:1, 0.6110000003576279, ['dropout', 0.8442657485810175, 'invert', 0.8472517387841256, 0.6235636967859725]
INFO:root:2, 0.6005, ['sharpen', 0.29753460654447234, 'crop', 0.27265629458011326, 0.47766511732135]
INFO:root:3, 0.6094999999999999, ['brighten', 0.47997717237505744, 'sharpen', 0.8360787635373778, 0.33739616041726844]
INFO:root:4, 0.6234999994039536, ['coarse-dropout', 0.368241539840548, 'clouds', 0.14035078041264518, 0.8700872583584366]
INFO:root:5, 0.6229999990463257, ['emboss', 0.8009107519796445, 'additive-gaussian-noise', 0.6788795301189604, 0.7206326547259169]
INFO:root:6, 0.6170000005960464, ['dropout', 0.5373732294490108, 'brighten', 0.10590760718779216, 0.47360041934665753]
INFO:root:7, 0.6014999999999999, ['rotate', 0.7369181771289582, 'shear', 0.13521817340545209, 0.32414100779321414]
INFO:root:8, 0.6149999995231629, ['rotate', 0.2223213882515877, 'sharpen', 0.9025984755294049, 0.4499499899112277]
INFO:root:9, 0.6115000010728836, ['dropout', 0.9023485831739845, 'gaussian-blur', 0.969809067746749, 0.6531400357979378]
INFO:root:10, 0.627999999165535, ['rotate', 0.35815216696952507, 'brighten', 0.6078306687154679, 0.32504722900835253]
INFO:root:11, 0.6059999994039535, ['rotate', 0.3311601652260168, 'translate-y', 0.3718618682719081, 0.5353541630382356]
INFO:root:12, 0.6075, ['rotate', 0.07254189033441473, 'emboss', 0.31798769337780214, 0.5703271830970187]
INFO:root:13, 0.641999999165535, ['rotate', 0.3456033970995775, 'translate-y', 0.12568521782093925, 0.2942859171074091]
INFO:root:14, 0.6059999992847442, ['rotate', 0.09246800854644856, 'gaussian-blur', 0.23248515056883884, 0.053221156490941404]
INFO:root:15, 0.6069999989271164, ['rotate', 0.28587243470683893, 'translate-y', 0.10358009958810546, 0.02319479076973985]
INFO:root:16, 0.6025000003576279, ['shear', 0.32722971205345747, 'sharpen', 0.05381040348013556, 0.019007560641818414]
INFO:root:17, 0.6164999996423721, ['coarse-dropout', 0.3375432333471943, 'brighten', 0.02259156637593929, 0.030854620717149735]
INFO:root:18, 0.6209999997615814, ['fog', 0.3336609263521881, 'fog', 0.1657323019062478, 0.2022832428645615]
INFO:root:19, 0.6075000001192092, ['shear', 0.32746324293573886, 'rotate', 0.014561416087243154, 0.20715913871752395]
INFO:root:20, 0.6319999997615815, ['gaussian-blur', 0.33179411776561835, 'clouds', 0.36323838547855686, 0.28759445828500446]
INFO:root:21, 0.6375000002384186, ['translate-y', 0.33048392322296044, 'additive-gaussian-noise', 0.0500057297525346, 0.28815198754076293]
INFO:root:22, 0.6179999998807907, ['invert', 0.32829471155946804, 'fog', 0.09447648920774968, 0.25458498278459246]
