DEBUG:matplotlib:CACHEDIR=/home/ubuntu/.cache/matplotlib
DEBUG:matplotlib.font_manager:Using fontManager instance from /home/ubuntu/.cache/matplotlib/fontList.json
DEBUG:matplotlib.backends:backend agg version v2.2
DEBUG:shapely.geos:Found GEOS DLL: <CDLL '/home/ubuntu/anaconda3/envs/tensorflow_p36/lib/python3.6/site-packages/shapely/.libs/libgeos_c-bd8d3f16.so.1.10.2', handle 55e1cdee0750 at 0x7ff8d75a3c88>, using it.
DEBUG:shapely.geos:Trying `CDLL(libc.so.6)`
DEBUG:shapely.geos:Library path: 'libc.so.6'
DEBUG:shapely.geos:DLL: <CDLL 'libc.so.6', handle 7ff9efb3b748 at 0x7ff8d78d2240>
DEBUG:matplotlib:CACHEDIR=/home/ubuntu/.cache/matplotlib
DEBUG:matplotlib.font_manager:Using fontManager instance from /home/ubuntu/.cache/matplotlib/fontList.json
DEBUG:matplotlib.backends:backend agg version v2.2
DEBUG:shapely.geos:Found GEOS DLL: <CDLL '/home/ubuntu/anaconda3/envs/tensorflow_p36/lib/python3.6/site-packages/shapely/.libs/libgeos_c-bd8d3f16.so.1.10.2', handle 5632b826e270 at 0x7fe8f5406be0>, using it.
DEBUG:shapely.geos:Trying `CDLL(libc.so.6)`
DEBUG:shapely.geos:Library path: 'libc.so.6'
DEBUG:shapely.geos:DLL: <CDLL 'libc.so.6', handle 7fea0d8c5748 at 0x7fe8f5406ef0>
DEBUG:matplotlib:CACHEDIR=/home/ubuntu/.cache/matplotlib
DEBUG:matplotlib.font_manager:Using fontManager instance from /home/ubuntu/.cache/matplotlib/fontList.json
DEBUG:matplotlib.backends:backend agg version v2.2
DEBUG:shapely.geos:Found GEOS DLL: <CDLL '/home/ubuntu/anaconda3/envs/tensorflow_p36/lib/python3.6/site-packages/shapely/.libs/libgeos_c-bd8d3f16.so.1.10.2', handle 556959ad8540 at 0x7faa01253e48>, using it.
DEBUG:shapely.geos:Trying `CDLL(libc.so.6)`
DEBUG:shapely.geos:Library path: 'libc.so.6'
DEBUG:shapely.geos:DLL: <CDLL 'libc.so.6', handle 7fab19735748 at 0x7faa01253f28>
