INFO:root:run_bayesianopt ran with args: (), and kwargs: {'dataset_name': 'cifar10', 'model_name': 'basiccnn', 'num_classes': 10, 'train_set_size': 2000, 'opt_iterations': 10000, 'opt_samples': 3, 'opt_initial_points': 10, 'child_epochs': 50, 'child_first_train_epochs': 0, 'child_batch_size': 64, 'opt_last_n_epochs': 5}
INFO:root:1, 0.4832222223016951, ['dropout', 0.8442657485810175, 'invert', 0.8472517387841256, 'dropout', 0.38438170729269994, 0.29753460654447234]
INFO:root:2, 0.5144444444444445, ['crop', 0.27265629458011326, 'emboss', 0.8121687287754934, 'emboss', 0.39278479610082984, 0.8360787635373778]
INFO:root:3, 0.5208888889948526, ['translate-y', 0.6481718720511973, 'translate-y', 0.9571551589530466, 'rotate', 0.8700872583584366, 0.4736080452737106]
INFO:root:4, 0.537333333492279, ['brighten', 0.5204774795512049, 'coarse-dropout', 0.7206326547259169, 'dropout', 0.5373732294490108, 0.7586156243223574]
INFO:root:5, 0.5308888889948526, ['gaussian-blur', 0.47360041934665753, 'rotate', 0.7369181771289582, 'shear', 0.13521817340545209, 0.32414100779321414]
INFO:root:6, 0.5146666668256124, ['rotate', 0.2223213882515877, 'sharpen', 0.9025984755294049, 'emboss', 0.6130634578841325, 0.9023485831739845]
INFO:root:7, 0.5235555556880103, ['gaussian-blur', 0.969809067746749, 'coarse-dropout', 0.17090958513604518, 'translate-y', 0.7506861412184564, 0.6078306687154679]
INFO:root:8, 0.5774444443119897, ['translate-y', 0.03842542647273473, 'coarse-dropout', 0.9589492686245206, 'coarse-dropout', 0.635058873603564, 0.9952995676778879]
INFO:root:9, 0.5365555557409922, ['dropout', 0.4143685882263689, 'emboss', 0.6235101011318683, 'translate-y', 0.6747523222590208, 0.31720174206929613]
INFO:root:10, 0.5305555557145012, ['brighten', 0.9495710534507423, 'coarse-dropout', 0.013571635612109837, 'dropout', 0.6736596308357895, 0.971945002499666]
INFO:root:11, 0.5307777776718139, ['rotate', 0.6309991974065515, 'coarse-dropout', 0.8670769503028192, 'crop', 0.210034355520142, 0.9129899498723628]
INFO:root:12, 0.46433333351876993, ['emboss', 0.7729816714914973, 'fog', 0.9323657656258263, 'translate-x', 0.6342942268609533, 0.9149435005732787]
INFO:root:13, 0.5282222223546771, ['sharpen', 0.9940653344451932, 'emboss', 0.9290515101732914, 'shear', 0.625587304408162, 0.9695749057931785]
INFO:root:14, 0.54533333351877, ['shear', 0.721329421851125, 'sharpen', 0.9337581831873204, 'sharpen', 0.4094557773118921, 0.982459684982841]
INFO:root:15, 0.529333333492279, ['translate-x', 0.750807273832348, 'additive-gaussian-noise', 0.9329557767770312, 'additive-gaussian-noise', 0.15153183219121882, 0.973382053105983]
INFO:root:16, 0.49922222259309557, ['gaussian-blur', 0.973969430747679, 'translate-y', 0.9713306799919557, 'coarse-dropout', 0.06652203882008369, 0.9314280033404025]
INFO:root:17, 0.5228888888359069, ['translate-x', 0.971627545845385, 'additive-gaussian-noise', 0.9839441820421597, 'invert', 0.37083618944078417, 0.9863951669803025]
INFO:root:18, 0.48955555544959173, ['invert', 0.8351185922746841, 'coarse-dropout', 0.9569904563045664, 'translate-x', 0.8245192877934733, 0.9408576001150397]
INFO:root:19, 0.5338888891537985, ['invert', 0.7762008759571477, 'coarse-dropout', 0.9942900315642723, 'coarse-dropout', 0.9714313557957349, 0.1470467766546493]
INFO:root:20, 0.5418888888888889, ['gaussian-blur', 0.8111771460866871, 'coarse-dropout', 0.9421516226405003, 'gaussian-blur', 0.05551712609925309, 0.9358627246316473]
INFO:root:21, 0.496888888862398, ['sharpen', 0.8285979688750843, 'crop', 0.9362020572057067, 'shear', 0.827200913080838, 0.9459431542776298]
INFO:root:22, 0.561888888782925, ['coarse-dropout', 0.7872828773727577, 'additive-gaussian-noise', 0.9501038859157209, 'coarse-dropout', 0.7939780433245157, 0.9450568423562509]
INFO:root:23, 0.5657777778837416, ['coarse-dropout', 0.8139230190769438, 'rotate', 0.9372494470671537, 'dropout', 0.30619558464398583, 0.9229681350774767]
INFO:root:24, 0.5188888893392352, ['coarse-dropout', 0.7680547485889399, 'rotate', 0.9280576313314437, 'gaussian-blur', 0.8429648941423005, 0.9288847791310547]
INFO:root:25, 0.5163333335452609, ['rotate', 0.8831773292079846, 'gamma-contrast', 0.95213742964685, 'gamma-contrast', 0.6314263404120368, 0.2653105305501016]
INFO:root:26, 0.4973333333598243, ['fog', 0.7715766616544913, 'crop', 0.9508180973116285, 'emboss', 0.6908171919602025, 0.9216052925245387]
INFO:root:27, 0.4826666666931576, ['shear', 0.8194516581706706, 'emboss', 0.9359897225708816, 'crop', 0.7778631938130803, 0.9450980962688307]
INFO:root:28, 0.5295555559794107, ['coarse-dropout', 0.851343831251623, 'translate-x', 0.8654216211564666, 'coarse-dropout', 0.6630406909710748, 0.516250654080536]
INFO:root:29, 0.5103333330419328, ['fog', 0.8011207033507574, 'crop', 0.8492016232284386, 'dropout', 0.8887689700990271, 0.9323606554176538]
INFO:root:30, 0.5485555556615194, ['translate-x', 0.8275782475855809, 'additive-gaussian-noise', 0.4661020197408866, 'coarse-dropout', 0.7403017917332747, 0.9275256409354583]
INFO:root:31, 0.5418888889948528, ['brighten', 0.7877566625071463, 'additive-gaussian-noise', 0.9353568264573012, 'crop', 0.6871594367479417, 0.07894335263876885]
INFO:root:32, 0.4945555555290646, ['translate-y', 0.8212685068273856, 'brighten', 0.9342605435967234, 'coarse-dropout', 0.8266573020928247, 0.7024483111413984]
INFO:root:33, 0.46933333333333327, ['fog', 0.7793421419707924, 'translate-y', 0.9347975431545162, 'invert', 0.6854484868336793, 0.8409631170701336]
INFO:root:34, 0.5244444446563721, ['brighten', 0.8462897286243651, 'invert', 0.9342605187505456, 'dropout', 0.5665850156719456, 0.4178230845385593]
INFO:root:35, 0.5405555556085375, ['coarse-dropout', 0.8229051776675069, 'sharpen', 0.9998608833083249, 'dropout', 0.8197593251269901, 0.894042701940398]
INFO:root:36, 0.5600000000529819, ['sharpen', 0.7940736973641449, 'gamma-contrast', 0.8680678701646695, 'translate-y', 0.7641232493144089, 0.9312859574630278]
INFO:root:37, 0.4868888890743256, ['gaussian-blur', 0.8026360410257466, 'clouds', 0.9196247130944937, 'crop', 0.592941262705802, 0.8925596495345963]
INFO:root:38, 0.49977777798970535, ['translate-x', 0.7800158762512307, 'translate-x', 0.8948986937445377, 'gamma-contrast', 0.6565784353350866, 0.8332458182799964]
INFO:root:39, 0.49755555579397404, ['rotate', 0.81878225191579, 'sharpen', 0.9452619188300515, 'dropout', 0.6630218865111798, 0.8829099793357792]
INFO:root:40, 0.5057777780161963, ['invert', 0.8016005956165128, 'sharpen', 0.9102880452009141, 'additive-gaussian-noise', 0.3111468984382964, 0.9196335850965303]
INFO:root:41, 0.4963333333068424, ['translate-y', 0.7796550578483615, 'invert', 0.9411254555858467, 'coarse-dropout', 0.16588686514535447, 0.8329897829399912]
INFO:root:42, 0.46611111103163827, ['fog', 0.761208672962519, 'shear', 0.9306373941910715, 'fog', 0.03964021073505886, 0.8507371490224316]
INFO:root:43, 0.5508888889418708, ['invert', 0.771280000993255, 'coarse-dropout', 0.9289797646154314, 'coarse-dropout', 0.19568820064091735, 0.8813370843610343]
INFO:root:44, 0.49133333349227903, ['fog', 0.6008722167140721, 'crop', 0.9308874481374622, 'sharpen', 0.4766006017797335, 0.8618147027482649]
INFO:root:45, 0.48588888933923513, ['fog', 0.2291471729681988, 'sharpen', 0.9673931495547943, 'translate-x', 0.8754704889845274, 0.9897471074024315]
INFO:root:46, 0.5164444447358449, ['fog', 0.6330061247441379, 'shear', 0.9343492380266837, 'shear', 0.044025256184978885, 0.9543231385786846]
INFO:root:47, 0.5017777780426873, ['fog', 0.7635456945651883, 'dropout', 0.7263757608105913, 'coarse-dropout', 0.48392753101897845, 0.7889541034403117]
INFO:root:48, 0.4963333334657881, ['fog', 0.8119245477803988, 'coarse-dropout', 0.8640073350147073, 'translate-x', 0.9668441961612718, 0.27525265838656204]
INFO:root:49, 0.4958888886504703, ['fog', 0.5859308608061379, 'coarse-dropout', 0.9321496721307553, 'shear', 0.4893147915656888, 0.723326701543841]
INFO:root:50, 0.5126666669580671, ['fog', 0.747799081393985, 'additive-gaussian-noise', 0.9458748019730499, 'crop', 0.5031177805178664, 0.8646487931877472]
INFO:root:51, 0.5298888890213438, ['fog', 0.7767641672849247, 'additive-gaussian-noise', 0.24017428090811804, 'translate-x', 0.7308756330662914, 0.1582155956596232]
INFO:root:52, 0.4618888890743257, ['emboss', 0.30979969894209075, 'translate-x', 0.9401684631688545, 'translate-x', 0.796889331238672, 0.9682543603332606]
INFO:root:53, 0.4866666669050853, ['translate-y', 0.4623796150441314, 'dropout', 0.8079341092727028, 'translate-x', 0.6941133264796662, 0.9280556970047283]
INFO:root:54, 0.5157777778837416, ['additive-gaussian-noise', 0.10018823721461037, 'dropout', 0.31757472429880657, 'translate-x', 0.7041558046035775, 0.9393455859843912]
INFO:root:55, 0.4788888887564341, ['crop', 0.7753141835801899, 'gaussian-blur', 0.9405033903334832, 'translate-x', 0.303812278723214, 0.9708088195226353]
INFO:root:56, 0.5623333332008786, ['coarse-dropout', 0.5286948823149822, 'rotate', 0.9641480620287026, 'translate-x', 0.20123362944618978, 0.3127911186531592]
INFO:root:57, 0.5270000002384185, ['dropout', 0.3062937268610782, 'gaussian-blur', 0.9594352138076591, 'translate-x', 0.9408116577498433, 0.9903149189793847]
INFO:root:58, 0.46522222248713174, ['emboss', 0.5702517093968239, 'fog', 0.9059335503106247, 'translate-x', 0.40305212456562367, 0.9828172621504407]
INFO:root:59, 0.5071111109256745, ['emboss', 0.027919889555791284, 'shear', 0.8700466048881582, 'translate-x', 0.1957337349563329, 0.30838732355498394]
INFO:root:60, 0.5801111113892661, ['emboss', 0.7666033651723304, 'emboss', 0.9788709769848961, 'translate-x', 0.29699263402725745, 0.9865645741617723]
INFO:root:61, 0.516666666454739, ['emboss', 0.5078230167357417, 'sharpen', 0.9918133461646829, 'translate-x', 0.8562910526497988, 0.9450678100276906]
INFO:root:62, 0.5005555553701189, ['translate-y', 0.7509513616235369, 'emboss', 0.9318300781551379, 'translate-x', 0.34741146615225055, 0.6132108411367134]
INFO:root:63, 0.598222222275204, ['emboss', 0.48686618927770964, 'gamma-contrast', 0.9460925038567656, 'translate-x', 0.2586834954553627, 0.733886917844768]
INFO:root:64, 0.4790000001589457, ['emboss', 0.23148826656360738, 'clouds', 0.9841340107640628, 'translate-x', 0.6682506464089026, 0.9015885146903059]
INFO:root:65, 0.5168888889418708, ['emboss', 0.3399341215192177, 'gaussian-blur', 0.9496084076580079, 'translate-x', 0.7429694112576395, 0.9588108071746507]
INFO:root:66, 0.506333333598243, ['emboss', 0.2775189802657992, 'translate-y', 0.7940153730232957, 'translate-x', 0.6155940000515953, 0.9854421200282787]
INFO:root:67, 0.4827777777247959, ['emboss', 0.5664271081128582, 'fog', 0.9067623924357225, 'gaussian-blur', 0.6854887789811197, 0.9812665581716565]
INFO:root:68, 0.4898888891008165, ['fog', 0.00449063117337667, 'fog', 0.9780842195407924, 'gamma-contrast', 0.530183051669575, 0.603780877959365]
INFO:root:69, 0.49222222259309556, ['emboss', 0.4374272213894558, 'fog', 0.7957410450027349, 'coarse-dropout', 0.2898726242288319, 0.9657752548307561]
INFO:root:70, 0.4761111114819845, ['fog', 0.0812022669853333, 'fog', 0.9909109967352773, 'fog', 0.24796613839323617, 0.9215775913849301]
INFO:root:71, 0.5121111109521654, ['dropout', 0.4832545062376671, 'fog', 0.9744873345246644, 'dropout', 0.26825406947344593, 0.8726150865843803]
INFO:root:72, 0.5172222224341498, ['rotate', 0.7711722782592907, 'fog', 0.9448390615729407, 'fog', 0.29116228454746124, 0.03888030207836624]
INFO:root:73, 0.47822222269905934, ['emboss', 0.036472688681483796, 'fog', 0.963629848104992, 'clouds', 0.6609192844094424, 0.9362876875243012]
INFO:root:74, 0.5164444443914626, ['emboss', 0.0048828434456009715, 'fog', 0.5796755625807534, 'sharpen', 0.5760712356895153, 0.9908641648819068]
INFO:root:75, 0.5121111112700569, ['emboss', 0.9374927849649652, 'fog', 0.016796001627759852, 'dropout', 0.5989388200826199, 0.997595189832096]
INFO:root:76, 0.49300000039736436, ['translate-x', 0.1194633901298621, 'fog', 0.9382688588919715, 'coarse-dropout', 0.951153928565234, 0.9807027365747487]
INFO:root:77, 0.4774444443914625, ['fog', 0.03050831548355249, 'clouds', 0.956997061308075, 'brighten', 0.25679495856631124, 0.8443510644682573]
INFO:root:78, 0.49544444465637205, ['fog', 0.2164009322009462, 'rotate', 0.9921572551336563, 'translate-x', 0.2562940631863097, 0.20548440249864225]
INFO:root:79, 0.515222222354677, ['emboss', 0.020921632561219265, 'fog', 0.9593667859495717, 'additive-gaussian-noise', 0.741554056492913, 0.9920424809013006]
INFO:root:80, 0.46155555550257377, ['fog', 0.6940821720579403, 'gamma-contrast', 0.9758828914092739, 'gamma-contrast', 0.062001204114394484, 0.5878662078558777]
INFO:root:81, 0.47544444433848065, ['fog', 0.737057091623075, 'gamma-contrast', 0.9311942755461396, 'sharpen', 0.2301282634797273, 0.7291477787579181]
INFO:root:82, 0.46300000007947284, ['fog', 0.8299850660360867, 'gamma-contrast', 0.9489113141672916, 'clouds', 0.03436742638948954, 0.45351944566082936]
INFO:root:83, 0.48455555582046517, ['fog', 0.6416617513293775, 'emboss', 0.9492420384609405, 'rotate', 0.055835888110163615, 0.45019914582489495]
INFO:root:84, 0.4797777777512868, ['fog', 0.8777540803237464, 'gamma-contrast', 0.2839467483272417, 'sharpen', 0.050937909516522564, 0.4779475156888705]
INFO:root:85, 0.4957777778307597, ['emboss', 0.8607914618975959, 'fog', 0.6473046701468098, 'translate-x', 0.24161474364310248, 0.8412590113363342]
INFO:root:86, 0.5147777780161964, ['fog', 0.8594970688300743, 'additive-gaussian-noise', 0.6257524426070594, 'sharpen', 0.010942268381171962, 0.812803442591882]
INFO:root:87, 0.5683333333333334, ['fog', 0.4878226422327633, 'gamma-contrast', 0.9475458225959944, 'translate-x', 0.28679712514208483, 0.6935051575038539]
INFO:root:88, 0.5016666670905219, ['fog', 0.7088669127233961, 'gamma-contrast', 0.7807679231277319, 'clouds', 0.0023030673984651977, 0.2922620851228603]
INFO:root:89, 0.5111111111376021, ['fog', 0.3921326326801289, 'gamma-contrast', 0.977715576022538, 'brighten', 0.11650186649375485, 0.14677149487597066]
INFO:root:90, 0.49411111119058404, ['fog', 0.7228673791366286, 'coarse-dropout', 0.9774905823589024, 'brighten', 0.0334770061854558, 0.5661022482831909]
INFO:root:91, 0.4648888894716898, ['fog', 0.88449470786567, 'coarse-dropout', 0.9937607145558849, 'fog', 0.2933985896122023, 0.8126812638662388]
INFO:root:92, 0.5195555554231008, ['fog', 0.8292104380290081, 'gamma-contrast', 0.9349662589215618, 'gaussian-blur', 0.3767689101033369, 0.5188521224160204]
INFO:root:93, 0.4725555556615194, ['fog', 0.8939550130295206, 'gamma-contrast', 0.7701883523427696, 'coarse-dropout', 0.2794385722155544, 0.8525877501444518]
INFO:root:94, 0.48377777820163304, ['fog', 0.9775448818629547, 'gamma-contrast', 0.8839796455976068, 'sharpen', 0.1813381939497212, 0.7635839811348839]
INFO:root:95, 0.46688888918028937, ['fog', 0.7666200882287836, 'gamma-contrast', 0.7011309683824584, 'additive-gaussian-noise', 0.143490324030533, 0.647752491430355]
INFO:root:96, 0.4608888892067804, ['fog', 0.7821810282166232, 'sharpen', 0.9585503674764162, 'fog', 0.2802995814308639, 0.5935603371104267]
INFO:root:97, 0.5466666669315763, ['fog', 0.8320755738593271, 'gamma-contrast', 0.9582499510123635, 'translate-y', 0.1825952410770956, 0.6881709018105073]
INFO:root:98, 0.4836666668785944, ['fog', 0.33061123188188907, 'gamma-contrast', 0.9628508380627221, 'fog', 0.9163473442504091, 0.3620556209714581]
INFO:root:99, 0.47455555547608264, ['fog', 0.17811022560680603, 'sharpen', 0.3829000156524568, 'fog', 0.018586261384689332, 0.9951433308863314]
INFO:root:100, 0.47322222227520416, ['fog', 0.7290043280960848, 'emboss', 0.9785383064793669, 'fog', 0.18502940175568242, 0.7187009899939235]
INFO:root:101, 0.47388888912730753, ['fog', 0.7815649869057363, 'gamma-contrast', 0.05410763148698029, 'translate-x', 0.01843370630204855, 0.8647473316718809]
INFO:root:102, 0.4806666668785944, ['fog', 0.8961138816405217, 'sharpen', 0.6530677565146461, 'fog', 0.3160131856320613, 0.9886897007490255]
INFO:root:103, 0.46311111134952976, ['fog', 0.8344102162608829, 'translate-x', 0.8008507684649351, 'fog', 0.22754594876117235, 0.6149825933824752]
INFO:root:104, 0.47199999984105423, ['fog', 0.7807400576754978, 'translate-y', 0.9656960623517487, 'fog', 0.28185483679108186, 0.2593938395171778]
INFO:root:105, 0.5301111114025117, ['fog', 0.8710836755046772, 'gamma-contrast', 0.9119910534536837, 'translate-x', 0.06480830100275649, 0.5106637712353844]
INFO:root:106, 0.47633333365122477, ['fog', 0.9607299006898046, 'gamma-contrast', 0.644009481366648, 'fog', 0.393033990288428, 0.5138837247759607]
INFO:root:107, 0.49022222246064073, ['dropout', 0.7642862769054285, 'brighten', 0.9578465825478181, 'fog', 0.041447089667817745, 0.6376848218039533]
INFO:root:108, 0.47911111124356587, ['emboss', 0.609767979167627, 'gaussian-blur', 0.9739769587949639, 'fog', 0.16988393654144943, 0.9380064574395618]
INFO:root:109, 0.515222222381168, ['fog', 0.7194430944872399, 'gamma-contrast', 0.7980464030324779, 'translate-x', 0.049746194081829245, 0.5663939594233623]
INFO:root:110, 0.5376666666666667, ['emboss', 0.7444698946101411, 'gamma-contrast', 0.7038883679070836, 'fog', 0.2605859029146567, 0.7616310741230374]
INFO:root:111, 0.485222222328186, ['fog', 0.8168049617974968, 'gamma-contrast', 0.13404191142581703, 'clouds', 0.27169240558977054, 0.6487854617645523]
INFO:root:112, 0.4820000002384185, ['fog', 0.48199408278422806, 'gamma-contrast', 0.3965539527019737, 'clouds', 0.14774821175629885, 0.6456934313144355]
INFO:root:113, 0.5199999999205271, ['fog', 0.8020035862339513, 'rotate', 0.9335331288634685, 'fog', 0.08620187881080489, 0.04837773313986572]
INFO:root:114, 0.5534444446298812, ['fog', 0.8764314839726366, 'gamma-contrast', 0.9588347865510233, 'rotate', 0.2532647412412314, 0.45944509573438574]
INFO:root:115, 0.48288888867696134, ['fog', 0.9681679271856254, 'gaussian-blur', 0.840159473923113, 'fog', 0.13735156447313826, 0.04205064954243332]
INFO:root:116, 0.4715555556615193, ['fog', 0.9616553771558788, 'brighten', 0.08375403835703456, 'fog', 0.22582391315757794, 0.5534723978687374]
INFO:root:117, 0.4845555559794108, ['fog', 0.8685047232572903, 'gamma-contrast', 0.48914935759314515, 'fog', 0.29725667676051787, 0.6974000656048462]
INFO:root:118, 0.47344444444444445, ['fog', 0.9164736365273813, 'additive-gaussian-noise', 0.0010249221949953926, 'fog', 0.26256650724814906, 0.41999959197200964]
INFO:root:119, 0.4711111115879483, ['fog', 0.9362212112357247, 'gamma-contrast', 0.0268301720434967, 'gamma-contrast', 0.31915789020574253, 0.7339096816210039]
INFO:root:120, 0.4692222225136228, ['fog', 0.8308185916959798, 'translate-x', 0.956202035001066, 'fog', 0.11850132551837592, 0.6891045266664468]
INFO:root:121, 0.522555555926429, ['fog', 0.08181465808208989, 'gamma-contrast', 0.9787678609832198, 'crop', 0.18824407596310438, 0.8011944202500273]
INFO:root:122, 0.4866666667991214, ['gaussian-blur', 0.5034010242593993, 'brighten', 0.9743853777895127, 'fog', 0.2530578380609159, 0.9465510278834525]
INFO:root:123, 0.4754444442590078, ['fog', 0.9077856221424623, 'gamma-contrast', 0.3389373650754503, 'clouds', 0.26952222377456475, 0.6537344074891331]
INFO:root:124, 0.49666666664017567, ['fog', 0.9795412886254369, 'gamma-contrast', 0.6117202224978217, 'translate-x', 0.26283820234318594, 0.5837130141667614]
INFO:root:125, 0.4694444446033902, ['fog', 0.7652585616307775, 'fog', 0.773942210651977, 'fog', 0.08803124500295624, 0.4628760997347373]
INFO:root:126, 0.5456666667991215, ['emboss', 0.9570685666551016, 'gamma-contrast', 0.7804683964632058, 'translate-x', 0.5078074648484696, 0.9810779739552502]
INFO:root:127, 0.4766666666666667, ['fog', 0.8993975367812479, 'dropout', 0.023432153648914936, 'translate-y', 0.2520822351447332, 0.8530783463488419]
INFO:root:128, 0.4825555556085376, ['emboss', 0.5578537809682486, 'translate-y', 0.9980623232403342, 'translate-x', 0.2569407882937264, 0.9062660689389617]
INFO:root:129, 0.4742222226460774, ['fog', 0.7982539372286395, 'gamma-contrast', 0.9469283677513519, 'clouds', 0.014720342022073622, 0.5771559322430382]
INFO:root:130, 0.4816666665871937, ['fog', 0.8913297239055578, 'fog', 0.9991621814791602, 'fog', 0.11301426320261557, 0.9487886658493356]
INFO:root:131, 0.4860000002119277, ['fog', 0.8257065209666176, 'gaussian-blur', 0.9492391723625891, 'clouds', 0.2767197088095123, 0.7691662689484363]
INFO:root:132, 0.48811111121707496, ['fog', 0.7840282293215486, 'coarse-dropout', 0.9842676892174681, 'clouds', 0.26066464776393355, 0.660436858547394]
INFO:root:133, 0.4698888889683618, ['fog', 0.7761970351298128, 'gamma-contrast', 0.06907099939624396, 'translate-x', 0.22357341591827024, 0.8008976587108105]
INFO:root:134, 0.48055555582046505, ['fog', 0.8965745569036172, 'gamma-contrast', 0.9483587617776391, 'additive-gaussian-noise', 0.15134260030826877, 0.5731256602913807]
INFO:root:135, 0.4818888892332712, ['emboss', 0.681951738323294, 'crop', 0.91262672941971, 'translate-x', 0.05856386155853456, 0.9817742172958666]
INFO:root:136, 0.49533333349227904, ['emboss', 0.015532705285196128, 'translate-x', 0.941752707852617, 'clouds', 0.17533768823600918, 0.9674339985483493]
INFO:root:137, 0.4773333334657881, ['fog', 0.7753741651178718, 'emboss', 0.9724766408065986, 'additive-gaussian-noise', 0.08923842779174697, 0.7757508013927867]
INFO:root:138, 0.5217777777247958, ['fog', 0.49544838924539303, 'brighten', 0.03353320107895975, 'translate-y', 0.04635383390939663, 0.6753429157909353]
INFO:root:139, 0.47688888880941593, ['fog', 0.8542159890170956, 'gamma-contrast', 0.1731558775761554, 'sharpen', 0.18008802517184444, 0.6754353191907334]
INFO:root:140, 0.49266666674613957, ['emboss', 0.2063995757840275, 'gamma-contrast', 0.9632143660960019, 'fog', 0.3074911916090564, 0.915559442751162]
INFO:root:141, 0.4913333334392971, ['fog', 0.5109380209557453, 'gamma-contrast', 0.45164260956991586, 'coarse-dropout', 0.1579149927816307, 0.842056786550421]
INFO:root:142, 0.4687777774069044, ['fog', 0.840852169722946, 'gamma-contrast', 0.29386048766873224, 'rotate', 0.3712563078286814, 0.6926042830793607]
INFO:root:143, 0.5044444445504084, ['fog', 0.5804870200617642, 'gamma-contrast', 0.9656532022962507, 'gamma-contrast', 0.2877911429557564, 0.8347160644071548]
INFO:root:144, 0.47800000029140055, ['emboss', 0.6095444958248304, 'brighten', 0.9438687888611603, 'fog', 0.3126239056852031, 0.9794821955488244]
INFO:root:145, 0.5257777780691784, ['emboss', 0.5606448009677992, 'gamma-contrast', 0.9203542365914936, 'brighten', 0.3984369029466821, 0.9314471572369516]
INFO:root:146, 0.48033333373069764, ['fog', 0.8474763320317782, 'fog', 0.004557648337966237, 'translate-y', 0.30476257310836946, 0.7517634573634291]
INFO:root:147, 0.4720000002119277, ['fog', 0.8091896745259656, 'gamma-contrast', 0.8906393321684328, 'brighten', 0.015656134685923865, 0.7337432013592816]
INFO:root:148, 0.5058888886504702, ['fog', 0.7856691882789536, 'additive-gaussian-noise', 0.9965033404078898, 'additive-gaussian-noise', 0.2179063673446457, 0.6865298902278598]
INFO:root:149, 0.48611111132303875, ['fog', 0.8300246418687489, 'translate-y', 0.5517419701902713, 'translate-x', 0.1213468814806509, 0.9915670014252177]
INFO:root:150, 0.4741111112700569, ['emboss', 0.5879756478827098, 'invert', 0.9387168544458538, 'additive-gaussian-noise', 0.5888055780273953, 0.7261720819114175]
INFO:root:151, 0.48666666671964853, ['emboss', 0.6698305286207181, 'emboss', 0.939215284513851, 'brighten', 0.9605164105086443, 0.7580654119254345]
INFO:root:152, 0.49566666671964854, ['fog', 0.8587653141489718, 'translate-x', 0.8920668376786246, 'translate-y', 0.10798595983991102, 0.7018918357570549]
INFO:root:153, 0.4821111111905839, ['fog', 0.8370372245855207, 'translate-x', 0.9603186310033863, 'gaussian-blur', 0.3471886338965689, 0.6909141373796237]
INFO:root:154, 0.4897777780161964, ['emboss', 0.6343121488706838, 'fog', 0.8822713467660267, 'emboss', 0.5198277244429346, 0.9848791879885067]
INFO:root:155, 0.5131111111376021, ['fog', 0.4658755560176123, 'gaussian-blur', 0.9696886035168373, 'fog', 0.041088007411145495, 0.4094793473776491]
INFO:root:156, 0.490222222301695, ['fog', 0.48905670779842925, 'crop', 0.1315674447711677, 'fog', 0.029176872183184106, 0.7443233879660762]
INFO:root:157, 0.5114444444974264, ['emboss', 0.08008765884628623, 'gamma-contrast', 0.9398800401003498, 'fog', 0.2263754283272041, 0.7889663568911476]
INFO:root:158, 0.5267777779102325, ['fog', 0.7787278959704487, 'brighten', 0.2769970121155068, 'translate-y', 0.03747567590914303, 0.6328443170076707]
INFO:root:159, 0.4878888890478347, ['fog', 0.7741647884345538, 'rotate', 0.08218298209796117, 'gaussian-blur', 0.14116869802983514, 0.494623966454551]
INFO:root:160, 0.5673333334657882, ['shear', 0.6122017163310028, 'gamma-contrast', 0.9634304844073392, 'rotate', 0.29899898723945956, 0.9008459725992038]
INFO:root:161, 0.5224444445768992, ['emboss', 0.5758783676564123, 'shear', 0.9225268050380983, 'translate-x', 0.14412027020182208, 0.41780460430834687]
INFO:root:162, 0.4930000001059638, ['fog', 0.14336284986538908, 'gamma-contrast', 0.0883055025916283, 'translate-x', 0.3764522894113933, 0.7949619320248453]
INFO:root:163, 0.48299999994701803, ['emboss', 0.7971016544456232, 'sharpen', 0.9350004627795551, 'translate-y', 0.11799581386197147, 0.9831140602851778]
INFO:root:164, 0.5234444443649715, ['fog', 0.8827869581557699, 'additive-gaussian-noise', 0.9361699324607422, 'fog', 0.3073123485093054, 0.538017361499028]
INFO:root:165, 0.5058888889683617, ['emboss', 0.6659549111343707, 'shear', 0.9603965496039838, 'coarse-dropout', 0.2683201024752813, 0.9749320386465616]
INFO:root:166, 0.4871111110581292, ['fog', 0.7771511299367284, 'sharpen', 0.7192089725269789, 'fog', 0.3043637977355195, 0.4416339404848889]
INFO:root:167, 0.48711111119058403, ['fog', 0.950872058602855, 'invert', 0.9535520589106682, 'translate-x', 0.2758514997346167, 0.7205511329460991]
INFO:root:168, 0.4987777779367235, ['fog', 0.6717948401829024, 'shear', 0.8335800237582045, 'translate-x', 0.09746584399543404, 0.6537633832464688]
INFO:root:169, 0.48333333341280615, ['fog', 0.878305376700859, 'rotate', 0.9258242615192896, 'fog', 0.041172893253345284, 0.5975765064904274]
INFO:root:170, 0.4904444446033902, ['emboss', 0.5105455767725033, 'fog', 0.9388841627891796, 'sharpen', 0.45894396121191827, 0.8015983899597691]
INFO:root:171, 0.5667777780426873, ['fog', 0.8054187721809212, 'gamma-contrast', 0.9558706692432059, 'crop', 0.4623253069979453, 0.6392013332679554]
INFO:root:172, 0.4780000001059638, ['fog', 0.9483212251227582, 'brighten', 0.18714683655277956, 'crop', 0.26074747934525283, 0.8917702501397902]
INFO:root:173, 0.4908888887564341, ['fog', 0.7378352117617093, 'gamma-contrast', 0.820480836048424, 'crop', 0.2869923434022244, 0.5921444020956753]
INFO:root:174, 0.47200000007947296, ['fog', 0.9522306473716216, 'gamma-contrast', 0.06337967387518796, 'crop', 0.24824710330504945, 0.4260114625243554]
INFO:root:175, 0.4826666669315762, ['fog', 0.8499295701986431, 'gamma-contrast', 0.5460492011177108, 'crop', 0.106634312393067, 0.8692541495264848]
INFO:root:176, 0.5343333334922791, ['fog', 0.8730371784672325, 'gamma-contrast', 0.8604003240727871, 'shear', 0.26153098011391834, 0.4458182183100796]
INFO:root:177, 0.4964444444709354, ['fog', 0.962786790850543, 'gamma-contrast', 0.45011978595561875, 'rotate', 0.8700171374145368, 0.6657593824776467]
INFO:root:178, 0.4694444445239173, ['fog', 0.7936884020830618, 'sharpen', 0.9523179596021177, 'fog', 0.5677237466647208, 0.9162234928528815]
INFO:root:179, 0.4700000002384185, ['fog', 0.7841386495132548, 'brighten', 0.9826508791290235, 'fog', 0.5919047043535034, 0.6203851676823924]
INFO:root:180, 0.4785555556350284, ['fog', 0.8512538281103958, 'invert', 0.9612585187079498, 'rotate', 0.5423166188779838, 0.564682278571533]
INFO:root:181, 0.48955555513170035, ['emboss', 0.3103721069819891, 'crop', 0.9360383847644071, 'rotate', 0.6863429943807017, 0.9915768076449983]
INFO:root:182, 0.4921111109256744, ['fog', 0.9127115579395865, 'rotate', 0.12402807984354905, 'crop', 0.4056641701196936, 0.550458120539212]
INFO:root:183, 0.5912222221957313, ['fog', 0.8455744222449958, 'gamma-contrast', 0.971514608345086, 'translate-x', 0.4742077341487687, 0.8316202664928406]
INFO:root:184, 0.4895555557409922, ['fog', 0.8050709148844014, 'gamma-contrast', 0.5257279145610315, 'translate-x', 0.6841023797403875, 0.8742665317132045]
INFO:root:185, 0.46955555582046504, ['emboss', 0.5322179676531423, 'translate-x', 0.9133508859870348, 'translate-x', 0.411032721926177, 0.99654011098186]
INFO:root:186, 0.4973333333598243, ['fog', 0.8980283033674037, 'translate-y', 0.3972258959268695, 'brighten', 0.4719689036745288, 0.6905953489688343]
INFO:root:187, 0.49266666695806716, ['fog', 0.9907811858971485, 'crop', 0.9805991024874986, 'translate-x', 0.4785897882645316, 0.9119568144293043]
INFO:root:188, 0.49777777785725064, ['fog', 0.9374441343426198, 'translate-y', 0.9600138973357477, 'emboss', 0.458311188448674, 0.6083529501308333]
INFO:root:189, 0.4746666665607028, ['emboss', 0.5436102642129489, 'coarse-dropout', 0.933811853953394, 'fog', 0.4967882150502566, 0.9614830534952441]
INFO:root:190, 0.4925555556615193, ['fog', 0.8663258438134264, 'translate-y', 0.9896539720676927, 'translate-x', 0.46899624212622115, 0.8512182110184983]
INFO:root:191, 0.48166666703754, ['emboss', 0.8621358881824307, 'coarse-dropout', 0.9437912440893128, 'fog', 0.1645433418289454, 0.9883455255804294]
INFO:root:192, 0.47700000029140044, ['emboss', 0.04544089425104559, 'translate-y', 0.939512892771258, 'translate-x', 0.0324497513749521, 0.9956373545170359]
INFO:root:193, 0.5107777778572506, ['emboss', 0.7501885539669829, 'rotate', 0.9369916110926058, 'fog', 0.629604062113687, 0.9991835926117532]
INFO:root:194, 0.4878888893127442, ['fog', 0.8990484616079846, 'gamma-contrast', 0.8931676752963317, 'sharpen', 0.5957065422058945, 0.7776539539907065]
INFO:root:195, 0.5053333334392971, ['emboss', 0.5169786543070082, 'invert', 0.9954814532019659, 'translate-x', 0.3614995271552642, 0.6753107288416479]
INFO:root:196, 0.46788888870345213, ['fog', 0.6531187358254325, 'crop', 0.9618496531082573, 'fog', 0.4686116250943362, 0.8110514423801267]
INFO:root:197, 0.479777777618832, ['fog', 0.9521973752908817, 'gamma-contrast', 0.9979426845746592, 'gamma-contrast', 0.14324793392104, 0.6454162159631535]
INFO:root:198, 0.5314444444974264, ['emboss', 0.9516851305214202, 'rotate', 0.8946571638340006, 'translate-x', 0.5628960460395299, 0.9269491357712952]
INFO:root:199, 0.4789999997880724, ['fog', 0.8826900640579193, 'dropout', 0.9789530303438579, 'fog', 0.3784045225181758, 0.7200493320209478]
INFO:root:200, 0.49166666648123003, ['fog', 0.7392738867301776, 'additive-gaussian-noise', 0.8236611941960718, 'fog', 0.4419388295189407, 0.5969903589885981]
INFO:root:201, 0.4657777780956692, ['fog', 0.7843595044245761, 'gamma-contrast', 0.9424062036365668, 'invert', 0.05714679432502813, 0.7849613688880767]
INFO:root:202, 0.4775555555555556, ['fog', 0.25854533685965014, 'gamma-contrast', 0.9630758222043012, 'brighten', 0.47179462676353456, 0.9957087771463093]
INFO:root:203, 0.5416666669315762, ['emboss', 0.4800286608636596, 'gamma-contrast', 0.6429661300571852, 'translate-x', 0.05997684717252029, 0.9913746603176616]
INFO:root:204, 0.49433333338631524, ['fog', 0.8329689004906826, 'gamma-contrast', 0.9573521234460765, 'clouds', 0.8449204280055207, 0.5762705145155173]
INFO:root:205, 0.46266666695806713, ['fog', 0.6309735139201031, 'brighten', 0.9723517202103602, 'translate-x', 0.05194411464182348, 0.720062608415841]
INFO:root:206, 0.599555555343628, ['fog', 0.9264137139370849, 'gamma-contrast', 0.9867057967728061, 'translate-x', 0.5548534522260116, 0.7357317394357681]
INFO:root:207, 0.5048888888888887, ['fog', 0.9614615605556037, 'clouds', 0.9974830506034024, 'coarse-dropout', 0.6709299779189927, 0.9777821593085222]
INFO:root:208, 0.4733333335982429, ['fog', 0.8549130679412567, 'gamma-contrast', 0.08681897203257406, 'translate-x', 0.28371043261828804, 0.9617798098811713]
INFO:root:209, 0.5155555556880103, ['fog', 0.8480676082704963, 'dropout', 0.990486786709173, 'translate-x', 0.8264031499163011, 0.726695884642109]
INFO:root:210, 0.47100000029140043, ['fog', 0.8752974191926651, 'emboss', 0.9493036132335575, 'translate-x', 0.33049905320816303, 0.9154799781386054]
INFO:root:211, 0.5006666666136848, ['fog', 0.46186965271820046, 'clouds', 0.9970008974170251, 'fog', 0.7874307176829433, 0.671356235260652]
INFO:root:212, 0.5253333334392971, ['fog', 0.8056959203673897, 'shear', 0.9973859240059026, 'rotate', 0.03548517990833911, 0.7289338243091514]
INFO:root:213, 0.48711111132303875, ['fog', 0.8023762121021307, 'brighten', 0.9956552944576877, 'fog', 0.5977365118052839, 0.6107156238615274]
INFO:root:214, 0.4836666669050853, ['fog', 0.8563951314983442, 'gamma-contrast', 0.9831607008302696, 'brighten', 0.035471573847003064, 0.6436689719248855]
INFO:root:215, 0.4826666665607028, ['fog', 0.5078738985388506, 'gamma-contrast', 0.9558855900904828, 'brighten', 0.42955017573321896, 0.8312517658006007]
INFO:root:216, 0.493, ['fog', 0.6395817774963497, 'gaussian-blur', 0.9709751395884842, 'translate-x', 0.39251091655610626, 0.5622693972185586]
INFO:root:217, 0.5340000001854366, ['fog', 0.8651993520532312, 'gamma-contrast', 0.45819217275552093, 'dropout', 0.47180736876241647, 0.8617042884166181]
INFO:root:218, 0.6359999999205272, ['fog', 0.570462246670539, 'gamma-contrast', 0.9737813423502414, 'shear', 0.9231332749777862, 0.9456039429023272]
INFO:root:219, 0.4738888888888889, ['fog', 0.7664113874007236, 'crop', 0.8076671126467051, 'shear', 0.13669309259781662, 0.8224778453577622]
INFO:root:220, 0.5141111114290025, ['fog', 0.6934841831917595, 'dropout', 0.061277174933443104, 'shear', 0.17311874411968933, 0.7012314080642635]
INFO:root:221, 0.5022222224606407, ['fog', 0.9422330988616163, 'fog', 0.06667737430260136, 'fog', 0.9267180226126926, 0.8640377664866234]
INFO:root:222, 0.4890000001324547, ['fog', 0.5689825142733519, 'invert', 0.9619185172763931, 'fog', 0.9928812383207238, 0.6446111256806267]
INFO:root:223, 0.4962222225401137, ['fog', 0.9621015978603205, 'gamma-contrast', 0.08547062341094448, 'shear', 0.26374453939234926, 0.92380585337934]
INFO:root:224, 0.5093333333863153, ['fog', 0.9386478531978738, 'dropout', 0.749640705095477, 'shear', 0.1639961529681572, 0.81532418295013]
INFO:root:225, 0.5050000001059638, ['emboss', 0.514796853805374, 'translate-x', 0.9389173541384661, 'clouds', 0.9926791056670807, 0.7210573187556933]
INFO:root:226, 0.5084444447888268, ['fog', 0.14591194568831004, 'gaussian-blur', 0.984246689522378, 'shear', 0.583970285197629, 0.8987390173668371]
INFO:root:227, 0.5283333333068425, ['fog', 0.2425710504607263, 'gamma-contrast', 0.9840197712331704, 'gaussian-blur', 0.5590165254527979, 0.041161343747097685]
INFO:root:228, 0.5068888890213437, ['fog', 0.40332404773003516, 'invert', 0.9685901686354207, 'translate-x', 0.9260357487704114, 0.66571329189563]
INFO:root:229, 0.5239999998940361, ['fog', 0.5666844718804989, 'translate-x', 0.9694834053577444, 'shear', 0.9723089035465979, 0.04177415239588501]
INFO:root:230, 0.507111111217075, ['fog', 0.8436986646010762, 'additive-gaussian-noise', 0.9913091944695859, 'fog', 0.5479413981172523, 0.7801407553119539]
INFO:root:231, 0.45966666650772103, ['fog', 0.2833618079305376, 'gamma-contrast', 0.965446695224762, 'invert', 0.3377578266192642, 0.8820717550801839]
INFO:root:232, 0.4740000003708734, ['fog', 0.7919675690937107, 'gamma-contrast', 0.19395899185073334, 'shear', 0.9175620643597572, 0.8810727107815817]
INFO:root:233, 0.458222222354677, ['fog', 0.928601887047433, 'gamma-contrast', 0.16928016030182783, 'shear', 0.9824664395900268, 0.9502560115185364]
INFO:root:234, 0.4857777777512867, ['fog', 0.2039780794302009, 'brighten', 0.9471159344903338, 'shear', 0.9228147227095124, 0.9048430003160888]
INFO:root:235, 0.5168888890478347, ['fog', 0.8757095215206516, 'crop', 0.21040857001092322, 'shear', 0.9551885410834624, 0.9656335823308007]
INFO:root:236, 0.5156666666401757, ['fog', 0.42721868849391553, 'emboss', 0.9316380355039507, 'shear', 0.942378978487408, 0.7939274788457673]
INFO:root:237, 0.5133333336512247, ['fog', 0.9957937967696986, 'brighten', 0.06380061535958338, 'shear', 0.9806186204343527, 0.964227347932563]
INFO:root:238, 0.4711111112965477, ['fog', 0.7384477641721573, 'gamma-contrast', 0.17424862963403112, 'sharpen', 0.4530252786597321, 0.9098250343480749]
INFO:root:239, 0.6013333335452609, ['fog', 0.5117077670056043, 'gamma-contrast', 0.9854442976291554, 'shear', 0.8761529584430031, 0.8224330709882117]
INFO:root:240, 0.5885555556350284, ['fog', 0.4210895821631929, 'gamma-contrast', 0.9582950845455218, 'shear', 0.6948671050792935, 0.9468973503201112]
INFO:root:241, 0.49688888902134365, ['fog', 0.6867874177444419, 'gamma-contrast', 0.9581687111728924, 'additive-gaussian-noise', 0.2431690700707166, 0.9867733696515029]
INFO:root:242, 0.5027777780426874, ['fog', 0.7890936272336792, 'gamma-contrast', 0.9194688080668867, 'emboss', 0.8190272399943068, 0.9135401723993698]
INFO:root:243, 0.48277777775128683, ['emboss', 0.7844385025527394, 'fog', 0.9676964970139206, 'shear', 0.515375408473498, 0.9459076756876632]
INFO:root:244, 0.49222222211625855, ['fog', 0.6892507577829892, 'translate-x', 0.9753081781484472, 'shear', 0.21919955333550417, 0.9009654417978901]
INFO:root:245, 0.4843333332008787, ['fog', 0.7942199313916645, 'gamma-contrast', 0.9623728848377442, 'additive-gaussian-noise', 0.7495792498867556, 0.962570656109923]
INFO:root:246, 0.4818888891802894, ['fog', 0.8100984628383555, 'gamma-contrast', 0.08422351240950333, 'shear', 0.7730984717858292, 0.5979865846154662]
INFO:root:247, 0.4835555556350284, ['fog', 0.16162694725295537, 'gamma-contrast', 0.34004117342107415, 'shear', 0.9952109252785061, 0.20751161749169594]
INFO:root:248, 0.5022222224606407, ['fog', 0.32629816072676915, 'gamma-contrast', 0.6072111009824581, 'shear', 0.8601812082284241, 0.6259214133542643]
INFO:root:249, 0.5150000001854367, ['fog', 0.482823969926378, 'crop', 0.07101667141841196, 'translate-x', 0.3486408071249239, 0.9465250628484397]
INFO:root:250, 0.49533333386315237, ['sharpen', 0.8151879645403894, 'gamma-contrast', 0.9772426957799791, 'fog', 0.8948660525343248, 0.6841845611808912]
INFO:root:251, 0.4631111111905839, ['fog', 0.9334703195092304, 'gamma-contrast', 0.12365718513554827, 'shear', 0.674021309504057, 0.899882720049852]
INFO:root:252, 0.5577777779367235, ['fog', 0.29210107098715904, 'gamma-contrast', 0.9639540658121365, 'crop', 0.46505013376218773, 0.9744143346942824]
INFO:root:253, 0.4798888885180156, ['fog', 0.19353259347925772, 'gamma-contrast', 0.9733917141667632, 'additive-gaussian-noise', 0.9718896183471929, 0.7271523918785093]
INFO:root:254, 0.49844444444444447, ['fog', 0.2810628411607457, 'clouds', 0.9730844138733863, 'shear', 0.6160612817981934, 0.6472839314151305]
INFO:root:255, 0.4944444447888269, ['fog', 0.5303864360505098, 'gamma-contrast', 0.18974398167404954, 'additive-gaussian-noise', 0.30377124354260826, 0.9229013081889279]
INFO:root:256, 0.46777777769830486, ['fog', 0.7814487287276181, 'gamma-contrast', 0.17663385195328754, 'translate-x', 0.5587521547797573, 0.6312183914181456]
INFO:root:257, 0.6091111110316383, ['fog', 0.9655581819182828, 'gamma-contrast', 0.9840565894874863, 'rotate', 0.31716163832960037, 0.8255296594502551]
INFO:root:258, 0.6050000001059639, ['fog', 0.656657465140756, 'gamma-contrast', 0.9732796115564948, 'rotate', 0.6751755263508104, 0.9529053658233614]
INFO:root:259, 0.45822222248713185, ['fog', 0.7392616181618981, 'gamma-contrast', 0.23188884488102252, 'fog', 0.6122225598034858, 0.9405679310940562]
INFO:root:260, 0.4881111110581293, ['fog', 0.8949052346544177, 'gamma-contrast', 0.3565794320438124, 'rotate', 0.34651703672271866, 0.5713048841896338]
INFO:root:261, 0.5806666666931577, ['fog', 0.08546163835911648, 'gamma-contrast', 0.9820755577932497, 'crop', 0.9255379105619664, 0.20560743113342822]
INFO:root:262, 0.4915555559529198, ['fog', 0.7607384508809647, 'sharpen', 0.20863076586259227, 'rotate', 0.15985469500703356, 0.8910085410768136]
INFO:root:263, 0.49200000015894574, ['fog', 0.1578555431705169, 'brighten', 0.969559988001359, 'rotate', 0.17207924206547334, 0.7962099763714894]
INFO:root:264, 0.5050000001059638, ['fog', 0.49054774047980343, 'gamma-contrast', 0.9764075248584873, 'emboss', 0.06610954860188513, 0.7387171564085768]
INFO:root:265, 0.49100000029140045, ['invert', 0.20004304832840142, 'gamma-contrast', 0.970071891285178, 'emboss', 0.8014045691772326, 0.7120527239439751]
INFO:root:266, 0.48099999997350895, ['fog', 0.8108149318090075, 'gamma-contrast', 0.3163777961382452, 'translate-y', 0.6140509640644505, 0.9399847191313764]
INFO:root:267, 0.4913333328829871, ['fog', 0.3249309690489273, 'gamma-contrast', 0.9304020611519523, 'emboss', 0.058532704966380314, 0.9577057660756049]
INFO:root:268, 0.499111111137602, ['crop', 0.5856429743633145, 'gamma-contrast', 0.9834359864811164, 'fog', 0.8974951148329321, 0.5643850177802623]
INFO:root:269, 0.46700000031789146, ['fog', 0.7660166564206751, 'gamma-contrast', 0.06037892265014856, 'coarse-dropout', 0.9740602044440043, 0.9971285745944461]
INFO:root:270, 0.5528888888359069, ['fog', 0.06333292535325864, 'gamma-contrast', 0.9812336352395966, 'gamma-contrast', 0.6347580139261301, 0.8107368108860943]
INFO:root:271, 0.4987777780691782, ['fog', 0.9743320914918117, 'gamma-contrast', 0.22083027795283278, 'crop', 0.5501861706660057, 0.5731002337459787]
INFO:root:272, 0.4830000000000001, ['fog', 0.4289477187800157, 'gamma-contrast', 0.04362278087480965, 'shear', 0.5103054752348413, 0.9250192137100234]
INFO:root:273, 0.6000000001059638, ['fog', 0.7350124301639759, 'gamma-contrast', 0.9453402652057358, 'shear', 0.8014141750287804, 0.9355371394489898]
INFO:root:274, 0.46688888894187075, ['clouds', 0.7642633539280898, 'gamma-contrast', 0.9863947887770481, 'gamma-contrast', 0.026969421811329004, 0.9623947540325515]
INFO:root:275, 0.5349999999735091, ['fog', 0.1966113762372313, 'dropout', 0.9730637640416218, 'shear', 0.03376704585990354, 0.9393737424829169]
INFO:root:276, 0.488888888862398, ['sharpen', 0.1688718330662136, 'gamma-contrast', 0.9748423319958368, 'coarse-dropout', 0.7251328765733441, 0.948674073423446]
INFO:root:277, 0.5117777780691781, ['brighten', 0.9296884732495546, 'gamma-contrast', 0.9890208827942502, 'coarse-dropout', 0.03369742482949845, 0.6030812177629044]
INFO:root:278, 0.49533333330684237, ['gaussian-blur', 0.749064922731515, 'gamma-contrast', 0.9847593232806569, 'fog', 0.6675817033378195, 0.8404588702830953]
INFO:root:279, 0.5911111112965477, ['fog', 0.8284560186556884, 'gamma-contrast', 0.9403115291181563, 'translate-x', 0.6389018988275307, 0.6459903858386693]
INFO:root:280, 0.4824444448153178, ['fog', 0.3129422220757155, 'gamma-contrast', 0.9907951024672362, 'fog', 0.5235053331593743, 0.8339383776942648]
INFO:root:281, 0.4797777780691783, ['fog', 0.9120705672591581, 'gamma-contrast', 0.2475797655109287, 'emboss', 0.704895213203181, 0.9477186151711577]
INFO:root:282, 0.4801111110846201, ['gaussian-blur', 0.7927927288286014, 'gamma-contrast', 0.05563565296578034, 'translate-x', 0.5509403513804546, 0.8946250041373767]
INFO:root:283, 0.5729999998410542, ['crop', 0.8267832920825133, 'gamma-contrast', 0.9776564830383662, 'rotate', 0.046418642181801924, 0.9581228440487152]
INFO:root:284, 0.4777777779632145, ['emboss', 0.7904432702893694, 'gamma-contrast', 0.08255590992973084, 'shear', 0.9565731779942702, 0.9752167527018831]
INFO:root:285, 0.4989999999735092, ['clouds', 0.29552620533952495, 'gamma-contrast', 0.9974556073327214, 'emboss', 0.9288095738581781, 0.9030690774527457]
INFO:root:286, 0.4885555557674831, ['coarse-dropout', 0.7105986126255315, 'gamma-contrast', 0.10395553533609772, 'emboss', 0.7587376684851512, 0.993699787821435]
INFO:root:287, 0.46922222235467703, ['brighten', 0.7796878956367351, 'gamma-contrast', 0.1618497045941866, 'gamma-contrast', 0.011301495021881604, 0.9784465961630259]
INFO:root:288, 0.6807777778042687, ['invert', 0.6763567430755143, 'gamma-contrast', 0.9644901513313098, 'shear', 0.07390854619525401, 0.7460901024966278]
INFO:root:289, 0.49200000029140056, ['invert', 0.8636622563695213, 'gamma-contrast', 0.02548126003645091, 'gamma-contrast', 0.610094809364411, 0.6878861309109241]
INFO:root:290, 0.4956666667461396, ['invert', 0.7319927642873745, 'gamma-contrast', 0.1712116357017315, 'coarse-dropout', 0.5691166474530375, 0.33969496608557664]
INFO:root:291, 0.5011111110051474, ['invert', 0.7999855340673029, 'gamma-contrast', 0.9527591787041764, 'brighten', 0.1072585635689163, 0.9208275176979761]
INFO:root:292, 0.49066666682561244, ['invert', 0.9337531379012909, 'gamma-contrast', 0.046403795606996485, 'shear', 0.22109666582689774, 0.4956103232642113]
INFO:root:293, 0.4992222224076589, ['coarse-dropout', 0.7532309171993727, 'gamma-contrast', 0.28312778476836636, 'shear', 0.6535459789946826, 0.9982906145560313]
INFO:root:294, 0.5090000003708735, ['translate-y', 0.9238146089451263, 'gaussian-blur', 0.9717637315604951, 'shear', 0.31057767127833197, 0.8509945933511127]
INFO:root:295, 0.5182222222222221, ['invert', 0.40515633018128816, 'crop', 0.9641561640307755, 'additive-gaussian-noise', 0.3887692903036305, 0.9187364996284616]
INFO:root:296, 0.4938888892067803, ['invert', 0.6132996643298932, 'translate-x', 0.9652807449557372, 'sharpen', 0.05343711978157785, 0.37172361789780467]
INFO:root:297, 0.5007777779367235, ['clouds', 0.7898946504982156, 'coarse-dropout', 0.9640518580708646, 'translate-x', 0.04750642892599301, 0.7321716195744892]
INFO:root:298, 0.4906666667726305, ['brighten', 0.6641062341921232, 'gamma-contrast', 0.969050958737541, 'invert', 0.9222592142910947, 0.7747789941634499]
INFO:root:299, 0.4949999999205271, ['invert', 0.7777214319522091, 'gamma-contrast', 0.2501123944870552, 'translate-x', 0.5450506042242822, 0.9583976803007169]
INFO:root:300, 0.5454444443384805, ['fog', 0.7505830840676968, 'gamma-contrast', 0.9299524186303799, 'rotate', 0.16395516543381874, 0.9759606349236049]
INFO:root:301, 0.511444444682863, ['fog', 0.5316049656077048, 'gamma-contrast', 0.8088711488391283, 'shear', 0.04395827396531916, 0.7224705389351426]
INFO:root:302, 0.5184444443384806, ['invert', 0.64188798546458, 'invert', 0.9735571186819176, 'emboss', 0.1378458128748047, 0.9794563704903465]
INFO:root:303, 0.5107777778837417, ['rotate', 0.8746895659060397, 'gamma-contrast', 0.9645991888360688, 'additive-gaussian-noise', 0.0786355744354872, 0.7481352859661821]
INFO:root:304, 0.6136666669845581, ['dropout', 0.9090213193976054, 'gamma-contrast', 0.941127137294512, 'shear', 0.8105637988513335, 0.7692318002786975]
INFO:root:305, 0.49966666695806716, ['invert', 0.8031146248589759, 'gamma-contrast', 0.16095559027635734, 'brighten', 0.7488144686581897, 0.9598685558208645]
INFO:root:306, 0.5106666666931576, ['invert', 0.8931990490116226, 'gamma-contrast', 0.9645508207765411, 'invert', 0.04719653109493173, 0.16559390155942968]
INFO:root:307, 0.47922222261958647, ['invert', 0.27354043457320637, 'fog', 0.9754862266129674, 'fog', 0.022802290612340518, 0.9193724249032114]
INFO:root:308, 0.5312222221427494, ['fog', 0.8071016647295156, 'gamma-contrast', 0.7468850315465655, 'shear', 0.7753078278224605, 0.9594402415548499]
INFO:root:309, 0.5256666668521033, ['invert', 0.040549047208248264, 'rotate', 0.9628599604291699, 'shear', 0.07431532288864164, 0.6410338341738647]
INFO:root:310, 0.5007777777512867, ['invert', 0.7712299436780607, 'gamma-contrast', 0.3613288737754458, 'shear', 0.9292511990040366, 0.8478943175854331]
INFO:root:311, 0.4839999999205272, ['dropout', 0.2383639210099719, 'gamma-contrast', 0.036093328017828503, 'shear', 0.05841603102517291, 0.5595353165075403]
INFO:root:312, 0.5885555555555555, ['fog', 0.6563869277447566, 'gamma-contrast', 0.8834432655553065, 'shear', 0.4612003785041787, 0.7291777375786769]
INFO:root:313, 0.7917777776834037, ['invert', 0.5880877051412726, 'gamma-contrast', 0.9815672610270981, 'crop', 0.036701207457739755, 0.843973040095658]
INFO:root:314, 0.49322222248713166, ['rotate', 0.32901635758997777, 'translate-y', 0.9677649022147853, 'crop', 0.5586887580418777, 0.7644277852695806]
INFO:root:315, 0.49633333349227904, ['invert', 0.5994144853979146, 'sharpen', 0.9713896943086098, 'fog', 0.023514359821781967, 0.09769897606651282]
INFO:root:316, 0.5094444443914625, ['clouds', 0.18109505539839102, 'brighten', 0.9816588403967149, 'crop', 0.7966701506434392, 0.7508383923545764]
INFO:root:317, 0.4732222224076589, ['emboss', 0.23369178691317177, 'crop', 0.9940108844250076, 'crop', 0.4615450309763406, 0.8176605003499885]
INFO:root:318, 0.5173333334128063, ['invert', 0.2713136631088953, 'shear', 0.9919417776532673, 'crop', 0.6433602602131179, 0.48715494560910555]
INFO:root:319, 0.5016666666666667, ['invert', 0.007324499285365051, 'gamma-contrast', 0.12658127758290563, 'clouds', 0.036156364309432705, 0.8274731810603049]
INFO:root:320, 0.4864444442590078, ['invert', 0.7432007389528704, 'gamma-contrast', 0.9991112879300333, 'fog', 0.8839774860105394, 0.6213222487755903]
INFO:root:321, 0.4860000002649095, ['crop', 0.6392526960330223, 'gaussian-blur', 0.9828709329970994, 'crop', 0.16470965748798008, 0.7144820924783022]
INFO:root:322, 0.4998888886504703, ['invert', 0.3604749925734358, 'gamma-contrast', 0.9781705509115584, 'sharpen', 0.8457380353106347, 0.8411671558260648]
INFO:root:323, 0.5094444444974264, ['invert', 0.6642219755503758, 'gamma-contrast', 0.9866573710520136, 'dropout', 0.04329162921160013, 0.46166134296800254]
INFO:root:324, 0.4768888892067804, ['invert', 0.5974802323645011, 'fog', 0.8164104378971812, 'fog', 0.025156075401852836, 0.9059252962138279]
INFO:root:325, 0.5014444444179535, ['shear', 0.23726617827780366, 'gamma-contrast', 0.16898495537359162, 'crop', 0.15517644402285216, 0.36972906524373533]
INFO:root:326, 0.5076666666666667, ['fog', 0.925884988107387, 'gamma-contrast', 0.8068194699646133, 'crop', 0.18225268458320434, 0.7861398766517004]
INFO:root:327, 0.4898888893127441, ['invert', 0.49524781337016577, 'gaussian-blur', 0.9878401385407558, 'crop', 0.006550384528660526, 0.714066916656843]
INFO:root:328, 0.5819999999205272, ['additive-gaussian-noise', 0.08986847268912525, 'gamma-contrast', 0.961271480809702, 'crop', 0.7099369464695313, 0.8537999276411519]
INFO:root:329, 0.6082222223546769, ['rotate', 0.0014940232067609531, 'gamma-contrast', 0.8835977536133348, 'crop', 0.02220670790725721, 0.9858698629184851]
INFO:root:330, 0.492777777698305, ['invert', 0.061361880520895765, 'gamma-contrast', 0.0346073125160481, 'crop', 0.0410846876521831, 0.6127823117288841]
INFO:root:331, 0.5133333335717518, ['emboss', 0.4618637622298457, 'invert', 0.9379290358016285, 'crop', 0.0028809652217898223, 0.41881297374677984]
INFO:root:332, 0.5402222221427493, ['dropout', 0.9804987623139689, 'clouds', 0.1987885639397476, 'crop', 0.01576958720285693, 0.9205264093672744]
INFO:root:333, 0.511111111217075, ['invert', 0.7838517993388961, 'clouds', 0.819534210123244, 'crop', 0.024930270676047035, 0.7117789018987632]
INFO:root:334, 0.6331111110316383, ['invert', 0.885623411411937, 'gamma-contrast', 0.8803994470764941, 'crop', 0.026435223016267113, 0.6194034105665316]
INFO:root:335, 0.5296666665607028, ['shear', 0.7628219744057038, 'gamma-contrast', 0.47330625559638817, 'crop', 0.0183810200445389, 0.6549813000892463]
INFO:root:336, 0.4914444446033901, ['brighten', 0.1679861560181193, 'gamma-contrast', 0.12950696952419474, 'crop', 0.0030193536591556222, 0.6721955167660527]
INFO:root:337, 0.5265555556085375, ['invert', 0.9282215343300062, 'gaussian-blur', 0.16370342038228583, 'crop', 0.18192932953349253, 0.8107586563232895]
INFO:root:338, 0.482333333492279, ['invert', 0.5774382836772326, 'gamma-contrast', 0.15773288580283254, 'crop', 0.3456621574786323, 0.6134218370918291]
INFO:root:339, 0.4916666669845581, ['sharpen', 0.7565288752927172, 'translate-y', 0.9881042510809408, 'crop', 0.03206034750420728, 0.29813544709678147]
INFO:root:340, 0.4886666666666666, ['fog', 0.6235522278832452, 'gamma-contrast', 0.9797576754869068, 'clouds', 0.03166480676428408, 0.9018169757629357]
INFO:root:341, 0.5125555557145012, ['invert', 0.0001017401011199626, 'gamma-contrast', 0.4668671382788897, 'crop', 0.8067839553438441, 0.6732653115987509]
INFO:root:342, 0.5262222222752042, ['invert', 0.2537849382461231, 'emboss', 0.9950659375805041, 'crop', 0.22638616914550608, 0.9247413821264772]
INFO:root:343, 0.5029999998675452, ['invert', 0.6776297810796804, 'sharpen', 0.024000450862263885, 'crop', 0.03425203445026393, 0.5257609474185612]
INFO:root:344, 0.6241111110051474, ['invert', 0.732355281491816, 'gamma-contrast', 0.9830557730198959, 'gaussian-blur', 0.4566655060377003, 0.921576678667122]
INFO:root:345, 0.5206666669050852, ['invert', 0.8172058946360999, 'brighten', 0.99020267528837, 'fog', 0.13057147882896183, 0.8952888869840114]
INFO:root:346, 0.6237777779102325, ['invert', 0.519918005028038, 'gamma-contrast', 0.9969395410184534, 'crop', 0.22733059355683022, 0.20682129832586177]
INFO:root:347, 0.4972222226460775, ['invert', 0.2834319605563476, 'gamma-contrast', 0.9994139105494823, 'coarse-dropout', 0.3418790311163465, 0.9801892331695622]
INFO:root:348, 0.5028888891008165, ['invert', 0.1241216222312024, 'gamma-contrast', 0.9805615561325798, 'brighten', 0.05504175448888039, 0.42015126679922943]
INFO:root:349, 0.5121111110316383, ['invert', 0.5268731562255381, 'fog', 0.9914313294129462, 'crop', 0.08356943580617361, 0.10536598593488936]
INFO:root:350, 0.5126666665871937, ['fog', 0.7706457560667227, 'gamma-contrast', 0.37726032966025635, 'crop', 0.34900044628749377, 0.9060233764952557]
INFO:root:351, 0.5122222226725683, ['invert', 0.6671101283553081, 'gamma-contrast', 0.9980502818854302, 'fog', 0.012902793813898698, 0.7638356704085673]
INFO:root:352, 0.48299999986754527, ['invert', 0.7220010169294945, 'fog', 0.9820460374763492, 'fog', 0.6405795187913106, 0.8161962276892747]
INFO:root:353, 0.6002222220367857, ['additive-gaussian-noise', 0.8715291973305246, 'gamma-contrast', 0.8895216466590681, 'crop', 0.0606214403816976, 0.8732301991571589]
INFO:root:354, 0.5228888891008165, ['translate-x', 0.5297510750896917, 'gamma-contrast', 0.7858117509630331, 'crop', 0.06829987688619611, 0.9297541859776696]
INFO:root:355, 0.5445555556615194, ['translate-y', 0.6611128278502804, 'gamma-contrast', 0.8323605015383474, 'crop', 0.09670511623960812, 0.7971420951182815]
INFO:root:356, 0.5134444443384807, ['fog', 0.9004546481178783, 'translate-x', 0.9545697934663306, 'crop', 0.03222164202401424, 0.7799932513186544]
INFO:root:357, 0.5035555555555555, ['brighten', 0.0009898736792223197, 'gamma-contrast', 0.9550043391948441, 'coarse-dropout', 0.010518704796815272, 0.9359367048883493]
INFO:root:358, 0.5334444446298812, ['fog', 0.703103748906835, 'gamma-contrast', 0.9830658324371533, 'gamma-contrast', 0.46856742091652925, 0.7234724142592422]
INFO:root:359, 0.5026666670375399, ['invert', 0.6743185117394764, 'gamma-contrast', 0.9988152410671982, 'dropout', 0.926327693180245, 0.9416886169026485]
INFO:root:360, 0.5361111110846202, ['rotate', 0.5873849396423839, 'gamma-contrast', 0.9860730686382725, 'crop', 0.021576343930343803, 0.0005736770737226894]
INFO:root:361, 0.4895555555555555, ['invert', 0.6074782056348002, 'gamma-contrast', 0.9848642457562962, 'sharpen', 0.046541203196166066, 0.055685304518999904]
INFO:root:362, 0.529000000052982, ['invert', 0.6757901167103108, 'gamma-contrast', 0.5409148208527497, 'crop', 0.6341796788317396, 0.5707879613858325]
INFO:root:363, 0.48977777809566925, ['invert', 0.7371379568980876, 'gamma-contrast', 0.07103182018688749, 'crop', 0.43149614480347254, 0.2462245979627528]
INFO:root:364, 0.7797777776536015, ['invert', 0.7093657682513284, 'gamma-contrast', 0.8954974083078169, 'translate-y', 0.015754704415824387, 0.9938912224292966]
INFO:root:365, 0.4844444443649717, ['invert', 0.6799301780592325, 'gamma-contrast', 0.18694771129228863, 'gaussian-blur', 0.02771816874610334, 0.8511119823502485]
INFO:root:366, 0.4872222225401138, ['crop', 0.665826544127768, 'gamma-contrast', 0.06192175173335636, 'translate-y', 0.5345130815593502, 0.9728116210171847]
INFO:root:367, 0.5163333333068423, ['invert', 0.6396855746017258, 'gamma-contrast', 0.8298599149907977, 'emboss', 0.014809232277482657, 0.8027463272297161]
INFO:root:368, 0.6593333334392972, ['sharpen', 0.18574030700119928, 'gamma-contrast', 0.9565926834258129, 'translate-y', 0.9852025184534469, 0.8487635183104157]
INFO:root:369, 0.4973333331214057, ['translate-y', 0.20782961439288977, 'gamma-contrast', 0.0911366532032364, 'translate-y', 0.9049859413058358, 0.96482846608076]
INFO:root:370, 0.4894444448153177, ['emboss', 0.0023610130129828604, 'brighten', 0.9304578697567892, 'translate-y', 0.4427002144698886, 0.9565328145055115]
INFO:root:371, 0.602000000079473, ['crop', 0.703077298450065, 'gamma-contrast', 0.9955391496346919, 'translate-y', 0.03542057533185928, 0.9579885645627765]
INFO:root:372, 0.49311111120382944, ['gaussian-blur', 0.28748291059703096, 'gamma-contrast', 0.19078849452293295, 'translate-y', 0.02233264899732568, 0.5268860987300579]
INFO:root:373, 0.5028888889683618, ['invert', 0.059780803203961855, 'gamma-contrast', 0.016322157743587144, 'fog', 0.06148659267000735, 0.9845704046815149]
INFO:root:374, 0.4886666671170129, ['crop', 0.9225752264326834, 'gamma-contrast', 0.29540854066789995, 'translate-y', 0.03657623239867703, 0.9807823888079054]
INFO:root:375, 0.5045555560588837, ['fog', 0.24830559134795432, 'fog', 0.9580297677408826, 'translate-y', 0.0033156596632661914, 0.712682135055821]
INFO:root:376, 0.49455555579397414, ['fog', 0.05903225860495721, 'gamma-contrast', 0.36300351642629897, 'translate-y', 0.07089749419003367, 0.9731955669587962]
INFO:root:377, 0.5052222219573126, ['fog', 0.8209459423611641, 'gamma-contrast', 0.7176218246456585, 'translate-y', 0.25978963733958477, 0.8434966480619719]
INFO:root:378, 0.4952222221957313, ['invert', 0.484546854235415, 'gamma-contrast', 0.059544051773598575, 'brighten', 0.1479494401224868, 0.996050646767587]
INFO:root:379, 0.5096666666666667, ['fog', 0.41161605464412265, 'gamma-contrast', 0.7126604217172372, 'translate-y', 0.1322810893645934, 0.6139379885918868]
INFO:root:380, 0.5464444446563721, ['additive-gaussian-noise', 0.7336142652400754, 'gamma-contrast', 0.9835216486532333, 'translate-y', 0.016387448845586076, 0.041332636371981486]
INFO:root:381, 0.5509999999470181, ['translate-x', 0.6343985628495928, 'dropout', 0.9827000999644737, 'translate-y', 0.015226283531571409, 0.5491174236646527]
INFO:root:382, 0.5057777779102326, ['sharpen', 0.9548745101485937, 'gamma-contrast', 0.24764554983898762, 'translate-y', 0.0035766681565956313, 0.7619939671013127]
INFO:root:383, 0.49766666661368475, ['invert', 0.6099682098933592, 'gamma-contrast', 0.1760360777269349, 'translate-y', 0.4845780645496136, 0.9886777225906215]
