INFO:root:run_bayesianopt ran with args: (), and kwargs: {'dataset_name': 'cifar10', 'model_name': 'basiccnn', 'num_classes': 10, 'train_set_size': 2000, 'opt_iterations': 500, 'opt_samples': 3, 'opt_initial_points': 20, 'child_epochs': 60, 'child_first_train_epochs': 0, 'child_batch_size': 64, 'opt_last_n_epochs': 5}
INFO:root:1, 0.5268888893127441, ['gamma-contrast', 0.8442657485810175, 'perspective-transform', 0.8472517387841256, 0.6235636967859725]
INFO:root:2, 0.6062222223414315, ['emboss', 0.29753460654447234, 'gaussian-blur', 0.27265629458011326, 0.47766511732135]
INFO:root:3, 0.5412222224606409, ['super-pixels', 0.47997717237505744, 'emboss', 0.8360787635373778, 0.33739616041726844]
INFO:root:4, 0.45599999978807226, ['brighten', 0.368241539840548, 'add-to-hue-and-saturation', 0.14035078041264518, 0.8700872583584366]
INFO:root:5, 0.5750000002384186, ['dropout', 0.8009107519796445, 'coarse-dropout', 0.6788795301189604, 0.7206326547259169]
INFO:root:6, 0.6005555556350284, ['gamma-contrast', 0.5373732294490108, 'clouds', 0.10590760718779216, 0.47360041934665753]
INFO:root:7, 0.543222222354677, ['shear', 0.7369181771289582, 'translate-x', 0.13521817340545209, 0.32414100779321414]
INFO:root:8, 0.5567777779632144, ['rotate', 0.2223213882515877, 'emboss', 0.9025984755294049, 0.4499499899112277]
INFO:root:9, 0.5175555556615195, ['brighten', 0.9023485831739845, 'gaussian-blur', 0.969809067746749, 0.6531400357979378]
INFO:root:10, 0.5368888889683618, ['shear', 0.35815216696952507, 'clouds', 0.6078306687154679, 0.32504722900835253]
INFO:root:11, 0.47066666677263047, ['crop', 0.6342740579573352, 'add-to-hue-and-saturation', 0.652790317005491, 0.635058873603564]
INFO:root:12, 0.45977777756585014, ['add-to-hue-and-saturation', 0.5818503294385344, 'additive-gaussian-noise', 0.474697502288413, 0.6235101011318683]
INFO:root:13, 0.537999999973509, ['sharpen', 0.6747523222590208, 'sharpen', 0.7783454820259093, 0.9495710534507423]
INFO:root:14, 0.5457777778837416, ['invert', 0.013571635612109837, 'brighten', 0.6736596308357895, 0.971945002499666]
INFO:root:15, 0.5246666667726305, ['perspective-transform', 0.5096243767199002, 'gaussian-blur', 0.4511592145209282, 0.01998766540875874]
INFO:root:16, 0.5641111114025115, ['additive-gaussian-noise', 0.9795867288127287, 'emboss', 0.48089353083616293, 0.6886611828057705]
INFO:root:17, 0.5265555555820465, ['perspective-transform', 0.9182354663621449, 'translate-x', 0.5651888666048754, 0.8651025613053852]
INFO:root:18, 0.5414444444179536, ['coarse-dropout', 0.916722954019461, 'elastic-transform', 0.0831124926306024, 0.2777185612810325]
INFO:root:19, 0.470333333571752, ['crop', 0.8423420796677312, 'brighten', 0.8413861191973546, 0.2647301642834497]
INFO:root:20, 0.5211111110316382, ['emboss', 0.5528214798875716, 'shear', 0.3698080927483401, 0.14644176272911227]
INFO:root:21, 0.48577777764532304, ['translate-x', 0.6063682834158443, 'clouds', 0.3024332441344845, 0.6212176317179618]
INFO:root:22, 0.5646666669845581, ['gamma-contrast', 0.5957717404222505, 'dropout', 0.233577415951078, 0.6517596439904987]
INFO:root:23, 0.48122222227520417, ['shear', 0.6354327606563942, 'add-to-hue-and-saturation', 0.28556654174646895, 0.641442427687786]
INFO:root:24, 0.4633333336777157, ['translate-x', 0.6543946374931862, 'add-to-hue-and-saturation', 0.2703517373139946, 0.5847717228009798]
INFO:root:25, 0.4584444446033902, ['shear', 0.42009193943985945, 'add-to-hue-and-saturation', 0.1355053078666675, 0.5778264192431584]
INFO:root:26, 0.4760000002384186, ['fog', 0.24354713709897796, 'add-to-hue-and-saturation', 0.06674530655061951, 0.4345326133022004]
INFO:root:27, 0.4983333334128063, ['clouds', 0.14036231150431658, 'add-to-hue-and-saturation', 0.019561702641478166, 0.5236272842683819]
INFO:root:28, 0.46155555550257354, ['translate-y', 0.35696296890073315, 'add-to-hue-and-saturation', 0.16599668563630757, 0.396138438781237]
INFO:root:29, 0.4951111107932197, ['gamma-contrast', 0.034167386557982356, 'add-to-hue-and-saturation', 0.6675334364785878, 0.44462485846214317]
INFO:root:30, 0.6114444443914626, ['invert', 0.7759356802394651, 'super-pixels', 0.31100152982115264, 0.5686328422279276]
INFO:root:31, 0.503000000052982, ['additive-gaussian-noise', 0.5844232026663867, 'fog', 0.46973543775163984, 0.5887576138569552]
INFO:root:32, 0.5047777776718141, ['gaussian-blur', 0.39601306721077234, 'add-to-hue-and-saturation', 0.19973461918622842, 0.08006115095348111]
INFO:root:33, 0.5434444442590078, ['emboss', 0.5975414784201158, 'super-pixels', 0.45113934660376187, 0.5452044577033702]
INFO:root:34, 0.4987777775923411, ['gamma-contrast', 0.7212129526835012, 'add-to-hue-and-saturation', 0.1370799037164914, 0.5696832909099288]
INFO:root:35, 0.501777777671814, ['emboss', 0.7533875877193169, 'add-to-hue-and-saturation', 0.02886252100566345, 0.7316917865593449]
INFO:root:36, 0.4717777780426873, ['elastic-transform', 0.8937767442582515, 'add-to-hue-and-saturation', 0.17834184777915899, 0.793252849791555]
INFO:root:37, 0.4831111109521654, ['translate-y', 0.8325456716954713, 'translate-x', 0.47743539223773224, 0.5758100152250271]
INFO:root:38, 0.4926666665607029, ['add-to-hue-and-saturation', 0.8253013793223679, 'super-pixels', 0.47723388992380267, 0.5375641915803181]
INFO:root:39, 0.4693333331214057, ['gamma-contrast', 0.5034515865948765, 'add-to-hue-and-saturation', 0.9510463775128187, 0.7871673872541545]
INFO:root:40, 0.5210000001589457, ['super-pixels', 0.8318257663320382, 'brighten', 0.35246018667599627, 0.5792569060594994]
INFO:root:41, 0.4796666666136846, ['gamma-contrast', 0.7488782504947201, 'clouds', 0.4740998018707784, 0.5019461316455366]
INFO:root:42, 0.5377777779632145, ['additive-gaussian-noise', 0.7548348385923063, 'translate-x', 0.49360809195582933, 0.5672549579534286]
INFO:root:43, 0.5254444445504083, ['coarse-dropout', 0.7373021062082608, 'dropout', 0.47749701758794827, 0.08659716142194997]
INFO:root:44, 0.48455555592642885, ['translate-y', 0.8309019674229752, 'super-pixels', 0.4773027359745816, 0.6301837278725438]
INFO:root:45, 0.4791111110581292, ['invert', 0.2911656652729851, 'fog', 0.47359118966684033, 0.6063949864596229]
INFO:root:46, 0.5317777779897055, ['gaussian-blur', 0.24268691729302166, 'clouds', 0.47636111905862755, 0.6720984965444491]
INFO:root:47, 0.5196666667726304, ['translate-y', 0.32662213222181263, 'elastic-transform', 0.3161050381002602, 0.619017170281013]
INFO:root:48, 0.48666666671964853, ['translate-y', 0.617699904211026, 'rotate', 0.4736257926231878, 0.4845750453773847]
INFO:root:49, 0.5415555556085374, ['emboss', 0.826150596251967, 'shear', 0.4747533635514912, 0.9090852010523889]
INFO:root:50, 0.4698888886769613, ['dropout', 0.9737020097217369, 'add-to-hue-and-saturation', 0.5001919662793454, 0.9886724449249689]
INFO:root:51, 0.4866666667991214, ['perspective-transform', 0.6239970281687093, 'crop', 0.3133053246939905, 0.6228769129252512]
INFO:root:52, 0.5091111113760207, ['translate-x', 0.6328418243607851, 'clouds', 0.4723511553493708, 0.4646886756144386]
INFO:root:53, 0.520666667064031, ['invert', 0.5816229189172296, 'coarse-dropout', 0.296151020737127, 0.6109229585825414]
INFO:root:54, 0.4942222221692404, ['emboss', 0.10649852783568095, 'add-to-hue-and-saturation', 0.12266584587143417, 0.8709763640048577]
INFO:root:55, 0.49077777745988627, ['sharpen', 0.9998185058239326, 'add-to-hue-and-saturation', 0.15838218677576546, 0.43767584948769256]
INFO:root:56, 0.49488888912730744, ['coarse-dropout', 0.6641889307249292, 'crop', 0.47391131796372854, 0.6499864336723097]
INFO:root:57, 0.503888888809416, ['translate-y', 0.6083319400466308, 'coarse-dropout', 0.31105804659032804, 0.5984333761118232]
INFO:root:58, 0.45555555560853744, ['gaussian-blur', 0.9129922289063825, 'add-to-hue-and-saturation', 0.7250062857225781, 0.7792756781545698]
INFO:root:59, 0.5223333335187699, ['dropout', 0.6187565321778729, 'translate-y', 0.30088408024335184, 0.6441839542531842]
INFO:root:60, 0.5617777778307598, ['perspective-transform', 0.8622713055895481, 'sharpen', 0.4749651895153201, 0.4023407647670463]
INFO:root:61, 0.5567777780161964, ['clouds', 0.9083540961713079, 'dropout', 0.47394296041038075, 0.5569724819196374]
INFO:root:62, 0.48866666664017566, ['crop', 0.793627546770152, 'invert', 0.47393668762573216, 0.2860106989574273]
INFO:root:63, 0.5295555556085374, ['brighten', 0.8237977324301434, 'translate-x', 0.4755358740262795, 0.4923927889574279]
INFO:root:64, 0.4635555557674832, ['rotate', 0.9094429505971566, 'add-to-hue-and-saturation', 0.20873288180647526, 0.7599595927299533]
INFO:root:65, 0.509999999947018, ['dropout', 0.8397091786989189, 'translate-y', 0.47482189581592804, 0.6251101317972103]
INFO:root:66, 0.519666667011049, ['clouds', 0.6439198484693, 'shear', 0.47368589594831145, 0.5692682694433908]
INFO:root:67, 0.49866666658719383, ['emboss', 0.4062095351924121, 'add-to-hue-and-saturation', 0.14990080106947626, 0.8641050077823127]
INFO:root:68, 0.5466666667461395, ['invert', 0.8029409950172467, 'super-pixels', 0.30084227106423395, 0.6220937295877382]
INFO:root:69, 0.4531111116144392, ['invert', 0.29550763826919374, 'add-to-hue-and-saturation', 0.8690861337209813, 0.8966141248096714]
INFO:root:70, 0.4550000001854366, ['invert', 0.034464190618916375, 'add-to-hue-and-saturation', 0.9380732823757235, 0.9470616545418972]
INFO:root:71, 0.4764444443649717, ['sharpen', 0.37264036391473726, 'add-to-hue-and-saturation', 0.15899569715246267, 0.9501340074589094]
INFO:root:72, 0.48377777788374166, ['emboss', 0.11262808251559012, 'add-to-hue-and-saturation', 0.8115707966309303, 0.8232524920404485]
INFO:root:73, 0.4531111110581292, ['fog', 0.07480222060813947, 'add-to-hue-and-saturation', 0.8956404770108006, 0.9014638552724624]
INFO:root:74, 0.4576666666931576, ['rotate', 0.13376472814644394, 'add-to-hue-and-saturation', 0.876902584430956, 0.6291184770932172]
INFO:root:75, 0.4818888895246718, ['emboss', 0.5537764107752626, 'add-to-hue-and-saturation', 0.8770479703974694, 0.9175281840595613]
INFO:root:76, 0.45800000007947284, ['rotate', 0.06739455100055104, 'add-to-hue-and-saturation', 0.145373101033648, 0.8729159971523595]
INFO:root:77, 0.4635555556350285, ['brighten', 0.05316431887777186, 'add-to-hue-and-saturation', 0.1197884062620497, 0.9872995775328093]
INFO:root:78, 0.4609999997880724, ['translate-y', 0.07705628020689105, 'add-to-hue-and-saturation', 0.03043044476027735, 0.8071676240498821]
INFO:root:79, 0.4632222222222221, ['elastic-transform', 0.1019543286809971, 'add-to-hue-and-saturation', 0.9512412216899218, 0.5757621467211053]
INFO:root:80, 0.4626666663487753, ['additive-gaussian-noise', 0.18462527332146286, 'add-to-hue-and-saturation', 0.12274028987453281, 0.912397063510584]
INFO:root:81, 0.4676666666666667, ['clouds', 0.3248617922538783, 'add-to-hue-and-saturation', 0.8520511039074682, 0.5666997487577943]
INFO:root:82, 0.5306666669845581, ['invert', 0.782190597389898, 'super-pixels', 0.4747421727369985, 0.063838492226878]
INFO:root:83, 0.4664444442590078, ['translate-x', 0.21559916055350942, 'add-to-hue-and-saturation', 0.1342944098940119, 0.8747927648760823]
INFO:root:84, 0.5381111110051473, ['super-pixels', 0.2849628865020984, 'gamma-contrast', 0.4743498931711617, 0.9482375166469916]
INFO:root:85, 0.45522222193082174, ['clouds', 0.21419862051822264, 'add-to-hue-and-saturation', 0.9622805012571032, 0.5523788695801871]
INFO:root:86, 0.4509999999735089, ['perspective-transform', 0.053370218136649786, 'add-to-hue-and-saturation', 0.9689430226145482, 0.17989735522588593]
INFO:root:87, 0.47011111124356597, ['rotate', 0.05899236328912884, 'add-to-hue-and-saturation', 0.9670381258235515, 0.2700607219301033]
INFO:root:88, 0.4851111109256744, ['shear', 0.03896880743241483, 'add-to-hue-and-saturation', 0.9493506344191744, 0.32900584097116853]
INFO:root:89, 0.5209999999337727, ['super-pixels', 0.07749966563428946, 'add-to-hue-and-saturation', 0.9717813726211866, 0.0506721453704483]
INFO:root:90, 0.4681111110581292, ['add-to-hue-and-saturation', 0.27391483353467455, 'add-to-hue-and-saturation', 0.8934766617683682, 0.5698099060686223]
INFO:root:91, 0.505000000052982, ['translate-x', 0.052688213083186955, 'add-to-hue-and-saturation', 0.9130138363631093, 0.10412423244760408]
INFO:root:92, 0.4686666665607029, ['gaussian-blur', 0.1114000835956929, 'add-to-hue-and-saturation', 0.8858024531004696, 0.5610752282204391]
INFO:root:93, 0.47133333375718867, ['invert', 0.13563967189075024, 'add-to-hue-and-saturation', 0.9527748815721891, 0.26856069001188515]
INFO:root:94, 0.4766666665077208, ['invert', 0.6942357583100045, 'add-to-hue-and-saturation', 0.9668903985189305, 0.19254187668861117]
INFO:root:95, 0.5149999999999999, ['translate-x', 0.08415567590879915, 'add-to-hue-and-saturation', 0.9978538402269783, 0.16546979864091318]
INFO:root:96, 0.4608888891008166, ['fog', 0.14668184936406173, 'crop', 0.4740264496588298, 0.5944354849552679]
INFO:root:97, 0.5117777780161963, ['invert', 0.0840826567527846, 'coarse-dropout', 0.47400298836315224, 0.581769648565298]
INFO:root:98, 0.4990000002384186, ['translate-y', 0.1137481954935449, 'add-to-hue-and-saturation', 0.9892984263381424, 0.19622329460150217]
INFO:root:99, 0.4563333331743876, ['add-to-hue-and-saturation', 0.10588881376885298, 'add-to-hue-and-saturation', 0.9887116444292529, 0.9974921200922602]
INFO:root:100, 0.5035555553966098, ['brighten', 0.26710806574526696, 'fog', 0.47479417010610436, 0.6119664234394587]
INFO:root:101, 0.47833333373069775, ['rotate', 0.009978703792325462, 'add-to-hue-and-saturation', 0.9787883138472431, 0.9547463762625257]
INFO:root:102, 0.45588888915379844, ['translate-y', 0.16489757782483197, 'add-to-hue-and-saturation', 0.9826520098564568, 0.8472563809207472]
INFO:root:103, 0.4998888889418708, ['sharpen', 0.6580685988611356, 'crop', 0.3107860786692375, 0.1778908015276154]
INFO:root:104, 0.5433333334657882, ['shear', 0.5890285465910508, 'crop', 0.3095122604560779, 0.2869784423526886]
INFO:root:105, 0.48833333328035144, ['add-to-hue-and-saturation', 0.1359838193214106, 'add-to-hue-and-saturation', 0.9855419181291334, 0.21551403188798796]
INFO:root:106, 0.48588888912730743, ['gamma-contrast', 0.24164933803866, 'crop', 0.31067377585926653, 0.5883657271889028]
INFO:root:107, 0.5014444443649717, ['shear', 0.8039692704717022, 'crop', 0.309269468639446, 0.23850892160977405]
INFO:root:108, 0.5800000001324548, ['gamma-contrast', 0.5013964648441829, 'emboss', 0.4743562324854157, 0.6008808407930541]
INFO:root:109, 0.45688888883590695, ['invert', 0.051794577728624294, 'crop', 0.7984770623050493, 0.620207154659321]
INFO:root:110, 0.4701111111640931, ['brighten', 0.3776091901738853, 'crop', 0.9357946718994112, 0.6199076622547822]
INFO:root:111, 0.46944444447093536, ['dropout', 0.04912612666771134, 'crop', 0.9268563086675643, 0.5517032651607229]
INFO:root:112, 0.45788888894187085, ['gamma-contrast', 0.18531493207831465, 'crop', 0.889817926703416, 0.9964305985820721]
INFO:root:113, 0.6096666665871937, ['perspective-transform', 0.13302425422305444, 'crop', 0.09725176762778523, 0.5072635550405787]
INFO:root:114, 0.47244444468286295, ['crop', 0.005510916101939435, 'crop', 0.6849289780035029, 0.8213507339049032]
INFO:root:115, 0.4727777779632145, ['invert', 0.3002961383031714, 'crop', 0.9831734000948047, 0.42129404647050495]
INFO:root:116, 0.477444444179535, ['invert', 0.1974594582895947, 'crop', 0.6079831310770293, 0.8753028545013725]
INFO:root:117, 0.4950000002384186, ['clouds', 0.08668948002012312, 'crop', 0.28503913071922377, 0.13173014238465577]
INFO:root:118, 0.47800000029140055, ['additive-gaussian-noise', 0.3297446669032725, 'crop', 0.8527208405345342, 0.46324256908231365]
INFO:root:119, 0.5104444443384806, ['dropout', 0.07764637991043567, 'crop', 0.2882609779890047, 0.4337361190393412]
INFO:root:120, 0.5021111113230388, ['dropout', 0.10159925411904605, 'crop', 0.6438193871870147, 0.3235598127848341]
INFO:root:121, 0.4740000000529818, ['invert', 0.8557084016202878, 'crop', 0.7517034885499706, 0.955437278721355]
INFO:root:122, 0.577555555820465, ['super-pixels', 0.1582214607386259, 'crop', 0.23705187291390722, 0.6978344353659542]
INFO:root:123, 0.5128888890478345, ['elastic-transform', 0.7791137459735655, 'crop', 0.6747096325879477, 0.7890186076318267]
INFO:root:124, 0.5028888889948526, ['perspective-transform', 0.07978621202054871, 'crop', 0.28889501534027157, 0.906726628154833]
INFO:root:125, 0.4743333331214057, ['translate-x', 0.9021667927504889, 'crop', 0.7704783805055297, 0.9568853644150322]
INFO:root:126, 0.44822222206327655, ['gamma-contrast', 0.047251012022643826, 'crop', 0.6787343908833597, 0.732558532704406]
INFO:root:127, 0.5101111112700569, ['clouds', 0.18484290607218437, 'crop', 0.9420458720203733, 0.22053497113384551]
INFO:root:128, 0.474444444709354, ['perspective-transform', 0.027082000331333685, 'crop', 0.6779098158657079, 0.8929224267275222]
INFO:root:129, 0.48533333359824293, ['additive-gaussian-noise', 0.041003782082276403, 'crop', 0.9654172574878372, 0.37711291999213126]
INFO:root:130, 0.4937777779102325, ['dropout', 0.7707327970805241, 'crop', 0.8086020463292912, 0.6741782777593417]
INFO:root:131, 0.4587777778307597, ['clouds', 0.022034981464363338, 'crop', 0.28742597952318877, 0.9112888797096359]
INFO:root:132, 0.45355555592642893, ['add-to-hue-and-saturation', 0.04579452211583169, 'crop', 0.29325284197406526, 0.6795224930164]
INFO:root:133, 0.5527777778042686, ['shear', 0.04635319452658072, 'crop', 0.27172278408030753, 0.9554507739895]
INFO:root:134, 0.5114444447623359, ['dropout', 0.009094819625982688, 'crop', 0.2903495039179195, 0.6736837777811048]
INFO:root:135, 0.46288888883590695, ['shear', 0.04800722961770566, 'crop', 0.6222248129498985, 0.7375745395559252]
INFO:root:136, 0.48299999994701814, ['emboss', 0.002056920843904631, 'crop', 0.3966169189667863, 0.7307899757905884]
INFO:root:137, 0.4667777783870698, ['fog', 0.16954959627005953, 'crop', 0.27990177189253235, 0.9493835729793575]
INFO:root:138, 0.47855555523766413, ['clouds', 0.06387766999752255, 'crop', 0.317806166126924, 0.5351288271847076]
INFO:root:139, 0.49200000007947287, ['fog', 0.049913246875150655, 'crop', 0.2811117672528703, 0.8981067382643513]
INFO:root:140, 0.47366666650772093, ['coarse-dropout', 0.16426762064401548, 'add-to-hue-and-saturation', 0.21368216758106956, 0.8760557990119323]
INFO:root:141, 0.4628888889948527, ['add-to-hue-and-saturation', 0.2721220099562874, 'crop', 0.27712399796959036, 0.8744467584059774]
INFO:root:142, 0.49666666695806716, ['translate-y', 0.14947171358919445, 'crop', 0.28480638585633583, 0.5132279335896169]
INFO:root:143, 0.4670000002384186, ['add-to-hue-and-saturation', 0.3686694080492639, 'crop', 0.28099536811241516, 0.808053535269144]
INFO:root:144, 0.4727777778042688, ['add-to-hue-and-saturation', 0.050169185075783954, 'crop', 0.9543032167222436, 0.48555630685123663]
INFO:root:145, 0.5101111110846202, ['brighten', 0.10741442758193967, 'crop', 0.27572287311665317, 0.6343272506847452]
INFO:root:146, 0.47422222216924037, ['additive-gaussian-noise', 0.10474943144932694, 'add-to-hue-and-saturation', 0.0018440260509623445, 0.6737502235882223]
INFO:root:147, 0.47077777788374153, ['coarse-dropout', 0.4770493886547179, 'crop', 0.739347262912401, 0.9830452691342452]
INFO:root:148, 0.503777778175142, ['brighten', 0.5685876246661031, 'crop', 0.274329484149681, 0.8944919912728196]
INFO:root:149, 0.4756666668256124, ['clouds', 0.5214880315383679, 'add-to-hue-and-saturation', 0.9135879879932693, 0.8909538423774714]
INFO:root:150, 0.4810000001059639, ['clouds', 0.06172502216901189, 'crop', 0.749920832100147, 0.47606832039343294]
INFO:root:151, 0.46855555574099217, ['add-to-hue-and-saturation', 0.31386428017159046, 'crop', 0.2738537492459759, 0.3283876305880578]
INFO:root:152, 0.477333333545261, ['shear', 0.489633049879321, 'crop', 0.7930362475426055, 0.9768547737158383]
INFO:root:153, 0.5251111110316382, ['perspective-transform', 0.391026176167086, 'crop', 0.2734022684097958, 0.41323595794744084]
INFO:root:154, 0.48499999997350907, ['invert', 0.5053856020713972, 'add-to-hue-and-saturation', 0.024411438903685363, 0.9310501838523428]
INFO:root:155, 0.49166666661368474, ['translate-y', 0.16435900513102522, 'crop', 0.27335736950997797, 0.6224466380417762]
INFO:root:156, 0.47411111142900253, ['perspective-transform', 0.40510973594776445, 'crop', 0.8495450101033543, 0.6857325390159893]
INFO:root:157, 0.47011111134952965, ['super-pixels', 0.10426662192165495, 'add-to-hue-and-saturation', 0.55917890465029, 0.9455914531057082]
INFO:root:158, 0.5218888889418709, ['rotate', 0.19914182245721995, 'crop', 0.14083136369649632, 0.8708971717632048]
INFO:root:159, 0.4701111115084754, ['add-to-hue-and-saturation', 0.46846470721740774, 'crop', 0.5748027355890385, 0.8013820885519861]
INFO:root:160, 0.47111111097865643, ['add-to-hue-and-saturation', 0.00861909663053684, 'add-to-hue-and-saturation', 0.08456349178316737, 0.6914041938206004]
INFO:root:161, 0.4627777778572506, ['additive-gaussian-noise', 0.2817280976061686, 'add-to-hue-and-saturation', 0.9990932155487116, 0.5039470448530141]
INFO:root:162, 0.48444444444444434, ['translate-y', 0.8355782773823142, 'fog', 0.2954963896073189, 0.4598150116596752]
INFO:root:163, 0.5108888889418708, ['translate-y', 0.7923511779905537, 'translate-y', 0.27914440480207775, 0.34502595586704393]
INFO:root:164, 0.4874444447093541, ['coarse-dropout', 0.9519403771833457, 'add-to-hue-and-saturation', 0.35102374793458596, 0.559529345784917]
INFO:root:165, 0.547000000052982, ['gamma-contrast', 0.8327397640409031, 'gaussian-blur', 0.2736700188359668, 0.2413294487692454]
INFO:root:166, 0.5141111112965477, ['translate-y', 0.8635380804949568, 'super-pixels', 0.3015376995325855, 0.5390645332225642]
INFO:root:167, 0.4962222223016951, ['sharpen', 0.056667408889165674, 'add-to-hue-and-saturation', 0.9742844428721329, 0.5114938774144621]
INFO:root:168, 0.4767777779367235, ['invert', 0.023831338779530815, 'fog', 0.27972360307915395, 0.5341934249324243]
INFO:root:169, 0.4769999999205271, ['add-to-hue-and-saturation', 0.2666036565461987, 'crop', 0.27272291081200223, 0.6223519747383551]
INFO:root:170, 0.4543333333863153, ['gamma-contrast', 0.505296977801771, 'crop', 0.7101555173419012, 0.6294513063233313]
INFO:root:171, 0.46777777798970543, ['gamma-contrast', 0.9721488431345259, 'crop', 0.6996227171122917, 0.7275431640535124]
INFO:root:172, 0.45899999989403606, ['gamma-contrast', 0.503327035068449, 'crop', 0.5614018538868508, 0.9967272783735486]
INFO:root:173, 0.4559999998410543, ['gamma-contrast', 0.5644360773166293, 'crop', 0.460721585927114, 0.9148062676073584]
INFO:root:174, 0.4608888887829251, ['gamma-contrast', 0.2595916411435752, 'crop', 0.4480191628066097, 0.737104890772052]
INFO:root:175, 0.4786666667991215, ['gamma-contrast', 0.8519344939731271, 'crop', 0.4760933258305453, 0.7955582552377974]
INFO:root:176, 0.46133333362473383, ['gamma-contrast', 0.05009997964701364, 'crop', 0.6459499246111838, 0.6907869644283388]
INFO:root:177, 0.45888888880941614, ['gamma-contrast', 0.4706354399115992, 'crop', 0.47825073038485943, 0.710470203702629]
INFO:root:178, 0.46544444455040823, ['add-to-hue-and-saturation', 0.4316358619160495, 'crop', 0.27344421996926044, 0.8425576755826083]
INFO:root:179, 0.4694444443914625, ['crop', 0.6776138114160345, 'add-to-hue-and-saturation', 0.12116498558591762, 0.6871605570684182]
INFO:root:180, 0.464888888862398, ['gamma-contrast', 0.4668540177903471, 'crop', 0.5187116802327022, 0.46653791698794855]
INFO:root:181, 0.4927777778042687, ['gamma-contrast', 0.20353750873765603, 'fog', 0.8302420356071442, 0.8150605615638107]
INFO:root:182, 0.45755555563502837, ['fog', 0.41696925288080455, 'crop', 0.27280260979637955, 0.8557268441298952]
INFO:root:183, 0.5622222225401137, ['gamma-contrast', 0.40874506813714695, 'crop', 0.14142953568629194, 0.7933690251290977]
INFO:root:184, 0.46177777812216014, ['super-pixels', 0.27157007156677077, 'add-to-hue-and-saturation', 0.6521859836461725, 0.7438880519764177]
INFO:root:185, 0.4647777777512868, ['gamma-contrast', 0.38244260289865584, 'crop', 0.3496454159360059, 0.6879466082098673]
INFO:root:186, 0.443888888809416, ['super-pixels', 0.3245356728559479, 'add-to-hue-and-saturation', 0.9897738912775386, 0.9755489451041003]
INFO:root:187, 0.4737777774863773, ['gamma-contrast', 0.5420970471290018, 'crop', 0.7464465147551876, 0.49934200188293165]
INFO:root:188, 0.4605555557939741, ['add-to-hue-and-saturation', 0.3030981544867219, 'super-pixels', 0.9203776166081905, 0.6254225351181514]
INFO:root:189, 0.49700000026490954, ['add-to-hue-and-saturation', 0.3075037203418553, 'elastic-transform', 0.9391344557164161, 0.6984528871390584]
INFO:root:190, 0.4876666667726305, ['add-to-hue-and-saturation', 0.44527902322101265, 'gamma-contrast', 0.27378603969325316, 0.7634718788975481]
INFO:root:191, 0.46744444444444444, ['add-to-hue-and-saturation', 0.3722839428920784, 'emboss', 0.9665139740772336, 0.7151124625427913]
INFO:root:192, 0.4836666668256123, ['add-to-hue-and-saturation', 0.29241394322003883, 'emboss', 0.7470604921804687, 0.7825361820772629]
INFO:root:193, 0.4966666666931576, ['additive-gaussian-noise', 0.1947796963934893, 'crop', 0.2727406651204181, 0.714109323659373]
INFO:root:194, 0.47966666648123, ['add-to-hue-and-saturation', 0.41207139321929487, 'clouds', 0.2728146976469577, 0.1358821756273885]
INFO:root:195, 0.4526666668256124, ['add-to-hue-and-saturation', 0.0061400153164661315, 'emboss', 0.9796216663350291, 0.5924234885510937]
INFO:root:196, 0.5081111108197107, ['invert', 0.31732807269440727, 'super-pixels', 0.987517259160064, 0.9309631611473637]
INFO:root:197, 0.472222222328186, ['add-to-hue-and-saturation', 0.17743658806449694, 'gaussian-blur', 0.8430771914754811, 0.5110949601138877]
INFO:root:198, 0.5322222221427495, ['translate-y', 0.1323089458291721, 'emboss', 0.9816923377310846, 0.6645045057132403]
INFO:root:199, 0.4717777779367235, ['add-to-hue-and-saturation', 0.15568798174604428, 'perspective-transform', 0.15122350939267384, 0.5363291538007864]
INFO:root:200, 0.49088888894187077, ['add-to-hue-and-saturation', 0.04210861806110034, 'sharpen', 0.16081024675784697, 0.5536578445779992]
INFO:root:201, 0.47677777791023257, ['add-to-hue-and-saturation', 0.12138993497107178, 'rotate', 0.16668906405698994, 0.46701977132056194]
INFO:root:202, 0.4876666670375399, ['add-to-hue-and-saturation', 0.2670264008392012, 'coarse-dropout', 0.07460263730058027, 0.4950823481407438]
INFO:root:203, 0.49300000026490953, ['add-to-hue-and-saturation', 0.46793862635928174, 'elastic-transform', 0.22022566736392984, 0.5095314560054142]
INFO:root:204, 0.4730000001324548, ['add-to-hue-and-saturation', 0.10538339874098138, 'super-pixels', 0.1183607678203418, 0.4515850511580666]
INFO:root:205, 0.47600000005298204, ['perspective-transform', 0.12024938296435586, 'add-to-hue-and-saturation', 0.9584543812809752, 0.9211391081653657]
INFO:root:206, 0.46944444412655306, ['add-to-hue-and-saturation', 0.2564116712630407, 'crop', 0.018359055951881035, 0.9704625426853818]
INFO:root:207, 0.48533333328035144, ['add-to-hue-and-saturation', 0.06511566015000349, 'crop', 0.0950273309358586, 0.7148596957631008]
INFO:root:208, 0.4895555557409922, ['super-pixels', 0.09133935551253848, 'add-to-hue-and-saturation', 0.9815813517114269, 0.675437807346314]
INFO:root:209, 0.48522222190433073, ['super-pixels', 0.027874962392404286, 'add-to-hue-and-saturation', 0.22649660785638764, 0.7130131180125071]
INFO:root:210, 0.47522222259309554, ['add-to-hue-and-saturation', 0.4467471093579508, 'crop', 0.20143963504252999, 0.7770033966967306]
INFO:root:211, 0.474888888782925, ['add-to-hue-and-saturation', 0.2818172833549975, 'crop', 0.10422277959513729, 0.49694554682666814]
INFO:root:212, 0.4791111110581292, ['add-to-hue-and-saturation', 0.5343959878665852, 'translate-y', 0.13833212549348498, 0.5990178849355653]
INFO:root:213, 0.4636666665871938, ['add-to-hue-and-saturation', 0.15047637537739458, 'emboss', 0.8589925266404579, 0.5934851825354416]
INFO:root:214, 0.4818888888888889, ['perspective-transform', 0.2328944766895002, 'add-to-hue-and-saturation', 0.6687413954725949, 0.5174723575466097]
INFO:root:215, 0.4724444447358449, ['gamma-contrast', 0.07963766961293385, 'super-pixels', 0.9148312315318851, 0.7173490668232434]
INFO:root:216, 0.4755555554495917, ['gamma-contrast', 0.49279837528821824, 'crop', 0.7370517041792113, 0.451620055510251]
INFO:root:217, 0.5393333333598243, ['brighten', 0.04930274707828376, 'shear', 0.8076299622697903, 0.7140165219150988]
INFO:root:218, 0.47855555550257367, ['add-to-hue-and-saturation', 0.5410126807616692, 'crop', 0.120714297282178, 0.9610798064819258]
INFO:root:219, 0.4928888889948527, ['perspective-transform', 0.3510259016793637, 'add-to-hue-and-saturation', 0.9311028919526358, 0.34531245981287]
INFO:root:220, 0.47088888857099753, ['add-to-hue-and-saturation', 0.5624486714605796, 'sharpen', 0.9601291126371782, 0.6536027845768689]
INFO:root:221, 0.4672222221162584, ['gamma-contrast', 0.16916333246387574, 'translate-y', 0.8650706332680689, 0.9755701202813086]
INFO:root:222, 0.4848888890743256, ['gamma-contrast', 0.5284491462803801, 'crop', 0.616329219494294, 0.4835942342368452]
INFO:root:223, 0.5482222221692403, ['gamma-contrast', 0.3488139467441573, 'super-pixels', 0.6862178032625358, 0.6036403380379681]
INFO:root:224, 0.4705555554231008, ['clouds', 0.06163457570131815, 'emboss', 0.8848823315358402, 0.9874815136324386]
INFO:root:225, 0.561111111190584, ['gamma-contrast', 0.23374138372679626, 'emboss', 0.8893462994834211, 0.7333890783699144]
INFO:root:226, 0.483000000026491, ['add-to-hue-and-saturation', 0.5499815479100791, 'additive-gaussian-noise', 0.04251974529210124, 0.6469724773962024]
INFO:root:227, 0.4753333335982428, ['coarse-dropout', 0.7874852182543949, 'add-to-hue-and-saturation', 0.9891654858730359, 0.8201357925876048]
INFO:root:228, 0.48922222211625854, ['fog', 0.07735630080562174, 'emboss', 0.93824609135017, 0.9071008116323434]
INFO:root:229, 0.4713333334392972, ['add-to-hue-and-saturation', 0.5384406777011418, 'gamma-contrast', 0.010883299695138017, 0.4740026003385628]
INFO:root:230, 0.4871111112965477, ['add-to-hue-and-saturation', 0.7100904716094609, 'perspective-transform', 0.5234785152502323, 0.6766824960346304]
INFO:root:231, 0.4702222224341499, ['invert', 0.8061209359695657, 'add-to-hue-and-saturation', 0.9952749938435269, 0.7847964483199888]
INFO:root:232, 0.4637777777247959, ['super-pixels', 0.3204357803824965, 'add-to-hue-and-saturation', 0.12682115678677522, 0.9069834596614832]
INFO:root:233, 0.46399999973509054, ['add-to-hue-and-saturation', 0.9645113725445205, 'perspective-transform', 0.33075536255271726, 0.632151532806318]
INFO:root:234, 0.48611111119058403, ['add-to-hue-and-saturation', 0.8916170030189723, 'perspective-transform', 0.2859665734740939, 0.6188976060661381]
INFO:root:235, 0.4864444445768993, ['add-to-hue-and-saturation', 0.057560148028184224, 'emboss', 0.6807525826358906, 0.6279673431222423]
INFO:root:236, 0.4636666668256124, ['add-to-hue-and-saturation', 0.7605511091364582, 'super-pixels', 0.39040819913535774, 0.6519456489235845]
INFO:root:237, 0.48044444455040825, ['gamma-contrast', 0.36989507319005194, 'crop', 0.30880480282205774, 0.7875086554224172]
INFO:root:238, 0.5365555557145012, ['invert', 0.04992598788751858, 'super-pixels', 0.9076625112508953, 0.8578973823026134]
INFO:root:239, 0.48977777791023247, ['add-to-hue-and-saturation', 0.11803723197054297, 'gaussian-blur', 0.8828449439075082, 0.4200261987023426]
INFO:root:240, 0.541888888835907, ['translate-x', 0.014313207931282327, 'emboss', 0.8726023350703986, 0.9898553658588541]
INFO:root:241, 0.46877777777777785, ['gamma-contrast', 0.10323819393046688, 'fog', 0.26293785961842014, 0.9782780727597363]
INFO:root:242, 0.4660000003708733, ['crop', 0.1266355619924007, 'fog', 0.00279822775553118, 0.9813503874331905]
INFO:root:243, 0.49433333338631524, ['sharpen', 0.3069178999638867, 'fog', 0.16714566852880067, 0.9881747392111085]
INFO:root:244, 0.4663333338101706, ['gamma-contrast', 0.10159165266845119, 'gamma-contrast', 0.03786744996096459, 0.9784846962357031]
INFO:root:245, 0.6137777779897053, ['emboss', 0.10211134982411232, 'invert', 0.026440123195463634, 0.9854753191932302]
INFO:root:246, 0.49099999984105436, ['gamma-contrast', 0.11031547939919176, 'fog', 0.09295022062583592, 0.977123841128287]
INFO:root:247, 0.558555555899938, ['additive-gaussian-noise', 0.12930877232267382, 'shear', 0.03487267715219378, 0.981373273519723]
INFO:root:248, 0.4897777778307597, ['emboss', 0.02295489470761092, 'crop', 0.934895793310626, 0.7009160143235281]
INFO:root:249, 0.4852222223016951, ['coarse-dropout', 0.07785435945757581, 'fog', 0.1025125177241594, 0.5162405969514545]
INFO:root:250, 0.48066666674613945, ['fog', 0.07999529926314931, 'fog', 0.010912514268809683, 0.42090506805283434]
INFO:root:251, 0.49333333341280616, ['elastic-transform', 0.16355159089052432, 'fog', 0.010907372377942594, 0.45757937220385325]
INFO:root:252, 0.46822222214274933, ['fog', 0.06859506220402457, 'translate-y', 0.10281466162270561, 0.9954526611783668]
INFO:root:253, 0.4992222223016951, ['gamma-contrast', 0.09941922167056974, 'rotate', 0.06957428911427967, 0.9828843349081915]
INFO:root:254, 0.4814444446033902, ['emboss', 0.13235669462457325, 'crop', 0.8587609317937603, 0.6125869274549962]
INFO:root:255, 0.5498888890478346, ['gaussian-blur', 0.07091546488138058, 'additive-gaussian-noise', 0.24180177568119482, 0.9911136208893349]
INFO:root:256, 0.4838888893127441, ['gamma-contrast', 0.06387034210410948, 'clouds', 0.0028477039773168182, 0.9675637762813801]
INFO:root:257, 0.5397777777247958, ['emboss', 0.07032376840278788, 'coarse-dropout', 0.9212943674949596, 0.9749567080937125]
INFO:root:258, 0.5114444442590078, ['emboss', 0.016965863894058856, 'fog', 0.12931552610791033, 0.035604821576256114]
INFO:root:259, 0.4602222226460775, ['emboss', 0.10817251669859088, 'fog', 0.22776634963376924, 0.9079242586655178]
INFO:root:260, 0.5343333333068423, ['additive-gaussian-noise', 0.11481194151422583, 'translate-x', 0.06849081455218677, 0.9420387963710748]
INFO:root:261, 0.4840000001324548, ['emboss', 0.059676067024167515, 'fog', 0.11353426600790442, 0.806880875911753]
INFO:root:262, 0.4994444443914626, ['emboss', 0.7321357261565052, 'fog', 0.10226941843207507, 0.9152473219168493]
INFO:root:263, 0.5135555559529199, ['add-to-hue-and-saturation', 0.5375473738272641, 'gaussian-blur', 0.959556956586979, 0.02568055375163448]
INFO:root:264, 0.4843333330154419, ['gamma-contrast', 0.08368271064205292, 'clouds', 0.10297986043440813, 0.5516393909765563]
INFO:root:265, 0.4724444447623358, ['add-to-hue-and-saturation', 0.03678738549300165, 'crop', 0.18359240402125224, 0.6487955567343212]
INFO:root:266, 0.552888888862398, ['elastic-transform', 0.06906868800086231, 'elastic-transform', 0.07276181996645471, 0.9991247990812763]
INFO:root:267, 0.49300000015894574, ['gamma-contrast', 0.07102549567548012, 'coarse-dropout', 0.04645902287824378, 0.4644805955033122]
INFO:root:268, 0.5228888887299432, ['gamma-contrast', 0.16465418152311087, 'elastic-transform', 0.04804913299206405, 0.9470159074209002]
INFO:root:269, 0.5077777777512869, ['gamma-contrast', 0.10206951548068635, 'sharpen', 0.2629746346310066, 0.7435047239819449]
INFO:root:270, 0.5036666667196485, ['gamma-contrast', 0.059389533190344915, 'shear', 0.9222061159597535, 0.9913370791946836]
INFO:root:271, 0.5394444444974262, ['emboss', 0.06757477171007588, 'additive-gaussian-noise', 0.024933374362704937, 0.43120908963034354]
INFO:root:272, 0.5174444445239172, ['add-to-hue-and-saturation', 0.01076111891210141, 'crop', 0.04008263630575371, 0.24863166096100148]
INFO:root:273, 0.5057777778837416, ['emboss', 0.011649724940641539, 'fog', 0.07050783910132753, 0.884395118413121]
INFO:root:274, 0.4864444446298811, ['gamma-contrast', 0.91082573062677, 'crop', 0.2662022972574957, 0.9332201886859584]
INFO:root:275, 0.5256666667196486, ['gaussian-blur', 0.347884832946122, 'crop', 0.2613001717828239, 0.9593151811240153]
INFO:root:276, 0.4972222221957313, ['emboss', 0.09050497012571203, 'translate-y', 0.21599938203237107, 0.23175207540559667]
INFO:root:277, 0.5167777784135608, ['gamma-contrast', 0.104847958635686, 'brighten', 0.20168754855840904, 0.9909567467561333]
INFO:root:278, 0.5067777777777778, ['gamma-contrast', 0.0779742030723546, 'rotate', 0.025035210966558148, 0.982184500402092]
INFO:root:279, 0.47911111124356587, ['emboss', 0.07701901076576013, 'translate-y', 0.9207658129235524, 0.9178518251969612]
INFO:root:280, 0.4965555553966098, ['gaussian-blur', 0.28411522496576297, 'fog', 0.23153467214674445, 0.5492140945646613]
INFO:root:281, 0.5168888888623979, ['gamma-contrast', 0.7870154909671497, 'crop', 0.6302407886085113, 0.6647183604966215]
INFO:root:282, 0.4816666666666668, ['gamma-contrast', 0.129104791605867, 'crop', 0.7886009089191965, 0.9838870636606556]
INFO:root:283, 0.4704444448153179, ['translate-y', 0.1249644841396669, 'fog', 0.7064816304684131, 0.9960977216927204]
INFO:root:284, 0.491777777618832, ['emboss', 0.1548066070469917, 'translate-y', 0.8982932122279214, 0.9639261062998775]
INFO:root:285, 0.49966666706403096, ['gamma-contrast', 0.11166876750623925, 'gaussian-blur', 0.01650417432819851, 0.5769270592411232]
INFO:root:286, 0.4899999998940362, ['add-to-hue-and-saturation', 0.9857016141187865, 'gaussian-blur', 0.4458680152594877, 0.5798716354482712]
INFO:root:287, 0.48966666706403095, ['coarse-dropout', 0.11469811347741157, 'fog', 0.06256772844160809, 0.9862866099254409]
INFO:root:288, 0.5376666667726304, ['emboss', 0.055801513533060634, 'translate-y', 0.015239921537413385, 0.9127751273760457]
INFO:root:289, 0.5067777777512867, ['crop', 0.19887131014295661, 'translate-y', 0.869256591689221, 0.9853978621262794]
INFO:root:290, 0.48277777812216016, ['emboss', 0.1800543684230819, 'translate-y', 0.898459351415343, 0.9911909412853972]
INFO:root:291, 0.4925555559794107, ['emboss', 0.180627619637492, 'translate-y', 0.2803748886053263, 0.48937370493281773]
INFO:root:292, 0.5196666670905219, ['emboss', 0.13304165846318175, 'translate-y', 0.20221897916384496, 0.9861543163315594]
INFO:root:293, 0.5261111110316383, ['gamma-contrast', 0.7736677444247533, 'fog', 0.09371779783139335, 0.4090206186553518]
INFO:root:294, 0.5088888886504703, ['gaussian-blur', 0.034456561144005866, 'fog', 0.5876269714528334, 0.9474718575021662]
INFO:root:295, 0.5057777775658501, ['emboss', 0.2973909410782177, 'fog', 0.2181684509514898, 0.9863055644476763]
INFO:root:296, 0.511222222381168, ['invert', 0.5781670355265648, 'crop', 0.4038404830578086, 0.9895609691021778]
INFO:root:297, 0.48822222235467694, ['gamma-contrast', 0.5193214841700267, 'crop', 0.4821958201335169, 0.6602385922855203]
INFO:root:298, 0.4931111110581292, ['rotate', 0.07364370182140013, 'rotate', 0.8699073973239553, 0.9923474056961441]
INFO:root:299, 0.4951111106872559, ['gamma-contrast', 0.3536111052959445, 'crop', 0.6979742307005025, 0.3960983743188242]
INFO:root:300, 0.4985555555025737, ['gamma-contrast', 0.08116160159312481, 'invert', 0.03427493296799556, 0.5126455602287808]
INFO:root:301, 0.4771111114290024, ['perspective-transform', 0.4627395527460182, 'crop', 0.46485400956156164, 0.7563564767043981]
INFO:root:302, 0.4684444444974264, ['add-to-hue-and-saturation', 0.023010518484374635, 'crop', 0.022721016221281646, 0.9459507590467826]
INFO:root:303, 0.5066666665077209, ['emboss', 0.17840600202945991, 'rotate', 0.8604144194197315, 0.9964900422119992]
INFO:root:304, 0.5515555556085374, ['sharpen', 0.15455819388725003, 'translate-y', 0.031113616313143695, 0.994698781338756]
INFO:root:305, 0.5160000002119276, ['elastic-transform', 0.3181833456730874, 'crop', 0.26451166223083916, 0.8156584269838774]
INFO:root:306, 0.4804444442590078, ['rotate', 0.09958238821496493, 'translate-y', 0.09441424938908863, 0.984039265906839]
INFO:root:307, 0.5001111112965477, ['gamma-contrast', 0.5622556220143391, 'fog', 0.26029456072825624, 0.5438319364304107]
INFO:root:308, 0.5260000001324547, ['emboss', 0.0791195800421335, 'super-pixels', 0.13751719455372538, 0.8311175859521512]
INFO:root:309, 0.5250000002119277, ['translate-y', 0.09655465633585705, 'dropout', 0.016875472214694324, 0.9795606779907516]
INFO:root:310, 0.487, ['clouds', 0.10649871728906604, 'translate-y', 0.09281526669678487, 0.3086614700024754]
INFO:root:311, 0.5351111110846201, ['perspective-transform', 0.18668777688820795, 'translate-y', 0.13437266633341308, 0.5128851578867605]
INFO:root:312, 0.5178888891273075, ['translate-y', 0.5682057421698583, 'clouds', 0.11145916909102618, 0.2555520047424375]
INFO:root:313, 0.49222222246064085, ['perspective-transform', 0.446470175121335, 'crop', 0.6312419513518112, 0.5697039341377577]
INFO:root:314, 0.500111111164093, ['perspective-transform', 0.16879292576437935, 'add-to-hue-and-saturation', 0.9872426338053444, 0.562586242884739]
INFO:root:315, 0.5567777778837415, ['rotate', 0.10795703539787874, 'translate-y', 0.08816951310988198, 0.6146658619946792]
INFO:root:316, 0.4888888891802893, ['translate-y', 0.6455879307904384, 'shear', 0.01295255586855593, 0.5240917262933519]
INFO:root:317, 0.49900000007947287, ['gamma-contrast', 0.5558539701943808, 'crop', 0.6315227598640603, 0.8630953967111111]
INFO:root:318, 0.4926666667991214, ['invert', 0.10643587655656297, 'perspective-transform', 0.13639336765439317, 0.4378013611628385]
INFO:root:319, 0.5089999999470181, ['perspective-transform', 0.13394007003608957, 'fog', 0.0064728731477959895, 0.07650077937536405]
INFO:root:320, 0.5333333333863153, ['additive-gaussian-noise', 0.12726716211931124, 'dropout', 0.10646744829465696, 0.45813752662390916]
INFO:root:321, 0.4906666667726305, ['super-pixels', 0.4402849469466581, 'crop', 0.305657257235144, 0.9952716832473738]
INFO:root:322, 0.5095555557939742, ['emboss', 0.10179577487290617, 'clouds', 0.05702991069749665, 0.9281404985791715]
INFO:root:323, 0.5070000002649095, ['gamma-contrast', 0.17016393636067542, 'super-pixels', 0.8488812274161425, 0.6033000007523626]
INFO:root:324, 0.5042222227785322, ['crop', 0.5196388931706554, 'clouds', 0.32054543745249947, 0.5566928725531965]
INFO:root:325, 0.4857777779367236, ['add-to-hue-and-saturation', 0.1606626699881927, 'crop', 0.24405101626959808, 0.7524621448087501]
INFO:root:326, 0.4896666666931577, ['crop', 0.5425466901075116, 'clouds', 0.23083107518588303, 0.513952730372584]
INFO:root:327, 0.5151111112700568, ['crop', 0.2724418560207594, 'coarse-dropout', 0.19061812153514118, 0.45774347104644264]
INFO:root:328, 0.4904444444709354, ['crop', 0.4745445275765716, 'clouds', 0.1750221288539269, 0.4987950206218035]
